<?xml version="1.0" encoding="UTF-8"?>
<!-- Generated by org.testng.reporters.JUnitXMLReporter -->
<testsuite ignored="0" hostname="Ashish" failures="1" tests="26" name="Sprint 3" time="173.278" errors="0" timestamp="2024-05-22T15:16:05 IST">
  <testcase classname="t2s3.T2S3_OAP2031" name="TC01_LaunchAssessmentPlatform" time="3.497"/>
  <testcase classname="t2s3.T2S3_OAP2031" name="TC02_NavigateToNewAssessment" time="1.437"/>
  <testcase classname="t2s3.T2S3_OAP2031" name="TC03_ValidatePublishButtonBeforeFilling" time="0.826"/>
  <testcase classname="t2s3.T2S3_OAP2031" name="TC04_FillMadndatoryFields" time="14.761"/>
  <testcase classname="t2s3.T2S3_OAP2031" name="TC05_ValidatePublishButtonAfterFilling" time="0.985"/>
  <testcase classname="t2s3.T2S3_OAP2050" name="TC01_LaunchAssessmentPlatform" time="5.418"/>
  <testcase classname="t2s3.T2S3_OAP2050" name="TC02_NavigateToQuestionBankPage" time="6.842"/>
  <testcase classname="t2s3.T2S3_OAP2050" name="TC03_NavigateToNewQuestionBankPage" time="7.124"/>
  <testcase classname="t2s3.T2S3_OAP2050" name="TC04_NavigateToAddMCQPage" time="5.349"/>
  <testcase classname="t2s3.T2S3_OAP2050" name="TC05_ValidatePublishButtonMCQEnabled" time="6.838"/>
  <testcase classname="t2s3.T2S3_OAP2050" name="TC06_VadlidatePublishMCQ" time="4.614"/>
  <testcase classname="t2s3.T2S3_OAP2050" name="TC07_NavigateToEditQuestion" time="3.828"/>
  <testcase classname="t2s3.T2S3_OAP2050" name="TC08_ValidateEditEnablesSave_Publish" time="1.834"/>
  <testcase classname="t2s3.T2S3_OAP1797" name="TC01_LaunchAssessmentPlatform" time="5.41"/>
  <testcase classname="t2s3.T2S3_OAP1797" name="TC02_NavigateToQuestionBankPage" time="6.826"/>
  <testcase classname="t2s3.T2S3_OAP1797" name="TC03_NavigateToNewQuestionBankPage" time="7.13"/>
  <testcase classname="t2s3.T2S3_OAP1797" name="TC04_NavigateToAddMCQPage" time="1.197"/>
  <testcase classname="t2s3.T2S3_OAP1797" name="TC05_ValidateAddAlternativeQuestionDisabled" time="7.365"/>
  <testcase classname="t2s3.T2S3_OAP1797" name="TC06_VadlidatePublishMCQ" time="4.836"/>
  <testcase classname="t2s3.T2S3_OAP1797" name="TC07_NavigateToEditQuestion" time="5.849"/>
  <testcase classname="t2s3.T2S3_OAP1797" name="TC08_Validate2AlternativeQuestions" time="0.45"/>
  <testcase classname="t2s3.T2S3_OAP2009" name="TC01_LaunchAssessmentPlatform" time="5.482"/>
  <testcase classname="t2s3.T2S3_OAP2009" name="TC02_NavigateToQuestionBankPage" time="6.888"/>
  <testcase classname="t2s3.T2S3_OAP2009" name="TC03_ValidateSearchQuestionBank" time="3.675"/>
  <testcase classname="t2s3.T2S3_OAP2009" name="TC04_NavigateToEditPublishedQuestionBank" time="9.07"/>
  <testcase classname="t2s3.T2S3_OAP2009" name="TC05_ValidateArchiveButtonColor" time="0.581">
    <failure type="java.lang.AssertionError" message="Test failed: expected [1] but found [0]">
      <![CDATA[java.lang.AssertionError: Test failed: expected [1] but found [0]
at t2s3.T2S3_OAP2009.TC05_ValidateArchiveButtonColor(T2S3_OAP2009.java:227)
at java.base/java.util.ArrayList.forEach(ArrayList.java:1511)
... Removed 27 stack frames]]>
    </failure>
  </testcase> <!-- TC05_ValidateArchiveButtonColor -->
</testsuite> <!-- Sprint 3 -->
