<html>
<head>
<title>TestNG:  Module Personal Card</title>
<link href="../testng.css" rel="stylesheet" type="text/css" />
<link href="../my-testng.css" rel="stylesheet" type="text/css" />

<style type="text/css">
.log { display: none;} 
.stack-trace { display: none;} 
</style>
<script type="text/javascript">
<!--
function flip(e) {
  current = e.style.display;
  if (current == 'block') {
    e.style.display = 'none';
    return 0;
  }
  else {
    e.style.display = 'block';
    return 1;
  }
}

function toggleBox(szDivId, elem, msg1, msg2)
{
  var res = -1;  if (document.getElementById) {
    res = flip(document.getElementById(szDivId));
  }
  else if (document.all) {
    // this is the way old msie versions work
    res = flip(document.all[szDivId]);
  }
  if(elem) {
    if(res == 0) elem.innerHTML = msg1; else elem.innerHTML = msg2;
  }

}

function toggleAllBoxes() {
  if (document.getElementsByTagName) {
    d = document.getElementsByTagName('div');
    for (i = 0; i < d.length; i++) {
      if (d[i].className == 'log') {
        flip(d[i]);
      }
    }
  }
}

// -->
</script>

</head>
<body>
<h2 align='center'>Module Personal Card</h2><table border='1' align="center">
<tr>
<td>Tests passed/Failed/Skipped:</td><td>5/3/0</td>
</tr><tr>
<td>Started on:</td><td>Wed Sep 20 18:35:38 IST 2023</td>
</tr>
<tr><td>Total time:</td><td>42 seconds (42032 ms)</td>
</tr><tr>
<td>Included groups:</td><td></td>
</tr><tr>
<td>Excluded groups:</td><td></td>
</tr>
</table><p/>
<small><i>(Hover the method name to see the test class name)</i></small><p/>
<table width='100%' border='1' class='invocation-failed'>
<tr><td colspan='4' align='center'><b>FAILED TESTS</b></td></tr>
<tr><td><b>Test method</b></td>
<td><b>Attribute(s)</b></td>
<td width="30%"><b>Exception</b></td>
<td width="10%"><b>Time (seconds)</b></td>
<td><b>Instance</b></td>
</tr>
<tr>
<td title='com.olp.p_card.OLP_R1_OLX_T85_86_1139GCCDOBEnable.TC07_ValidateRandomDatePasswordAlert()'><b>TC07_ValidateRandomDatePasswordAlert</b><br>Test class: com.olp.p_card.OLP_R1_OLX_T85_86_1139GCCDOBEnable</td>
<td><div><pre>java.lang.AssertionError: Test failed: expected [1] but found [0]
	at com.olp.p_card.OLP_R1_OLX_T85_86_1139GCCDOBEnable.TC07_ValidateRandomDatePasswordAlert(OLP_R1_OLX_T85_86_1139GCCDOBEnable.java:267)
	at java.base/java.util.ArrayList.forEach(ArrayList.java:1511)
... Removed 27 stack frames</pre></div><a href='#' onClick='toggleBox("stack-trace1426344756", this, "Click to show all stack frames", "Click to hide stack frames")'>Click to show all stack frames</a>
<div class='stack-trace' id='stack-trace1426344756'><pre>java.lang.AssertionError: Test failed: expected [1] but found [0]
	at com.olp.p_card.OLP_R1_OLX_T85_86_1139GCCDOBEnable.TC07_ValidateRandomDatePasswordAlert(OLP_R1_OLX_T85_86_1139GCCDOBEnable.java:267)
	at java.base/jdk.internal.reflect.NativeMethodAccessorImpl.invoke0(Native Method)
	at java.base/jdk.internal.reflect.NativeMethodAccessorImpl.invoke(NativeMethodAccessorImpl.java:77)
	at java.base/jdk.internal.reflect.DelegatingMethodAccessorImpl.invoke(DelegatingMethodAccessorImpl.java:43)
	at java.base/java.lang.reflect.Method.invoke(Method.java:568)
	at org.testng.internal.invokers.MethodInvocationHelper.invokeMethod(MethodInvocationHelper.java:139)
	at org.testng.internal.invokers.TestInvoker.invokeMethod(TestInvoker.java:664)
	at org.testng.internal.invokers.TestInvoker.invokeTestMethod(TestInvoker.java:227)
	at org.testng.internal.invokers.MethodRunner.runInSequence(MethodRunner.java:50)
	at org.testng.internal.invokers.TestInvoker$MethodInvocationAgent.invoke(TestInvoker.java:957)
	at org.testng.internal.invokers.TestInvoker.invokeTestMethods(TestInvoker.java:200)
	at org.testng.internal.invokers.TestMethodWorker.invokeTestMethods(TestMethodWorker.java:148)
	at org.testng.internal.invokers.TestMethodWorker.run(TestMethodWorker.java:128)
	at java.base/java.util.ArrayList.forEach(ArrayList.java:1511)
	at org.testng.TestRunner.privateRun(TestRunner.java:848)
	at org.testng.TestRunner.run(TestRunner.java:621)
	at org.testng.SuiteRunner.runTest(SuiteRunner.java:443)
	at org.testng.SuiteRunner.runSequentially(SuiteRunner.java:437)
	at org.testng.SuiteRunner.privateRun(SuiteRunner.java:397)
	at org.testng.SuiteRunner.run(SuiteRunner.java:336)
	at org.testng.SuiteRunnerWorker.runSuite(SuiteRunnerWorker.java:52)
	at org.testng.SuiteRunnerWorker.run(SuiteRunnerWorker.java:95)
	at org.testng.TestNG.runSuitesSequentially(TestNG.java:1280)
	at org.testng.TestNG.runSuitesLocally(TestNG.java:1200)
	at org.testng.TestNG.runSuites(TestNG.java:1114)
	at org.testng.TestNG.run(TestNG.java:1082)
	at org.testng.remote.AbstractRemoteTestNG.run(AbstractRemoteTestNG.java:115)
	at org.testng.remote.RemoteTestNG.initAndRun(RemoteTestNG.java:251)
	at org.testng.remote.RemoteTestNG.main(RemoteTestNG.java:77)
</pre></div></td>
<td>3</td>
<td>com.olp.p_card.OLP_R1_OLX_T85_86_1139GCCDOBEnable@2dd80673</td></tr>
<tr>
<td title='com.olp.p_card.OLP_R1_OLX_T85_86_1139GCCDOBEnable.TC08_NavigateToTraineePersonalCard()'><b>TC08_NavigateToTraineePersonalCard</b><br>Test class: com.olp.p_card.OLP_R1_OLX_T85_86_1139GCCDOBEnable</td>
<td><div><pre>org.testng.internal.reflect.MethodMatcherException: 
[public void com.olp.p_card.OLP_R1_OLX_T85_86_1139GCCDOBEnable.TC08_NavigateToTraineePersonalCard(java.lang.String,java.lang.String) throws java.io.IOException,java.lang.InterruptedException] has no parameters defined but was found to be using a data provider (either explicitly specified or inherited from class level annotation).
Data provider mismatch
Method: TC08_NavigateToTraineePersonalCard([java.lang.String arg0, java.lang.String arg1])
Arguments: [(java.lang.String) patest,(java.lang.String) Assessments,(java.lang.String) 63,(java.lang.String) Last record and Pending status are based on group]
	at java.base/java.util.ArrayList.forEach(ArrayList.java:1511)
... Removed 22 stack frames</pre></div><a href='#' onClick='toggleBox("stack-trace1498944673", this, "Click to show all stack frames", "Click to hide stack frames")'>Click to show all stack frames</a>
<div class='stack-trace' id='stack-trace1498944673'><pre>org.testng.internal.reflect.MethodMatcherException: 
[public void com.olp.p_card.OLP_R1_OLX_T85_86_1139GCCDOBEnable.TC08_NavigateToTraineePersonalCard(java.lang.String,java.lang.String) throws java.io.IOException,java.lang.InterruptedException] has no parameters defined but was found to be using a data provider (either explicitly specified or inherited from class level annotation).
Data provider mismatch
Method: TC08_NavigateToTraineePersonalCard([java.lang.String arg0, java.lang.String arg1])
Arguments: [(java.lang.String) patest,(java.lang.String) Assessments,(java.lang.String) 63,(java.lang.String) Last record and Pending status are based on group]
	at org.testng.internal.reflect.DataProviderMethodMatcher.getConformingArguments(DataProviderMethodMatcher.java:46)
	at org.testng.internal.Parameters.injectParameters(Parameters.java:909)
	at org.testng.internal.invokers.MethodRunner.runInSequence(MethodRunner.java:37)
	at org.testng.internal.invokers.TestInvoker$MethodInvocationAgent.invoke(TestInvoker.java:957)
	at org.testng.internal.invokers.TestInvoker.invokeTestMethods(TestInvoker.java:200)
	at org.testng.internal.invokers.TestMethodWorker.invokeTestMethods(TestMethodWorker.java:148)
	at org.testng.internal.invokers.TestMethodWorker.run(TestMethodWorker.java:128)
	at java.base/java.util.ArrayList.forEach(ArrayList.java:1511)
	at org.testng.TestRunner.privateRun(TestRunner.java:848)
	at org.testng.TestRunner.run(TestRunner.java:621)
	at org.testng.SuiteRunner.runTest(SuiteRunner.java:443)
	at org.testng.SuiteRunner.runSequentially(SuiteRunner.java:437)
	at org.testng.SuiteRunner.privateRun(SuiteRunner.java:397)
	at org.testng.SuiteRunner.run(SuiteRunner.java:336)
	at org.testng.SuiteRunnerWorker.runSuite(SuiteRunnerWorker.java:52)
	at org.testng.SuiteRunnerWorker.run(SuiteRunnerWorker.java:95)
	at org.testng.TestNG.runSuitesSequentially(TestNG.java:1280)
	at org.testng.TestNG.runSuitesLocally(TestNG.java:1200)
	at org.testng.TestNG.runSuites(TestNG.java:1114)
	at org.testng.TestNG.run(TestNG.java:1082)
	at org.testng.remote.AbstractRemoteTestNG.run(AbstractRemoteTestNG.java:115)
	at org.testng.remote.RemoteTestNG.initAndRun(RemoteTestNG.java:251)
	at org.testng.remote.RemoteTestNG.main(RemoteTestNG.java:77)
</pre></div></td>
<td>0</td>
<td>com.olp.p_card.OLP_R1_OLX_T85_86_1139GCCDOBEnable@2dd80673</td></tr>
<tr>
<td title='com.olp.p_card.OLP_R1_OLX_T85_86_1139GCCDOBEnable.TC06_ValidateDOBPasswordAlert()'><b>TC06_ValidateDOBPasswordAlert</b><br>Test class: com.olp.p_card.OLP_R1_OLX_T85_86_1139GCCDOBEnable</td>
<td><div><pre>java.lang.AssertionError: Test failed: expected [1] but found [0]
	at com.olp.p_card.OLP_R1_OLX_T85_86_1139GCCDOBEnable.TC06_ValidateDOBPasswordAlert(OLP_R1_OLX_T85_86_1139GCCDOBEnable.java:247)
	at java.base/java.util.ArrayList.forEach(ArrayList.java:1511)
... Removed 27 stack frames</pre></div><a href='#' onClick='toggleBox("stack-trace2045895214", this, "Click to show all stack frames", "Click to hide stack frames")'>Click to show all stack frames</a>
<div class='stack-trace' id='stack-trace2045895214'><pre>java.lang.AssertionError: Test failed: expected [1] but found [0]
	at com.olp.p_card.OLP_R1_OLX_T85_86_1139GCCDOBEnable.TC06_ValidateDOBPasswordAlert(OLP_R1_OLX_T85_86_1139GCCDOBEnable.java:247)
	at java.base/jdk.internal.reflect.NativeMethodAccessorImpl.invoke0(Native Method)
	at java.base/jdk.internal.reflect.NativeMethodAccessorImpl.invoke(NativeMethodAccessorImpl.java:77)
	at java.base/jdk.internal.reflect.DelegatingMethodAccessorImpl.invoke(DelegatingMethodAccessorImpl.java:43)
	at java.base/java.lang.reflect.Method.invoke(Method.java:568)
	at org.testng.internal.invokers.MethodInvocationHelper.invokeMethod(MethodInvocationHelper.java:139)
	at org.testng.internal.invokers.TestInvoker.invokeMethod(TestInvoker.java:664)
	at org.testng.internal.invokers.TestInvoker.invokeTestMethod(TestInvoker.java:227)
	at org.testng.internal.invokers.MethodRunner.runInSequence(MethodRunner.java:50)
	at org.testng.internal.invokers.TestInvoker$MethodInvocationAgent.invoke(TestInvoker.java:957)
	at org.testng.internal.invokers.TestInvoker.invokeTestMethods(TestInvoker.java:200)
	at org.testng.internal.invokers.TestMethodWorker.invokeTestMethods(TestMethodWorker.java:148)
	at org.testng.internal.invokers.TestMethodWorker.run(TestMethodWorker.java:128)
	at java.base/java.util.ArrayList.forEach(ArrayList.java:1511)
	at org.testng.TestRunner.privateRun(TestRunner.java:848)
	at org.testng.TestRunner.run(TestRunner.java:621)
	at org.testng.SuiteRunner.runTest(SuiteRunner.java:443)
	at org.testng.SuiteRunner.runSequentially(SuiteRunner.java:437)
	at org.testng.SuiteRunner.privateRun(SuiteRunner.java:397)
	at org.testng.SuiteRunner.run(SuiteRunner.java:336)
	at org.testng.SuiteRunnerWorker.runSuite(SuiteRunnerWorker.java:52)
	at org.testng.SuiteRunnerWorker.run(SuiteRunnerWorker.java:95)
	at org.testng.TestNG.runSuitesSequentially(TestNG.java:1280)
	at org.testng.TestNG.runSuitesLocally(TestNG.java:1200)
	at org.testng.TestNG.runSuites(TestNG.java:1114)
	at org.testng.TestNG.run(TestNG.java:1082)
	at org.testng.remote.AbstractRemoteTestNG.run(AbstractRemoteTestNG.java:115)
	at org.testng.remote.RemoteTestNG.initAndRun(RemoteTestNG.java:251)
	at org.testng.remote.RemoteTestNG.main(RemoteTestNG.java:77)
</pre></div></td>
<td>3</td>
<td>com.olp.p_card.OLP_R1_OLX_T85_86_1139GCCDOBEnable@2dd80673</td></tr>
</table><p>
<table width='100%' border='1' class='invocation-passed'>
<tr><td colspan='4' align='center'><b>PASSED TESTS</b></td></tr>
<tr><td><b>Test method</b></td>
<td><b>Attribute(s)</b></td>
<td width="30%"><b>Exception</b></td>
<td width="10%"><b>Time (seconds)</b></td>
<td><b>Instance</b></td>
</tr>
<tr>
<td title='com.olp.p_card.OLP_R1_OLX_T85_86_1139GCCDOBEnable.TC01_navigateToPersonalCard()'><b>TC01_navigateToPersonalCard</b><br>Test class: com.olp.p_card.OLP_R1_OLX_T85_86_1139GCCDOBEnable<br>Parameters: patest</td>
<td></td>
<td>6</td>
<td>com.olp.p_card.OLP_R1_OLX_T85_86_1139GCCDOBEnable@2dd80673</td></tr>
<tr>
<td title='com.olp.p_card.OLP_R1_OLX_T85_86_1139GCCDOBEnable.TC03_ValidateBlankErrorNewPassword()'><b>TC03_ValidateBlankErrorNewPassword</b><br>Test class: com.olp.p_card.OLP_R1_OLX_T85_86_1139GCCDOBEnable</td>
<td></td>
<td>0</td>
<td>com.olp.p_card.OLP_R1_OLX_T85_86_1139GCCDOBEnable@2dd80673</td></tr>
<tr>
<td title='com.olp.p_card.OLP_R1_OLX_T85_86_1139GCCDOBEnable.TC02_navigateToResetPassword()'><b>TC02_navigateToResetPassword</b><br>Test class: com.olp.p_card.OLP_R1_OLX_T85_86_1139GCCDOBEnable</td>
<td></td>
<td>1</td>
<td>com.olp.p_card.OLP_R1_OLX_T85_86_1139GCCDOBEnable@2dd80673</td></tr>
<tr>
<td title='com.olp.p_card.OLP_R1_OLX_T85_86_1139GCCDOBEnable.TC04_ValidateBlankErrorReTypeNewPassword()'><b>TC04_ValidateBlankErrorReTypeNewPassword</b><br>Test class: com.olp.p_card.OLP_R1_OLX_T85_86_1139GCCDOBEnable</td>
<td></td>
<td>0</td>
<td>com.olp.p_card.OLP_R1_OLX_T85_86_1139GCCDOBEnable@2dd80673</td></tr>
<tr>
<td title='com.olp.p_card.OLP_R1_OLX_T85_86_1139GCCDOBEnable.TC05_ValidateCancelButton()'><b>TC05_ValidateCancelButton</b><br>Test class: com.olp.p_card.OLP_R1_OLX_T85_86_1139GCCDOBEnable</td>
<td></td>
<td>0</td>
<td>com.olp.p_card.OLP_R1_OLX_T85_86_1139GCCDOBEnable@2dd80673</td></tr>
</table><p>
</body>
</html>