<?xml version="1.0" encoding="UTF-8"?>
<!-- Generated by org.testng.reporters.JUnitXMLReporter -->
<testsuite ignored="0" hostname="Arun" failures="2" tests="2" name="CMP15978_OwnerUsersAreNotAvailableForUserGroups" time="39.349" errors="0" timestamp="2023-04-17T11:36:05 IST">
  <testcase classname="com.compass.testcases.CMP15978_OwnerUsersAreNotAvailableForUserGroups" name="Tc01_OwnerUsersForUserGroups" time="5.983">
    <failure type="org.openqa.selenium.NoSuchElementException" message="Cannot locate option with text: Provider BWT (OWNER) (OWNER)
For documentation on this error, please visit: https://selenium.dev/exceptions/#no_such_element
Build info: version: &amp;apos;4.6.0&amp;apos;, revision: &amp;apos;79f1c02ae20&amp;apos;
System info: os.name: &amp;apos;Windows 11&amp;apos;, os.arch: &amp;apos;amd64&amp;apos;, os.version: &amp;apos;10.0&amp;apos;, java.version: &amp;apos;17.0.6&amp;apos;
Driver info: driver.version: unknown">
      <![CDATA[org.openqa.selenium.NoSuchElementException: Cannot locate option with text: Provider BWT (OWNER) (OWNER)
For documentation on this error, please visit: https://selenium.dev/exceptions/#no_such_element
Build info: version: '4.6.0', revision: '79f1c02ae20'
System info: os.name: 'Windows 11', os.arch: 'amd64', os.version: '10.0', java.version: '17.0.6'
Driver info: driver.version: unknown
at org.openqa.selenium.support.ui.Select.selectByVisibleText(Select.java:153)
at com.compass.pages.UserGroupItems.SelectAvailableUserFromDdl(UserGroupItems.java:85)
at com.compass.testcases.CMP15978_OwnerUsersAreNotAvailableForUserGroups.Tc01_OwnerUsersForUserGroups(CMP15978_OwnerUsersAreNotAvailableForUserGroups.java:142)
at java.base/java.util.ArrayList.forEach(ArrayList.java:1511)
... Removed 27 stack frames]]>
    </failure>
  </testcase> <!-- Tc01_OwnerUsersForUserGroups -->
  <testcase classname="com.compass.testcases.CMP15978_OwnerUsersAreNotAvailableForUserGroups" name="Tc01_OwnerUsersForUserGroups" time="5.85">
    <failure type="org.openqa.selenium.NoSuchElementException" message="Cannot locate option with text: Provider BWT (OWNER) (OWNER)
For documentation on this error, please visit: https://selenium.dev/exceptions/#no_such_element
Build info: version: &amp;apos;4.6.0&amp;apos;, revision: &amp;apos;79f1c02ae20&amp;apos;
System info: os.name: &amp;apos;Windows 11&amp;apos;, os.arch: &amp;apos;amd64&amp;apos;, os.version: &amp;apos;10.0&amp;apos;, java.version: &amp;apos;17.0.6&amp;apos;
Driver info: driver.version: unknown">
      <![CDATA[org.openqa.selenium.NoSuchElementException: Cannot locate option with text: Provider BWT (OWNER) (OWNER)
For documentation on this error, please visit: https://selenium.dev/exceptions/#no_such_element
Build info: version: '4.6.0', revision: '79f1c02ae20'
System info: os.name: 'Windows 11', os.arch: 'amd64', os.version: '10.0', java.version: '17.0.6'
Driver info: driver.version: unknown
at org.openqa.selenium.support.ui.Select.selectByVisibleText(Select.java:153)
at com.compass.pages.UserGroupItems.SelectAvailableUserFromDdl(UserGroupItems.java:85)
at com.compass.testcases.CMP15978_OwnerUsersAreNotAvailableForUserGroups.Tc01_OwnerUsersForUserGroups(CMP15978_OwnerUsersAreNotAvailableForUserGroups.java:142)
at java.base/java.util.ArrayList.forEach(ArrayList.java:1511)
... Removed 27 stack frames]]>
    </failure>
  </testcase> <!-- Tc01_OwnerUsersForUserGroups -->
</testsuite> <!-- CMP15978_OwnerUsersAreNotAvailableForUserGroups -->
