<?xml version="1.0" encoding="UTF-8"?>
<!-- Generated by org.testng.reporters.JUnitXMLReporter -->
<testsuite ignored="0" hostname="Arun" failures="0" tests="3" name="SP96_CMP13857" time="1.482" errors="0" timestamp="2023-05-04T18:29:43 IST">
  <testcase classname="com.compass.testcases.SP96_CMP13857" name="@BeforeTest setUp" time="1.469">
    <failure type="org.openqa.selenium.WebDriverException" message="unknown error: net::ERR_NAME_NOT_RESOLVED
  (Session info: chrome=112.0.5615.138)
Build info: version: &amp;apos;4.6.0&amp;apos;, revision: &amp;apos;79f1c02ae20&amp;apos;
System info: os.name: &amp;apos;Windows 11&amp;apos;, os.arch: &amp;apos;amd64&amp;apos;, os.version: &amp;apos;10.0&amp;apos;, java.version: &amp;apos;17.0.6&amp;apos;
Driver info: org.openqa.selenium.chrome.ChromeDriver
Command: [4bed65c3332e01c207d7ac21c2b4ce5d, get {url=https://local.compas.com/CompasCss/LogIn.aspx}]
Capabilities {acceptInsecureCerts: false, browserName: chrome, browserVersion: 112.0.5615.138, chrome: {chromedriverVersion: 112.0.5615.49 (bd2a7bcb881c..., userDataDir: C:\Users\arunj\AppData\Loca...}, goog:chromeOptions: {debuggerAddress: localhost:54630}, networkConnectionEnabled: false, pageLoadStrategy: normal, platformName: WINDOWS, proxy: Proxy(), se:cdp: ws://localhost:54630/devtoo..., se:cdpVersion: 112.0.5615.138, setWindowRect: true, strictFileInteractability: false, timeouts: {implicit: 0, pageLoad: 300000, script: 30000}, unhandledPromptBehavior: dismiss and notify, webauthn:extension:credBlob: true, webauthn:extension:largeBlob: true, webauthn:extension:minPinLength: true, webauthn:extension:prf: true, webauthn:virtualAuthenticators: true}
Session ID: 4bed65c3332e01c207d7ac21c2b4ce5d">
      <![CDATA[org.openqa.selenium.WebDriverException: unknown error: net::ERR_NAME_NOT_RESOLVED
  (Session info: chrome=112.0.5615.138)
Build info: version: '4.6.0', revision: '79f1c02ae20'
System info: os.name: 'Windows 11', os.arch: 'amd64', os.version: '10.0', java.version: '17.0.6'
Driver info: org.openqa.selenium.chrome.ChromeDriver
Command: [4bed65c3332e01c207d7ac21c2b4ce5d, get {url=https://local.compas.com/CompasCss/LogIn.aspx}]
Capabilities {acceptInsecureCerts: false, browserName: chrome, browserVersion: 112.0.5615.138, chrome: {chromedriverVersion: 112.0.5615.49 (bd2a7bcb881c..., userDataDir: C:\Users\arunj\AppData\Loca...}, goog:chromeOptions: {debuggerAddress: localhost:54630}, networkConnectionEnabled: false, pageLoadStrategy: normal, platformName: WINDOWS, proxy: Proxy(), se:cdp: ws://localhost:54630/devtoo..., se:cdpVersion: 112.0.5615.138, setWindowRect: true, strictFileInteractability: false, timeouts: {implicit: 0, pageLoad: 300000, script: 30000}, unhandledPromptBehavior: dismiss and notify, webauthn:extension:credBlob: true, webauthn:extension:largeBlob: true, webauthn:extension:minPinLength: true, webauthn:extension:prf: true, webauthn:virtualAuthenticators: true}
Session ID: 4bed65c3332e01c207d7ac21c2b4ce5d
at org.openqa.selenium.remote.codec.w3c.W3CHttpResponseCodec.createException(W3CHttpResponseCodec.java:200)
at org.openqa.selenium.remote.codec.w3c.W3CHttpResponseCodec.decode(W3CHttpResponseCodec.java:133)
at org.openqa.selenium.remote.codec.w3c.W3CHttpResponseCodec.decode(W3CHttpResponseCodec.java:53)
at org.openqa.selenium.remote.HttpCommandExecutor.execute(HttpCommandExecutor.java:184)
at org.openqa.selenium.remote.service.DriverCommandExecutor.invokeExecute(DriverCommandExecutor.java:167)
at org.openqa.selenium.remote.service.DriverCommandExecutor.execute(DriverCommandExecutor.java:142)
at org.openqa.selenium.remote.RemoteWebDriver.execute(RemoteWebDriver.java:541)
at org.openqa.selenium.remote.RemoteWebDriver.get(RemoteWebDriver.java:310)
at com.compass.common.GenericFunction_Dev.getUrl(GenericFunction_Dev.java:141)
at com.compass.testcases.SP96_CMP13857.setUp(SP96_CMP13857.java:92)
... Removed 29 stack frames]]>
    </failure>
  </testcase> <!-- @BeforeTest setUp -->
  <testcase classname="com.compass.testcases.SP96_CMP13857" name="@AfterTest closeDriver" time="-1.683205183181E9">
    <skipped/>
  </testcase> <!-- @AfterTest closeDriver -->
  <testcase classname="com.compass.testcases.SP96_CMP13857" name="TC01_navigating_To_Calendar" time="0.0">
    <skipped/>
  </testcase> <!-- TC01_navigating_To_Calendar -->
  <testcase classname="com.compass.testcases.SP96_CMP13857" name="TC02_Select_Date_and_Hoverit" time="0.0">
    <skipped/>
  </testcase> <!-- TC02_Select_Date_and_Hoverit -->
  <testcase classname="com.compass.testcases.SP96_CMP13857" name="TC03_Select_Different_Date" time="0.0">
    <skipped/>
  </testcase> <!-- TC03_Select_Different_Date -->
</testsuite> <!-- SP96_CMP13857 -->
