<?xml version="1.0" encoding="UTF-8"?>
<!-- Generated by org.testng.reporters.JUnitXMLReporter -->
<testsuite ignored="0" hostname="Arun" failures="2" tests="3" name="SP97_CMP14754" time="33.936" errors="0" timestamp="2023-05-05T10:09:12 IST">
  <testcase classname="com.compass.testcases.SP97_CMP14754" name="TC01_navigate_To_AdminPanel" time="11.884">
    <failure type="org.openqa.selenium.NoSuchFrameException" message="No frame element found by name or id menu
Build info: version: &amp;apos;4.6.0&amp;apos;, revision: &amp;apos;79f1c02ae20&amp;apos;
System info: os.name: &amp;apos;Windows 11&amp;apos;, os.arch: &amp;apos;amd64&amp;apos;, os.version: &amp;apos;10.0&amp;apos;, java.version: &amp;apos;17.0.6&amp;apos;
Driver info: driver.version: unknown">
      <![CDATA[org.openqa.selenium.NoSuchFrameException: No frame element found by name or id menu
Build info: version: '4.6.0', revision: '79f1c02ae20'
System info: os.name: 'Windows 11', os.arch: 'amd64', os.version: '10.0', java.version: '17.0.6'
Driver info: driver.version: unknown
at org.openqa.selenium.remote.RemoteWebDriver$RemoteTargetLocator.frame(RemoteWebDriver.java:1013)
at com.compass.pages.SP97_CMP14754_Page.select_Option_AdminPanel(SP97_CMP14754_Page.java:67)
at com.compass.testcases.SP97_CMP14754.TC01_navigate_To_AdminPanel(SP97_CMP14754.java:103)
at java.base/java.util.ArrayList.forEach(ArrayList.java:1511)
... Removed 27 stack frames]]>
    </failure>
  </testcase> <!-- TC01_navigate_To_AdminPanel -->
  <testcase classname="com.compass.testcases.SP97_CMP14754" name="TC02_navigate_To_National_Holidays" time="10.023">
    <failure type="org.openqa.selenium.NoSuchFrameException" message="No frame element found by name or id cont2
Build info: version: &amp;apos;4.6.0&amp;apos;, revision: &amp;apos;79f1c02ae20&amp;apos;
System info: os.name: &amp;apos;Windows 11&amp;apos;, os.arch: &amp;apos;amd64&amp;apos;, os.version: &amp;apos;10.0&amp;apos;, java.version: &amp;apos;17.0.6&amp;apos;
Driver info: driver.version: unknown">
      <![CDATA[org.openqa.selenium.NoSuchFrameException: No frame element found by name or id cont2
Build info: version: '4.6.0', revision: '79f1c02ae20'
System info: os.name: 'Windows 11', os.arch: 'amd64', os.version: '10.0', java.version: '17.0.6'
Driver info: driver.version: unknown
at org.openqa.selenium.remote.RemoteWebDriver$RemoteTargetLocator.frame(RemoteWebDriver.java:1013)
at com.compass.common.GenericFunction_Dev.switchToFrameByName(GenericFunction_Dev.java:152)
at com.compass.pages.SP97_CMP14754_Page.navigate_National_Holidays(SP97_CMP14754_Page.java:89)
at com.compass.testcases.SP97_CMP14754.TC02_navigate_To_National_Holidays(SP97_CMP14754.java:111)
at java.base/java.util.ArrayList.forEach(ArrayList.java:1511)
... Removed 27 stack frames]]>
    </failure>
  </testcase> <!-- TC02_navigate_To_National_Holidays -->
  <testcase classname="com.compass.testcases.SP97_CMP14754" name="TC04_adding_Holiday_Name" time="0.0">
    <skipped/>
  </testcase> <!-- TC04_adding_Holiday_Name -->
</testsuite> <!-- SP97_CMP14754 -->
