<?xml version="1.0" encoding="UTF-8"?>
<!-- Generated by org.testng.reporters.JUnitXMLReporter -->
<testsuite ignored="0" hostname="BIPLP040" failures="1" tests="1" name="CMP14943_UploadMedicalCertificate" time="35.818" errors="0" timestamp="2023-03-23T10:15:40 IST">
  <testcase classname="com.compass.testcases.CMP14943_UploadMedicalCertificate" name="Tc01_UploadMedicalCertificate" time="30.847">
    <failure type="org.openqa.selenium.NoSuchFrameException" message="No frame element found by name or id cont2
Build info: version: &amp;apos;4.6.0&amp;apos;, revision: &amp;apos;79f1c02ae20&amp;apos;
System info: os.name: &amp;apos;Windows 10&amp;apos;, os.arch: &amp;apos;amd64&amp;apos;, os.version: &amp;apos;10.0&amp;apos;, java.version: &amp;apos;17.0.5&amp;apos;
Driver info: driver.version: unknown">
      <![CDATA[org.openqa.selenium.NoSuchFrameException: No frame element found by name or id cont2
Build info: version: '4.6.0', revision: '79f1c02ae20'
System info: os.name: 'Windows 10', os.arch: 'amd64', os.version: '10.0', java.version: '17.0.5'
Driver info: driver.version: unknown
at org.openqa.selenium.remote.RemoteWebDriver$RemoteTargetLocator.frame(RemoteWebDriver.java:1013)
at com.compass.common.GenericFunction_PK.switchToName(GenericFunction_PK.java:138)
at com.compass.testcases.CMP14943_UploadMedicalCertificate.Tc01_UploadMedicalCertificate(CMP14943_UploadMedicalCertificate.java:157)
at java.base/java.util.ArrayList.forEach(ArrayList.java:1511)
... Removed 27 stack frames]]>
    </failure>
  </testcase> <!-- Tc01_UploadMedicalCertificate -->
</testsuite> <!-- CMP14943_UploadMedicalCertificate -->
