<?xml version="1.0" encoding="UTF-8"?>
<!-- Generated by org.testng.reporters.JUnitXMLReporter -->
<testsuite ignored="0" hostname="BIPLP040" failures="1" tests="1" name="Test_SP94_CMP14464" time="9.019" errors="0" timestamp="2023-03-23T10:10:23 IST">
  <testcase classname="com.compass.testcases.SP94_CMP14464_BudgetApproval" name="BudgetApproval" time="5.74">
    <failure type="org.openqa.selenium.ElementClickInterceptedException" message="element click intercepted: Element &amp;lt;a onclick=&amp;quot;Budget.openAddEdit(0)&amp;quot; class=&amp;quot;k-button k-button-icontext k-grid-add&amp;quot; title=&amp;quot;Add new budget&amp;quot; href=&amp;quot;/Budget/BudgetList/AddOrEdit/0&amp;quot;&amp;gt;...&amp;lt;/a&amp;gt; is not clickable at point (47, 203). Other element would receive the click: &amp;lt;div class=&amp;quot;k-loading-image&amp;quot;&amp;gt;&amp;lt;/div&amp;gt;
  (Session info: chrome=111.0.5563.65)
Build info: version: &amp;apos;4.6.0&amp;apos;, revision: &amp;apos;79f1c02ae20&amp;apos;
System info: os.name: &amp;apos;Windows 10&amp;apos;, os.arch: &amp;apos;amd64&amp;apos;, os.version: &amp;apos;10.0&amp;apos;, java.version: &amp;apos;17.0.5&amp;apos;
Driver info: org.openqa.selenium.chrome.ChromeDriver
Command: [71d60d7eda58d530af433b6299cba80e, clickElement {id=34388eac-eed1-4ac4-bbbd-c6d9f6099e8d}]
Capabilities {acceptInsecureCerts: true, browserName: chrome, browserVersion: 111.0.5563.65, chrome: {chromedriverVersion: 111.0.5563.64 (c710e93d5b63..., userDataDir: C:\Users\HP\AppData\Local\T...}, goog:chromeOptions: {debuggerAddress: localhost:59095}, networkConnectionEnabled: false, pageLoadStrategy: normal, platformName: WINDOWS, proxy: Proxy(), se:cdp: ws://localhost:59095/devtoo..., se:cdpVersion: 111.0.5563.65, setWindowRect: true, strictFileInteractability: false, timeouts: {implicit: 0, pageLoad: 300000, script: 30000}, unhandledPromptBehavior: dismiss and notify, webauthn:extension:credBlob: true, webauthn:extension:largeBlob: true, webauthn:extension:minPinLength: true, webauthn:extension:prf: true, webauthn:virtualAuthenticators: true}
Element: [[ChromeDriver: chrome on WINDOWS (71d60d7eda58d530af433b6299cba80e)] -&amp;gt; xpath: //a[@title=&amp;apos;Add new budget&amp;apos;]]
Session ID: 71d60d7eda58d530af433b6299cba80e">
      <![CDATA[org.openqa.selenium.ElementClickInterceptedException: element click intercepted: Element <a onclick="Budget.openAddEdit(0)" class="k-button k-button-icontext k-grid-add" title="Add new budget" href="/Budget/BudgetList/AddOrEdit/0">...</a> is not clickable at point (47, 203). Other element would receive the click: <div class="k-loading-image"></div>
  (Session info: chrome=111.0.5563.65)
Build info: version: '4.6.0', revision: '79f1c02ae20'
System info: os.name: 'Windows 10', os.arch: 'amd64', os.version: '10.0', java.version: '17.0.5'
Driver info: org.openqa.selenium.chrome.ChromeDriver
Command: [71d60d7eda58d530af433b6299cba80e, clickElement {id=34388eac-eed1-4ac4-bbbd-c6d9f6099e8d}]
Capabilities {acceptInsecureCerts: true, browserName: chrome, browserVersion: 111.0.5563.65, chrome: {chromedriverVersion: 111.0.5563.64 (c710e93d5b63..., userDataDir: C:\Users\HP\AppData\Local\T...}, goog:chromeOptions: {debuggerAddress: localhost:59095}, networkConnectionEnabled: false, pageLoadStrategy: normal, platformName: WINDOWS, proxy: Proxy(), se:cdp: ws://localhost:59095/devtoo..., se:cdpVersion: 111.0.5563.65, setWindowRect: true, strictFileInteractability: false, timeouts: {implicit: 0, pageLoad: 300000, script: 30000}, unhandledPromptBehavior: dismiss and notify, webauthn:extension:credBlob: true, webauthn:extension:largeBlob: true, webauthn:extension:minPinLength: true, webauthn:extension:prf: true, webauthn:virtualAuthenticators: true}
Element: [[ChromeDriver: chrome on WINDOWS (71d60d7eda58d530af433b6299cba80e)] -> xpath: //a[@title='Add new budget']]
Session ID: 71d60d7eda58d530af433b6299cba80e
at org.openqa.selenium.remote.codec.w3c.W3CHttpResponseCodec.createException(W3CHttpResponseCodec.java:200)
at org.openqa.selenium.remote.codec.w3c.W3CHttpResponseCodec.decode(W3CHttpResponseCodec.java:133)
at org.openqa.selenium.remote.codec.w3c.W3CHttpResponseCodec.decode(W3CHttpResponseCodec.java:53)
at org.openqa.selenium.remote.HttpCommandExecutor.execute(HttpCommandExecutor.java:184)
at org.openqa.selenium.remote.service.DriverCommandExecutor.invokeExecute(DriverCommandExecutor.java:167)
at org.openqa.selenium.remote.service.DriverCommandExecutor.execute(DriverCommandExecutor.java:142)
at org.openqa.selenium.remote.RemoteWebDriver.execute(RemoteWebDriver.java:541)
at org.openqa.selenium.remote.RemoteWebElement.execute(RemoteWebElement.java:257)
at org.openqa.selenium.remote.RemoteWebElement.click(RemoteWebElement.java:78)
at org.openqa.selenium.support.pagefactory.internal.LocatingElementHandler.invoke(LocatingElementHandler.java:52)
at jdk.proxy2/jdk.proxy2.$Proxy22.click(Unknown Source)
at com.compass.common.GenericFunction_SG.Click(GenericFunction_SG.java:212)
at com.compass.testcases.SP94_CMP14464_BudgetApproval.BudgetApproval(SP94_CMP14464_BudgetApproval.java:221)
at java.base/java.util.ArrayList.forEach(ArrayList.java:1511)
... Removed 35 stack frames]]>
    </failure>
  </testcase> <!-- BudgetApproval -->
</testsuite> <!-- Test_SP94_CMP14464 -->
