<?xml version="1.0" encoding="UTF-8"?>
<!-- Generated by org.testng.reporters.JUnitXMLReporter -->
<testsuite ignored="0" hostname="LAPTOP-24ESH4RE" failures="1" tests="17" name="Test10" time="25.739" errors="0" timestamp="2023-06-01T23:10:30 IST">
  <testcase classname="com.compass.testcases.SP101_CMP17765" name="loginToStage" time="13.92"/>
  <testcase classname="com.compass.testcases.SP101_CMP17765" name="navigatetoAdministrativeFunctions" time="1.216"/>
  <testcase classname="com.compass.testcases.SP101_CMP17765" name="navigatetoLibraryConfiguration" time="2.573"/>
  <testcase classname="com.compass.testcases.SP101_CMP17765" name="navigatetoVesselContactsDDL" time="2.879"/>
  <testcase classname="com.compass.testcases.SP101_CMP17765" name="editVesselContactEmail" time="3.979"/>
  <testcase classname="com.compass.testcases.SP101_CMP17765" name="editVesselContactMobile" time="0.944"/>
  <testcase classname="com.compass.testcases.SP101_CMP17765" name="navigateToVesselPage" time="0.007"/>
  <testcase classname="com.compass.testcases.SP101_CMP17765" name="navigateToVesselsDetailsPage" time="0.005"/>
  <testcase classname="com.compass.testcases.SP101_CMP17765" name="addInfoPageEmail" time="0.005"/>
  <testcase classname="com.compass.testcases.SP101_CMP17765" name="addInfoPageMobile" time="0.004"/>
  <testcase classname="com.compass.testcases.SP101_CMP17765" name="validateEmailAdded" time="0.003"/>
  <testcase classname="com.compass.testcases.SP101_CMP17765" name="validateMobileAdded" time="0.0"/>
  <testcase classname="com.compass.testcases.SP101_CMP17765" name="navigatetoAdministrativeFunctions1" time="0.004"/>
  <testcase classname="com.compass.testcases.SP101_CMP17765" name="navigatetoCompassOnboard" time="0.004">
    <failure type="org.openqa.selenium.NoSuchWindowException" message="no such window: target window already closed
from unknown error: web view not found
  (Session info: chrome=113.0.5672.127)
Build info: version: &amp;apos;4.6.0&amp;apos;, revision: &amp;apos;79f1c02ae20&amp;apos;
System info: os.name: &amp;apos;Windows 11&amp;apos;, os.arch: &amp;apos;amd64&amp;apos;, os.version: &amp;apos;10.0&amp;apos;, java.version: &amp;apos;17.0.7&amp;apos;
Driver info: org.openqa.selenium.chrome.ChromeDriver
Command: [a1d9768fa365944bde7f12c1496f23a0, screenshot {}]
Capabilities {acceptInsecureCerts: true, browserName: chrome, browserVersion: 113.0.5672.127, chrome: {chromedriverVersion: 113.0.5672.63 (0e1a4471d5ae..., userDataDir: C:\Users\ASHISH~1\AppData\L...}, goog:chromeOptions: {debuggerAddress: localhost:52843}, networkConnectionEnabled: false, pageLoadStrategy: normal, platformName: WINDOWS, proxy: Proxy(), se:cdp: ws://localhost:52843/devtoo..., se:cdpVersion: 113.0.5672.127, setWindowRect: true, strictFileInteractability: false, timeouts: {implicit: 0, pageLoad: 300000, script: 30000}, unhandledPromptBehavior: dismiss and notify, webauthn:extension:credBlob: true, webauthn:extension:largeBlob: true, webauthn:extension:minPinLength: true, webauthn:extension:prf: true, webauthn:virtualAuthenticators: true}
Session ID: a1d9768fa365944bde7f12c1496f23a0">
      <![CDATA[org.openqa.selenium.NoSuchWindowException: no such window: target window already closed
from unknown error: web view not found
  (Session info: chrome=113.0.5672.127)
Build info: version: '4.6.0', revision: '79f1c02ae20'
System info: os.name: 'Windows 11', os.arch: 'amd64', os.version: '10.0', java.version: '17.0.7'
Driver info: org.openqa.selenium.chrome.ChromeDriver
Command: [a1d9768fa365944bde7f12c1496f23a0, screenshot {}]
Capabilities {acceptInsecureCerts: true, browserName: chrome, browserVersion: 113.0.5672.127, chrome: {chromedriverVersion: 113.0.5672.63 (0e1a4471d5ae..., userDataDir: C:\Users\ASHISH~1\AppData\L...}, goog:chromeOptions: {debuggerAddress: localhost:52843}, networkConnectionEnabled: false, pageLoadStrategy: normal, platformName: WINDOWS, proxy: Proxy(), se:cdp: ws://localhost:52843/devtoo..., se:cdpVersion: 113.0.5672.127, setWindowRect: true, strictFileInteractability: false, timeouts: {implicit: 0, pageLoad: 300000, script: 30000}, unhandledPromptBehavior: dismiss and notify, webauthn:extension:credBlob: true, webauthn:extension:largeBlob: true, webauthn:extension:minPinLength: true, webauthn:extension:prf: true, webauthn:virtualAuthenticators: true}
Session ID: a1d9768fa365944bde7f12c1496f23a0
at org.openqa.selenium.remote.codec.w3c.W3CHttpResponseCodec.createException(W3CHttpResponseCodec.java:200)
at org.openqa.selenium.remote.codec.w3c.W3CHttpResponseCodec.decode(W3CHttpResponseCodec.java:133)
at org.openqa.selenium.remote.codec.w3c.W3CHttpResponseCodec.decode(W3CHttpResponseCodec.java:53)
at org.openqa.selenium.remote.HttpCommandExecutor.execute(HttpCommandExecutor.java:184)
at org.openqa.selenium.remote.service.DriverCommandExecutor.invokeExecute(DriverCommandExecutor.java:167)
at org.openqa.selenium.remote.service.DriverCommandExecutor.execute(DriverCommandExecutor.java:142)
at org.openqa.selenium.remote.RemoteWebDriver.execute(RemoteWebDriver.java:541)
at org.openqa.selenium.remote.RemoteWebDriver.execute(RemoteWebDriver.java:596)
at org.openqa.selenium.remote.RemoteWebDriver.execute(RemoteWebDriver.java:600)
at org.openqa.selenium.remote.RemoteWebDriver.getScreenshotAs(RemoteWebDriver.java:331)
at com.compass.common.Utility.getScreenShot(Utility.java:109)
at com.compass.testcases.SP101_CMP17765.navigatetoCompassOnboard(SP101_CMP17765.java:382)
at java.base/java.util.ArrayList.forEach(ArrayList.java:1511)
... Removed 31 stack frames]]>
    </failure>
  </testcase> <!-- navigatetoCompassOnboard -->
  <testcase classname="com.compass.testcases.SP101_CMP17765" name="navigateToOnboardCrewList" time="0.002"/>
  <testcase classname="com.compass.testcases.SP101_CMP17765" name="navigateToSelectCrewListType" time="0.003"/>
  <testcase classname="com.compass.testcases.SP101_CMP17765" name="navigateToExportExcel" time="0.01"/>
</testsuite> <!-- Test10 -->
