<html>
<head>
<title>TestNG:  Sprint 2</title>
<link href="../testng.css" rel="stylesheet" type="text/css" />
<link href="../my-testng.css" rel="stylesheet" type="text/css" />

<style type="text/css">
.log { display: none;} 
.stack-trace { display: none;} 
</style>
<script type="text/javascript">
<!--
function flip(e) {
  current = e.style.display;
  if (current == 'block') {
    e.style.display = 'none';
    return 0;
  }
  else {
    e.style.display = 'block';
    return 1;
  }
}

function toggleBox(szDivId, elem, msg1, msg2)
{
  var res = -1;  if (document.getElementById) {
    res = flip(document.getElementById(szDivId));
  }
  else if (document.all) {
    // this is the way old msie versions work
    res = flip(document.all[szDivId]);
  }
  if(elem) {
    if(res == 0) elem.innerHTML = msg1; else elem.innerHTML = msg2;
  }

}

function toggleAllBoxes() {
  if (document.getElementsByTagName) {
    d = document.getElementsByTagName('div');
    for (i = 0; i < d.length; i++) {
      if (d[i].className == 'log') {
        flip(d[i]);
      }
    }
  }
}

// -->
</script>

</head>
<body>
<h2 align='center'>Sprint 2</h2><table border='1' align="center">
<tr>
<td>Tests passed/Failed/Skipped:</td><td>21/4/1</td>
</tr><tr>
<td>Started on:</td><td>Tue Apr 30 13:58:32 IST 2024</td>
</tr>
<tr><td>Total time:</td><td>52 seconds (52659 ms)</td>
</tr><tr>
<td>Included groups:</td><td></td>
</tr><tr>
<td>Excluded groups:</td><td></td>
</tr>
</table><p/>
<small><i>(Hover the method name to see the test class name)</i></small><p/>
<table width='100%' border='1' class='invocation-failed'>
<tr><td colspan='4' align='center'><b>FAILED CONFIGURATIONS</b></td></tr>
<tr><td><b>Test method</b></td>
<td width="30%"><b>Exception</b></td>
<td width="10%"><b>Time (seconds)</b></td>
<td><b>Instance</b></td>
</tr>
<tr>
<td title='t2s2.T2S2_OAP1962.teardown()'><b>teardown</b><br>Test class: t2s2.T2S2_OAP1962<br>Parameters: [TestResult name=TC09_NavigateToEditSavedQuestion status=FAILURE method=T2S2_OAP1962.TC09_NavigateToEditSavedQuestion()[pri:9, instance:t2s2.T2S2_OAP1962@55c53a33] output={null}]</td>
<td><div><pre>org.openqa.selenium.NoSuchSessionException: Session ID is null. Using WebDriver after calling quit()?
Build info: version: &apos;4.18.1&apos;, revision: &apos;b1d3319b48&apos;
System info: os.name: &apos;Windows 11&apos;, os.arch: &apos;amd64&apos;, os.version: &apos;10.0&apos;, java.version: &apos;17.0.10&apos;
Driver info: org.openqa.selenium.chrome.ChromeDriver
Command: [null, screenshot {}]
Capabilities {acceptInsecureCerts: true, browserName: chrome, browserVersion: 124.0.6367.63, chrome: {chromedriverVersion: 124.0.6367.91 (51df0e5e17a8..., userDataDir: C:\Users\bip\AppData\Local\...}, fedcm:accounts: true, goog:chromeOptions: {debuggerAddress: localhost:62474}, networkConnectionEnabled: false, pageLoadStrategy: normal, platformName: windows, proxy: Proxy(), se:cdp: ws://localhost:62474/devtoo..., se:cdpVersion: 124.0.6367.63, setWindowRect: true, strictFileInteractability: false, timeouts: {implicit: 0, pageLoad: 300000, script: 30000}, unhandledPromptBehavior: dismiss and notify, webauthn:extension:credBlob: true, webauthn:extension:largeBlob: true, webauthn:extension:minPinLength: true, webauthn:extension:prf: true, webauthn:virtualAuthenticators: true}
	at org.openqa.selenium.remote.HttpCommandExecutor.execute(HttpCommandExecutor.java:151)
	at org.openqa.selenium.remote.service.DriverCommandExecutor.invokeExecute(DriverCommandExecutor.java:216)
	at org.openqa.selenium.remote.service.DriverCommandExecutor.execute(DriverCommandExecutor.java:174)
	at org.openqa.selenium.remote.RemoteWebDriver.execute(RemoteWebDriver.java:519)
	at org.openqa.selenium.remote.RemoteWebDriver.execute(RemoteWebDriver.java:592)
	at org.openqa.selenium.remote.RemoteWebDriver.execute(RemoteWebDriver.java:596)
	at org.openqa.selenium.remote.RemoteWebDriver.getScreenshotAs(RemoteWebDriver.java:322)
	at com.t2s2.common.Utility.captureScreenshot(Utility.java:122)
	at t2s2.T2S2_OAP1962.teardown(T2S2_OAP1962.java:133)
	at java.base/java.util.concurrent.ThreadPoolExecutor.runWorker(ThreadPoolExecutor.java:1136)
	at java.base/java.util.concurrent.ThreadPoolExecutor$Worker.run(ThreadPoolExecutor.java:635)
	at java.base/java.lang.Thread.run(Thread.java:842)
... Removed 17 stack frames</pre></div><a href='#' onClick='toggleBox("stack-trace979949740", this, "Click to show all stack frames", "Click to hide stack frames")'>Click to show all stack frames</a>
<div class='stack-trace' id='stack-trace979949740'><pre>org.openqa.selenium.NoSuchSessionException: Session ID is null. Using WebDriver after calling quit()?
Build info: version: &apos;4.18.1&apos;, revision: &apos;b1d3319b48&apos;
System info: os.name: &apos;Windows 11&apos;, os.arch: &apos;amd64&apos;, os.version: &apos;10.0&apos;, java.version: &apos;17.0.10&apos;
Driver info: org.openqa.selenium.chrome.ChromeDriver
Command: [null, screenshot {}]
Capabilities {acceptInsecureCerts: true, browserName: chrome, browserVersion: 124.0.6367.63, chrome: {chromedriverVersion: 124.0.6367.91 (51df0e5e17a8..., userDataDir: C:\Users\bip\AppData\Local\...}, fedcm:accounts: true, goog:chromeOptions: {debuggerAddress: localhost:62474}, networkConnectionEnabled: false, pageLoadStrategy: normal, platformName: windows, proxy: Proxy(), se:cdp: ws://localhost:62474/devtoo..., se:cdpVersion: 124.0.6367.63, setWindowRect: true, strictFileInteractability: false, timeouts: {implicit: 0, pageLoad: 300000, script: 30000}, unhandledPromptBehavior: dismiss and notify, webauthn:extension:credBlob: true, webauthn:extension:largeBlob: true, webauthn:extension:minPinLength: true, webauthn:extension:prf: true, webauthn:virtualAuthenticators: true}
	at org.openqa.selenium.remote.HttpCommandExecutor.execute(HttpCommandExecutor.java:151)
	at org.openqa.selenium.remote.service.DriverCommandExecutor.invokeExecute(DriverCommandExecutor.java:216)
	at org.openqa.selenium.remote.service.DriverCommandExecutor.execute(DriverCommandExecutor.java:174)
	at org.openqa.selenium.remote.RemoteWebDriver.execute(RemoteWebDriver.java:519)
	at org.openqa.selenium.remote.RemoteWebDriver.execute(RemoteWebDriver.java:592)
	at org.openqa.selenium.remote.RemoteWebDriver.execute(RemoteWebDriver.java:596)
	at org.openqa.selenium.remote.RemoteWebDriver.getScreenshotAs(RemoteWebDriver.java:322)
	at com.t2s2.common.Utility.captureScreenshot(Utility.java:122)
	at t2s2.T2S2_OAP1962.teardown(T2S2_OAP1962.java:133)
	at java.base/jdk.internal.reflect.NativeMethodAccessorImpl.invoke0(Native Method)
	at java.base/jdk.internal.reflect.NativeMethodAccessorImpl.invoke(NativeMethodAccessorImpl.java:77)
	at java.base/jdk.internal.reflect.DelegatingMethodAccessorImpl.invoke(DelegatingMethodAccessorImpl.java:43)
	at java.base/java.lang.reflect.Method.invoke(Method.java:568)
	at org.testng.internal.MethodInvocationHelper.invokeMethod(MethodInvocationHelper.java:133)
	at org.testng.internal.MethodInvocationHelper.invokeMethodConsideringTimeout(MethodInvocationHelper.java:62)
	at org.testng.internal.ConfigInvoker.invokeConfigurationMethod(ConfigInvoker.java:385)
	at org.testng.internal.ConfigInvoker.invokeConfigurations(ConfigInvoker.java:321)
	at org.testng.internal.TestInvoker.runConfigMethods(TestInvoker.java:700)
	at org.testng.internal.TestInvoker.runAfterGroupsConfigurations(TestInvoker.java:676)
	at org.testng.internal.TestInvoker.invokeMethod(TestInvoker.java:660)
	at org.testng.internal.TestInvoker.invokeTestMethod(TestInvoker.java:173)
	at org.testng.internal.MethodRunner.runInSequence(MethodRunner.java:46)
	at org.testng.internal.TestInvoker$MethodInvocationAgent.invoke(TestInvoker.java:824)
	at org.testng.internal.TestInvoker.invokeTestMethods(TestInvoker.java:146)
	at org.testng.internal.TestMethodWorker.invokeTestMethods(TestMethodWorker.java:146)
	at org.testng.internal.TestMethodWorker.run(TestMethodWorker.java:128)
	at java.base/java.util.concurrent.ThreadPoolExecutor.runWorker(ThreadPoolExecutor.java:1136)
	at java.base/java.util.concurrent.ThreadPoolExecutor$Worker.run(ThreadPoolExecutor.java:635)
	at java.base/java.lang.Thread.run(Thread.java:842)
</pre></div></td>
<td>0</td>
<td>t2s2.T2S2_OAP1962@55c53a33</td></tr>
</table><p>
<table width='100%' border='1' class='invocation-skipped'>
<tr><td colspan='4' align='center'><b>SKIPPED CONFIGURATIONS</b></td></tr>
<tr><td><b>Test method</b></td>
<td width="30%"><b>Exception</b></td>
<td width="10%"><b>Time (seconds)</b></td>
<td><b>Instance</b></td>
</tr>
<tr>
<td title='t2s2.T2S2_OAP1962.teardown()'><b>teardown</b><br>Test class: t2s2.T2S2_OAP1962</td>
<td></td>
<td>-1714465765</td>
<td>t2s2.T2S2_OAP1962@55c53a33</td></tr>
<tr>
<td title='t2s2.T2S2_OAP1962.closeDriver()'><b>closeDriver</b><br>Test class: t2s2.T2S2_OAP1962</td>
<td></td>
<td>-1714465765</td>
<td>t2s2.T2S2_OAP1962@55c53a33</td></tr>
<tr>
<td title='t2s2.T2S2_OAP1962.setup()'><b>setup</b><br>Test class: t2s2.T2S2_OAP1962</td>
<td></td>
<td>-1714465765</td>
<td>t2s2.T2S2_OAP1962@55c53a33</td></tr>
</table><p>
<table width='100%' border='1' class='invocation-failed'>
<tr><td colspan='4' align='center'><b>FAILED TESTS</b></td></tr>
<tr><td><b>Test method</b></td>
<td width="30%"><b>Exception</b></td>
<td width="10%"><b>Time (seconds)</b></td>
<td><b>Instance</b></td>
</tr>
<tr>
<td title='t2s2.T2S2_OAP1987.TC07_ValidateRevisionDateFormat()'><b>TC07_ValidateRevisionDateFormat</b><br>Test class: t2s2.T2S2_OAP1987</td>
<td><div><pre>java.lang.AssertionError: Test failed: Revision Date Format(DD MMM YYYY) contains space before date(_DD MMM YYYY) so validation unsuccessful
	at t2s2.T2S2_OAP1987.TC07_ValidateRevisionDateFormat(T2S2_OAP1987.java:260)
	at java.base/java.util.concurrent.ThreadPoolExecutor.runWorker(ThreadPoolExecutor.java:1136)
	at java.base/java.util.concurrent.ThreadPoolExecutor$Worker.run(ThreadPoolExecutor.java:635)
	at java.base/java.lang.Thread.run(Thread.java:842)
... Removed 12 stack frames</pre></div><a href='#' onClick='toggleBox("stack-trace1177442010", this, "Click to show all stack frames", "Click to hide stack frames")'>Click to show all stack frames</a>
<div class='stack-trace' id='stack-trace1177442010'><pre>java.lang.AssertionError: Test failed: Revision Date Format(DD MMM YYYY) contains space before date(_DD MMM YYYY) so validation unsuccessful
	at t2s2.T2S2_OAP1987.TC07_ValidateRevisionDateFormat(T2S2_OAP1987.java:260)
	at java.base/jdk.internal.reflect.NativeMethodAccessorImpl.invoke0(Native Method)
	at java.base/jdk.internal.reflect.NativeMethodAccessorImpl.invoke(NativeMethodAccessorImpl.java:77)
	at java.base/jdk.internal.reflect.DelegatingMethodAccessorImpl.invoke(DelegatingMethodAccessorImpl.java:43)
	at java.base/java.lang.reflect.Method.invoke(Method.java:568)
	at org.testng.internal.MethodInvocationHelper.invokeMethod(MethodInvocationHelper.java:133)
	at org.testng.internal.TestInvoker.invokeMethod(TestInvoker.java:598)
	at org.testng.internal.TestInvoker.invokeTestMethod(TestInvoker.java:173)
	at org.testng.internal.MethodRunner.runInSequence(MethodRunner.java:46)
	at org.testng.internal.TestInvoker$MethodInvocationAgent.invoke(TestInvoker.java:824)
	at org.testng.internal.TestInvoker.invokeTestMethods(TestInvoker.java:146)
	at org.testng.internal.TestMethodWorker.invokeTestMethods(TestMethodWorker.java:146)
	at org.testng.internal.TestMethodWorker.run(TestMethodWorker.java:128)
	at java.base/java.util.concurrent.ThreadPoolExecutor.runWorker(ThreadPoolExecutor.java:1136)
	at java.base/java.util.concurrent.ThreadPoolExecutor$Worker.run(ThreadPoolExecutor.java:635)
	at java.base/java.lang.Thread.run(Thread.java:842)
</pre></div></td>
<td>0</td>
<td>t2s2.T2S2_OAP1987@53b7f657</td></tr>
<tr>
<td title='t2s2.T2S2_OAP1979.TC05_NavigateToAddMCQPage()'><b>TC05_NavigateToAddMCQPage</b><br>Test class: t2s2.T2S2_OAP1979</td>
<td><div><pre>java.lang.AssertionError: Test failed: expected [1] but found [0]
	at t2s2.T2S2_OAP1979.TC05_NavigateToAddMCQPage(T2S2_OAP1979.java:226)
	at java.base/java.util.concurrent.ThreadPoolExecutor.runWorker(ThreadPoolExecutor.java:1136)
	at java.base/java.util.concurrent.ThreadPoolExecutor$Worker.run(ThreadPoolExecutor.java:635)
	at java.base/java.lang.Thread.run(Thread.java:842)
... Removed 12 stack frames</pre></div><a href='#' onClick='toggleBox("stack-trace77032333", this, "Click to show all stack frames", "Click to hide stack frames")'>Click to show all stack frames</a>
<div class='stack-trace' id='stack-trace77032333'><pre>java.lang.AssertionError: Test failed: expected [1] but found [0]
	at t2s2.T2S2_OAP1979.TC05_NavigateToAddMCQPage(T2S2_OAP1979.java:226)
	at java.base/jdk.internal.reflect.NativeMethodAccessorImpl.invoke0(Native Method)
	at java.base/jdk.internal.reflect.NativeMethodAccessorImpl.invoke(NativeMethodAccessorImpl.java:77)
	at java.base/jdk.internal.reflect.DelegatingMethodAccessorImpl.invoke(DelegatingMethodAccessorImpl.java:43)
	at java.base/java.lang.reflect.Method.invoke(Method.java:568)
	at org.testng.internal.MethodInvocationHelper.invokeMethod(MethodInvocationHelper.java:133)
	at org.testng.internal.TestInvoker.invokeMethod(TestInvoker.java:598)
	at org.testng.internal.TestInvoker.invokeTestMethod(TestInvoker.java:173)
	at org.testng.internal.MethodRunner.runInSequence(MethodRunner.java:46)
	at org.testng.internal.TestInvoker$MethodInvocationAgent.invoke(TestInvoker.java:824)
	at org.testng.internal.TestInvoker.invokeTestMethods(TestInvoker.java:146)
	at org.testng.internal.TestMethodWorker.invokeTestMethods(TestMethodWorker.java:146)
	at org.testng.internal.TestMethodWorker.run(TestMethodWorker.java:128)
	at java.base/java.util.concurrent.ThreadPoolExecutor.runWorker(ThreadPoolExecutor.java:1136)
	at java.base/java.util.concurrent.ThreadPoolExecutor$Worker.run(ThreadPoolExecutor.java:635)
	at java.base/java.lang.Thread.run(Thread.java:842)
</pre></div></td>
<td>1</td>
<td>t2s2.T2S2_OAP1979@544d57e</td></tr>
<tr>
<td title='t2s2.T2S2_OAP1962.TC05_NavigateToAddMCQPage()'><b>TC05_NavigateToAddMCQPage</b><br>Test class: t2s2.T2S2_OAP1962</td>
<td><div><pre>java.lang.AssertionError: Test failed: expected [1] but found [0]
	at t2s2.T2S2_OAP1962.TC05_NavigateToAddMCQPage(T2S2_OAP1962.java:226)
	at java.base/java.util.concurrent.ThreadPoolExecutor.runWorker(ThreadPoolExecutor.java:1136)
	at java.base/java.util.concurrent.ThreadPoolExecutor$Worker.run(ThreadPoolExecutor.java:635)
	at java.base/java.lang.Thread.run(Thread.java:842)
... Removed 12 stack frames</pre></div><a href='#' onClick='toggleBox("stack-trace330333276", this, "Click to show all stack frames", "Click to hide stack frames")'>Click to show all stack frames</a>
<div class='stack-trace' id='stack-trace330333276'><pre>java.lang.AssertionError: Test failed: expected [1] but found [0]
	at t2s2.T2S2_OAP1962.TC05_NavigateToAddMCQPage(T2S2_OAP1962.java:226)
	at java.base/jdk.internal.reflect.NativeMethodAccessorImpl.invoke0(Native Method)
	at java.base/jdk.internal.reflect.NativeMethodAccessorImpl.invoke(NativeMethodAccessorImpl.java:77)
	at java.base/jdk.internal.reflect.DelegatingMethodAccessorImpl.invoke(DelegatingMethodAccessorImpl.java:43)
	at java.base/java.lang.reflect.Method.invoke(Method.java:568)
	at org.testng.internal.MethodInvocationHelper.invokeMethod(MethodInvocationHelper.java:133)
	at org.testng.internal.TestInvoker.invokeMethod(TestInvoker.java:598)
	at org.testng.internal.TestInvoker.invokeTestMethod(TestInvoker.java:173)
	at org.testng.internal.MethodRunner.runInSequence(MethodRunner.java:46)
	at org.testng.internal.TestInvoker$MethodInvocationAgent.invoke(TestInvoker.java:824)
	at org.testng.internal.TestInvoker.invokeTestMethods(TestInvoker.java:146)
	at org.testng.internal.TestMethodWorker.invokeTestMethods(TestMethodWorker.java:146)
	at org.testng.internal.TestMethodWorker.run(TestMethodWorker.java:128)
	at java.base/java.util.concurrent.ThreadPoolExecutor.runWorker(ThreadPoolExecutor.java:1136)
	at java.base/java.util.concurrent.ThreadPoolExecutor$Worker.run(ThreadPoolExecutor.java:635)
	at java.base/java.lang.Thread.run(Thread.java:842)
</pre></div></td>
<td>1</td>
<td>t2s2.T2S2_OAP1962@55c53a33</td></tr>
<tr>
<td title='t2s2.T2S2_OAP1962.TC09_NavigateToEditSavedQuestion()'><b>TC09_NavigateToEditSavedQuestion</b><br>Test class: t2s2.T2S2_OAP1962</td>
<td><div><pre>org.openqa.selenium.NoSuchSessionException: Session ID is null. Using WebDriver after calling quit()?
Build info: version: &apos;4.18.1&apos;, revision: &apos;b1d3319b48&apos;
System info: os.name: &apos;Windows 11&apos;, os.arch: &apos;amd64&apos;, os.version: &apos;10.0&apos;, java.version: &apos;17.0.10&apos;
Driver info: org.openqa.selenium.chrome.ChromeDriver
Command: [null, screenshot {}]
Capabilities {acceptInsecureCerts: true, browserName: chrome, browserVersion: 124.0.6367.63, chrome: {chromedriverVersion: 124.0.6367.91 (51df0e5e17a8..., userDataDir: C:\Users\bip\AppData\Local\...}, fedcm:accounts: true, goog:chromeOptions: {debuggerAddress: localhost:62474}, networkConnectionEnabled: false, pageLoadStrategy: normal, platformName: windows, proxy: Proxy(), se:cdp: ws://localhost:62474/devtoo..., se:cdpVersion: 124.0.6367.63, setWindowRect: true, strictFileInteractability: false, timeouts: {implicit: 0, pageLoad: 300000, script: 30000}, unhandledPromptBehavior: dismiss and notify, webauthn:extension:credBlob: true, webauthn:extension:largeBlob: true, webauthn:extension:minPinLength: true, webauthn:extension:prf: true, webauthn:virtualAuthenticators: true}
	at org.openqa.selenium.remote.HttpCommandExecutor.execute(HttpCommandExecutor.java:151)
	at org.openqa.selenium.remote.service.DriverCommandExecutor.invokeExecute(DriverCommandExecutor.java:216)
	at org.openqa.selenium.remote.service.DriverCommandExecutor.execute(DriverCommandExecutor.java:174)
	at org.openqa.selenium.remote.RemoteWebDriver.execute(RemoteWebDriver.java:519)
	at org.openqa.selenium.remote.RemoteWebDriver.execute(RemoteWebDriver.java:592)
	at org.openqa.selenium.remote.RemoteWebDriver.execute(RemoteWebDriver.java:596)
	at org.openqa.selenium.remote.RemoteWebDriver.getScreenshotAs(RemoteWebDriver.java:322)
	at com.t2s2.common.Utility.getScreenShot(Utility.java:111)
	at t2s2.T2S2_OAP1962.takeScreenshot(T2S2_OAP1962.java:140)
	at t2s2.T2S2_OAP1962.TC09_NavigateToEditSavedQuestion(T2S2_OAP1962.java:293)
	at java.base/java.util.concurrent.ThreadPoolExecutor.runWorker(ThreadPoolExecutor.java:1136)
	at java.base/java.util.concurrent.ThreadPoolExecutor$Worker.run(ThreadPoolExecutor.java:635)
	at java.base/java.lang.Thread.run(Thread.java:842)
... Removed 12 stack frames</pre></div><a href='#' onClick='toggleBox("stack-trace1937239418", this, "Click to show all stack frames", "Click to hide stack frames")'>Click to show all stack frames</a>
<div class='stack-trace' id='stack-trace1937239418'><pre>org.openqa.selenium.NoSuchSessionException: Session ID is null. Using WebDriver after calling quit()?
Build info: version: &apos;4.18.1&apos;, revision: &apos;b1d3319b48&apos;
System info: os.name: &apos;Windows 11&apos;, os.arch: &apos;amd64&apos;, os.version: &apos;10.0&apos;, java.version: &apos;17.0.10&apos;
Driver info: org.openqa.selenium.chrome.ChromeDriver
Command: [null, screenshot {}]
Capabilities {acceptInsecureCerts: true, browserName: chrome, browserVersion: 124.0.6367.63, chrome: {chromedriverVersion: 124.0.6367.91 (51df0e5e17a8..., userDataDir: C:\Users\bip\AppData\Local\...}, fedcm:accounts: true, goog:chromeOptions: {debuggerAddress: localhost:62474}, networkConnectionEnabled: false, pageLoadStrategy: normal, platformName: windows, proxy: Proxy(), se:cdp: ws://localhost:62474/devtoo..., se:cdpVersion: 124.0.6367.63, setWindowRect: true, strictFileInteractability: false, timeouts: {implicit: 0, pageLoad: 300000, script: 30000}, unhandledPromptBehavior: dismiss and notify, webauthn:extension:credBlob: true, webauthn:extension:largeBlob: true, webauthn:extension:minPinLength: true, webauthn:extension:prf: true, webauthn:virtualAuthenticators: true}
	at org.openqa.selenium.remote.HttpCommandExecutor.execute(HttpCommandExecutor.java:151)
	at org.openqa.selenium.remote.service.DriverCommandExecutor.invokeExecute(DriverCommandExecutor.java:216)
	at org.openqa.selenium.remote.service.DriverCommandExecutor.execute(DriverCommandExecutor.java:174)
	at org.openqa.selenium.remote.RemoteWebDriver.execute(RemoteWebDriver.java:519)
	at org.openqa.selenium.remote.RemoteWebDriver.execute(RemoteWebDriver.java:592)
	at org.openqa.selenium.remote.RemoteWebDriver.execute(RemoteWebDriver.java:596)
	at org.openqa.selenium.remote.RemoteWebDriver.getScreenshotAs(RemoteWebDriver.java:322)
	at com.t2s2.common.Utility.getScreenShot(Utility.java:111)
	at t2s2.T2S2_OAP1962.takeScreenshot(T2S2_OAP1962.java:140)
	at t2s2.T2S2_OAP1962.TC09_NavigateToEditSavedQuestion(T2S2_OAP1962.java:293)
	at java.base/jdk.internal.reflect.NativeMethodAccessorImpl.invoke0(Native Method)
	at java.base/jdk.internal.reflect.NativeMethodAccessorImpl.invoke(NativeMethodAccessorImpl.java:77)
	at java.base/jdk.internal.reflect.DelegatingMethodAccessorImpl.invoke(DelegatingMethodAccessorImpl.java:43)
	at java.base/java.lang.reflect.Method.invoke(Method.java:568)
	at org.testng.internal.MethodInvocationHelper.invokeMethod(MethodInvocationHelper.java:133)
	at org.testng.internal.TestInvoker.invokeMethod(TestInvoker.java:598)
	at org.testng.internal.TestInvoker.invokeTestMethod(TestInvoker.java:173)
	at org.testng.internal.MethodRunner.runInSequence(MethodRunner.java:46)
	at org.testng.internal.TestInvoker$MethodInvocationAgent.invoke(TestInvoker.java:824)
	at org.testng.internal.TestInvoker.invokeTestMethods(TestInvoker.java:146)
	at org.testng.internal.TestMethodWorker.invokeTestMethods(TestMethodWorker.java:146)
	at org.testng.internal.TestMethodWorker.run(TestMethodWorker.java:128)
	at java.base/java.util.concurrent.ThreadPoolExecutor.runWorker(ThreadPoolExecutor.java:1136)
	at java.base/java.util.concurrent.ThreadPoolExecutor$Worker.run(ThreadPoolExecutor.java:635)
	at java.base/java.lang.Thread.run(Thread.java:842)
</pre></div></td>
<td>5</td>
<td>t2s2.T2S2_OAP1962@55c53a33</td></tr>
</table><p>
<table width='100%' border='1' class='invocation-passed'>
<tr><td colspan='4' align='center'><b>PASSED TESTS</b></td></tr>
<tr><td><b>Test method</b></td>
<td width="30%"><b>Exception</b></td>
<td width="10%"><b>Time (seconds)</b></td>
<td><b>Instance</b></td>
</tr>
<tr>
<td title='t2s2.T2S2_OAP1979.TC03_NavigateToNewQuestionBankPage()'><b>TC03_NavigateToNewQuestionBankPage</b><br>Test class: t2s2.T2S2_OAP1979</td>
<td></td>
<td>5</td>
<td>t2s2.T2S2_OAP1979@544d57e</td></tr>
<tr>
<td title='t2s2.T2S2_OAP1987.TC03_ValidateSearchQuestionBank()'><b>TC03_ValidateSearchQuestionBank</b><br>Test class: t2s2.T2S2_OAP1987</td>
<td></td>
<td>4</td>
<td>t2s2.T2S2_OAP1987@53b7f657</td></tr>
<tr>
<td title='t2s2.T2S2_OAP1979.TC06_ValidateNagativeScoreLabel()'><b>TC06_ValidateNagativeScoreLabel</b><br>Test class: t2s2.T2S2_OAP1979</td>
<td></td>
<td>1</td>
<td>t2s2.T2S2_OAP1979@544d57e</td></tr>
<tr>
<td title='t2s2.T2S2_OAP1962.TC01_LunchAssessmentPlatform()'><b>TC01_LunchAssessmentPlatform</b><br>Test class: t2s2.T2S2_OAP1962</td>
<td></td>
<td>4</td>
<td>t2s2.T2S2_OAP1962@55c53a33</td></tr>
<tr>
<td title='t2s2.T2S2_OAP1962.TC06_VadlidateDefaultQuestionToggleOn()'><b>TC06_VadlidateDefaultQuestionToggleOn</b><br>Test class: t2s2.T2S2_OAP1962</td>
<td></td>
<td>5</td>
<td>t2s2.T2S2_OAP1962@55c53a33</td></tr>
<tr>
<td title='t2s2.T2S2_OAP1962.TC08_ValidateSaveDraftMCQToggleOn()'><b>TC08_ValidateSaveDraftMCQToggleOn</b><br>Test class: t2s2.T2S2_OAP1962</td>
<td></td>
<td>4</td>
<td>t2s2.T2S2_OAP1962@55c53a33</td></tr>
<tr>
<td title='t2s2.T2S2_OAP1979.TC02_NavigateToQuestionBankPage()'><b>TC02_NavigateToQuestionBankPage</b><br>Test class: t2s2.T2S2_OAP1979</td>
<td></td>
<td>4</td>
<td>t2s2.T2S2_OAP1979@544d57e</td></tr>
<tr>
<td title='t2s2.T2S2_OAP1962.TC02_NavigateToQuestionBankPage()'><b>TC02_NavigateToQuestionBankPage</b><br>Test class: t2s2.T2S2_OAP1962</td>
<td></td>
<td>6</td>
<td>t2s2.T2S2_OAP1962@55c53a33</td></tr>
<tr>
<td title='t2s2.T2S2_OAP1968.TC03_ValidateFreeNavigationAreaText()'><b>TC03_ValidateFreeNavigationAreaText</b><br>Test class: t2s2.T2S2_OAP1968</td>
<td></td>
<td>2</td>
<td>t2s2.T2S2_OAP1968@766653e6</td></tr>
<tr>
<td title='t2s2.T2S2_OAP1987.TC01_LunchAssessmentPlatform()'><b>TC01_LunchAssessmentPlatform</b><br>Test class: t2s2.T2S2_OAP1987</td>
<td></td>
<td>4</td>
<td>t2s2.T2S2_OAP1987@53b7f657</td></tr>
<tr>
<td title='t2s2.T2S2_OAP1962.TC07_VadlidateDefaultQuestionToggleOff()'><b>TC07_VadlidateDefaultQuestionToggleOff</b><br>Test class: t2s2.T2S2_OAP1962</td>
<td></td>
<td>1</td>
<td>t2s2.T2S2_OAP1962@55c53a33</td></tr>
<tr>
<td title='t2s2.T2S2_OAP1987.TC02_NavigateToQuestionBankPage()'><b>TC02_NavigateToQuestionBankPage</b><br>Test class: t2s2.T2S2_OAP1987</td>
<td></td>
<td>7</td>
<td>t2s2.T2S2_OAP1987@53b7f657</td></tr>
<tr>
<td title='t2s2.T2S2_OAP1968.TC02_NavigateToNewAssessment()'><b>TC02_NavigateToNewAssessment</b><br>Test class: t2s2.T2S2_OAP1968</td>
<td></td>
<td>8</td>
<td>t2s2.T2S2_OAP1968@766653e6</td></tr>
<tr>
<td title='t2s2.T2S2_OAP1987.TC06_ValidateEdit_SaveQuestion()'><b>TC06_ValidateEdit_SaveQuestion</b><br>Test class: t2s2.T2S2_OAP1987</td>
<td></td>
<td>1</td>
<td>t2s2.T2S2_OAP1987@53b7f657</td></tr>
<tr>
<td title='t2s2.T2S2_OAP1962.TC03_NavigateToNewQuestionBankPage()'><b>TC03_NavigateToNewQuestionBankPage</b><br>Test class: t2s2.T2S2_OAP1962</td>
<td></td>
<td>5</td>
<td>t2s2.T2S2_OAP1962@55c53a33</td></tr>
<tr>
<td title='t2s2.T2S2_OAP1987.TC04_NavigateToEditPublishedQuestionBank()'><b>TC04_NavigateToEditPublishedQuestionBank</b><br>Test class: t2s2.T2S2_OAP1987</td>
<td></td>
<td>10</td>
<td>t2s2.T2S2_OAP1987@53b7f657</td></tr>
<tr>
<td title='t2s2.T2S2_OAP1979.TC04_NavigateToNewQuestionBankPage()'><b>TC04_NavigateToNewQuestionBankPage</b><br>Test class: t2s2.T2S2_OAP1979</td>
<td></td>
<td>2</td>
<td>t2s2.T2S2_OAP1979@544d57e</td></tr>
<tr>
<td title='t2s2.T2S2_OAP1968.TC01_LunchAssessmentPlatform()'><b>TC01_LunchAssessmentPlatform</b><br>Test class: t2s2.T2S2_OAP1968</td>
<td></td>
<td>4</td>
<td>t2s2.T2S2_OAP1968@766653e6</td></tr>
<tr>
<td title='t2s2.T2S2_OAP1979.TC01_LunchAssessmentPlatform()'><b>TC01_LunchAssessmentPlatform</b><br>Test class: t2s2.T2S2_OAP1979</td>
<td></td>
<td>3</td>
<td>t2s2.T2S2_OAP1979@544d57e</td></tr>
<tr>
<td title='t2s2.T2S2_OAP1962.TC04_ValidateSaveAsDraftEnabled()'><b>TC04_ValidateSaveAsDraftEnabled</b><br>Test class: t2s2.T2S2_OAP1962</td>
<td></td>
<td>3</td>
<td>t2s2.T2S2_OAP1962@55c53a33</td></tr>
<tr>
<td title='t2s2.T2S2_OAP1987.TC05_NavigateToEditQuestion()'><b>TC05_NavigateToEditQuestion</b><br>Test class: t2s2.T2S2_OAP1987</td>
<td></td>
<td>7</td>
<td>t2s2.T2S2_OAP1987@53b7f657</td></tr>
</table><p>
<table width='100%' border='1' class='invocation-skipped'>
<tr><td colspan='4' align='center'><b>SKIPPED TESTS</b></td></tr>
<tr><td><b>Test method</b></td>
<td width="30%"><b>Exception</b></td>
<td width="10%"><b>Time (seconds)</b></td>
<td><b>Instance</b></td>
</tr>
<tr>
<td title='t2s2.T2S2_OAP1962.TC10_ValidateNoErrorMessageDefaultSettingArea()'><b>TC10_ValidateNoErrorMessageDefaultSettingArea</b><br>Test class: t2s2.T2S2_OAP1962</td>
<td><div><pre>org.openqa.selenium.NoSuchSessionException: Session ID is null. Using WebDriver after calling quit()?
Build info: version: &apos;4.18.1&apos;, revision: &apos;b1d3319b48&apos;
System info: os.name: &apos;Windows 11&apos;, os.arch: &apos;amd64&apos;, os.version: &apos;10.0&apos;, java.version: &apos;17.0.10&apos;
Driver info: org.openqa.selenium.chrome.ChromeDriver
Command: [null, screenshot {}]
Capabilities {acceptInsecureCerts: true, browserName: chrome, browserVersion: 124.0.6367.63, chrome: {chromedriverVersion: 124.0.6367.91 (51df0e5e17a8..., userDataDir: C:\Users\bip\AppData\Local\...}, fedcm:accounts: true, goog:chromeOptions: {debuggerAddress: localhost:62474}, networkConnectionEnabled: false, pageLoadStrategy: normal, platformName: windows, proxy: Proxy(), se:cdp: ws://localhost:62474/devtoo..., se:cdpVersion: 124.0.6367.63, setWindowRect: true, strictFileInteractability: false, timeouts: {implicit: 0, pageLoad: 300000, script: 30000}, unhandledPromptBehavior: dismiss and notify, webauthn:extension:credBlob: true, webauthn:extension:largeBlob: true, webauthn:extension:minPinLength: true, webauthn:extension:prf: true, webauthn:virtualAuthenticators: true}
	at org.openqa.selenium.remote.HttpCommandExecutor.execute(HttpCommandExecutor.java:151)
	at org.openqa.selenium.remote.service.DriverCommandExecutor.invokeExecute(DriverCommandExecutor.java:216)
	at org.openqa.selenium.remote.service.DriverCommandExecutor.execute(DriverCommandExecutor.java:174)
	at org.openqa.selenium.remote.RemoteWebDriver.execute(RemoteWebDriver.java:519)
	at org.openqa.selenium.remote.RemoteWebDriver.execute(RemoteWebDriver.java:592)
	at org.openqa.selenium.remote.RemoteWebDriver.execute(RemoteWebDriver.java:596)
	at org.openqa.selenium.remote.RemoteWebDriver.getScreenshotAs(RemoteWebDriver.java:322)
	at com.t2s2.common.Utility.captureScreenshot(Utility.java:122)
	at t2s2.T2S2_OAP1962.teardown(T2S2_OAP1962.java:133)
	at java.base/java.util.concurrent.ThreadPoolExecutor.runWorker(ThreadPoolExecutor.java:1136)
	at java.base/java.util.concurrent.ThreadPoolExecutor$Worker.run(ThreadPoolExecutor.java:635)
	at java.base/java.lang.Thread.run(Thread.java:842)
... Removed 17 stack frames</pre></div><a href='#' onClick='toggleBox("stack-trace1040522053", this, "Click to show all stack frames", "Click to hide stack frames")'>Click to show all stack frames</a>
<div class='stack-trace' id='stack-trace1040522053'><pre>org.openqa.selenium.NoSuchSessionException: Session ID is null. Using WebDriver after calling quit()?
Build info: version: &apos;4.18.1&apos;, revision: &apos;b1d3319b48&apos;
System info: os.name: &apos;Windows 11&apos;, os.arch: &apos;amd64&apos;, os.version: &apos;10.0&apos;, java.version: &apos;17.0.10&apos;
Driver info: org.openqa.selenium.chrome.ChromeDriver
Command: [null, screenshot {}]
Capabilities {acceptInsecureCerts: true, browserName: chrome, browserVersion: 124.0.6367.63, chrome: {chromedriverVersion: 124.0.6367.91 (51df0e5e17a8..., userDataDir: C:\Users\bip\AppData\Local\...}, fedcm:accounts: true, goog:chromeOptions: {debuggerAddress: localhost:62474}, networkConnectionEnabled: false, pageLoadStrategy: normal, platformName: windows, proxy: Proxy(), se:cdp: ws://localhost:62474/devtoo..., se:cdpVersion: 124.0.6367.63, setWindowRect: true, strictFileInteractability: false, timeouts: {implicit: 0, pageLoad: 300000, script: 30000}, unhandledPromptBehavior: dismiss and notify, webauthn:extension:credBlob: true, webauthn:extension:largeBlob: true, webauthn:extension:minPinLength: true, webauthn:extension:prf: true, webauthn:virtualAuthenticators: true}
	at org.openqa.selenium.remote.HttpCommandExecutor.execute(HttpCommandExecutor.java:151)
	at org.openqa.selenium.remote.service.DriverCommandExecutor.invokeExecute(DriverCommandExecutor.java:216)
	at org.openqa.selenium.remote.service.DriverCommandExecutor.execute(DriverCommandExecutor.java:174)
	at org.openqa.selenium.remote.RemoteWebDriver.execute(RemoteWebDriver.java:519)
	at org.openqa.selenium.remote.RemoteWebDriver.execute(RemoteWebDriver.java:592)
	at org.openqa.selenium.remote.RemoteWebDriver.execute(RemoteWebDriver.java:596)
	at org.openqa.selenium.remote.RemoteWebDriver.getScreenshotAs(RemoteWebDriver.java:322)
	at com.t2s2.common.Utility.captureScreenshot(Utility.java:122)
	at t2s2.T2S2_OAP1962.teardown(T2S2_OAP1962.java:133)
	at java.base/jdk.internal.reflect.NativeMethodAccessorImpl.invoke0(Native Method)
	at java.base/jdk.internal.reflect.NativeMethodAccessorImpl.invoke(NativeMethodAccessorImpl.java:77)
	at java.base/jdk.internal.reflect.DelegatingMethodAccessorImpl.invoke(DelegatingMethodAccessorImpl.java:43)
	at java.base/java.lang.reflect.Method.invoke(Method.java:568)
	at org.testng.internal.MethodInvocationHelper.invokeMethod(MethodInvocationHelper.java:133)
	at org.testng.internal.MethodInvocationHelper.invokeMethodConsideringTimeout(MethodInvocationHelper.java:62)
	at org.testng.internal.ConfigInvoker.invokeConfigurationMethod(ConfigInvoker.java:385)
	at org.testng.internal.ConfigInvoker.invokeConfigurations(ConfigInvoker.java:321)
	at org.testng.internal.TestInvoker.runConfigMethods(TestInvoker.java:700)
	at org.testng.internal.TestInvoker.runAfterGroupsConfigurations(TestInvoker.java:676)
	at org.testng.internal.TestInvoker.invokeMethod(TestInvoker.java:660)
	at org.testng.internal.TestInvoker.invokeTestMethod(TestInvoker.java:173)
	at org.testng.internal.MethodRunner.runInSequence(MethodRunner.java:46)
	at org.testng.internal.TestInvoker$MethodInvocationAgent.invoke(TestInvoker.java:824)
	at org.testng.internal.TestInvoker.invokeTestMethods(TestInvoker.java:146)
	at org.testng.internal.TestMethodWorker.invokeTestMethods(TestMethodWorker.java:146)
	at org.testng.internal.TestMethodWorker.run(TestMethodWorker.java:128)
	at java.base/java.util.concurrent.ThreadPoolExecutor.runWorker(ThreadPoolExecutor.java:1136)
	at java.base/java.util.concurrent.ThreadPoolExecutor$Worker.run(ThreadPoolExecutor.java:635)
	at java.base/java.lang.Thread.run(Thread.java:842)
</pre></div></td>
<td>0</td>
<td>t2s2.T2S2_OAP1962@55c53a33</td></tr>
</table><p>
</body>
</html>