<?xml version="1.0" encoding="UTF-8"?>
<!-- Generated by org.testng.reporters.JUnitXMLReporter -->
<testsuite ignored="0" hostname="BIPLP153" failures="4" tests="26" name="Sprint 2" time="52.659" errors="0" timestamp="2024-04-30T13:59:25 IST">
  <testcase classname="t2s2.T2S2_OAP1962" name="@AfterMethod teardown" time="0.0">
    <failure type="org.openqa.selenium.NoSuchSessionException" message="Session ID is null. Using WebDriver after calling quit()?
Build info: version: &amp;apos;4.18.1&amp;apos;, revision: &amp;apos;b1d3319b48&amp;apos;
System info: os.name: &amp;apos;Windows 11&amp;apos;, os.arch: &amp;apos;amd64&amp;apos;, os.version: &amp;apos;10.0&amp;apos;, java.version: &amp;apos;17.0.10&amp;apos;
Driver info: org.openqa.selenium.chrome.ChromeDriver
Command: [null, screenshot {}]
Capabilities {acceptInsecureCerts: true, browserName: chrome, browserVersion: 124.0.6367.63, chrome: {chromedriverVersion: 124.0.6367.91 (51df0e5e17a8..., userDataDir: C:\Users\bip\AppData\Local\...}, fedcm:accounts: true, goog:chromeOptions: {debuggerAddress: localhost:62474}, networkConnectionEnabled: false, pageLoadStrategy: normal, platformName: windows, proxy: Proxy(), se:cdp: ws://localhost:62474/devtoo..., se:cdpVersion: 124.0.6367.63, setWindowRect: true, strictFileInteractability: false, timeouts: {implicit: 0, pageLoad: 300000, script: 30000}, unhandledPromptBehavior: dismiss and notify, webauthn:extension:credBlob: true, webauthn:extension:largeBlob: true, webauthn:extension:minPinLength: true, webauthn:extension:prf: true, webauthn:virtualAuthenticators: true}">
      <![CDATA[org.openqa.selenium.NoSuchSessionException: Session ID is null. Using WebDriver after calling quit()?
Build info: version: '4.18.1', revision: 'b1d3319b48'
System info: os.name: 'Windows 11', os.arch: 'amd64', os.version: '10.0', java.version: '17.0.10'
Driver info: org.openqa.selenium.chrome.ChromeDriver
Command: [null, screenshot {}]
Capabilities {acceptInsecureCerts: true, browserName: chrome, browserVersion: 124.0.6367.63, chrome: {chromedriverVersion: 124.0.6367.91 (51df0e5e17a8..., userDataDir: C:\Users\bip\AppData\Local\...}, fedcm:accounts: true, goog:chromeOptions: {debuggerAddress: localhost:62474}, networkConnectionEnabled: false, pageLoadStrategy: normal, platformName: windows, proxy: Proxy(), se:cdp: ws://localhost:62474/devtoo..., se:cdpVersion: 124.0.6367.63, setWindowRect: true, strictFileInteractability: false, timeouts: {implicit: 0, pageLoad: 300000, script: 30000}, unhandledPromptBehavior: dismiss and notify, webauthn:extension:credBlob: true, webauthn:extension:largeBlob: true, webauthn:extension:minPinLength: true, webauthn:extension:prf: true, webauthn:virtualAuthenticators: true}
at org.openqa.selenium.remote.HttpCommandExecutor.execute(HttpCommandExecutor.java:151)
at org.openqa.selenium.remote.service.DriverCommandExecutor.invokeExecute(DriverCommandExecutor.java:216)
at org.openqa.selenium.remote.service.DriverCommandExecutor.execute(DriverCommandExecutor.java:174)
at org.openqa.selenium.remote.RemoteWebDriver.execute(RemoteWebDriver.java:519)
at org.openqa.selenium.remote.RemoteWebDriver.execute(RemoteWebDriver.java:592)
at org.openqa.selenium.remote.RemoteWebDriver.execute(RemoteWebDriver.java:596)
at org.openqa.selenium.remote.RemoteWebDriver.getScreenshotAs(RemoteWebDriver.java:322)
at com.t2s2.common.Utility.captureScreenshot(Utility.java:122)
at t2s2.T2S2_OAP1962.teardown(T2S2_OAP1962.java:133)
at java.base/java.util.concurrent.ThreadPoolExecutor.runWorker(ThreadPoolExecutor.java:1136)
at java.base/java.util.concurrent.ThreadPoolExecutor$Worker.run(ThreadPoolExecutor.java:635)
at java.base/java.lang.Thread.run(Thread.java:842)
... Removed 17 stack frames]]>
    </failure>
  </testcase> <!-- @AfterMethod teardown -->
  <testcase classname="t2s2.T2S2_OAP1962" name="@BeforeMethod setup" time="-1.71446576518E9">
    <skipped/>
  </testcase> <!-- @BeforeMethod setup -->
  <testcase classname="t2s2.T2S2_OAP1962" name="@AfterMethod teardown" time="-1.714465765193E9">
    <skipped/>
  </testcase> <!-- @AfterMethod teardown -->
  <testcase classname="t2s2.T2S2_OAP1962" name="@AfterClass closeDriver" time="-1.714465765195E9">
    <skipped/>
  </testcase> <!-- @AfterClass closeDriver -->
  <testcase classname="t2s2.T2S2_OAP1987" name="TC01_LunchAssessmentPlatform" time="4.005"/>
  <testcase classname="t2s2.T2S2_OAP1962" name="TC01_LunchAssessmentPlatform" time="4.103"/>
  <testcase classname="t2s2.T2S2_OAP1968" name="TC01_LunchAssessmentPlatform" time="4.041"/>
  <testcase classname="t2s2.T2S2_OAP1979" name="TC01_LunchAssessmentPlatform" time="3.605"/>
  <testcase classname="t2s2.T2S2_OAP1962" name="TC02_NavigateToQuestionBankPage" time="6.521"/>
  <testcase classname="t2s2.T2S2_OAP1987" name="TC02_NavigateToQuestionBankPage" time="7.346"/>
  <testcase classname="t2s2.T2S2_OAP1979" name="TC02_NavigateToQuestionBankPage" time="4.955"/>
  <testcase classname="t2s2.T2S2_OAP1968" name="TC02_NavigateToNewAssessment" time="8.621"/>
  <testcase classname="t2s2.T2S2_OAP1987" name="TC03_ValidateSearchQuestionBank" time="4.319"/>
  <testcase classname="t2s2.T2S2_OAP1968" name="TC03_ValidateFreeNavigationAreaText" time="2.024"/>
  <testcase classname="t2s2.T2S2_OAP1962" name="TC03_NavigateToNewQuestionBankPage" time="5.788"/>
  <testcase classname="t2s2.T2S2_OAP1979" name="TC03_NavigateToNewQuestionBankPage" time="5.016"/>
  <testcase classname="t2s2.T2S2_OAP1962" name="TC04_ValidateSaveAsDraftEnabled" time="3.966"/>
  <testcase classname="t2s2.T2S2_OAP1979" name="TC04_NavigateToNewQuestionBankPage" time="2.982"/>
  <testcase classname="t2s2.T2S2_OAP1962" name="TC05_NavigateToAddMCQPage" time="1.462">
    <failure type="java.lang.AssertionError" message="Test failed: expected [1] but found [0]">
      <![CDATA[java.lang.AssertionError: Test failed: expected [1] but found [0]
at t2s2.T2S2_OAP1962.TC05_NavigateToAddMCQPage(T2S2_OAP1962.java:226)
at java.base/java.util.concurrent.ThreadPoolExecutor.runWorker(ThreadPoolExecutor.java:1136)
at java.base/java.util.concurrent.ThreadPoolExecutor$Worker.run(ThreadPoolExecutor.java:635)
at java.base/java.lang.Thread.run(Thread.java:842)
... Removed 12 stack frames]]>
    </failure>
  </testcase> <!-- TC05_NavigateToAddMCQPage -->
  <testcase classname="t2s2.T2S2_OAP1979" name="TC05_NavigateToAddMCQPage" time="1.052">
    <failure type="java.lang.AssertionError" message="Test failed: expected [1] but found [0]">
      <![CDATA[java.lang.AssertionError: Test failed: expected [1] but found [0]
at t2s2.T2S2_OAP1979.TC05_NavigateToAddMCQPage(T2S2_OAP1979.java:226)
at java.base/java.util.concurrent.ThreadPoolExecutor.runWorker(ThreadPoolExecutor.java:1136)
at java.base/java.util.concurrent.ThreadPoolExecutor$Worker.run(ThreadPoolExecutor.java:635)
at java.base/java.lang.Thread.run(Thread.java:842)
... Removed 12 stack frames]]>
    </failure>
  </testcase> <!-- TC05_NavigateToAddMCQPage -->
  <testcase classname="t2s2.T2S2_OAP1979" name="TC06_ValidateNagativeScoreLabel" time="1.575"/>
  <testcase classname="t2s2.T2S2_OAP1987" name="TC04_NavigateToEditPublishedQuestionBank" time="10.317"/>
  <testcase classname="t2s2.T2S2_OAP1962" name="TC06_VadlidateDefaultQuestionToggleOn" time="5.786"/>
  <testcase classname="t2s2.T2S2_OAP1962" name="TC07_VadlidateDefaultQuestionToggleOff" time="1.011"/>
  <testcase classname="t2s2.T2S2_OAP1987" name="TC05_NavigateToEditQuestion" time="7.023"/>
  <testcase classname="t2s2.T2S2_OAP1962" name="TC08_ValidateSaveDraftMCQToggleOn" time="4.859"/>
  <testcase classname="t2s2.T2S2_OAP1987" name="TC06_ValidateEdit_SaveQuestion" time="1.84"/>
  <testcase classname="t2s2.T2S2_OAP1987" name="TC07_ValidateRevisionDateFormat" time="0.465">
    <failure type="java.lang.AssertionError" message="Test failed: Revision Date Format(DD MMM YYYY) contains space before date(_DD MMM YYYY) so validation unsuccessful">
      <![CDATA[java.lang.AssertionError: Test failed: Revision Date Format(DD MMM YYYY) contains space before date(_DD MMM YYYY) so validation unsuccessful
at t2s2.T2S2_OAP1987.TC07_ValidateRevisionDateFormat(T2S2_OAP1987.java:260)
at java.base/java.util.concurrent.ThreadPoolExecutor.runWorker(ThreadPoolExecutor.java:1136)
at java.base/java.util.concurrent.ThreadPoolExecutor$Worker.run(ThreadPoolExecutor.java:635)
at java.base/java.lang.Thread.run(Thread.java:842)
... Removed 12 stack frames]]>
    </failure>
  </testcase> <!-- TC07_ValidateRevisionDateFormat -->
  <testcase classname="t2s2.T2S2_OAP1962" name="TC09_NavigateToEditSavedQuestion" time="5.63">
    <failure type="org.openqa.selenium.NoSuchSessionException" message="Session ID is null. Using WebDriver after calling quit()?
Build info: version: &amp;apos;4.18.1&amp;apos;, revision: &amp;apos;b1d3319b48&amp;apos;
System info: os.name: &amp;apos;Windows 11&amp;apos;, os.arch: &amp;apos;amd64&amp;apos;, os.version: &amp;apos;10.0&amp;apos;, java.version: &amp;apos;17.0.10&amp;apos;
Driver info: org.openqa.selenium.chrome.ChromeDriver
Command: [null, screenshot {}]
Capabilities {acceptInsecureCerts: true, browserName: chrome, browserVersion: 124.0.6367.63, chrome: {chromedriverVersion: 124.0.6367.91 (51df0e5e17a8..., userDataDir: C:\Users\bip\AppData\Local\...}, fedcm:accounts: true, goog:chromeOptions: {debuggerAddress: localhost:62474}, networkConnectionEnabled: false, pageLoadStrategy: normal, platformName: windows, proxy: Proxy(), se:cdp: ws://localhost:62474/devtoo..., se:cdpVersion: 124.0.6367.63, setWindowRect: true, strictFileInteractability: false, timeouts: {implicit: 0, pageLoad: 300000, script: 30000}, unhandledPromptBehavior: dismiss and notify, webauthn:extension:credBlob: true, webauthn:extension:largeBlob: true, webauthn:extension:minPinLength: true, webauthn:extension:prf: true, webauthn:virtualAuthenticators: true}">
      <![CDATA[org.openqa.selenium.NoSuchSessionException: Session ID is null. Using WebDriver after calling quit()?
Build info: version: '4.18.1', revision: 'b1d3319b48'
System info: os.name: 'Windows 11', os.arch: 'amd64', os.version: '10.0', java.version: '17.0.10'
Driver info: org.openqa.selenium.chrome.ChromeDriver
Command: [null, screenshot {}]
Capabilities {acceptInsecureCerts: true, browserName: chrome, browserVersion: 124.0.6367.63, chrome: {chromedriverVersion: 124.0.6367.91 (51df0e5e17a8..., userDataDir: C:\Users\bip\AppData\Local\...}, fedcm:accounts: true, goog:chromeOptions: {debuggerAddress: localhost:62474}, networkConnectionEnabled: false, pageLoadStrategy: normal, platformName: windows, proxy: Proxy(), se:cdp: ws://localhost:62474/devtoo..., se:cdpVersion: 124.0.6367.63, setWindowRect: true, strictFileInteractability: false, timeouts: {implicit: 0, pageLoad: 300000, script: 30000}, unhandledPromptBehavior: dismiss and notify, webauthn:extension:credBlob: true, webauthn:extension:largeBlob: true, webauthn:extension:minPinLength: true, webauthn:extension:prf: true, webauthn:virtualAuthenticators: true}
at org.openqa.selenium.remote.HttpCommandExecutor.execute(HttpCommandExecutor.java:151)
at org.openqa.selenium.remote.service.DriverCommandExecutor.invokeExecute(DriverCommandExecutor.java:216)
at org.openqa.selenium.remote.service.DriverCommandExecutor.execute(DriverCommandExecutor.java:174)
at org.openqa.selenium.remote.RemoteWebDriver.execute(RemoteWebDriver.java:519)
at org.openqa.selenium.remote.RemoteWebDriver.execute(RemoteWebDriver.java:592)
at org.openqa.selenium.remote.RemoteWebDriver.execute(RemoteWebDriver.java:596)
at org.openqa.selenium.remote.RemoteWebDriver.getScreenshotAs(RemoteWebDriver.java:322)
at com.t2s2.common.Utility.getScreenShot(Utility.java:111)
at t2s2.T2S2_OAP1962.takeScreenshot(T2S2_OAP1962.java:140)
at t2s2.T2S2_OAP1962.TC09_NavigateToEditSavedQuestion(T2S2_OAP1962.java:293)
at java.base/java.util.concurrent.ThreadPoolExecutor.runWorker(ThreadPoolExecutor.java:1136)
at java.base/java.util.concurrent.ThreadPoolExecutor$Worker.run(ThreadPoolExecutor.java:635)
at java.base/java.lang.Thread.run(Thread.java:842)
... Removed 12 stack frames]]>
    </failure>
  </testcase> <!-- TC09_NavigateToEditSavedQuestion -->
  <testcase classname="t2s2.T2S2_OAP1962" name="TC10_ValidateNoErrorMessageDefaultSettingArea" time="0.0">
    <skipped/>
  </testcase> <!-- TC10_ValidateNoErrorMessageDefaultSettingArea -->
</testsuite> <!-- Sprint 2 -->
