<html>
<head>
<title>TestNG:  PC_Security Access To Others all Disabled</title>
<link href="../testng.css" rel="stylesheet" type="text/css" />
<link href="../my-testng.css" rel="stylesheet" type="text/css" />

<style type="text/css">
.log { display: none;} 
.stack-trace { display: none;} 
</style>
<script type="text/javascript">
<!--
function flip(e) {
  current = e.style.display;
  if (current == 'block') {
    e.style.display = 'none';
    return 0;
  }
  else {
    e.style.display = 'block';
    return 1;
  }
}

function toggleBox(szDivId, elem, msg1, msg2)
{
  var res = -1;  if (document.getElementById) {
    res = flip(document.getElementById(szDivId));
  }
  else if (document.all) {
    // this is the way old msie versions work
    res = flip(document.all[szDivId]);
  }
  if(elem) {
    if(res == 0) elem.innerHTML = msg1; else elem.innerHTML = msg2;
  }

}

function toggleAllBoxes() {
  if (document.getElementsByTagName) {
    d = document.getElementsByTagName('div');
    for (i = 0; i < d.length; i++) {
      if (d[i].className == 'log') {
        flip(d[i]);
      }
    }
  }
}

// -->
</script>

</head>
<body>
<h2 align='center'>PC_Security Access To Others all Disabled</h2><table border='1' align="center">
<tr>
<td>Tests passed/Failed/Skipped:</td><td>42/6/0</td>
</tr><tr>
<td>Started on:</td><td>Tue Oct 10 16:50:10 IST 2023</td>
</tr>
<tr><td>Total time:</td><td>852 seconds (852101 ms)</td>
</tr><tr>
<td>Included groups:</td><td></td>
</tr><tr>
<td>Excluded groups:</td><td></td>
</tr>
</table><p/>
<small><i>(Hover the method name to see the test class name)</i></small><p/>
<table width='100%' border='1' class='invocation-failed'>
<tr><td colspan='4' align='center'><b>FAILED TESTS</b></td></tr>
<tr><td><b>Test method</b></td>
<td><b>Attribute(s)</b></td>
<td width="30%"><b>Exception</b></td>
<td width="10%"><b>Time (seconds)</b></td>
<td><b>Instance</b></td>
</tr>
<tr>
<td title='com.olp.p_card.OLP_R2_OLX_T129RestPCardDisable.TC02_ValidatePlaceOfBirth_Label()'><b>TC02_ValidatePlaceOfBirth_Label</b><br>Test class: com.olp.p_card.OLP_R2_OLX_T129RestPCardDisable</td>
<td><div><pre>java.lang.AssertionError: Test failed: no such element: Unable to locate element: {&quot;method&quot;:&quot;xpath&quot;,&quot;selector&quot;:&quot;//p[.=&apos;Place of birth&apos;]/../..&quot;}
  (Session info: chrome=117.0.5938.150)
For documentation on this error, please visit: https://selenium.dev/exceptions/#no_such_element
Build info: version: &apos;4.6.0&apos;, revision: &apos;79f1c02ae20&apos;
System info: os.name: &apos;Windows 11&apos;, os.arch: &apos;amd64&apos;, os.version: &apos;10.0&apos;, java.version: &apos;17.0.7&apos;
Driver info: org.openqa.selenium.chrome.ChromeDriver
Command: [63c5486d10c8c2c12db393a67f1a9d5d, findElement {using=xpath, value=//p[.=&apos;Place of birth&apos;]/../..}]
Capabilities {acceptInsecureCerts: true, browserName: chrome, browserVersion: 117.0.5938.150, chrome: {chromedriverVersion: 117.0.5938.149 (e3344ddefa1..., userDataDir: C:\Users\iamas\AppData\Loca...}, fedcm:accounts: true, goog:chromeOptions: {debuggerAddress: localhost:52242}, networkConnectionEnabled: false, pageLoadStrategy: normal, platformName: WINDOWS, proxy: Proxy(), se:cdp: ws://localhost:52242/devtoo..., se:cdpVersion: 117.0.5938.150, setWindowRect: true, strictFileInteractability: false, timeouts: {implicit: 0, pageLoad: 300000, script: 30000}, unhandledPromptBehavior: dismiss and notify, webauthn:extension:credBlob: true, webauthn:extension:largeBlob: true, webauthn:extension:minPinLength: true, webauthn:extension:prf: true, webauthn:virtualAuthenticators: true}
Session ID: 63c5486d10c8c2c12db393a67f1a9d5d
	at com.olp.p_card.OLP_R2_OLX_T129RestPCardDisable.TC02_ValidatePlaceOfBirth_Label(OLP_R2_OLX_T129RestPCardDisable.java:174)
	at java.base/java.util.ArrayList.forEach(ArrayList.java:1511)
... Removed 27 stack frames</pre></div><a href='#' onClick='toggleBox("stack-trace2006395236", this, "Click to show all stack frames", "Click to hide stack frames")'>Click to show all stack frames</a>
<div class='stack-trace' id='stack-trace2006395236'><pre>java.lang.AssertionError: Test failed: no such element: Unable to locate element: {&quot;method&quot;:&quot;xpath&quot;,&quot;selector&quot;:&quot;//p[.=&apos;Place of birth&apos;]/../..&quot;}
  (Session info: chrome=117.0.5938.150)
For documentation on this error, please visit: https://selenium.dev/exceptions/#no_such_element
Build info: version: &apos;4.6.0&apos;, revision: &apos;79f1c02ae20&apos;
System info: os.name: &apos;Windows 11&apos;, os.arch: &apos;amd64&apos;, os.version: &apos;10.0&apos;, java.version: &apos;17.0.7&apos;
Driver info: org.openqa.selenium.chrome.ChromeDriver
Command: [63c5486d10c8c2c12db393a67f1a9d5d, findElement {using=xpath, value=//p[.=&apos;Place of birth&apos;]/../..}]
Capabilities {acceptInsecureCerts: true, browserName: chrome, browserVersion: 117.0.5938.150, chrome: {chromedriverVersion: 117.0.5938.149 (e3344ddefa1..., userDataDir: C:\Users\iamas\AppData\Loca...}, fedcm:accounts: true, goog:chromeOptions: {debuggerAddress: localhost:52242}, networkConnectionEnabled: false, pageLoadStrategy: normal, platformName: WINDOWS, proxy: Proxy(), se:cdp: ws://localhost:52242/devtoo..., se:cdpVersion: 117.0.5938.150, setWindowRect: true, strictFileInteractability: false, timeouts: {implicit: 0, pageLoad: 300000, script: 30000}, unhandledPromptBehavior: dismiss and notify, webauthn:extension:credBlob: true, webauthn:extension:largeBlob: true, webauthn:extension:minPinLength: true, webauthn:extension:prf: true, webauthn:virtualAuthenticators: true}
Session ID: 63c5486d10c8c2c12db393a67f1a9d5d
	at com.olp.p_card.OLP_R2_OLX_T129RestPCardDisable.TC02_ValidatePlaceOfBirth_Label(OLP_R2_OLX_T129RestPCardDisable.java:174)
	at java.base/jdk.internal.reflect.NativeMethodAccessorImpl.invoke0(Native Method)
	at java.base/jdk.internal.reflect.NativeMethodAccessorImpl.invoke(NativeMethodAccessorImpl.java:77)
	at java.base/jdk.internal.reflect.DelegatingMethodAccessorImpl.invoke(DelegatingMethodAccessorImpl.java:43)
	at java.base/java.lang.reflect.Method.invoke(Method.java:568)
	at org.testng.internal.invokers.MethodInvocationHelper.invokeMethod(MethodInvocationHelper.java:139)
	at org.testng.internal.invokers.TestInvoker.invokeMethod(TestInvoker.java:664)
	at org.testng.internal.invokers.TestInvoker.invokeTestMethod(TestInvoker.java:227)
	at org.testng.internal.invokers.MethodRunner.runInSequence(MethodRunner.java:50)
	at org.testng.internal.invokers.TestInvoker$MethodInvocationAgent.invoke(TestInvoker.java:957)
	at org.testng.internal.invokers.TestInvoker.invokeTestMethods(TestInvoker.java:200)
	at org.testng.internal.invokers.TestMethodWorker.invokeTestMethods(TestMethodWorker.java:148)
	at org.testng.internal.invokers.TestMethodWorker.run(TestMethodWorker.java:128)
	at java.base/java.util.ArrayList.forEach(ArrayList.java:1511)
	at org.testng.TestRunner.privateRun(TestRunner.java:848)
	at org.testng.TestRunner.run(TestRunner.java:621)
	at org.testng.SuiteRunner.runTest(SuiteRunner.java:443)
	at org.testng.SuiteRunner.runSequentially(SuiteRunner.java:437)
	at org.testng.SuiteRunner.privateRun(SuiteRunner.java:397)
	at org.testng.SuiteRunner.run(SuiteRunner.java:336)
	at org.testng.SuiteRunnerWorker.runSuite(SuiteRunnerWorker.java:52)
	at org.testng.SuiteRunnerWorker.run(SuiteRunnerWorker.java:95)
	at org.testng.TestNG.runSuitesSequentially(TestNG.java:1280)
	at org.testng.TestNG.runSuitesLocally(TestNG.java:1200)
	at org.testng.TestNG.runSuites(TestNG.java:1114)
	at org.testng.TestNG.run(TestNG.java:1082)
	at org.testng.remote.AbstractRemoteTestNG.run(AbstractRemoteTestNG.java:115)
	at org.testng.remote.RemoteTestNG.initAndRun(RemoteTestNG.java:251)
	at org.testng.remote.RemoteTestNG.main(RemoteTestNG.java:77)
</pre></div></td>
<td>120</td>
<td>com.olp.p_card.OLP_R2_OLX_T129RestPCardDisable@53f0a4cb</td></tr>
<tr>
<td title='com.olp.p_card.OLP_R2_OLX_T315RestPCardDisable.TC01_navigateToPersonalCard()'><b>TC01_navigateToPersonalCard</b><br>Test class: com.olp.p_card.OLP_R2_OLX_T315RestPCardDisable<br>Parameters: Rudra 1269</td>
<td><div><pre>java.lang.AssertionError: Test failed: element click intercepted: Element &lt;div class=&quot;sc-grREDI cIycHa&quot;&gt;...&lt;/div&gt; is not clickable at point (793, 199). Other element would receive the click: &lt;div mode=&quot;1&quot; class=&quot;sc-kgUAyh dbieUv&quot;&gt;...&lt;/div&gt;
  (Session info: chrome=117.0.5938.150)
Build info: version: &apos;4.6.0&apos;, revision: &apos;79f1c02ae20&apos;
System info: os.name: &apos;Windows 11&apos;, os.arch: &apos;amd64&apos;, os.version: &apos;10.0&apos;, java.version: &apos;17.0.7&apos;
Driver info: org.openqa.selenium.chrome.ChromeDriver
Command: [df75d6aa569dfb486a65c5d0003552fd, clickElement {id=F460228F6517057BE4F6115F91F308BB_element_43}]
Capabilities {acceptInsecureCerts: true, browserName: chrome, browserVersion: 117.0.5938.150, chrome: {chromedriverVersion: 117.0.5938.149 (e3344ddefa1..., userDataDir: C:\Users\iamas\AppData\Loca...}, fedcm:accounts: true, goog:chromeOptions: {debuggerAddress: localhost:54102}, networkConnectionEnabled: false, pageLoadStrategy: normal, platformName: WINDOWS, proxy: Proxy(), se:cdp: ws://localhost:54102/devtoo..., se:cdpVersion: 117.0.5938.150, setWindowRect: true, strictFileInteractability: false, timeouts: {implicit: 0, pageLoad: 300000, script: 30000}, unhandledPromptBehavior: dismiss and notify, webauthn:extension:credBlob: true, webauthn:extension:largeBlob: true, webauthn:extension:minPinLength: true, webauthn:extension:prf: true, webauthn:virtualAuthenticators: true}
Element: [[ChromeDriver: chrome on WINDOWS (df75d6aa569dfb486a65c5d0003552fd)] -&gt; xpath: (//div[text()=&apos;Search&apos;])[1]]
Session ID: df75d6aa569dfb486a65c5d0003552fd
	at com.olp.p_card.OLP_R2_OLX_T315RestPCardDisable.TC01_navigateToPersonalCard(OLP_R2_OLX_T315RestPCardDisable.java:157)
	at java.base/java.util.ArrayList.forEach(ArrayList.java:1511)
... Removed 27 stack frames</pre></div><a href='#' onClick='toggleBox("stack-trace673583665", this, "Click to show all stack frames", "Click to hide stack frames")'>Click to show all stack frames</a>
<div class='stack-trace' id='stack-trace673583665'><pre>java.lang.AssertionError: Test failed: element click intercepted: Element &lt;div class=&quot;sc-grREDI cIycHa&quot;&gt;...&lt;/div&gt; is not clickable at point (793, 199). Other element would receive the click: &lt;div mode=&quot;1&quot; class=&quot;sc-kgUAyh dbieUv&quot;&gt;...&lt;/div&gt;
  (Session info: chrome=117.0.5938.150)
Build info: version: &apos;4.6.0&apos;, revision: &apos;79f1c02ae20&apos;
System info: os.name: &apos;Windows 11&apos;, os.arch: &apos;amd64&apos;, os.version: &apos;10.0&apos;, java.version: &apos;17.0.7&apos;
Driver info: org.openqa.selenium.chrome.ChromeDriver
Command: [df75d6aa569dfb486a65c5d0003552fd, clickElement {id=F460228F6517057BE4F6115F91F308BB_element_43}]
Capabilities {acceptInsecureCerts: true, browserName: chrome, browserVersion: 117.0.5938.150, chrome: {chromedriverVersion: 117.0.5938.149 (e3344ddefa1..., userDataDir: C:\Users\iamas\AppData\Loca...}, fedcm:accounts: true, goog:chromeOptions: {debuggerAddress: localhost:54102}, networkConnectionEnabled: false, pageLoadStrategy: normal, platformName: WINDOWS, proxy: Proxy(), se:cdp: ws://localhost:54102/devtoo..., se:cdpVersion: 117.0.5938.150, setWindowRect: true, strictFileInteractability: false, timeouts: {implicit: 0, pageLoad: 300000, script: 30000}, unhandledPromptBehavior: dismiss and notify, webauthn:extension:credBlob: true, webauthn:extension:largeBlob: true, webauthn:extension:minPinLength: true, webauthn:extension:prf: true, webauthn:virtualAuthenticators: true}
Element: [[ChromeDriver: chrome on WINDOWS (df75d6aa569dfb486a65c5d0003552fd)] -&gt; xpath: (//div[text()=&apos;Search&apos;])[1]]
Session ID: df75d6aa569dfb486a65c5d0003552fd
	at com.olp.p_card.OLP_R2_OLX_T315RestPCardDisable.TC01_navigateToPersonalCard(OLP_R2_OLX_T315RestPCardDisable.java:157)
	at java.base/jdk.internal.reflect.NativeMethodAccessorImpl.invoke0(Native Method)
	at java.base/jdk.internal.reflect.NativeMethodAccessorImpl.invoke(NativeMethodAccessorImpl.java:77)
	at java.base/jdk.internal.reflect.DelegatingMethodAccessorImpl.invoke(DelegatingMethodAccessorImpl.java:43)
	at java.base/java.lang.reflect.Method.invoke(Method.java:568)
	at org.testng.internal.invokers.MethodInvocationHelper.invokeMethod(MethodInvocationHelper.java:139)
	at org.testng.internal.invokers.TestInvoker.invokeMethod(TestInvoker.java:664)
	at org.testng.internal.invokers.TestInvoker.invokeTestMethod(TestInvoker.java:227)
	at org.testng.internal.invokers.MethodRunner.runInSequence(MethodRunner.java:50)
	at org.testng.internal.invokers.TestInvoker$MethodInvocationAgent.invoke(TestInvoker.java:957)
	at org.testng.internal.invokers.TestInvoker.invokeTestMethods(TestInvoker.java:200)
	at org.testng.internal.invokers.TestMethodWorker.invokeTestMethods(TestMethodWorker.java:148)
	at org.testng.internal.invokers.TestMethodWorker.run(TestMethodWorker.java:128)
	at java.base/java.util.ArrayList.forEach(ArrayList.java:1511)
	at org.testng.TestRunner.privateRun(TestRunner.java:848)
	at org.testng.TestRunner.run(TestRunner.java:621)
	at org.testng.SuiteRunner.runTest(SuiteRunner.java:443)
	at org.testng.SuiteRunner.runSequentially(SuiteRunner.java:437)
	at org.testng.SuiteRunner.privateRun(SuiteRunner.java:397)
	at org.testng.SuiteRunner.run(SuiteRunner.java:336)
	at org.testng.SuiteRunnerWorker.runSuite(SuiteRunnerWorker.java:52)
	at org.testng.SuiteRunnerWorker.run(SuiteRunnerWorker.java:95)
	at org.testng.TestNG.runSuitesSequentially(TestNG.java:1280)
	at org.testng.TestNG.runSuitesLocally(TestNG.java:1200)
	at org.testng.TestNG.runSuites(TestNG.java:1114)
	at org.testng.TestNG.run(TestNG.java:1082)
	at org.testng.remote.AbstractRemoteTestNG.run(AbstractRemoteTestNG.java:115)
	at org.testng.remote.RemoteTestNG.initAndRun(RemoteTestNG.java:251)
	at org.testng.remote.RemoteTestNG.main(RemoteTestNG.java:77)
</pre></div></td>
<td>1</td>
<td>com.olp.p_card.OLP_R2_OLX_T315RestPCardDisable@53142455</td></tr>
<tr>
<td title='com.olp.p_card.OLP_R2_OLX_T311RestPCardDisable.TC01_navigateToPersonalCard()'><b>TC01_navigateToPersonalCard</b><br>Test class: com.olp.p_card.OLP_R2_OLX_T311RestPCardDisable<br>Parameters: Rudra 1269</td>
<td><div><pre>java.lang.AssertionError: Test failed: element click intercepted: Element &lt;div class=&quot;sc-grREDI cIycHa&quot;&gt;...&lt;/div&gt; is not clickable at point (793, 199). Other element would receive the click: &lt;div mode=&quot;1&quot; class=&quot;sc-kgUAyh dbieUv&quot;&gt;...&lt;/div&gt;
  (Session info: chrome=117.0.5938.150)
Build info: version: &apos;4.6.0&apos;, revision: &apos;79f1c02ae20&apos;
System info: os.name: &apos;Windows 11&apos;, os.arch: &apos;amd64&apos;, os.version: &apos;10.0&apos;, java.version: &apos;17.0.7&apos;
Driver info: org.openqa.selenium.chrome.ChromeDriver
Command: [0e4b305a7643196774488ba6106d9dc2, clickElement {id=B58D69B26CBD247AA172D66FDECB5F99_element_44}]
Capabilities {acceptInsecureCerts: true, browserName: chrome, browserVersion: 117.0.5938.150, chrome: {chromedriverVersion: 117.0.5938.149 (e3344ddefa1..., userDataDir: C:\Users\iamas\AppData\Loca...}, fedcm:accounts: true, goog:chromeOptions: {debuggerAddress: localhost:54006}, networkConnectionEnabled: false, pageLoadStrategy: normal, platformName: WINDOWS, proxy: Proxy(), se:cdp: ws://localhost:54006/devtoo..., se:cdpVersion: 117.0.5938.150, setWindowRect: true, strictFileInteractability: false, timeouts: {implicit: 0, pageLoad: 300000, script: 30000}, unhandledPromptBehavior: dismiss and notify, webauthn:extension:credBlob: true, webauthn:extension:largeBlob: true, webauthn:extension:minPinLength: true, webauthn:extension:prf: true, webauthn:virtualAuthenticators: true}
Element: [[ChromeDriver: chrome on WINDOWS (0e4b305a7643196774488ba6106d9dc2)] -&gt; xpath: (//div[text()=&apos;Search&apos;])[1]]
Session ID: 0e4b305a7643196774488ba6106d9dc2
	at com.olp.p_card.OLP_R2_OLX_T311RestPCardDisable.TC01_navigateToPersonalCard(OLP_R2_OLX_T311RestPCardDisable.java:157)
	at java.base/java.util.ArrayList.forEach(ArrayList.java:1511)
... Removed 27 stack frames</pre></div><a href='#' onClick='toggleBox("stack-trace279730708", this, "Click to show all stack frames", "Click to hide stack frames")'>Click to show all stack frames</a>
<div class='stack-trace' id='stack-trace279730708'><pre>java.lang.AssertionError: Test failed: element click intercepted: Element &lt;div class=&quot;sc-grREDI cIycHa&quot;&gt;...&lt;/div&gt; is not clickable at point (793, 199). Other element would receive the click: &lt;div mode=&quot;1&quot; class=&quot;sc-kgUAyh dbieUv&quot;&gt;...&lt;/div&gt;
  (Session info: chrome=117.0.5938.150)
Build info: version: &apos;4.6.0&apos;, revision: &apos;79f1c02ae20&apos;
System info: os.name: &apos;Windows 11&apos;, os.arch: &apos;amd64&apos;, os.version: &apos;10.0&apos;, java.version: &apos;17.0.7&apos;
Driver info: org.openqa.selenium.chrome.ChromeDriver
Command: [0e4b305a7643196774488ba6106d9dc2, clickElement {id=B58D69B26CBD247AA172D66FDECB5F99_element_44}]
Capabilities {acceptInsecureCerts: true, browserName: chrome, browserVersion: 117.0.5938.150, chrome: {chromedriverVersion: 117.0.5938.149 (e3344ddefa1..., userDataDir: C:\Users\iamas\AppData\Loca...}, fedcm:accounts: true, goog:chromeOptions: {debuggerAddress: localhost:54006}, networkConnectionEnabled: false, pageLoadStrategy: normal, platformName: WINDOWS, proxy: Proxy(), se:cdp: ws://localhost:54006/devtoo..., se:cdpVersion: 117.0.5938.150, setWindowRect: true, strictFileInteractability: false, timeouts: {implicit: 0, pageLoad: 300000, script: 30000}, unhandledPromptBehavior: dismiss and notify, webauthn:extension:credBlob: true, webauthn:extension:largeBlob: true, webauthn:extension:minPinLength: true, webauthn:extension:prf: true, webauthn:virtualAuthenticators: true}
Element: [[ChromeDriver: chrome on WINDOWS (0e4b305a7643196774488ba6106d9dc2)] -&gt; xpath: (//div[text()=&apos;Search&apos;])[1]]
Session ID: 0e4b305a7643196774488ba6106d9dc2
	at com.olp.p_card.OLP_R2_OLX_T311RestPCardDisable.TC01_navigateToPersonalCard(OLP_R2_OLX_T311RestPCardDisable.java:157)
	at java.base/jdk.internal.reflect.NativeMethodAccessorImpl.invoke0(Native Method)
	at java.base/jdk.internal.reflect.NativeMethodAccessorImpl.invoke(NativeMethodAccessorImpl.java:77)
	at java.base/jdk.internal.reflect.DelegatingMethodAccessorImpl.invoke(DelegatingMethodAccessorImpl.java:43)
	at java.base/java.lang.reflect.Method.invoke(Method.java:568)
	at org.testng.internal.invokers.MethodInvocationHelper.invokeMethod(MethodInvocationHelper.java:139)
	at org.testng.internal.invokers.TestInvoker.invokeMethod(TestInvoker.java:664)
	at org.testng.internal.invokers.TestInvoker.invokeTestMethod(TestInvoker.java:227)
	at org.testng.internal.invokers.MethodRunner.runInSequence(MethodRunner.java:50)
	at org.testng.internal.invokers.TestInvoker$MethodInvocationAgent.invoke(TestInvoker.java:957)
	at org.testng.internal.invokers.TestInvoker.invokeTestMethods(TestInvoker.java:200)
	at org.testng.internal.invokers.TestMethodWorker.invokeTestMethods(TestMethodWorker.java:148)
	at org.testng.internal.invokers.TestMethodWorker.run(TestMethodWorker.java:128)
	at java.base/java.util.ArrayList.forEach(ArrayList.java:1511)
	at org.testng.TestRunner.privateRun(TestRunner.java:848)
	at org.testng.TestRunner.run(TestRunner.java:621)
	at org.testng.SuiteRunner.runTest(SuiteRunner.java:443)
	at org.testng.SuiteRunner.runSequentially(SuiteRunner.java:437)
	at org.testng.SuiteRunner.privateRun(SuiteRunner.java:397)
	at org.testng.SuiteRunner.run(SuiteRunner.java:336)
	at org.testng.SuiteRunnerWorker.runSuite(SuiteRunnerWorker.java:52)
	at org.testng.SuiteRunnerWorker.run(SuiteRunnerWorker.java:95)
	at org.testng.TestNG.runSuitesSequentially(TestNG.java:1280)
	at org.testng.TestNG.runSuitesLocally(TestNG.java:1200)
	at org.testng.TestNG.runSuites(TestNG.java:1114)
	at org.testng.TestNG.run(TestNG.java:1082)
	at org.testng.remote.AbstractRemoteTestNG.run(AbstractRemoteTestNG.java:115)
	at org.testng.remote.RemoteTestNG.initAndRun(RemoteTestNG.java:251)
	at org.testng.remote.RemoteTestNG.main(RemoteTestNG.java:77)
</pre></div></td>
<td>1</td>
<td>com.olp.p_card.OLP_R2_OLX_T311RestPCardDisable@784c3487</td></tr>
<tr>
<td title='com.olp.p_card.OLP_R2_OLX_T315RestPCardDisable.TC02_ValidateLockUnlockAccountNotPresent()'><b>TC02_ValidateLockUnlockAccountNotPresent</b><br>Test class: com.olp.p_card.OLP_R2_OLX_T315RestPCardDisable</td>
<td><div><pre>java.lang.AssertionError: Test failed: no such element: Unable to locate element: {&quot;method&quot;:&quot;xpath&quot;,&quot;selector&quot;:&quot;//p[@data-test=&apos;ProfilePersonalUserId&apos;]&quot;}
  (Session info: chrome=117.0.5938.150)
For documentation on this error, please visit: https://selenium.dev/exceptions/#no_such_element
Build info: version: &apos;4.6.0&apos;, revision: &apos;79f1c02ae20&apos;
System info: os.name: &apos;Windows 11&apos;, os.arch: &apos;amd64&apos;, os.version: &apos;10.0&apos;, java.version: &apos;17.0.7&apos;
Driver info: org.openqa.selenium.chrome.ChromeDriver
Command: [df75d6aa569dfb486a65c5d0003552fd, findElement {using=xpath, value=//p[@data-test=&apos;ProfilePersonalUserId&apos;]}]
Capabilities {acceptInsecureCerts: true, browserName: chrome, browserVersion: 117.0.5938.150, chrome: {chromedriverVersion: 117.0.5938.149 (e3344ddefa1..., userDataDir: C:\Users\iamas\AppData\Loca...}, fedcm:accounts: true, goog:chromeOptions: {debuggerAddress: localhost:54102}, networkConnectionEnabled: false, pageLoadStrategy: normal, platformName: WINDOWS, proxy: Proxy(), se:cdp: ws://localhost:54102/devtoo..., se:cdpVersion: 117.0.5938.150, setWindowRect: true, strictFileInteractability: false, timeouts: {implicit: 0, pageLoad: 300000, script: 30000}, unhandledPromptBehavior: dismiss and notify, webauthn:extension:credBlob: true, webauthn:extension:largeBlob: true, webauthn:extension:minPinLength: true, webauthn:extension:prf: true, webauthn:virtualAuthenticators: true}
Session ID: df75d6aa569dfb486a65c5d0003552fd
	at com.olp.p_card.OLP_R2_OLX_T315RestPCardDisable.TC02_ValidateLockUnlockAccountNotPresent(OLP_R2_OLX_T315RestPCardDisable.java:174)
	at java.base/java.util.ArrayList.forEach(ArrayList.java:1511)
... Removed 27 stack frames</pre></div><a href='#' onClick='toggleBox("stack-trace409029113", this, "Click to show all stack frames", "Click to hide stack frames")'>Click to show all stack frames</a>
<div class='stack-trace' id='stack-trace409029113'><pre>java.lang.AssertionError: Test failed: no such element: Unable to locate element: {&quot;method&quot;:&quot;xpath&quot;,&quot;selector&quot;:&quot;//p[@data-test=&apos;ProfilePersonalUserId&apos;]&quot;}
  (Session info: chrome=117.0.5938.150)
For documentation on this error, please visit: https://selenium.dev/exceptions/#no_such_element
Build info: version: &apos;4.6.0&apos;, revision: &apos;79f1c02ae20&apos;
System info: os.name: &apos;Windows 11&apos;, os.arch: &apos;amd64&apos;, os.version: &apos;10.0&apos;, java.version: &apos;17.0.7&apos;
Driver info: org.openqa.selenium.chrome.ChromeDriver
Command: [df75d6aa569dfb486a65c5d0003552fd, findElement {using=xpath, value=//p[@data-test=&apos;ProfilePersonalUserId&apos;]}]
Capabilities {acceptInsecureCerts: true, browserName: chrome, browserVersion: 117.0.5938.150, chrome: {chromedriverVersion: 117.0.5938.149 (e3344ddefa1..., userDataDir: C:\Users\iamas\AppData\Loca...}, fedcm:accounts: true, goog:chromeOptions: {debuggerAddress: localhost:54102}, networkConnectionEnabled: false, pageLoadStrategy: normal, platformName: WINDOWS, proxy: Proxy(), se:cdp: ws://localhost:54102/devtoo..., se:cdpVersion: 117.0.5938.150, setWindowRect: true, strictFileInteractability: false, timeouts: {implicit: 0, pageLoad: 300000, script: 30000}, unhandledPromptBehavior: dismiss and notify, webauthn:extension:credBlob: true, webauthn:extension:largeBlob: true, webauthn:extension:minPinLength: true, webauthn:extension:prf: true, webauthn:virtualAuthenticators: true}
Session ID: df75d6aa569dfb486a65c5d0003552fd
	at com.olp.p_card.OLP_R2_OLX_T315RestPCardDisable.TC02_ValidateLockUnlockAccountNotPresent(OLP_R2_OLX_T315RestPCardDisable.java:174)
	at java.base/jdk.internal.reflect.NativeMethodAccessorImpl.invoke0(Native Method)
	at java.base/jdk.internal.reflect.NativeMethodAccessorImpl.invoke(NativeMethodAccessorImpl.java:77)
	at java.base/jdk.internal.reflect.DelegatingMethodAccessorImpl.invoke(DelegatingMethodAccessorImpl.java:43)
	at java.base/java.lang.reflect.Method.invoke(Method.java:568)
	at org.testng.internal.invokers.MethodInvocationHelper.invokeMethod(MethodInvocationHelper.java:139)
	at org.testng.internal.invokers.TestInvoker.invokeMethod(TestInvoker.java:664)
	at org.testng.internal.invokers.TestInvoker.invokeTestMethod(TestInvoker.java:227)
	at org.testng.internal.invokers.MethodRunner.runInSequence(MethodRunner.java:50)
	at org.testng.internal.invokers.TestInvoker$MethodInvocationAgent.invoke(TestInvoker.java:957)
	at org.testng.internal.invokers.TestInvoker.invokeTestMethods(TestInvoker.java:200)
	at org.testng.internal.invokers.TestMethodWorker.invokeTestMethods(TestMethodWorker.java:148)
	at org.testng.internal.invokers.TestMethodWorker.run(TestMethodWorker.java:128)
	at java.base/java.util.ArrayList.forEach(ArrayList.java:1511)
	at org.testng.TestRunner.privateRun(TestRunner.java:848)
	at org.testng.TestRunner.run(TestRunner.java:621)
	at org.testng.SuiteRunner.runTest(SuiteRunner.java:443)
	at org.testng.SuiteRunner.runSequentially(SuiteRunner.java:437)
	at org.testng.SuiteRunner.privateRun(SuiteRunner.java:397)
	at org.testng.SuiteRunner.run(SuiteRunner.java:336)
	at org.testng.SuiteRunnerWorker.runSuite(SuiteRunnerWorker.java:52)
	at org.testng.SuiteRunnerWorker.run(SuiteRunnerWorker.java:95)
	at org.testng.TestNG.runSuitesSequentially(TestNG.java:1280)
	at org.testng.TestNG.runSuitesLocally(TestNG.java:1200)
	at org.testng.TestNG.runSuites(TestNG.java:1114)
	at org.testng.TestNG.run(TestNG.java:1082)
	at org.testng.remote.AbstractRemoteTestNG.run(AbstractRemoteTestNG.java:115)
	at org.testng.remote.RemoteTestNG.initAndRun(RemoteTestNG.java:251)
	at org.testng.remote.RemoteTestNG.main(RemoteTestNG.java:77)
</pre></div></td>
<td>60</td>
<td>com.olp.p_card.OLP_R2_OLX_T315RestPCardDisable@53142455</td></tr>
<tr>
<td title='com.olp.p_card.OLP_R2_OLX_T129RestPCardDisable.TC01_navigateToPersonalCard()'><b>TC01_navigateToPersonalCard</b><br>Test class: com.olp.p_card.OLP_R2_OLX_T129RestPCardDisable<br>Parameters: Rudra 1269</td>
<td><div><pre>java.lang.AssertionError: Test failed: element click intercepted: Element &lt;div class=&quot;sc-grREDI cIycHa&quot;&gt;...&lt;/div&gt; is not clickable at point (793, 199). Other element would receive the click: &lt;div mode=&quot;1&quot; class=&quot;sc-kgUAyh dbieUv&quot;&gt;...&lt;/div&gt;
  (Session info: chrome=117.0.5938.150)
Build info: version: &apos;4.6.0&apos;, revision: &apos;79f1c02ae20&apos;
System info: os.name: &apos;Windows 11&apos;, os.arch: &apos;amd64&apos;, os.version: &apos;10.0&apos;, java.version: &apos;17.0.7&apos;
Driver info: org.openqa.selenium.chrome.ChromeDriver
Command: [63c5486d10c8c2c12db393a67f1a9d5d, clickElement {id=9E8633BDA421D50BA1281461587E15D6_element_43}]
Capabilities {acceptInsecureCerts: true, browserName: chrome, browserVersion: 117.0.5938.150, chrome: {chromedriverVersion: 117.0.5938.149 (e3344ddefa1..., userDataDir: C:\Users\iamas\AppData\Loca...}, fedcm:accounts: true, goog:chromeOptions: {debuggerAddress: localhost:52242}, networkConnectionEnabled: false, pageLoadStrategy: normal, platformName: WINDOWS, proxy: Proxy(), se:cdp: ws://localhost:52242/devtoo..., se:cdpVersion: 117.0.5938.150, setWindowRect: true, strictFileInteractability: false, timeouts: {implicit: 0, pageLoad: 300000, script: 30000}, unhandledPromptBehavior: dismiss and notify, webauthn:extension:credBlob: true, webauthn:extension:largeBlob: true, webauthn:extension:minPinLength: true, webauthn:extension:prf: true, webauthn:virtualAuthenticators: true}
Element: [[ChromeDriver: chrome on WINDOWS (63c5486d10c8c2c12db393a67f1a9d5d)] -&gt; xpath: (//div[text()=&apos;Search&apos;])[1]]
Session ID: 63c5486d10c8c2c12db393a67f1a9d5d
	at com.olp.p_card.OLP_R2_OLX_T129RestPCardDisable.TC01_navigateToPersonalCard(OLP_R2_OLX_T129RestPCardDisable.java:157)
	at java.base/java.util.ArrayList.forEach(ArrayList.java:1511)
... Removed 27 stack frames</pre></div><a href='#' onClick='toggleBox("stack-trace1919352942", this, "Click to show all stack frames", "Click to hide stack frames")'>Click to show all stack frames</a>
<div class='stack-trace' id='stack-trace1919352942'><pre>java.lang.AssertionError: Test failed: element click intercepted: Element &lt;div class=&quot;sc-grREDI cIycHa&quot;&gt;...&lt;/div&gt; is not clickable at point (793, 199). Other element would receive the click: &lt;div mode=&quot;1&quot; class=&quot;sc-kgUAyh dbieUv&quot;&gt;...&lt;/div&gt;
  (Session info: chrome=117.0.5938.150)
Build info: version: &apos;4.6.0&apos;, revision: &apos;79f1c02ae20&apos;
System info: os.name: &apos;Windows 11&apos;, os.arch: &apos;amd64&apos;, os.version: &apos;10.0&apos;, java.version: &apos;17.0.7&apos;
Driver info: org.openqa.selenium.chrome.ChromeDriver
Command: [63c5486d10c8c2c12db393a67f1a9d5d, clickElement {id=9E8633BDA421D50BA1281461587E15D6_element_43}]
Capabilities {acceptInsecureCerts: true, browserName: chrome, browserVersion: 117.0.5938.150, chrome: {chromedriverVersion: 117.0.5938.149 (e3344ddefa1..., userDataDir: C:\Users\iamas\AppData\Loca...}, fedcm:accounts: true, goog:chromeOptions: {debuggerAddress: localhost:52242}, networkConnectionEnabled: false, pageLoadStrategy: normal, platformName: WINDOWS, proxy: Proxy(), se:cdp: ws://localhost:52242/devtoo..., se:cdpVersion: 117.0.5938.150, setWindowRect: true, strictFileInteractability: false, timeouts: {implicit: 0, pageLoad: 300000, script: 30000}, unhandledPromptBehavior: dismiss and notify, webauthn:extension:credBlob: true, webauthn:extension:largeBlob: true, webauthn:extension:minPinLength: true, webauthn:extension:prf: true, webauthn:virtualAuthenticators: true}
Element: [[ChromeDriver: chrome on WINDOWS (63c5486d10c8c2c12db393a67f1a9d5d)] -&gt; xpath: (//div[text()=&apos;Search&apos;])[1]]
Session ID: 63c5486d10c8c2c12db393a67f1a9d5d
	at com.olp.p_card.OLP_R2_OLX_T129RestPCardDisable.TC01_navigateToPersonalCard(OLP_R2_OLX_T129RestPCardDisable.java:157)
	at java.base/jdk.internal.reflect.NativeMethodAccessorImpl.invoke0(Native Method)
	at java.base/jdk.internal.reflect.NativeMethodAccessorImpl.invoke(NativeMethodAccessorImpl.java:77)
	at java.base/jdk.internal.reflect.DelegatingMethodAccessorImpl.invoke(DelegatingMethodAccessorImpl.java:43)
	at java.base/java.lang.reflect.Method.invoke(Method.java:568)
	at org.testng.internal.invokers.MethodInvocationHelper.invokeMethod(MethodInvocationHelper.java:139)
	at org.testng.internal.invokers.TestInvoker.invokeMethod(TestInvoker.java:664)
	at org.testng.internal.invokers.TestInvoker.invokeTestMethod(TestInvoker.java:227)
	at org.testng.internal.invokers.MethodRunner.runInSequence(MethodRunner.java:50)
	at org.testng.internal.invokers.TestInvoker$MethodInvocationAgent.invoke(TestInvoker.java:957)
	at org.testng.internal.invokers.TestInvoker.invokeTestMethods(TestInvoker.java:200)
	at org.testng.internal.invokers.TestMethodWorker.invokeTestMethods(TestMethodWorker.java:148)
	at org.testng.internal.invokers.TestMethodWorker.run(TestMethodWorker.java:128)
	at java.base/java.util.ArrayList.forEach(ArrayList.java:1511)
	at org.testng.TestRunner.privateRun(TestRunner.java:848)
	at org.testng.TestRunner.run(TestRunner.java:621)
	at org.testng.SuiteRunner.runTest(SuiteRunner.java:443)
	at org.testng.SuiteRunner.runSequentially(SuiteRunner.java:437)
	at org.testng.SuiteRunner.privateRun(SuiteRunner.java:397)
	at org.testng.SuiteRunner.run(SuiteRunner.java:336)
	at org.testng.SuiteRunnerWorker.runSuite(SuiteRunnerWorker.java:52)
	at org.testng.SuiteRunnerWorker.run(SuiteRunnerWorker.java:95)
	at org.testng.TestNG.runSuitesSequentially(TestNG.java:1280)
	at org.testng.TestNG.runSuitesLocally(TestNG.java:1200)
	at org.testng.TestNG.runSuites(TestNG.java:1114)
	at org.testng.TestNG.run(TestNG.java:1082)
	at org.testng.remote.AbstractRemoteTestNG.run(AbstractRemoteTestNG.java:115)
	at org.testng.remote.RemoteTestNG.initAndRun(RemoteTestNG.java:251)
	at org.testng.remote.RemoteTestNG.main(RemoteTestNG.java:77)
</pre></div></td>
<td>1</td>
<td>com.olp.p_card.OLP_R2_OLX_T129RestPCardDisable@53f0a4cb</td></tr>
<tr>
<td title='com.olp.p_card.OLP_R2_OLX_T311RestPCardDisable.TC02_ValidateResetPasswordNotPresent()'><b>TC02_ValidateResetPasswordNotPresent</b><br>Test class: com.olp.p_card.OLP_R2_OLX_T311RestPCardDisable</td>
<td><div><pre>java.lang.AssertionError: Test failed: no such element: Unable to locate element: {&quot;method&quot;:&quot;xpath&quot;,&quot;selector&quot;:&quot;//p[@data-test=&apos;ProfilePersonalUserId&apos;]&quot;}
  (Session info: chrome=117.0.5938.150)
For documentation on this error, please visit: https://selenium.dev/exceptions/#no_such_element
Build info: version: &apos;4.6.0&apos;, revision: &apos;79f1c02ae20&apos;
System info: os.name: &apos;Windows 11&apos;, os.arch: &apos;amd64&apos;, os.version: &apos;10.0&apos;, java.version: &apos;17.0.7&apos;
Driver info: org.openqa.selenium.chrome.ChromeDriver
Command: [0e4b305a7643196774488ba6106d9dc2, findElement {using=xpath, value=//p[@data-test=&apos;ProfilePersonalUserId&apos;]}]
Capabilities {acceptInsecureCerts: true, browserName: chrome, browserVersion: 117.0.5938.150, chrome: {chromedriverVersion: 117.0.5938.149 (e3344ddefa1..., userDataDir: C:\Users\iamas\AppData\Loca...}, fedcm:accounts: true, goog:chromeOptions: {debuggerAddress: localhost:54006}, networkConnectionEnabled: false, pageLoadStrategy: normal, platformName: WINDOWS, proxy: Proxy(), se:cdp: ws://localhost:54006/devtoo..., se:cdpVersion: 117.0.5938.150, setWindowRect: true, strictFileInteractability: false, timeouts: {implicit: 0, pageLoad: 300000, script: 30000}, unhandledPromptBehavior: dismiss and notify, webauthn:extension:credBlob: true, webauthn:extension:largeBlob: true, webauthn:extension:minPinLength: true, webauthn:extension:prf: true, webauthn:virtualAuthenticators: true}
Session ID: 0e4b305a7643196774488ba6106d9dc2
	at com.olp.p_card.OLP_R2_OLX_T311RestPCardDisable.TC02_ValidateResetPasswordNotPresent(OLP_R2_OLX_T311RestPCardDisable.java:174)
	at java.base/java.util.ArrayList.forEach(ArrayList.java:1511)
... Removed 27 stack frames</pre></div><a href='#' onClick='toggleBox("stack-trace1599646737", this, "Click to show all stack frames", "Click to hide stack frames")'>Click to show all stack frames</a>
<div class='stack-trace' id='stack-trace1599646737'><pre>java.lang.AssertionError: Test failed: no such element: Unable to locate element: {&quot;method&quot;:&quot;xpath&quot;,&quot;selector&quot;:&quot;//p[@data-test=&apos;ProfilePersonalUserId&apos;]&quot;}
  (Session info: chrome=117.0.5938.150)
For documentation on this error, please visit: https://selenium.dev/exceptions/#no_such_element
Build info: version: &apos;4.6.0&apos;, revision: &apos;79f1c02ae20&apos;
System info: os.name: &apos;Windows 11&apos;, os.arch: &apos;amd64&apos;, os.version: &apos;10.0&apos;, java.version: &apos;17.0.7&apos;
Driver info: org.openqa.selenium.chrome.ChromeDriver
Command: [0e4b305a7643196774488ba6106d9dc2, findElement {using=xpath, value=//p[@data-test=&apos;ProfilePersonalUserId&apos;]}]
Capabilities {acceptInsecureCerts: true, browserName: chrome, browserVersion: 117.0.5938.150, chrome: {chromedriverVersion: 117.0.5938.149 (e3344ddefa1..., userDataDir: C:\Users\iamas\AppData\Loca...}, fedcm:accounts: true, goog:chromeOptions: {debuggerAddress: localhost:54006}, networkConnectionEnabled: false, pageLoadStrategy: normal, platformName: WINDOWS, proxy: Proxy(), se:cdp: ws://localhost:54006/devtoo..., se:cdpVersion: 117.0.5938.150, setWindowRect: true, strictFileInteractability: false, timeouts: {implicit: 0, pageLoad: 300000, script: 30000}, unhandledPromptBehavior: dismiss and notify, webauthn:extension:credBlob: true, webauthn:extension:largeBlob: true, webauthn:extension:minPinLength: true, webauthn:extension:prf: true, webauthn:virtualAuthenticators: true}
Session ID: 0e4b305a7643196774488ba6106d9dc2
	at com.olp.p_card.OLP_R2_OLX_T311RestPCardDisable.TC02_ValidateResetPasswordNotPresent(OLP_R2_OLX_T311RestPCardDisable.java:174)
	at java.base/jdk.internal.reflect.NativeMethodAccessorImpl.invoke0(Native Method)
	at java.base/jdk.internal.reflect.NativeMethodAccessorImpl.invoke(NativeMethodAccessorImpl.java:77)
	at java.base/jdk.internal.reflect.DelegatingMethodAccessorImpl.invoke(DelegatingMethodAccessorImpl.java:43)
	at java.base/java.lang.reflect.Method.invoke(Method.java:568)
	at org.testng.internal.invokers.MethodInvocationHelper.invokeMethod(MethodInvocationHelper.java:139)
	at org.testng.internal.invokers.TestInvoker.invokeMethod(TestInvoker.java:664)
	at org.testng.internal.invokers.TestInvoker.invokeTestMethod(TestInvoker.java:227)
	at org.testng.internal.invokers.MethodRunner.runInSequence(MethodRunner.java:50)
	at org.testng.internal.invokers.TestInvoker$MethodInvocationAgent.invoke(TestInvoker.java:957)
	at org.testng.internal.invokers.TestInvoker.invokeTestMethods(TestInvoker.java:200)
	at org.testng.internal.invokers.TestMethodWorker.invokeTestMethods(TestMethodWorker.java:148)
	at org.testng.internal.invokers.TestMethodWorker.run(TestMethodWorker.java:128)
	at java.base/java.util.ArrayList.forEach(ArrayList.java:1511)
	at org.testng.TestRunner.privateRun(TestRunner.java:848)
	at org.testng.TestRunner.run(TestRunner.java:621)
	at org.testng.SuiteRunner.runTest(SuiteRunner.java:443)
	at org.testng.SuiteRunner.runSequentially(SuiteRunner.java:437)
	at org.testng.SuiteRunner.privateRun(SuiteRunner.java:397)
	at org.testng.SuiteRunner.run(SuiteRunner.java:336)
	at org.testng.SuiteRunnerWorker.runSuite(SuiteRunnerWorker.java:52)
	at org.testng.SuiteRunnerWorker.run(SuiteRunnerWorker.java:95)
	at org.testng.TestNG.runSuitesSequentially(TestNG.java:1280)
	at org.testng.TestNG.runSuitesLocally(TestNG.java:1200)
	at org.testng.TestNG.runSuites(TestNG.java:1114)
	at org.testng.TestNG.run(TestNG.java:1082)
	at org.testng.remote.AbstractRemoteTestNG.run(AbstractRemoteTestNG.java:115)
	at org.testng.remote.RemoteTestNG.initAndRun(RemoteTestNG.java:251)
	at org.testng.remote.RemoteTestNG.main(RemoteTestNG.java:77)
</pre></div></td>
<td>60</td>
<td>com.olp.p_card.OLP_R2_OLX_T311RestPCardDisable@784c3487</td></tr>
</table><p>
<table width='100%' border='1' class='invocation-passed'>
<tr><td colspan='4' align='center'><b>PASSED TESTS</b></td></tr>
<tr><td><b>Test method</b></td>
<td><b>Attribute(s)</b></td>
<td width="30%"><b>Exception</b></td>
<td width="10%"><b>Time (seconds)</b></td>
<td><b>Instance</b></td>
</tr>
<tr>
<td title='com.olp.p_card.OLP_R2_OLX_T102PCardDisable.TC02_ValidatePersonalCardFields()'><b>TC02_ValidatePersonalCardFields</b><br>Test class: com.olp.p_card.OLP_R2_OLX_T102PCardDisable</td>
<td></td>
<td>0</td>
<td>com.olp.p_card.OLP_R2_OLX_T102PCardDisable@a43ce46</td></tr>
<tr>
<td title='com.olp.p_card.OLP_R2_OLX_T119RestPCardDisable.TC02_ValidateAge_Label()'><b>TC02_ValidateAge_Label</b><br>Test class: com.olp.p_card.OLP_R2_OLX_T119RestPCardDisable</td>
<td></td>
<td>0</td>
<td>com.olp.p_card.OLP_R2_OLX_T119RestPCardDisable@2320fa6f</td></tr>
<tr>
<td title='com.olp.p_card.OLP_R2_OLX_T173RestPCardDisable.TC01_navigateToPersonalCard()'><b>TC01_navigateToPersonalCard</b><br>Test class: com.olp.p_card.OLP_R2_OLX_T173RestPCardDisable<br>Parameters: Rudra 1269</td>
<td></td>
<td>4</td>
<td>com.olp.p_card.OLP_R2_OLX_T173RestPCardDisable@fcb4004</td></tr>
<tr>
<td title='com.olp.p_card.OLP_R2_OLX_T145RestPCardDisable.TC01_navigateToPersonalCard()'><b>TC01_navigateToPersonalCard</b><br>Test class: com.olp.p_card.OLP_R2_OLX_T145RestPCardDisable<br>Parameters: Rudra 1269</td>
<td></td>
<td>5</td>
<td>com.olp.p_card.OLP_R2_OLX_T145RestPCardDisable@7e7b159b</td></tr>
<tr>
<td title='com.olp.p_card.OLP_R2_OLX_T167RestPCardDisable.TC02_ValidateRank_Label()'><b>TC02_ValidateRank_Label</b><br>Test class: com.olp.p_card.OLP_R2_OLX_T167RestPCardDisable</td>
<td></td>
<td>0</td>
<td>com.olp.p_card.OLP_R2_OLX_T167RestPCardDisable@293a5f75</td></tr>
<tr>
<td title='com.olp.p_card.OLP_R2_OLX_T163RestPCardDisable.TC01_navigateToPersonalCard()'><b>TC01_navigateToPersonalCard</b><br>Test class: com.olp.p_card.OLP_R2_OLX_T163RestPCardDisable<br>Parameters: Rudra 1269</td>
<td></td>
<td>5</td>
<td>com.olp.p_card.OLP_R2_OLX_T163RestPCardDisable@60957c0f</td></tr>
<tr>
<td title='com.olp.p_card.OLP_R2_OLX_T108RestPCardDisable.TC02_ValidateExternalIDLabel()'><b>TC02_ValidateExternalIDLabel</b><br>Test class: com.olp.p_card.OLP_R2_OLX_T108RestPCardDisable</td>
<td></td>
<td>0</td>
<td>com.olp.p_card.OLP_R2_OLX_T108RestPCardDisable@340da44c</td></tr>
<tr>
<td title='com.olp.p_card.OLP_R2_OLX_T121RestPCardDisable.TC01_navigateToPersonalCard()'><b>TC01_navigateToPersonalCard</b><br>Test class: com.olp.p_card.OLP_R2_OLX_T121RestPCardDisable<br>Parameters: @@@@</td>
<td></td>
<td>4</td>
<td>com.olp.p_card.OLP_R2_OLX_T121RestPCardDisable@7a560583</td></tr>
<tr>
<td title='com.olp.p_card.OLP_R2_OLX_T173RestPCardDisable.TC02_ValidateInstallationType()'><b>TC02_ValidateInstallationType</b><br>Test class: com.olp.p_card.OLP_R2_OLX_T173RestPCardDisable</td>
<td></td>
<td>0</td>
<td>com.olp.p_card.OLP_R2_OLX_T173RestPCardDisable@fcb4004</td></tr>
<tr>
<td title='com.olp.p_card.OLP_R2_OLX_T139RestPCardDisable.TC01_navigateToPersonalCard()'><b>TC01_navigateToPersonalCard</b><br>Test class: com.olp.p_card.OLP_R2_OLX_T139RestPCardDisable<br>Parameters: Rudra 1269</td>
<td></td>
<td>5</td>
<td>com.olp.p_card.OLP_R2_OLX_T139RestPCardDisable@616fe72b</td></tr>
<tr>
<td title='com.olp.p_card.OLP_R2_OLX_T141RestPCardDisable.TC02_ValidateLastEmpTimeInComp()'><b>TC02_ValidateLastEmpTimeInComp</b><br>Test class: com.olp.p_card.OLP_R2_OLX_T141RestPCardDisable</td>
<td></td>
<td>0</td>
<td>com.olp.p_card.OLP_R2_OLX_T141RestPCardDisable@37efd131</td></tr>
<tr>
<td title='com.olp.p_card.OLP_R2_OLX_T108RestPCardDisable.TC01_navigateToPersonalCard()'><b>TC01_navigateToPersonalCard</b><br>Test class: com.olp.p_card.OLP_R2_OLX_T108RestPCardDisable<br>Parameters: Rudra 1269</td>
<td></td>
<td>4</td>
<td>com.olp.p_card.OLP_R2_OLX_T108RestPCardDisable@340da44c</td></tr>
<tr>
<td title='com.olp.p_card.OLP_R2_OLX_T9RestPCardDisable.TC01_navigateToPersonalCard()'><b>TC01_navigateToPersonalCard</b><br>Test class: com.olp.p_card.OLP_R2_OLX_T9RestPCardDisable<br>Parameters: jjh</td>
<td></td>
<td>4</td>
<td>com.olp.p_card.OLP_R2_OLX_T9RestPCardDisable@44040454</td></tr>
<tr>
<td title='com.olp.p_card.OLP_R2_OLX_T102PCardDisable.TC01_navigateToPersonalCard()'><b>TC01_navigateToPersonalCard</b><br>Test class: com.olp.p_card.OLP_R2_OLX_T102PCardDisable<br>Parameters: Rudra 1269</td>
<td></td>
<td>5</td>
<td>com.olp.p_card.OLP_R2_OLX_T102PCardDisable@a43ce46</td></tr>
<tr>
<td title='com.olp.p_card.OLP_R2_OLX_T113RestPCardDisable.TC02_ValidateFirstAndSurName_Label()'><b>TC02_ValidateFirstAndSurName_Label</b><br>Test class: com.olp.p_card.OLP_R2_OLX_T113RestPCardDisable</td>
<td></td>
<td>0</td>
<td>com.olp.p_card.OLP_R2_OLX_T113RestPCardDisable@424ebba3</td></tr>
<tr>
<td title='com.olp.p_card.OLP_R2_OLX_T9RestPCardDisable.TC02_ValidatePersonalCardFields()'><b>TC02_ValidatePersonalCardFields</b><br>Test class: com.olp.p_card.OLP_R2_OLX_T9RestPCardDisable</td>
<td></td>
<td>0</td>
<td>com.olp.p_card.OLP_R2_OLX_T9RestPCardDisable@44040454</td></tr>
<tr>
<td title='com.olp.p_card.OLP_R2_OLX_T119RestPCardDisable.TC01_navigateToPersonalCard()'><b>TC01_navigateToPersonalCard</b><br>Test class: com.olp.p_card.OLP_R2_OLX_T119RestPCardDisable<br>Parameters: rudra 1111</td>
<td></td>
<td>5</td>
<td>com.olp.p_card.OLP_R2_OLX_T119RestPCardDisable@2320fa6f</td></tr>
<tr>
<td title='com.olp.p_card.OLP_R2_OLX_T135RestPCardDisable.TC01_navigateToPersonalCard()'><b>TC01_navigateToPersonalCard</b><br>Test class: com.olp.p_card.OLP_R2_OLX_T135RestPCardDisable<br>Parameters: patest</td>
<td></td>
<td>4</td>
<td>com.olp.p_card.OLP_R2_OLX_T135RestPCardDisable@3d97a632</td></tr>
<tr>
<td title='com.olp.p_card.OLP_R2_OLX_T158RestPCardDisable.TC02_ValidateAutoScheduleStart()'><b>TC02_ValidateAutoScheduleStart</b><br>Test class: com.olp.p_card.OLP_R2_OLX_T158RestPCardDisable</td>
<td></td>
<td>0</td>
<td>com.olp.p_card.OLP_R2_OLX_T158RestPCardDisable@7e5d9a50</td></tr>
<tr>
<td title='com.olp.p_card.OLP_R2_OLX_T293RestPCardDisable.TC02_ValidateEMailAddress()'><b>TC02_ValidateEMailAddress</b><br>Test class: com.olp.p_card.OLP_R2_OLX_T293RestPCardDisable</td>
<td></td>
<td>0</td>
<td>com.olp.p_card.OLP_R2_OLX_T293RestPCardDisable@2dd29a59</td></tr>
<tr>
<td title='com.olp.p_card.OLP_R2_OLX_T121RestPCardDisable.TC02_ValidateGender_Label()'><b>TC02_ValidateGender_Label</b><br>Test class: com.olp.p_card.OLP_R2_OLX_T121RestPCardDisable</td>
<td></td>
<td>0</td>
<td>com.olp.p_card.OLP_R2_OLX_T121RestPCardDisable@7a560583</td></tr>
<tr>
<td title='com.olp.p_card.OLP_R2_OLX_T177RestPCardDisable.TC01_navigateToPersonalCard()'><b>TC01_navigateToPersonalCard</b><br>Test class: com.olp.p_card.OLP_R2_OLX_T177RestPCardDisable<br>Parameters: Rudra 1269</td>
<td></td>
<td>5</td>
<td>com.olp.p_card.OLP_R2_OLX_T177RestPCardDisable@1dd6d4b7</td></tr>
<tr>
<td title='com.olp.p_card.OLP_R2_OLX_T177RestPCardDisable.TC02_ValidateInstallation()'><b>TC02_ValidateInstallation</b><br>Test class: com.olp.p_card.OLP_R2_OLX_T177RestPCardDisable</td>
<td></td>
<td>0</td>
<td>com.olp.p_card.OLP_R2_OLX_T177RestPCardDisable@1dd6d4b7</td></tr>
<tr>
<td title='com.olp.p_card.OLP_R2_OLX_T125RestPCardDisable.TC01_navigateToPersonalCard()'><b>TC01_navigateToPersonalCard</b><br>Test class: com.olp.p_card.OLP_R2_OLX_T125RestPCardDisable<br>Parameters: 100099</td>
<td></td>
<td>7</td>
<td>com.olp.p_card.OLP_R2_OLX_T125RestPCardDisable@4d722ac9</td></tr>
<tr>
<td title='com.olp.p_card.OLP_R2_OLX_T181RestPCardDisable.TC01_navigateToPersonalCard()'><b>TC01_navigateToPersonalCard</b><br>Test class: com.olp.p_card.OLP_R2_OLX_T181RestPCardDisable<br>Parameters: Rudra 1269</td>
<td></td>
<td>6</td>
<td>com.olp.p_card.OLP_R2_OLX_T181RestPCardDisable@56e8b606</td></tr>
<tr>
<td title='com.olp.p_card.OLP_R2_OLX_T135RestPCardDisable.TC02_ValidateDocumentNumber_Label()'><b>TC02_ValidateDocumentNumber_Label</b><br>Test class: com.olp.p_card.OLP_R2_OLX_T135RestPCardDisable</td>
<td></td>
<td>0</td>
<td>com.olp.p_card.OLP_R2_OLX_T135RestPCardDisable@3d97a632</td></tr>
<tr>
<td title='com.olp.p_card.OLP_R2_OLX_T113RestPCardDisable.TC01_navigateToPersonalCard()'><b>TC01_navigateToPersonalCard</b><br>Test class: com.olp.p_card.OLP_R2_OLX_T113RestPCardDisable<br>Parameters: Tester2</td>
<td></td>
<td>4</td>
<td>com.olp.p_card.OLP_R2_OLX_T113RestPCardDisable@424ebba3</td></tr>
<tr>
<td title='com.olp.p_card.OLP_R2_OLX_T141RestPCardDisable.TC01_navigateToPersonalCard()'><b>TC01_navigateToPersonalCard</b><br>Test class: com.olp.p_card.OLP_R2_OLX_T141RestPCardDisable<br>Parameters: Rudra 1269</td>
<td></td>
<td>4</td>
<td>com.olp.p_card.OLP_R2_OLX_T141RestPCardDisable@37efd131</td></tr>
<tr>
<td title='com.olp.p_card.OLP_R2_OLX_T158RestPCardDisable.TC01_navigateToPersonalCard()'><b>TC01_navigateToPersonalCard</b><br>Test class: com.olp.p_card.OLP_R2_OLX_T158RestPCardDisable<br>Parameters: Rudra 1269</td>
<td></td>
<td>4</td>
<td>com.olp.p_card.OLP_R2_OLX_T158RestPCardDisable@7e5d9a50</td></tr>
<tr>
<td title='com.olp.p_card.OLP_R2_OLX_T167RestPCardDisable.TC01_navigateToPersonalCard()'><b>TC01_navigateToPersonalCard</b><br>Test class: com.olp.p_card.OLP_R2_OLX_T167RestPCardDisable<br>Parameters: patest</td>
<td></td>
<td>5</td>
<td>com.olp.p_card.OLP_R2_OLX_T167RestPCardDisable@293a5f75</td></tr>
<tr>
<td title='com.olp.p_card.OLP_R2_OLX_T145RestPCardDisable.TC02_ValidateAssessorStatus()'><b>TC02_ValidateAssessorStatus</b><br>Test class: com.olp.p_card.OLP_R2_OLX_T145RestPCardDisable</td>
<td></td>
<td>0</td>
<td>com.olp.p_card.OLP_R2_OLX_T145RestPCardDisable@7e7b159b</td></tr>
<tr>
<td title='com.olp.p_card.OLP_R2_OLX_T133RestPCardDisable.TC01_navigateToPersonalCard()'><b>TC01_navigateToPersonalCard</b><br>Test class: com.olp.p_card.OLP_R2_OLX_T133RestPCardDisable<br>Parameters: Rudra 1269</td>
<td></td>
<td>5</td>
<td>com.olp.p_card.OLP_R2_OLX_T133RestPCardDisable@77a7cf58</td></tr>
<tr>
<td title='com.olp.p_card.OLP_R2_OLX_T426RestPCardDisable.TC02_ValidateStatusLabel()'><b>TC02_ValidateStatusLabel</b><br>Test class: com.olp.p_card.OLP_R2_OLX_T426RestPCardDisable</td>
<td></td>
<td>0</td>
<td>com.olp.p_card.OLP_R2_OLX_T426RestPCardDisable@40dff0b7</td></tr>
<tr>
<td title='com.olp.p_card.OLP_R2_OLX_T293RestPCardDisable.TC01_navigateToPersonalCard()'><b>TC01_navigateToPersonalCard</b><br>Test class: com.olp.p_card.OLP_R2_OLX_T293RestPCardDisable<br>Parameters: Rudra 1269</td>
<td></td>
<td>4</td>
<td>com.olp.p_card.OLP_R2_OLX_T293RestPCardDisable@2dd29a59</td></tr>
<tr>
<td title='com.olp.p_card.OLP_R2_OLX_T117RestPCardDisable.TC02_ValidateDOB_Label()'><b>TC02_ValidateDOB_Label</b><br>Test class: com.olp.p_card.OLP_R2_OLX_T117RestPCardDisable</td>
<td></td>
<td>0</td>
<td>com.olp.p_card.OLP_R2_OLX_T117RestPCardDisable@37052337</td></tr>
<tr>
<td title='com.olp.p_card.OLP_R2_OLX_T139RestPCardDisable.TC02_ValidateAddedUpdatedRecordDates_Labels()'><b>TC02_ValidateAddedUpdatedRecordDates_Labels</b><br>Test class: com.olp.p_card.OLP_R2_OLX_T139RestPCardDisable</td>
<td></td>
<td>0</td>
<td>com.olp.p_card.OLP_R2_OLX_T139RestPCardDisable@616fe72b</td></tr>
<tr>
<td title='com.olp.p_card.OLP_R2_OLX_T163RestPCardDisable.TC02_ValidatePersonnelPool()'><b>TC02_ValidatePersonnelPool</b><br>Test class: com.olp.p_card.OLP_R2_OLX_T163RestPCardDisable</td>
<td></td>
<td>0</td>
<td>com.olp.p_card.OLP_R2_OLX_T163RestPCardDisable@60957c0f</td></tr>
<tr>
<td title='com.olp.p_card.OLP_R2_OLX_T125RestPCardDisable.TC02_ValidateNationality_Label()'><b>TC02_ValidateNationality_Label</b><br>Test class: com.olp.p_card.OLP_R2_OLX_T125RestPCardDisable</td>
<td></td>
<td>0</td>
<td>com.olp.p_card.OLP_R2_OLX_T125RestPCardDisable@4d722ac9</td></tr>
<tr>
<td title='com.olp.p_card.OLP_R2_OLX_T426RestPCardDisable.TC01_navigateToPersonalCard()'><b>TC01_navigateToPersonalCard</b><br>Test class: com.olp.p_card.OLP_R2_OLX_T426RestPCardDisable<br>Parameters: Rudra 1269</td>
<td></td>
<td>5</td>
<td>com.olp.p_card.OLP_R2_OLX_T426RestPCardDisable@40dff0b7</td></tr>
<tr>
<td title='com.olp.p_card.OLP_R2_OLX_T133RestPCardDisable.TC02_ValidateLastEmpTimeInComp()'><b>TC02_ValidateLastEmpTimeInComp</b><br>Test class: com.olp.p_card.OLP_R2_OLX_T133RestPCardDisable</td>
<td></td>
<td>0</td>
<td>com.olp.p_card.OLP_R2_OLX_T133RestPCardDisable@77a7cf58</td></tr>
<tr>
<td title='com.olp.p_card.OLP_R2_OLX_T181RestPCardDisable.TC02_ValidateDefaultInstallation()'><b>TC02_ValidateDefaultInstallation</b><br>Test class: com.olp.p_card.OLP_R2_OLX_T181RestPCardDisable</td>
<td></td>
<td>0</td>
<td>com.olp.p_card.OLP_R2_OLX_T181RestPCardDisable@56e8b606</td></tr>
<tr>
<td title='com.olp.p_card.OLP_R2_OLX_T117RestPCardDisable.TC01_navigateToPersonalCard()'><b>TC01_navigateToPersonalCard</b><br>Test class: com.olp.p_card.OLP_R2_OLX_T117RestPCardDisable<br>Parameters: patest</td>
<td></td>
<td>4</td>
<td>com.olp.p_card.OLP_R2_OLX_T117RestPCardDisable@37052337</td></tr>
</table><p>
</body>
</html>