<?xml version="1.0" encoding="UTF-8"?>
<!-- Generated by org.testng.reporters.JUnitXMLReporter -->
<testsuite ignored="0" hostname="DESKTOP-268PN8R" failures="18" tests="42" name="PC_Security Access To Others PC Edit Disable" time="1243.385" errors="0" timestamp="2023-10-10T23:44:18 IST">
  <testcase classname="com.olp.p_card.OLP_R2_OLX_T107PCardEditDisable" name="TC01_navigateToPersonalCard" time="5.944"/>
  <testcase classname="com.olp.p_card.OLP_R2_OLX_T107PCardEditDisable" name="TC02_ValidateExternalIDLabel" time="0.713"/>
  <testcase classname="com.olp.p_card.OLP_R2_OLX_T112PCardEditDisable" name="TC01_navigateToPersonalCard" time="8.624"/>
  <testcase classname="com.olp.p_card.OLP_R2_OLX_T112PCardEditDisable" name="TC02_ValidateFirstAndSurName_Disabled" time="0.451"/>
  <testcase classname="com.olp.p_card.OLP_R2_OLX_T116PCardEditDisable" name="TC01_navigateToPersonalCard" time="10.786"/>
  <testcase classname="com.olp.p_card.OLP_R2_OLX_T116PCardEditDisable" name="TC02_ValidateDOBDisable" time="0.701"/>
  <testcase classname="com.olp.p_card.OLP_R2_OLX_T118PCardEditDisable" name="TC01_navigateToPersonalCard" time="9.39"/>
  <testcase classname="com.olp.p_card.OLP_R2_OLX_T118PCardEditDisable" name="TC02_ValidateAgeNotEditable" time="0.754"/>
  <testcase classname="com.olp.p_card.OLP_R2_OLX_T120PCardEditDisable" name="TC01_navigateToPersonalCard" time="8.668"/>
  <testcase classname="com.olp.p_card.OLP_R2_OLX_T120PCardEditDisable" name="TC02_ValidateGenderNotEditable" time="0.801"/>
  <testcase classname="com.olp.p_card.OLP_R2_OLX_T124PCardEditDisable" name="TC01_navigateToPersonalCard" time="8.297"/>
  <testcase classname="com.olp.p_card.OLP_R2_OLX_T124PCardEditDisable" name="TC02_ValidateNationalityNotEditable" time="0.555"/>
  <testcase classname="com.olp.p_card.OLP_R2_OLX_T128PCardEditDisable" name="TC01_navigateToPersonalCard" time="11.011"/>
  <testcase classname="com.olp.p_card.OLP_R2_OLX_T128PCardEditDisable" name="TC02_ValidatePlaceOfBirthDisabled" time="0.746"/>
  <testcase classname="com.olp.p_card.OLP_R2_OLX_T132PCardEditDisable" name="TC01_navigateToPersonalCard" time="1.814">
    <failure type="java.lang.AssertionError" message="Test failed: element click intercepted: Element &amp;lt;div class=&amp;quot;sc-grREDI cIycHa&amp;quot;&amp;gt;...&amp;lt;/div&amp;gt; is not clickable at point (793, 199). Other element would receive the click: &amp;lt;div mode=&amp;quot;1&amp;quot; class=&amp;quot;sc-kgUAyh dbieUv&amp;quot;&amp;gt;...&amp;lt;/div&amp;gt;
  (Session info: chrome=117.0.5938.150)
Build info: version: &amp;apos;4.6.0&amp;apos;, revision: &amp;apos;79f1c02ae20&amp;apos;
System info: os.name: &amp;apos;Windows 11&amp;apos;, os.arch: &amp;apos;amd64&amp;apos;, os.version: &amp;apos;10.0&amp;apos;, java.version: &amp;apos;17.0.7&amp;apos;
Driver info: org.openqa.selenium.chrome.ChromeDriver
Command: [a8ada73e7807c4d3126eb8f1c153283f, clickElement {id=D87CCD6004647E38FDA3107896A92654_element_37}]
Capabilities {acceptInsecureCerts: true, browserName: chrome, browserVersion: 117.0.5938.150, chrome: {chromedriverVersion: 117.0.5938.149 (e3344ddefa1..., userDataDir: C:\Users\iamas\AppData\Loca...}, fedcm:accounts: true, goog:chromeOptions: {debuggerAddress: localhost:63457}, networkConnectionEnabled: false, pageLoadStrategy: normal, platformName: WINDOWS, proxy: Proxy(), se:cdp: ws://localhost:63457/devtoo..., se:cdpVersion: 117.0.5938.150, setWindowRect: true, strictFileInteractability: false, timeouts: {implicit: 0, pageLoad: 300000, script: 30000}, unhandledPromptBehavior: dismiss and notify, webauthn:extension:credBlob: true, webauthn:extension:largeBlob: true, webauthn:extension:minPinLength: true, webauthn:extension:prf: true, webauthn:virtualAuthenticators: true}
Element: [[ChromeDriver: chrome on WINDOWS (a8ada73e7807c4d3126eb8f1c153283f)] -&amp;gt; xpath: (//div[text()=&amp;apos;Search&amp;apos;])[1]]
Session ID: a8ada73e7807c4d3126eb8f1c153283f">
      <![CDATA[java.lang.AssertionError: Test failed: element click intercepted: Element <div class="sc-grREDI cIycHa">...</div> is not clickable at point (793, 199). Other element would receive the click: <div mode="1" class="sc-kgUAyh dbieUv">...</div>
  (Session info: chrome=117.0.5938.150)
Build info: version: '4.6.0', revision: '79f1c02ae20'
System info: os.name: 'Windows 11', os.arch: 'amd64', os.version: '10.0', java.version: '17.0.7'
Driver info: org.openqa.selenium.chrome.ChromeDriver
Command: [a8ada73e7807c4d3126eb8f1c153283f, clickElement {id=D87CCD6004647E38FDA3107896A92654_element_37}]
Capabilities {acceptInsecureCerts: true, browserName: chrome, browserVersion: 117.0.5938.150, chrome: {chromedriverVersion: 117.0.5938.149 (e3344ddefa1..., userDataDir: C:\Users\iamas\AppData\Loca...}, fedcm:accounts: true, goog:chromeOptions: {debuggerAddress: localhost:63457}, networkConnectionEnabled: false, pageLoadStrategy: normal, platformName: WINDOWS, proxy: Proxy(), se:cdp: ws://localhost:63457/devtoo..., se:cdpVersion: 117.0.5938.150, setWindowRect: true, strictFileInteractability: false, timeouts: {implicit: 0, pageLoad: 300000, script: 30000}, unhandledPromptBehavior: dismiss and notify, webauthn:extension:credBlob: true, webauthn:extension:largeBlob: true, webauthn:extension:minPinLength: true, webauthn:extension:prf: true, webauthn:virtualAuthenticators: true}
Element: [[ChromeDriver: chrome on WINDOWS (a8ada73e7807c4d3126eb8f1c153283f)] -> xpath: (//div[text()='Search'])[1]]
Session ID: a8ada73e7807c4d3126eb8f1c153283f
at com.olp.p_card.OLP_R2_OLX_T132PCardEditDisable.TC01_navigateToPersonalCard(OLP_R2_OLX_T132PCardEditDisable.java:158)
at java.base/java.util.ArrayList.forEach(ArrayList.java:1511)
... Removed 27 stack frames]]>
    </failure>
  </testcase> <!-- TC01_navigateToPersonalCard -->
  <testcase classname="com.olp.p_card.OLP_R2_OLX_T132PCardEditDisable" name="TC02_ValidateLastEmpTimeInCompNotEditable" time="60.587">
    <failure type="java.lang.AssertionError" message="Test failed: no such element: Unable to locate element: {&amp;quot;method&amp;quot;:&amp;quot;xpath&amp;quot;,&amp;quot;selector&amp;quot;:&amp;quot;//p[@data-test=&amp;apos;ProfileEmploymentStatusLastEmployed&amp;apos;]&amp;quot;}
  (Session info: chrome=117.0.5938.150)
For documentation on this error, please visit: https://selenium.dev/exceptions/#no_such_element
Build info: version: &amp;apos;4.6.0&amp;apos;, revision: &amp;apos;79f1c02ae20&amp;apos;
System info: os.name: &amp;apos;Windows 11&amp;apos;, os.arch: &amp;apos;amd64&amp;apos;, os.version: &amp;apos;10.0&amp;apos;, java.version: &amp;apos;17.0.7&amp;apos;
Driver info: org.openqa.selenium.chrome.ChromeDriver
Command: [a8ada73e7807c4d3126eb8f1c153283f, findElement {using=xpath, value=//p[@data-test=&amp;apos;ProfileEmploymentStatusLastEmployed&amp;apos;]}]
Capabilities {acceptInsecureCerts: true, browserName: chrome, browserVersion: 117.0.5938.150, chrome: {chromedriverVersion: 117.0.5938.149 (e3344ddefa1..., userDataDir: C:\Users\iamas\AppData\Loca...}, fedcm:accounts: true, goog:chromeOptions: {debuggerAddress: localhost:63457}, networkConnectionEnabled: false, pageLoadStrategy: normal, platformName: WINDOWS, proxy: Proxy(), se:cdp: ws://localhost:63457/devtoo..., se:cdpVersion: 117.0.5938.150, setWindowRect: true, strictFileInteractability: false, timeouts: {implicit: 0, pageLoad: 300000, script: 30000}, unhandledPromptBehavior: dismiss and notify, webauthn:extension:credBlob: true, webauthn:extension:largeBlob: true, webauthn:extension:minPinLength: true, webauthn:extension:prf: true, webauthn:virtualAuthenticators: true}
Session ID: a8ada73e7807c4d3126eb8f1c153283f">
      <![CDATA[java.lang.AssertionError: Test failed: no such element: Unable to locate element: {"method":"xpath","selector":"//p[@data-test='ProfileEmploymentStatusLastEmployed']"}
  (Session info: chrome=117.0.5938.150)
For documentation on this error, please visit: https://selenium.dev/exceptions/#no_such_element
Build info: version: '4.6.0', revision: '79f1c02ae20'
System info: os.name: 'Windows 11', os.arch: 'amd64', os.version: '10.0', java.version: '17.0.7'
Driver info: org.openqa.selenium.chrome.ChromeDriver
Command: [a8ada73e7807c4d3126eb8f1c153283f, findElement {using=xpath, value=//p[@data-test='ProfileEmploymentStatusLastEmployed']}]
Capabilities {acceptInsecureCerts: true, browserName: chrome, browserVersion: 117.0.5938.150, chrome: {chromedriverVersion: 117.0.5938.149 (e3344ddefa1..., userDataDir: C:\Users\iamas\AppData\Loca...}, fedcm:accounts: true, goog:chromeOptions: {debuggerAddress: localhost:63457}, networkConnectionEnabled: false, pageLoadStrategy: normal, platformName: WINDOWS, proxy: Proxy(), se:cdp: ws://localhost:63457/devtoo..., se:cdpVersion: 117.0.5938.150, setWindowRect: true, strictFileInteractability: false, timeouts: {implicit: 0, pageLoad: 300000, script: 30000}, unhandledPromptBehavior: dismiss and notify, webauthn:extension:credBlob: true, webauthn:extension:largeBlob: true, webauthn:extension:minPinLength: true, webauthn:extension:prf: true, webauthn:virtualAuthenticators: true}
Session ID: a8ada73e7807c4d3126eb8f1c153283f
at com.olp.p_card.OLP_R2_OLX_T132PCardEditDisable.TC02_ValidateLastEmpTimeInCompNotEditable(OLP_R2_OLX_T132PCardEditDisable.java:175)
at java.base/java.util.ArrayList.forEach(ArrayList.java:1511)
... Removed 27 stack frames]]>
    </failure>
  </testcase> <!-- TC02_ValidateLastEmpTimeInCompNotEditable -->
  <testcase classname="com.olp.p_card.OLP_R2_OLX_T132PCardEditDisable" name="TC03_ValidateLastEmployedDateAssignments" time="60.576">
    <failure type="java.lang.AssertionError" message="Test failed: no such element: Unable to locate element: {&amp;quot;method&amp;quot;:&amp;quot;xpath&amp;quot;,&amp;quot;selector&amp;quot;:&amp;quot;//p[@data-test=&amp;apos;ProfileEmploymentStatusLastEmployed&amp;apos;]&amp;quot;}
  (Session info: chrome=117.0.5938.150)
For documentation on this error, please visit: https://selenium.dev/exceptions/#no_such_element
Build info: version: &amp;apos;4.6.0&amp;apos;, revision: &amp;apos;79f1c02ae20&amp;apos;
System info: os.name: &amp;apos;Windows 11&amp;apos;, os.arch: &amp;apos;amd64&amp;apos;, os.version: &amp;apos;10.0&amp;apos;, java.version: &amp;apos;17.0.7&amp;apos;
Driver info: org.openqa.selenium.chrome.ChromeDriver
Command: [a8ada73e7807c4d3126eb8f1c153283f, findElement {using=xpath, value=//p[@data-test=&amp;apos;ProfileEmploymentStatusLastEmployed&amp;apos;]}]
Capabilities {acceptInsecureCerts: true, browserName: chrome, browserVersion: 117.0.5938.150, chrome: {chromedriverVersion: 117.0.5938.149 (e3344ddefa1..., userDataDir: C:\Users\iamas\AppData\Loca...}, fedcm:accounts: true, goog:chromeOptions: {debuggerAddress: localhost:63457}, networkConnectionEnabled: false, pageLoadStrategy: normal, platformName: WINDOWS, proxy: Proxy(), se:cdp: ws://localhost:63457/devtoo..., se:cdpVersion: 117.0.5938.150, setWindowRect: true, strictFileInteractability: false, timeouts: {implicit: 0, pageLoad: 300000, script: 30000}, unhandledPromptBehavior: dismiss and notify, webauthn:extension:credBlob: true, webauthn:extension:largeBlob: true, webauthn:extension:minPinLength: true, webauthn:extension:prf: true, webauthn:virtualAuthenticators: true}
Session ID: a8ada73e7807c4d3126eb8f1c153283f">
      <![CDATA[java.lang.AssertionError: Test failed: no such element: Unable to locate element: {"method":"xpath","selector":"//p[@data-test='ProfileEmploymentStatusLastEmployed']"}
  (Session info: chrome=117.0.5938.150)
For documentation on this error, please visit: https://selenium.dev/exceptions/#no_such_element
Build info: version: '4.6.0', revision: '79f1c02ae20'
System info: os.name: 'Windows 11', os.arch: 'amd64', os.version: '10.0', java.version: '17.0.7'
Driver info: org.openqa.selenium.chrome.ChromeDriver
Command: [a8ada73e7807c4d3126eb8f1c153283f, findElement {using=xpath, value=//p[@data-test='ProfileEmploymentStatusLastEmployed']}]
Capabilities {acceptInsecureCerts: true, browserName: chrome, browserVersion: 117.0.5938.150, chrome: {chromedriverVersion: 117.0.5938.149 (e3344ddefa1..., userDataDir: C:\Users\iamas\AppData\Loca...}, fedcm:accounts: true, goog:chromeOptions: {debuggerAddress: localhost:63457}, networkConnectionEnabled: false, pageLoadStrategy: normal, platformName: WINDOWS, proxy: Proxy(), se:cdp: ws://localhost:63457/devtoo..., se:cdpVersion: 117.0.5938.150, setWindowRect: true, strictFileInteractability: false, timeouts: {implicit: 0, pageLoad: 300000, script: 30000}, unhandledPromptBehavior: dismiss and notify, webauthn:extension:credBlob: true, webauthn:extension:largeBlob: true, webauthn:extension:minPinLength: true, webauthn:extension:prf: true, webauthn:virtualAuthenticators: true}
Session ID: a8ada73e7807c4d3126eb8f1c153283f
at com.olp.p_card.OLP_R2_OLX_T132PCardEditDisable.TC03_ValidateLastEmployedDateAssignments(OLP_R2_OLX_T132PCardEditDisable.java:192)
at java.base/java.util.ArrayList.forEach(ArrayList.java:1511)
... Removed 27 stack frames]]>
    </failure>
  </testcase> <!-- TC03_ValidateLastEmployedDateAssignments -->
  <testcase classname="com.olp.p_card.OLP_R2_OLX_T134PCardEditDisable" name="TC01_navigateToPersonalCard" time="2.384">
    <failure type="java.lang.AssertionError" message="Test failed: element click intercepted: Element &amp;lt;div class=&amp;quot;sc-grREDI cIycHa&amp;quot;&amp;gt;...&amp;lt;/div&amp;gt; is not clickable at point (793, 199). Other element would receive the click: &amp;lt;div mode=&amp;quot;1&amp;quot; class=&amp;quot;sc-kgUAyh dbieUv&amp;quot;&amp;gt;...&amp;lt;/div&amp;gt;
  (Session info: chrome=117.0.5938.150)
Build info: version: &amp;apos;4.6.0&amp;apos;, revision: &amp;apos;79f1c02ae20&amp;apos;
System info: os.name: &amp;apos;Windows 11&amp;apos;, os.arch: &amp;apos;amd64&amp;apos;, os.version: &amp;apos;10.0&amp;apos;, java.version: &amp;apos;17.0.7&amp;apos;
Driver info: org.openqa.selenium.chrome.ChromeDriver
Command: [2fa02f855158bee5c1c0147d9a8608d0, clickElement {id=78E996B5990ACFA50BE48B70EBD53311_element_41}]
Capabilities {acceptInsecureCerts: true, browserName: chrome, browserVersion: 117.0.5938.150, chrome: {chromedriverVersion: 117.0.5938.149 (e3344ddefa1..., userDataDir: C:\Users\iamas\AppData\Loca...}, fedcm:accounts: true, goog:chromeOptions: {debuggerAddress: localhost:63538}, networkConnectionEnabled: false, pageLoadStrategy: normal, platformName: WINDOWS, proxy: Proxy(), se:cdp: ws://localhost:63538/devtoo..., se:cdpVersion: 117.0.5938.150, setWindowRect: true, strictFileInteractability: false, timeouts: {implicit: 0, pageLoad: 300000, script: 30000}, unhandledPromptBehavior: dismiss and notify, webauthn:extension:credBlob: true, webauthn:extension:largeBlob: true, webauthn:extension:minPinLength: true, webauthn:extension:prf: true, webauthn:virtualAuthenticators: true}
Element: [[ChromeDriver: chrome on WINDOWS (2fa02f855158bee5c1c0147d9a8608d0)] -&amp;gt; xpath: (//div[text()=&amp;apos;Search&amp;apos;])[1]]
Session ID: 2fa02f855158bee5c1c0147d9a8608d0">
      <![CDATA[java.lang.AssertionError: Test failed: element click intercepted: Element <div class="sc-grREDI cIycHa">...</div> is not clickable at point (793, 199). Other element would receive the click: <div mode="1" class="sc-kgUAyh dbieUv">...</div>
  (Session info: chrome=117.0.5938.150)
Build info: version: '4.6.0', revision: '79f1c02ae20'
System info: os.name: 'Windows 11', os.arch: 'amd64', os.version: '10.0', java.version: '17.0.7'
Driver info: org.openqa.selenium.chrome.ChromeDriver
Command: [2fa02f855158bee5c1c0147d9a8608d0, clickElement {id=78E996B5990ACFA50BE48B70EBD53311_element_41}]
Capabilities {acceptInsecureCerts: true, browserName: chrome, browserVersion: 117.0.5938.150, chrome: {chromedriverVersion: 117.0.5938.149 (e3344ddefa1..., userDataDir: C:\Users\iamas\AppData\Loca...}, fedcm:accounts: true, goog:chromeOptions: {debuggerAddress: localhost:63538}, networkConnectionEnabled: false, pageLoadStrategy: normal, platformName: WINDOWS, proxy: Proxy(), se:cdp: ws://localhost:63538/devtoo..., se:cdpVersion: 117.0.5938.150, setWindowRect: true, strictFileInteractability: false, timeouts: {implicit: 0, pageLoad: 300000, script: 30000}, unhandledPromptBehavior: dismiss and notify, webauthn:extension:credBlob: true, webauthn:extension:largeBlob: true, webauthn:extension:minPinLength: true, webauthn:extension:prf: true, webauthn:virtualAuthenticators: true}
Element: [[ChromeDriver: chrome on WINDOWS (2fa02f855158bee5c1c0147d9a8608d0)] -> xpath: (//div[text()='Search'])[1]]
Session ID: 2fa02f855158bee5c1c0147d9a8608d0
at com.olp.p_card.OLP_R2_OLX_T134PCardEditDisable.TC01_navigateToPersonalCard(OLP_R2_OLX_T134PCardEditDisable.java:158)
at java.base/java.util.ArrayList.forEach(ArrayList.java:1511)
... Removed 27 stack frames]]>
    </failure>
  </testcase> <!-- TC01_navigateToPersonalCard -->
  <testcase classname="com.olp.p_card.OLP_R2_OLX_T134PCardEditDisable" name="TC02_ValidateDocumentNumberDisabled" time="60.657">
    <failure type="java.lang.AssertionError" message="Test failed: no such element: Unable to locate element: {&amp;quot;method&amp;quot;:&amp;quot;xpath&amp;quot;,&amp;quot;selector&amp;quot;:&amp;quot;//p[.=&amp;apos;Document no.&amp;apos;]/../..//input[@disabled]&amp;quot;}
  (Session info: chrome=117.0.5938.150)
For documentation on this error, please visit: https://selenium.dev/exceptions/#no_such_element
Build info: version: &amp;apos;4.6.0&amp;apos;, revision: &amp;apos;79f1c02ae20&amp;apos;
System info: os.name: &amp;apos;Windows 11&amp;apos;, os.arch: &amp;apos;amd64&amp;apos;, os.version: &amp;apos;10.0&amp;apos;, java.version: &amp;apos;17.0.7&amp;apos;
Driver info: org.openqa.selenium.chrome.ChromeDriver
Command: [2fa02f855158bee5c1c0147d9a8608d0, findElement {using=xpath, value=//p[.=&amp;apos;Document no.&amp;apos;]/../..//input[@disabled]}]
Capabilities {acceptInsecureCerts: true, browserName: chrome, browserVersion: 117.0.5938.150, chrome: {chromedriverVersion: 117.0.5938.149 (e3344ddefa1..., userDataDir: C:\Users\iamas\AppData\Loca...}, fedcm:accounts: true, goog:chromeOptions: {debuggerAddress: localhost:63538}, networkConnectionEnabled: false, pageLoadStrategy: normal, platformName: WINDOWS, proxy: Proxy(), se:cdp: ws://localhost:63538/devtoo..., se:cdpVersion: 117.0.5938.150, setWindowRect: true, strictFileInteractability: false, timeouts: {implicit: 0, pageLoad: 300000, script: 30000}, unhandledPromptBehavior: dismiss and notify, webauthn:extension:credBlob: true, webauthn:extension:largeBlob: true, webauthn:extension:minPinLength: true, webauthn:extension:prf: true, webauthn:virtualAuthenticators: true}
Session ID: 2fa02f855158bee5c1c0147d9a8608d0">
      <![CDATA[java.lang.AssertionError: Test failed: no such element: Unable to locate element: {"method":"xpath","selector":"//p[.='Document no.']/../..//input[@disabled]"}
  (Session info: chrome=117.0.5938.150)
For documentation on this error, please visit: https://selenium.dev/exceptions/#no_such_element
Build info: version: '4.6.0', revision: '79f1c02ae20'
System info: os.name: 'Windows 11', os.arch: 'amd64', os.version: '10.0', java.version: '17.0.7'
Driver info: org.openqa.selenium.chrome.ChromeDriver
Command: [2fa02f855158bee5c1c0147d9a8608d0, findElement {using=xpath, value=//p[.='Document no.']/../..//input[@disabled]}]
Capabilities {acceptInsecureCerts: true, browserName: chrome, browserVersion: 117.0.5938.150, chrome: {chromedriverVersion: 117.0.5938.149 (e3344ddefa1..., userDataDir: C:\Users\iamas\AppData\Loca...}, fedcm:accounts: true, goog:chromeOptions: {debuggerAddress: localhost:63538}, networkConnectionEnabled: false, pageLoadStrategy: normal, platformName: WINDOWS, proxy: Proxy(), se:cdp: ws://localhost:63538/devtoo..., se:cdpVersion: 117.0.5938.150, setWindowRect: true, strictFileInteractability: false, timeouts: {implicit: 0, pageLoad: 300000, script: 30000}, unhandledPromptBehavior: dismiss and notify, webauthn:extension:credBlob: true, webauthn:extension:largeBlob: true, webauthn:extension:minPinLength: true, webauthn:extension:prf: true, webauthn:virtualAuthenticators: true}
Session ID: 2fa02f855158bee5c1c0147d9a8608d0
at com.olp.p_card.OLP_R2_OLX_T134PCardEditDisable.TC02_ValidateDocumentNumberDisabled(OLP_R2_OLX_T134PCardEditDisable.java:174)
at java.base/java.util.ArrayList.forEach(ArrayList.java:1511)
... Removed 27 stack frames]]>
    </failure>
  </testcase> <!-- TC02_ValidateDocumentNumberDisabled -->
  <testcase classname="com.olp.p_card.OLP_R2_OLX_T140PCardEditDisable" name="TC01_navigateToPersonalCard" time="1.957">
    <failure type="java.lang.AssertionError" message="Test failed: element click intercepted: Element &amp;lt;div class=&amp;quot;sc-grREDI cIycHa&amp;quot;&amp;gt;...&amp;lt;/div&amp;gt; is not clickable at point (793, 199). Other element would receive the click: &amp;lt;div mode=&amp;quot;1&amp;quot; class=&amp;quot;sc-kgUAyh dbieUv&amp;quot;&amp;gt;...&amp;lt;/div&amp;gt;
  (Session info: chrome=117.0.5938.150)
Build info: version: &amp;apos;4.6.0&amp;apos;, revision: &amp;apos;79f1c02ae20&amp;apos;
System info: os.name: &amp;apos;Windows 11&amp;apos;, os.arch: &amp;apos;amd64&amp;apos;, os.version: &amp;apos;10.0&amp;apos;, java.version: &amp;apos;17.0.7&amp;apos;
Driver info: org.openqa.selenium.chrome.ChromeDriver
Command: [8acfc8ed28bac9d4ab25c6b2bfb8d1a6, clickElement {id=FBEA42B70EA088F0C246A603D1E5DC3D_element_43}]
Capabilities {acceptInsecureCerts: true, browserName: chrome, browserVersion: 117.0.5938.150, chrome: {chromedriverVersion: 117.0.5938.149 (e3344ddefa1..., userDataDir: C:\Users\iamas\AppData\Loca...}, fedcm:accounts: true, goog:chromeOptions: {debuggerAddress: localhost:63594}, networkConnectionEnabled: false, pageLoadStrategy: normal, platformName: WINDOWS, proxy: Proxy(), se:cdp: ws://localhost:63594/devtoo..., se:cdpVersion: 117.0.5938.150, setWindowRect: true, strictFileInteractability: false, timeouts: {implicit: 0, pageLoad: 300000, script: 30000}, unhandledPromptBehavior: dismiss and notify, webauthn:extension:credBlob: true, webauthn:extension:largeBlob: true, webauthn:extension:minPinLength: true, webauthn:extension:prf: true, webauthn:virtualAuthenticators: true}
Element: [[ChromeDriver: chrome on WINDOWS (8acfc8ed28bac9d4ab25c6b2bfb8d1a6)] -&amp;gt; xpath: (//div[text()=&amp;apos;Search&amp;apos;])[1]]
Session ID: 8acfc8ed28bac9d4ab25c6b2bfb8d1a6">
      <![CDATA[java.lang.AssertionError: Test failed: element click intercepted: Element <div class="sc-grREDI cIycHa">...</div> is not clickable at point (793, 199). Other element would receive the click: <div mode="1" class="sc-kgUAyh dbieUv">...</div>
  (Session info: chrome=117.0.5938.150)
Build info: version: '4.6.0', revision: '79f1c02ae20'
System info: os.name: 'Windows 11', os.arch: 'amd64', os.version: '10.0', java.version: '17.0.7'
Driver info: org.openqa.selenium.chrome.ChromeDriver
Command: [8acfc8ed28bac9d4ab25c6b2bfb8d1a6, clickElement {id=FBEA42B70EA088F0C246A603D1E5DC3D_element_43}]
Capabilities {acceptInsecureCerts: true, browserName: chrome, browserVersion: 117.0.5938.150, chrome: {chromedriverVersion: 117.0.5938.149 (e3344ddefa1..., userDataDir: C:\Users\iamas\AppData\Loca...}, fedcm:accounts: true, goog:chromeOptions: {debuggerAddress: localhost:63594}, networkConnectionEnabled: false, pageLoadStrategy: normal, platformName: WINDOWS, proxy: Proxy(), se:cdp: ws://localhost:63594/devtoo..., se:cdpVersion: 117.0.5938.150, setWindowRect: true, strictFileInteractability: false, timeouts: {implicit: 0, pageLoad: 300000, script: 30000}, unhandledPromptBehavior: dismiss and notify, webauthn:extension:credBlob: true, webauthn:extension:largeBlob: true, webauthn:extension:minPinLength: true, webauthn:extension:prf: true, webauthn:virtualAuthenticators: true}
Element: [[ChromeDriver: chrome on WINDOWS (8acfc8ed28bac9d4ab25c6b2bfb8d1a6)] -> xpath: (//div[text()='Search'])[1]]
Session ID: 8acfc8ed28bac9d4ab25c6b2bfb8d1a6
at com.olp.p_card.OLP_R2_OLX_T140PCardEditDisable.TC01_navigateToPersonalCard(OLP_R2_OLX_T140PCardEditDisable.java:157)
at java.base/java.util.ArrayList.forEach(ArrayList.java:1511)
... Removed 27 stack frames]]>
    </failure>
  </testcase> <!-- TC01_navigateToPersonalCard -->
  <testcase classname="com.olp.p_card.OLP_R2_OLX_T140PCardEditDisable" name="TC02_ValidateLastEmpTimeInComp" time="60.64">
    <failure type="java.lang.AssertionError" message="Test failed: no such element: Unable to locate element: {&amp;quot;method&amp;quot;:&amp;quot;xpath&amp;quot;,&amp;quot;selector&amp;quot;:&amp;quot;//div[@data-test=&amp;apos;ProfileEmploymentStatusManagedBySelect&amp;apos;]/div[@disabled]&amp;quot;}
  (Session info: chrome=117.0.5938.150)
For documentation on this error, please visit: https://selenium.dev/exceptions/#no_such_element
Build info: version: &amp;apos;4.6.0&amp;apos;, revision: &amp;apos;79f1c02ae20&amp;apos;
System info: os.name: &amp;apos;Windows 11&amp;apos;, os.arch: &amp;apos;amd64&amp;apos;, os.version: &amp;apos;10.0&amp;apos;, java.version: &amp;apos;17.0.7&amp;apos;
Driver info: org.openqa.selenium.chrome.ChromeDriver
Command: [8acfc8ed28bac9d4ab25c6b2bfb8d1a6, findElement {using=xpath, value=//div[@data-test=&amp;apos;ProfileEmploymentStatusManagedBySelect&amp;apos;]/div[@disabled]}]
Capabilities {acceptInsecureCerts: true, browserName: chrome, browserVersion: 117.0.5938.150, chrome: {chromedriverVersion: 117.0.5938.149 (e3344ddefa1..., userDataDir: C:\Users\iamas\AppData\Loca...}, fedcm:accounts: true, goog:chromeOptions: {debuggerAddress: localhost:63594}, networkConnectionEnabled: false, pageLoadStrategy: normal, platformName: WINDOWS, proxy: Proxy(), se:cdp: ws://localhost:63594/devtoo..., se:cdpVersion: 117.0.5938.150, setWindowRect: true, strictFileInteractability: false, timeouts: {implicit: 0, pageLoad: 300000, script: 30000}, unhandledPromptBehavior: dismiss and notify, webauthn:extension:credBlob: true, webauthn:extension:largeBlob: true, webauthn:extension:minPinLength: true, webauthn:extension:prf: true, webauthn:virtualAuthenticators: true}
Session ID: 8acfc8ed28bac9d4ab25c6b2bfb8d1a6">
      <![CDATA[java.lang.AssertionError: Test failed: no such element: Unable to locate element: {"method":"xpath","selector":"//div[@data-test='ProfileEmploymentStatusManagedBySelect']/div[@disabled]"}
  (Session info: chrome=117.0.5938.150)
For documentation on this error, please visit: https://selenium.dev/exceptions/#no_such_element
Build info: version: '4.6.0', revision: '79f1c02ae20'
System info: os.name: 'Windows 11', os.arch: 'amd64', os.version: '10.0', java.version: '17.0.7'
Driver info: org.openqa.selenium.chrome.ChromeDriver
Command: [8acfc8ed28bac9d4ab25c6b2bfb8d1a6, findElement {using=xpath, value=//div[@data-test='ProfileEmploymentStatusManagedBySelect']/div[@disabled]}]
Capabilities {acceptInsecureCerts: true, browserName: chrome, browserVersion: 117.0.5938.150, chrome: {chromedriverVersion: 117.0.5938.149 (e3344ddefa1..., userDataDir: C:\Users\iamas\AppData\Loca...}, fedcm:accounts: true, goog:chromeOptions: {debuggerAddress: localhost:63594}, networkConnectionEnabled: false, pageLoadStrategy: normal, platformName: WINDOWS, proxy: Proxy(), se:cdp: ws://localhost:63594/devtoo..., se:cdpVersion: 117.0.5938.150, setWindowRect: true, strictFileInteractability: false, timeouts: {implicit: 0, pageLoad: 300000, script: 30000}, unhandledPromptBehavior: dismiss and notify, webauthn:extension:credBlob: true, webauthn:extension:largeBlob: true, webauthn:extension:minPinLength: true, webauthn:extension:prf: true, webauthn:virtualAuthenticators: true}
Session ID: 8acfc8ed28bac9d4ab25c6b2bfb8d1a6
at com.olp.p_card.OLP_R2_OLX_T140PCardEditDisable.TC02_ValidateLastEmpTimeInComp(OLP_R2_OLX_T140PCardEditDisable.java:174)
at java.base/java.util.ArrayList.forEach(ArrayList.java:1511)
... Removed 27 stack frames]]>
    </failure>
  </testcase> <!-- TC02_ValidateLastEmpTimeInComp -->
  <testcase classname="com.olp.p_card.OLP_R2_OLX_T144PCardEditDisable" name="TC01_navigateToPersonalCard" time="11.139"/>
  <testcase classname="com.olp.p_card.OLP_R2_OLX_T144PCardEditDisable" name="TC02_ValidateAssessorStatusDisabled" time="0.699"/>
  <testcase classname="com.olp.p_card.OLP_R2_OLX_T157PCardEditDisable" name="TC01_navigateToPersonalCard" time="1.913">
    <failure type="java.lang.AssertionError" message="Test failed: element click intercepted: Element &amp;lt;div class=&amp;quot;sc-grREDI cIycHa&amp;quot;&amp;gt;...&amp;lt;/div&amp;gt; is not clickable at point (793, 199). Other element would receive the click: &amp;lt;div mode=&amp;quot;1&amp;quot; class=&amp;quot;sc-kgUAyh dbieUv&amp;quot;&amp;gt;...&amp;lt;/div&amp;gt;
  (Session info: chrome=117.0.5938.150)
Build info: version: &amp;apos;4.6.0&amp;apos;, revision: &amp;apos;79f1c02ae20&amp;apos;
System info: os.name: &amp;apos;Windows 11&amp;apos;, os.arch: &amp;apos;amd64&amp;apos;, os.version: &amp;apos;10.0&amp;apos;, java.version: &amp;apos;17.0.7&amp;apos;
Driver info: org.openqa.selenium.chrome.ChromeDriver
Command: [8ffb4a36a1574abf3a0556166c6dc1f5, clickElement {id=D2DBACAC9040AE16679E6B02493B1066_element_37}]
Capabilities {acceptInsecureCerts: true, browserName: chrome, browserVersion: 117.0.5938.150, chrome: {chromedriverVersion: 117.0.5938.149 (e3344ddefa1..., userDataDir: C:\Users\iamas\AppData\Loca...}, fedcm:accounts: true, goog:chromeOptions: {debuggerAddress: localhost:63692}, networkConnectionEnabled: false, pageLoadStrategy: normal, platformName: WINDOWS, proxy: Proxy(), se:cdp: ws://localhost:63692/devtoo..., se:cdpVersion: 117.0.5938.150, setWindowRect: true, strictFileInteractability: false, timeouts: {implicit: 0, pageLoad: 300000, script: 30000}, unhandledPromptBehavior: dismiss and notify, webauthn:extension:credBlob: true, webauthn:extension:largeBlob: true, webauthn:extension:minPinLength: true, webauthn:extension:prf: true, webauthn:virtualAuthenticators: true}
Element: [[ChromeDriver: chrome on WINDOWS (8ffb4a36a1574abf3a0556166c6dc1f5)] -&amp;gt; xpath: (//div[text()=&amp;apos;Search&amp;apos;])[1]]
Session ID: 8ffb4a36a1574abf3a0556166c6dc1f5">
      <![CDATA[java.lang.AssertionError: Test failed: element click intercepted: Element <div class="sc-grREDI cIycHa">...</div> is not clickable at point (793, 199). Other element would receive the click: <div mode="1" class="sc-kgUAyh dbieUv">...</div>
  (Session info: chrome=117.0.5938.150)
Build info: version: '4.6.0', revision: '79f1c02ae20'
System info: os.name: 'Windows 11', os.arch: 'amd64', os.version: '10.0', java.version: '17.0.7'
Driver info: org.openqa.selenium.chrome.ChromeDriver
Command: [8ffb4a36a1574abf3a0556166c6dc1f5, clickElement {id=D2DBACAC9040AE16679E6B02493B1066_element_37}]
Capabilities {acceptInsecureCerts: true, browserName: chrome, browserVersion: 117.0.5938.150, chrome: {chromedriverVersion: 117.0.5938.149 (e3344ddefa1..., userDataDir: C:\Users\iamas\AppData\Loca...}, fedcm:accounts: true, goog:chromeOptions: {debuggerAddress: localhost:63692}, networkConnectionEnabled: false, pageLoadStrategy: normal, platformName: WINDOWS, proxy: Proxy(), se:cdp: ws://localhost:63692/devtoo..., se:cdpVersion: 117.0.5938.150, setWindowRect: true, strictFileInteractability: false, timeouts: {implicit: 0, pageLoad: 300000, script: 30000}, unhandledPromptBehavior: dismiss and notify, webauthn:extension:credBlob: true, webauthn:extension:largeBlob: true, webauthn:extension:minPinLength: true, webauthn:extension:prf: true, webauthn:virtualAuthenticators: true}
Element: [[ChromeDriver: chrome on WINDOWS (8ffb4a36a1574abf3a0556166c6dc1f5)] -> xpath: (//div[text()='Search'])[1]]
Session ID: 8ffb4a36a1574abf3a0556166c6dc1f5
at com.olp.p_card.OLP_R2_OLX_T157PCardEditDisable.TC01_navigateToPersonalCard(OLP_R2_OLX_T157PCardEditDisable.java:157)
at java.base/java.util.ArrayList.forEach(ArrayList.java:1511)
... Removed 27 stack frames]]>
    </failure>
  </testcase> <!-- TC01_navigateToPersonalCard -->
  <testcase classname="com.olp.p_card.OLP_R2_OLX_T157PCardEditDisable" name="TC02_ValidateAutomaticScheduleStartDisabled" time="60.518">
    <failure type="java.lang.AssertionError" message="Test failed: no such element: Unable to locate element: {&amp;quot;method&amp;quot;:&amp;quot;xpath&amp;quot;,&amp;quot;selector&amp;quot;:&amp;quot;//p[.=&amp;apos;Automatic schedule start&amp;apos;]/../div[@disabled]&amp;quot;}
  (Session info: chrome=117.0.5938.150)
For documentation on this error, please visit: https://selenium.dev/exceptions/#no_such_element
Build info: version: &amp;apos;4.6.0&amp;apos;, revision: &amp;apos;79f1c02ae20&amp;apos;
System info: os.name: &amp;apos;Windows 11&amp;apos;, os.arch: &amp;apos;amd64&amp;apos;, os.version: &amp;apos;10.0&amp;apos;, java.version: &amp;apos;17.0.7&amp;apos;
Driver info: org.openqa.selenium.chrome.ChromeDriver
Command: [8ffb4a36a1574abf3a0556166c6dc1f5, findElement {using=xpath, value=//p[.=&amp;apos;Automatic schedule start&amp;apos;]/../div[@disabled]}]
Capabilities {acceptInsecureCerts: true, browserName: chrome, browserVersion: 117.0.5938.150, chrome: {chromedriverVersion: 117.0.5938.149 (e3344ddefa1..., userDataDir: C:\Users\iamas\AppData\Loca...}, fedcm:accounts: true, goog:chromeOptions: {debuggerAddress: localhost:63692}, networkConnectionEnabled: false, pageLoadStrategy: normal, platformName: WINDOWS, proxy: Proxy(), se:cdp: ws://localhost:63692/devtoo..., se:cdpVersion: 117.0.5938.150, setWindowRect: true, strictFileInteractability: false, timeouts: {implicit: 0, pageLoad: 300000, script: 30000}, unhandledPromptBehavior: dismiss and notify, webauthn:extension:credBlob: true, webauthn:extension:largeBlob: true, webauthn:extension:minPinLength: true, webauthn:extension:prf: true, webauthn:virtualAuthenticators: true}
Session ID: 8ffb4a36a1574abf3a0556166c6dc1f5">
      <![CDATA[java.lang.AssertionError: Test failed: no such element: Unable to locate element: {"method":"xpath","selector":"//p[.='Automatic schedule start']/../div[@disabled]"}
  (Session info: chrome=117.0.5938.150)
For documentation on this error, please visit: https://selenium.dev/exceptions/#no_such_element
Build info: version: '4.6.0', revision: '79f1c02ae20'
System info: os.name: 'Windows 11', os.arch: 'amd64', os.version: '10.0', java.version: '17.0.7'
Driver info: org.openqa.selenium.chrome.ChromeDriver
Command: [8ffb4a36a1574abf3a0556166c6dc1f5, findElement {using=xpath, value=//p[.='Automatic schedule start']/../div[@disabled]}]
Capabilities {acceptInsecureCerts: true, browserName: chrome, browserVersion: 117.0.5938.150, chrome: {chromedriverVersion: 117.0.5938.149 (e3344ddefa1..., userDataDir: C:\Users\iamas\AppData\Loca...}, fedcm:accounts: true, goog:chromeOptions: {debuggerAddress: localhost:63692}, networkConnectionEnabled: false, pageLoadStrategy: normal, platformName: WINDOWS, proxy: Proxy(), se:cdp: ws://localhost:63692/devtoo..., se:cdpVersion: 117.0.5938.150, setWindowRect: true, strictFileInteractability: false, timeouts: {implicit: 0, pageLoad: 300000, script: 30000}, unhandledPromptBehavior: dismiss and notify, webauthn:extension:credBlob: true, webauthn:extension:largeBlob: true, webauthn:extension:minPinLength: true, webauthn:extension:prf: true, webauthn:virtualAuthenticators: true}
Session ID: 8ffb4a36a1574abf3a0556166c6dc1f5
at com.olp.p_card.OLP_R2_OLX_T157PCardEditDisable.TC02_ValidateAutomaticScheduleStartDisabled(OLP_R2_OLX_T157PCardEditDisable.java:174)
at java.base/java.util.ArrayList.forEach(ArrayList.java:1511)
... Removed 27 stack frames]]>
    </failure>
  </testcase> <!-- TC02_ValidateAutomaticScheduleStartDisabled -->
  <testcase classname="com.olp.p_card.OLP_R2_OLX_T162PCardEditDisable" name="TC01_navigateToPersonalCard" time="9.743"/>
  <testcase classname="com.olp.p_card.OLP_R2_OLX_T162PCardEditDisable" name="TC02_ValidatePersonnelPoolDisabled" time="0.523"/>
  <testcase classname="com.olp.p_card.OLP_R2_OLX_T166PCardEditDisable" name="TC01_navigateToPersonalCard" time="2.305">
    <failure type="java.lang.AssertionError" message="Test failed: element click intercepted: Element &amp;lt;div class=&amp;quot;sc-grREDI cIycHa&amp;quot;&amp;gt;...&amp;lt;/div&amp;gt; is not clickable at point (793, 199). Other element would receive the click: &amp;lt;div mode=&amp;quot;1&amp;quot; class=&amp;quot;sc-kgUAyh dbieUv&amp;quot;&amp;gt;...&amp;lt;/div&amp;gt;
  (Session info: chrome=117.0.5938.150)
Build info: version: &amp;apos;4.6.0&amp;apos;, revision: &amp;apos;79f1c02ae20&amp;apos;
System info: os.name: &amp;apos;Windows 11&amp;apos;, os.arch: &amp;apos;amd64&amp;apos;, os.version: &amp;apos;10.0&amp;apos;, java.version: &amp;apos;17.0.7&amp;apos;
Driver info: org.openqa.selenium.chrome.ChromeDriver
Command: [4fd0a0c4da68f092217d23a4cde88f8a, clickElement {id=8F77146C488E14B72A37016BF9180D9B_element_37}]
Capabilities {acceptInsecureCerts: true, browserName: chrome, browserVersion: 117.0.5938.150, chrome: {chromedriverVersion: 117.0.5938.149 (e3344ddefa1..., userDataDir: C:\Users\iamas\AppData\Loca...}, fedcm:accounts: true, goog:chromeOptions: {debuggerAddress: localhost:63769}, networkConnectionEnabled: false, pageLoadStrategy: normal, platformName: WINDOWS, proxy: Proxy(), se:cdp: ws://localhost:63769/devtoo..., se:cdpVersion: 117.0.5938.150, setWindowRect: true, strictFileInteractability: false, timeouts: {implicit: 0, pageLoad: 300000, script: 30000}, unhandledPromptBehavior: dismiss and notify, webauthn:extension:credBlob: true, webauthn:extension:largeBlob: true, webauthn:extension:minPinLength: true, webauthn:extension:prf: true, webauthn:virtualAuthenticators: true}
Element: [[ChromeDriver: chrome on WINDOWS (4fd0a0c4da68f092217d23a4cde88f8a)] -&amp;gt; xpath: (//div[text()=&amp;apos;Search&amp;apos;])[1]]
Session ID: 4fd0a0c4da68f092217d23a4cde88f8a">
      <![CDATA[java.lang.AssertionError: Test failed: element click intercepted: Element <div class="sc-grREDI cIycHa">...</div> is not clickable at point (793, 199). Other element would receive the click: <div mode="1" class="sc-kgUAyh dbieUv">...</div>
  (Session info: chrome=117.0.5938.150)
Build info: version: '4.6.0', revision: '79f1c02ae20'
System info: os.name: 'Windows 11', os.arch: 'amd64', os.version: '10.0', java.version: '17.0.7'
Driver info: org.openqa.selenium.chrome.ChromeDriver
Command: [4fd0a0c4da68f092217d23a4cde88f8a, clickElement {id=8F77146C488E14B72A37016BF9180D9B_element_37}]
Capabilities {acceptInsecureCerts: true, browserName: chrome, browserVersion: 117.0.5938.150, chrome: {chromedriverVersion: 117.0.5938.149 (e3344ddefa1..., userDataDir: C:\Users\iamas\AppData\Loca...}, fedcm:accounts: true, goog:chromeOptions: {debuggerAddress: localhost:63769}, networkConnectionEnabled: false, pageLoadStrategy: normal, platformName: WINDOWS, proxy: Proxy(), se:cdp: ws://localhost:63769/devtoo..., se:cdpVersion: 117.0.5938.150, setWindowRect: true, strictFileInteractability: false, timeouts: {implicit: 0, pageLoad: 300000, script: 30000}, unhandledPromptBehavior: dismiss and notify, webauthn:extension:credBlob: true, webauthn:extension:largeBlob: true, webauthn:extension:minPinLength: true, webauthn:extension:prf: true, webauthn:virtualAuthenticators: true}
Element: [[ChromeDriver: chrome on WINDOWS (4fd0a0c4da68f092217d23a4cde88f8a)] -> xpath: (//div[text()='Search'])[1]]
Session ID: 4fd0a0c4da68f092217d23a4cde88f8a
at com.olp.p_card.OLP_R2_OLX_T166PCardEditDisable.TC01_navigateToPersonalCard(OLP_R2_OLX_T166PCardEditDisable.java:157)
at java.base/java.util.ArrayList.forEach(ArrayList.java:1511)
... Removed 27 stack frames]]>
    </failure>
  </testcase> <!-- TC01_navigateToPersonalCard -->
  <testcase classname="com.olp.p_card.OLP_R2_OLX_T166PCardEditDisable" name="TC02_ValidateRankDisabled" time="60.491">
    <failure type="java.lang.AssertionError" message="Test failed: no such element: Unable to locate element: {&amp;quot;method&amp;quot;:&amp;quot;xpath&amp;quot;,&amp;quot;selector&amp;quot;:&amp;quot;//div[.=&amp;apos;Rank&amp;apos;]/..//div[@disabled]&amp;quot;}
  (Session info: chrome=117.0.5938.150)
For documentation on this error, please visit: https://selenium.dev/exceptions/#no_such_element
Build info: version: &amp;apos;4.6.0&amp;apos;, revision: &amp;apos;79f1c02ae20&amp;apos;
System info: os.name: &amp;apos;Windows 11&amp;apos;, os.arch: &amp;apos;amd64&amp;apos;, os.version: &amp;apos;10.0&amp;apos;, java.version: &amp;apos;17.0.7&amp;apos;
Driver info: org.openqa.selenium.chrome.ChromeDriver
Command: [4fd0a0c4da68f092217d23a4cde88f8a, findElement {using=xpath, value=//div[.=&amp;apos;Rank&amp;apos;]/..//div[@disabled]}]
Capabilities {acceptInsecureCerts: true, browserName: chrome, browserVersion: 117.0.5938.150, chrome: {chromedriverVersion: 117.0.5938.149 (e3344ddefa1..., userDataDir: C:\Users\iamas\AppData\Loca...}, fedcm:accounts: true, goog:chromeOptions: {debuggerAddress: localhost:63769}, networkConnectionEnabled: false, pageLoadStrategy: normal, platformName: WINDOWS, proxy: Proxy(), se:cdp: ws://localhost:63769/devtoo..., se:cdpVersion: 117.0.5938.150, setWindowRect: true, strictFileInteractability: false, timeouts: {implicit: 0, pageLoad: 300000, script: 30000}, unhandledPromptBehavior: dismiss and notify, webauthn:extension:credBlob: true, webauthn:extension:largeBlob: true, webauthn:extension:minPinLength: true, webauthn:extension:prf: true, webauthn:virtualAuthenticators: true}
Session ID: 4fd0a0c4da68f092217d23a4cde88f8a">
      <![CDATA[java.lang.AssertionError: Test failed: no such element: Unable to locate element: {"method":"xpath","selector":"//div[.='Rank']/..//div[@disabled]"}
  (Session info: chrome=117.0.5938.150)
For documentation on this error, please visit: https://selenium.dev/exceptions/#no_such_element
Build info: version: '4.6.0', revision: '79f1c02ae20'
System info: os.name: 'Windows 11', os.arch: 'amd64', os.version: '10.0', java.version: '17.0.7'
Driver info: org.openqa.selenium.chrome.ChromeDriver
Command: [4fd0a0c4da68f092217d23a4cde88f8a, findElement {using=xpath, value=//div[.='Rank']/..//div[@disabled]}]
Capabilities {acceptInsecureCerts: true, browserName: chrome, browserVersion: 117.0.5938.150, chrome: {chromedriverVersion: 117.0.5938.149 (e3344ddefa1..., userDataDir: C:\Users\iamas\AppData\Loca...}, fedcm:accounts: true, goog:chromeOptions: {debuggerAddress: localhost:63769}, networkConnectionEnabled: false, pageLoadStrategy: normal, platformName: WINDOWS, proxy: Proxy(), se:cdp: ws://localhost:63769/devtoo..., se:cdpVersion: 117.0.5938.150, setWindowRect: true, strictFileInteractability: false, timeouts: {implicit: 0, pageLoad: 300000, script: 30000}, unhandledPromptBehavior: dismiss and notify, webauthn:extension:credBlob: true, webauthn:extension:largeBlob: true, webauthn:extension:minPinLength: true, webauthn:extension:prf: true, webauthn:virtualAuthenticators: true}
Session ID: 4fd0a0c4da68f092217d23a4cde88f8a
at com.olp.p_card.OLP_R2_OLX_T166PCardEditDisable.TC02_ValidateRankDisabled(OLP_R2_OLX_T166PCardEditDisable.java:174)
at java.base/java.util.ArrayList.forEach(ArrayList.java:1511)
... Removed 27 stack frames]]>
    </failure>
  </testcase> <!-- TC02_ValidateRankDisabled -->
  <testcase classname="com.olp.p_card.OLP_R2_OLX_T172PCardEditDisable" name="TC01_navigateToPersonalCard" time="16.075"/>
  <testcase classname="com.olp.p_card.OLP_R2_OLX_T172PCardEditDisable" name="TC02_ValidateInstallationTypeDisabled" time="0.789"/>
  <testcase classname="com.olp.p_card.OLP_R2_OLX_T180PCardEditDisable" name="TC01_navigateToPersonalCard" time="7.641"/>
  <testcase classname="com.olp.p_card.OLP_R2_OLX_T180PCardEditDisable" name="TC02_ValidateDefaultInstallationDisabled" time="0.656"/>
  <testcase classname="com.olp.p_card.OLP_R2_OLX_T292PCardEditDisable" name="TC01_navigateToPersonalCard" time="9.229"/>
  <testcase classname="com.olp.p_card.OLP_R2_OLX_T292PCardEditDisable" name="TC02_ValidateE_mailAddressDisabled" time="0.767"/>
  <testcase classname="com.olp.p_card.OLP_R2_OLX_T310PCardEditDisable" name="TC01_navigateToPersonalCard" time="1.777">
    <failure type="java.lang.AssertionError" message="Test failed: element click intercepted: Element &amp;lt;div class=&amp;quot;sc-grREDI cIycHa&amp;quot;&amp;gt;...&amp;lt;/div&amp;gt; is not clickable at point (793, 199). Other element would receive the click: &amp;lt;div mode=&amp;quot;1&amp;quot; class=&amp;quot;sc-kgUAyh dbieUv&amp;quot;&amp;gt;...&amp;lt;/div&amp;gt;
  (Session info: chrome=117.0.5938.150)
Build info: version: &amp;apos;4.6.0&amp;apos;, revision: &amp;apos;79f1c02ae20&amp;apos;
System info: os.name: &amp;apos;Windows 11&amp;apos;, os.arch: &amp;apos;amd64&amp;apos;, os.version: &amp;apos;10.0&amp;apos;, java.version: &amp;apos;17.0.7&amp;apos;
Driver info: org.openqa.selenium.chrome.ChromeDriver
Command: [246f02c089d9cf5abc61a6c072c0675e, clickElement {id=5C9B4AABD3D7DFDDE4BED0E65E046275_element_37}]
Capabilities {acceptInsecureCerts: true, browserName: chrome, browserVersion: 117.0.5938.150, chrome: {chromedriverVersion: 117.0.5938.149 (e3344ddefa1..., userDataDir: C:\Users\iamas\AppData\Loca...}, fedcm:accounts: true, goog:chromeOptions: {debuggerAddress: localhost:63922}, networkConnectionEnabled: false, pageLoadStrategy: normal, platformName: WINDOWS, proxy: Proxy(), se:cdp: ws://localhost:63922/devtoo..., se:cdpVersion: 117.0.5938.150, setWindowRect: true, strictFileInteractability: false, timeouts: {implicit: 0, pageLoad: 300000, script: 30000}, unhandledPromptBehavior: dismiss and notify, webauthn:extension:credBlob: true, webauthn:extension:largeBlob: true, webauthn:extension:minPinLength: true, webauthn:extension:prf: true, webauthn:virtualAuthenticators: true}
Element: [[ChromeDriver: chrome on WINDOWS (246f02c089d9cf5abc61a6c072c0675e)] -&amp;gt; xpath: (//div[text()=&amp;apos;Search&amp;apos;])[1]]
Session ID: 246f02c089d9cf5abc61a6c072c0675e">
      <![CDATA[java.lang.AssertionError: Test failed: element click intercepted: Element <div class="sc-grREDI cIycHa">...</div> is not clickable at point (793, 199). Other element would receive the click: <div mode="1" class="sc-kgUAyh dbieUv">...</div>
  (Session info: chrome=117.0.5938.150)
Build info: version: '4.6.0', revision: '79f1c02ae20'
System info: os.name: 'Windows 11', os.arch: 'amd64', os.version: '10.0', java.version: '17.0.7'
Driver info: org.openqa.selenium.chrome.ChromeDriver
Command: [246f02c089d9cf5abc61a6c072c0675e, clickElement {id=5C9B4AABD3D7DFDDE4BED0E65E046275_element_37}]
Capabilities {acceptInsecureCerts: true, browserName: chrome, browserVersion: 117.0.5938.150, chrome: {chromedriverVersion: 117.0.5938.149 (e3344ddefa1..., userDataDir: C:\Users\iamas\AppData\Loca...}, fedcm:accounts: true, goog:chromeOptions: {debuggerAddress: localhost:63922}, networkConnectionEnabled: false, pageLoadStrategy: normal, platformName: WINDOWS, proxy: Proxy(), se:cdp: ws://localhost:63922/devtoo..., se:cdpVersion: 117.0.5938.150, setWindowRect: true, strictFileInteractability: false, timeouts: {implicit: 0, pageLoad: 300000, script: 30000}, unhandledPromptBehavior: dismiss and notify, webauthn:extension:credBlob: true, webauthn:extension:largeBlob: true, webauthn:extension:minPinLength: true, webauthn:extension:prf: true, webauthn:virtualAuthenticators: true}
Element: [[ChromeDriver: chrome on WINDOWS (246f02c089d9cf5abc61a6c072c0675e)] -> xpath: (//div[text()='Search'])[1]]
Session ID: 246f02c089d9cf5abc61a6c072c0675e
at com.olp.p_card.OLP_R2_OLX_T310PCardEditDisable.TC01_navigateToPersonalCard(OLP_R2_OLX_T310PCardEditDisable.java:157)
at java.base/java.util.ArrayList.forEach(ArrayList.java:1511)
... Removed 27 stack frames]]>
    </failure>
  </testcase> <!-- TC01_navigateToPersonalCard -->
  <testcase classname="com.olp.p_card.OLP_R2_OLX_T310PCardEditDisable" name="TC02_ValidateResetPasswordVisible" time="60.514">
    <failure type="java.lang.AssertionError" message="Test failed: no such element: Unable to locate element: {&amp;quot;method&amp;quot;:&amp;quot;xpath&amp;quot;,&amp;quot;selector&amp;quot;:&amp;quot;//div[@data-test=&amp;apos;ProfileHeaderSectionCollapse&amp;apos;]&amp;quot;}
  (Session info: chrome=117.0.5938.150)
For documentation on this error, please visit: https://selenium.dev/exceptions/#no_such_element
Build info: version: &amp;apos;4.6.0&amp;apos;, revision: &amp;apos;79f1c02ae20&amp;apos;
System info: os.name: &amp;apos;Windows 11&amp;apos;, os.arch: &amp;apos;amd64&amp;apos;, os.version: &amp;apos;10.0&amp;apos;, java.version: &amp;apos;17.0.7&amp;apos;
Driver info: org.openqa.selenium.chrome.ChromeDriver
Command: [246f02c089d9cf5abc61a6c072c0675e, findElement {using=xpath, value=//div[@data-test=&amp;apos;ProfileHeaderSectionCollapse&amp;apos;]}]
Capabilities {acceptInsecureCerts: true, browserName: chrome, browserVersion: 117.0.5938.150, chrome: {chromedriverVersion: 117.0.5938.149 (e3344ddefa1..., userDataDir: C:\Users\iamas\AppData\Loca...}, fedcm:accounts: true, goog:chromeOptions: {debuggerAddress: localhost:63922}, networkConnectionEnabled: false, pageLoadStrategy: normal, platformName: WINDOWS, proxy: Proxy(), se:cdp: ws://localhost:63922/devtoo..., se:cdpVersion: 117.0.5938.150, setWindowRect: true, strictFileInteractability: false, timeouts: {implicit: 0, pageLoad: 300000, script: 30000}, unhandledPromptBehavior: dismiss and notify, webauthn:extension:credBlob: true, webauthn:extension:largeBlob: true, webauthn:extension:minPinLength: true, webauthn:extension:prf: true, webauthn:virtualAuthenticators: true}
Session ID: 246f02c089d9cf5abc61a6c072c0675e">
      <![CDATA[java.lang.AssertionError: Test failed: no such element: Unable to locate element: {"method":"xpath","selector":"//div[@data-test='ProfileHeaderSectionCollapse']"}
  (Session info: chrome=117.0.5938.150)
For documentation on this error, please visit: https://selenium.dev/exceptions/#no_such_element
Build info: version: '4.6.0', revision: '79f1c02ae20'
System info: os.name: 'Windows 11', os.arch: 'amd64', os.version: '10.0', java.version: '17.0.7'
Driver info: org.openqa.selenium.chrome.ChromeDriver
Command: [246f02c089d9cf5abc61a6c072c0675e, findElement {using=xpath, value=//div[@data-test='ProfileHeaderSectionCollapse']}]
Capabilities {acceptInsecureCerts: true, browserName: chrome, browserVersion: 117.0.5938.150, chrome: {chromedriverVersion: 117.0.5938.149 (e3344ddefa1..., userDataDir: C:\Users\iamas\AppData\Loca...}, fedcm:accounts: true, goog:chromeOptions: {debuggerAddress: localhost:63922}, networkConnectionEnabled: false, pageLoadStrategy: normal, platformName: WINDOWS, proxy: Proxy(), se:cdp: ws://localhost:63922/devtoo..., se:cdpVersion: 117.0.5938.150, setWindowRect: true, strictFileInteractability: false, timeouts: {implicit: 0, pageLoad: 300000, script: 30000}, unhandledPromptBehavior: dismiss and notify, webauthn:extension:credBlob: true, webauthn:extension:largeBlob: true, webauthn:extension:minPinLength: true, webauthn:extension:prf: true, webauthn:virtualAuthenticators: true}
Session ID: 246f02c089d9cf5abc61a6c072c0675e
at com.olp.p_card.OLP_R2_OLX_T310PCardEditDisable.TC02_ValidateResetPasswordVisible(OLP_R2_OLX_T310PCardEditDisable.java:173)
at java.base/java.util.ArrayList.forEach(ArrayList.java:1511)
... Removed 27 stack frames]]>
    </failure>
  </testcase> <!-- TC02_ValidateResetPasswordVisible -->
  <testcase classname="com.olp.p_card.OLP_R2_OLX_T314PCardEditDisable" name="TC01_navigateToPersonalCard" time="1.811">
    <failure type="java.lang.AssertionError" message="Test failed: element click intercepted: Element &amp;lt;div class=&amp;quot;sc-grREDI cIycHa&amp;quot;&amp;gt;...&amp;lt;/div&amp;gt; is not clickable at point (793, 199). Other element would receive the click: &amp;lt;div mode=&amp;quot;1&amp;quot; class=&amp;quot;sc-kgUAyh dbieUv&amp;quot;&amp;gt;...&amp;lt;/div&amp;gt;
  (Session info: chrome=117.0.5938.150)
Build info: version: &amp;apos;4.6.0&amp;apos;, revision: &amp;apos;79f1c02ae20&amp;apos;
System info: os.name: &amp;apos;Windows 11&amp;apos;, os.arch: &amp;apos;amd64&amp;apos;, os.version: &amp;apos;10.0&amp;apos;, java.version: &amp;apos;17.0.7&amp;apos;
Driver info: org.openqa.selenium.chrome.ChromeDriver
Command: [1ba00121a8863dd3cc5579798b288da1, clickElement {id=B5233BCDA53DA39B7B563681353E4B1E_element_40}]
Capabilities {acceptInsecureCerts: true, browserName: chrome, browserVersion: 117.0.5938.150, chrome: {chromedriverVersion: 117.0.5938.149 (e3344ddefa1..., userDataDir: C:\Users\iamas\AppData\Loca...}, fedcm:accounts: true, goog:chromeOptions: {debuggerAddress: localhost:63976}, networkConnectionEnabled: false, pageLoadStrategy: normal, platformName: WINDOWS, proxy: Proxy(), se:cdp: ws://localhost:63976/devtoo..., se:cdpVersion: 117.0.5938.150, setWindowRect: true, strictFileInteractability: false, timeouts: {implicit: 0, pageLoad: 300000, script: 30000}, unhandledPromptBehavior: dismiss and notify, webauthn:extension:credBlob: true, webauthn:extension:largeBlob: true, webauthn:extension:minPinLength: true, webauthn:extension:prf: true, webauthn:virtualAuthenticators: true}
Element: [[ChromeDriver: chrome on WINDOWS (1ba00121a8863dd3cc5579798b288da1)] -&amp;gt; xpath: (//div[text()=&amp;apos;Search&amp;apos;])[1]]
Session ID: 1ba00121a8863dd3cc5579798b288da1">
      <![CDATA[java.lang.AssertionError: Test failed: element click intercepted: Element <div class="sc-grREDI cIycHa">...</div> is not clickable at point (793, 199). Other element would receive the click: <div mode="1" class="sc-kgUAyh dbieUv">...</div>
  (Session info: chrome=117.0.5938.150)
Build info: version: '4.6.0', revision: '79f1c02ae20'
System info: os.name: 'Windows 11', os.arch: 'amd64', os.version: '10.0', java.version: '17.0.7'
Driver info: org.openqa.selenium.chrome.ChromeDriver
Command: [1ba00121a8863dd3cc5579798b288da1, clickElement {id=B5233BCDA53DA39B7B563681353E4B1E_element_40}]
Capabilities {acceptInsecureCerts: true, browserName: chrome, browserVersion: 117.0.5938.150, chrome: {chromedriverVersion: 117.0.5938.149 (e3344ddefa1..., userDataDir: C:\Users\iamas\AppData\Loca...}, fedcm:accounts: true, goog:chromeOptions: {debuggerAddress: localhost:63976}, networkConnectionEnabled: false, pageLoadStrategy: normal, platformName: WINDOWS, proxy: Proxy(), se:cdp: ws://localhost:63976/devtoo..., se:cdpVersion: 117.0.5938.150, setWindowRect: true, strictFileInteractability: false, timeouts: {implicit: 0, pageLoad: 300000, script: 30000}, unhandledPromptBehavior: dismiss and notify, webauthn:extension:credBlob: true, webauthn:extension:largeBlob: true, webauthn:extension:minPinLength: true, webauthn:extension:prf: true, webauthn:virtualAuthenticators: true}
Element: [[ChromeDriver: chrome on WINDOWS (1ba00121a8863dd3cc5579798b288da1)] -> xpath: (//div[text()='Search'])[1]]
Session ID: 1ba00121a8863dd3cc5579798b288da1
at com.olp.p_card.OLP_R2_OLX_T314PCardEditDisable.TC01_navigateToPersonalCard(OLP_R2_OLX_T314PCardEditDisable.java:157)
at java.base/java.util.ArrayList.forEach(ArrayList.java:1511)
... Removed 27 stack frames]]>
    </failure>
  </testcase> <!-- TC01_navigateToPersonalCard -->
  <testcase classname="com.olp.p_card.OLP_R2_OLX_T314PCardEditDisable" name="TC02_ValidateLockAccountVisible" time="60.473">
    <failure type="java.lang.AssertionError" message="Test failed: no such element: Unable to locate element: {&amp;quot;method&amp;quot;:&amp;quot;xpath&amp;quot;,&amp;quot;selector&amp;quot;:&amp;quot;//p[@data-test=&amp;apos;ProfilePersonalUserId&amp;apos;]&amp;quot;}
  (Session info: chrome=117.0.5938.150)
For documentation on this error, please visit: https://selenium.dev/exceptions/#no_such_element
Build info: version: &amp;apos;4.6.0&amp;apos;, revision: &amp;apos;79f1c02ae20&amp;apos;
System info: os.name: &amp;apos;Windows 11&amp;apos;, os.arch: &amp;apos;amd64&amp;apos;, os.version: &amp;apos;10.0&amp;apos;, java.version: &amp;apos;17.0.7&amp;apos;
Driver info: org.openqa.selenium.chrome.ChromeDriver
Command: [1ba00121a8863dd3cc5579798b288da1, findElement {using=xpath, value=//p[@data-test=&amp;apos;ProfilePersonalUserId&amp;apos;]}]
Capabilities {acceptInsecureCerts: true, browserName: chrome, browserVersion: 117.0.5938.150, chrome: {chromedriverVersion: 117.0.5938.149 (e3344ddefa1..., userDataDir: C:\Users\iamas\AppData\Loca...}, fedcm:accounts: true, goog:chromeOptions: {debuggerAddress: localhost:63976}, networkConnectionEnabled: false, pageLoadStrategy: normal, platformName: WINDOWS, proxy: Proxy(), se:cdp: ws://localhost:63976/devtoo..., se:cdpVersion: 117.0.5938.150, setWindowRect: true, strictFileInteractability: false, timeouts: {implicit: 0, pageLoad: 300000, script: 30000}, unhandledPromptBehavior: dismiss and notify, webauthn:extension:credBlob: true, webauthn:extension:largeBlob: true, webauthn:extension:minPinLength: true, webauthn:extension:prf: true, webauthn:virtualAuthenticators: true}
Session ID: 1ba00121a8863dd3cc5579798b288da1">
      <![CDATA[java.lang.AssertionError: Test failed: no such element: Unable to locate element: {"method":"xpath","selector":"//p[@data-test='ProfilePersonalUserId']"}
  (Session info: chrome=117.0.5938.150)
For documentation on this error, please visit: https://selenium.dev/exceptions/#no_such_element
Build info: version: '4.6.0', revision: '79f1c02ae20'
System info: os.name: 'Windows 11', os.arch: 'amd64', os.version: '10.0', java.version: '17.0.7'
Driver info: org.openqa.selenium.chrome.ChromeDriver
Command: [1ba00121a8863dd3cc5579798b288da1, findElement {using=xpath, value=//p[@data-test='ProfilePersonalUserId']}]
Capabilities {acceptInsecureCerts: true, browserName: chrome, browserVersion: 117.0.5938.150, chrome: {chromedriverVersion: 117.0.5938.149 (e3344ddefa1..., userDataDir: C:\Users\iamas\AppData\Loca...}, fedcm:accounts: true, goog:chromeOptions: {debuggerAddress: localhost:63976}, networkConnectionEnabled: false, pageLoadStrategy: normal, platformName: WINDOWS, proxy: Proxy(), se:cdp: ws://localhost:63976/devtoo..., se:cdpVersion: 117.0.5938.150, setWindowRect: true, strictFileInteractability: false, timeouts: {implicit: 0, pageLoad: 300000, script: 30000}, unhandledPromptBehavior: dismiss and notify, webauthn:extension:credBlob: true, webauthn:extension:largeBlob: true, webauthn:extension:minPinLength: true, webauthn:extension:prf: true, webauthn:virtualAuthenticators: true}
Session ID: 1ba00121a8863dd3cc5579798b288da1
at com.olp.p_card.OLP_R2_OLX_T314PCardEditDisable.TC02_ValidateLockAccountVisible(OLP_R2_OLX_T314PCardEditDisable.java:173)
at java.base/java.util.ArrayList.forEach(ArrayList.java:1511)
... Removed 27 stack frames]]>
    </failure>
  </testcase> <!-- TC02_ValidateLockAccountVisible -->
  <testcase classname="com.olp.p_card.OLP_R2_OLX_T314PCardEditDisable" name="TC03_ValidateUnLockAccountVisible" time="120.647">
    <failure type="org.openqa.selenium.NoSuchElementException" message="no such element: Unable to locate element: {&amp;quot;method&amp;quot;:&amp;quot;xpath&amp;quot;,&amp;quot;selector&amp;quot;:&amp;quot;//b[contains(.,&amp;apos; account&amp;apos;)]&amp;quot;}
  (Session info: chrome=117.0.5938.150)
For documentation on this error, please visit: https://selenium.dev/exceptions/#no_such_element
Build info: version: &amp;apos;4.6.0&amp;apos;, revision: &amp;apos;79f1c02ae20&amp;apos;
System info: os.name: &amp;apos;Windows 11&amp;apos;, os.arch: &amp;apos;amd64&amp;apos;, os.version: &amp;apos;10.0&amp;apos;, java.version: &amp;apos;17.0.7&amp;apos;
Driver info: org.openqa.selenium.chrome.ChromeDriver
Command: [1ba00121a8863dd3cc5579798b288da1, findElement {using=xpath, value=//b[contains(.,&amp;apos; account&amp;apos;)]}]
Capabilities {acceptInsecureCerts: true, browserName: chrome, browserVersion: 117.0.5938.150, chrome: {chromedriverVersion: 117.0.5938.149 (e3344ddefa1..., userDataDir: C:\Users\iamas\AppData\Loca...}, fedcm:accounts: true, goog:chromeOptions: {debuggerAddress: localhost:63976}, networkConnectionEnabled: false, pageLoadStrategy: normal, platformName: WINDOWS, proxy: Proxy(), se:cdp: ws://localhost:63976/devtoo..., se:cdpVersion: 117.0.5938.150, setWindowRect: true, strictFileInteractability: false, timeouts: {implicit: 0, pageLoad: 300000, script: 30000}, unhandledPromptBehavior: dismiss and notify, webauthn:extension:credBlob: true, webauthn:extension:largeBlob: true, webauthn:extension:minPinLength: true, webauthn:extension:prf: true, webauthn:virtualAuthenticators: true}
Session ID: 1ba00121a8863dd3cc5579798b288da1">
      <![CDATA[org.openqa.selenium.NoSuchElementException: no such element: Unable to locate element: {"method":"xpath","selector":"//b[contains(.,' account')]"}
  (Session info: chrome=117.0.5938.150)
For documentation on this error, please visit: https://selenium.dev/exceptions/#no_such_element
Build info: version: '4.6.0', revision: '79f1c02ae20'
System info: os.name: 'Windows 11', os.arch: 'amd64', os.version: '10.0', java.version: '17.0.7'
Driver info: org.openqa.selenium.chrome.ChromeDriver
Command: [1ba00121a8863dd3cc5579798b288da1, findElement {using=xpath, value=//b[contains(.,' account')]}]
Capabilities {acceptInsecureCerts: true, browserName: chrome, browserVersion: 117.0.5938.150, chrome: {chromedriverVersion: 117.0.5938.149 (e3344ddefa1..., userDataDir: C:\Users\iamas\AppData\Loca...}, fedcm:accounts: true, goog:chromeOptions: {debuggerAddress: localhost:63976}, networkConnectionEnabled: false, pageLoadStrategy: normal, platformName: WINDOWS, proxy: Proxy(), se:cdp: ws://localhost:63976/devtoo..., se:cdpVersion: 117.0.5938.150, setWindowRect: true, strictFileInteractability: false, timeouts: {implicit: 0, pageLoad: 300000, script: 30000}, unhandledPromptBehavior: dismiss and notify, webauthn:extension:credBlob: true, webauthn:extension:largeBlob: true, webauthn:extension:minPinLength: true, webauthn:extension:prf: true, webauthn:virtualAuthenticators: true}
Session ID: 1ba00121a8863dd3cc5579798b288da1
at org.openqa.selenium.remote.codec.w3c.W3CHttpResponseCodec.createException(W3CHttpResponseCodec.java:200)
at org.openqa.selenium.remote.codec.w3c.W3CHttpResponseCodec.decode(W3CHttpResponseCodec.java:133)
at org.openqa.selenium.remote.codec.w3c.W3CHttpResponseCodec.decode(W3CHttpResponseCodec.java:53)
at org.openqa.selenium.remote.HttpCommandExecutor.execute(HttpCommandExecutor.java:184)
at org.openqa.selenium.remote.service.DriverCommandExecutor.invokeExecute(DriverCommandExecutor.java:167)
at org.openqa.selenium.remote.service.DriverCommandExecutor.execute(DriverCommandExecutor.java:142)
at org.openqa.selenium.remote.RemoteWebDriver.execute(RemoteWebDriver.java:541)
at org.openqa.selenium.remote.ElementLocation$ElementFinder$2.findElement(ElementLocation.java:162)
at org.openqa.selenium.remote.ElementLocation.findElement(ElementLocation.java:60)
at org.openqa.selenium.remote.RemoteWebDriver.findElement(RemoteWebDriver.java:365)
at org.openqa.selenium.remote.RemoteWebDriver.findElement(RemoteWebDriver.java:357)
at org.openqa.selenium.support.pagefactory.DefaultElementLocator.findElement(DefaultElementLocator.java:70)
at org.openqa.selenium.support.pagefactory.internal.LocatingElementHandler.invoke(LocatingElementHandler.java:39)
at jdk.proxy2/jdk.proxy2.$Proxy28.click(Unknown Source)
at com.olp.p_card_pages.OLP_R2_OLX_T314PCardEditDisable_Page.unlockAccount(OLP_R2_OLX_T314PCardEditDisable_Page.java:131)
at com.olp.p_card.OLP_R2_OLX_T314PCardEditDisable.TC03_ValidateUnLockAccountVisible(OLP_R2_OLX_T314PCardEditDisable.java:189)
at java.base/java.util.ArrayList.forEach(ArrayList.java:1511)
... Removed 32 stack frames]]>
    </failure>
  </testcase> <!-- TC03_ValidateUnLockAccountVisible -->
  <testcase classname="com.olp.p_card.OLP_R2_OLX_T425PCardEditDisable" name="TC01_navigateToPersonalCard" time="2.18">
    <failure type="java.lang.AssertionError" message="Test failed: element click intercepted: Element &amp;lt;div class=&amp;quot;sc-grREDI cIycHa&amp;quot;&amp;gt;...&amp;lt;/div&amp;gt; is not clickable at point (793, 199). Other element would receive the click: &amp;lt;div mode=&amp;quot;1&amp;quot; class=&amp;quot;sc-kgUAyh dbieUv&amp;quot;&amp;gt;...&amp;lt;/div&amp;gt;
  (Session info: chrome=117.0.5938.150)
Build info: version: &amp;apos;4.6.0&amp;apos;, revision: &amp;apos;79f1c02ae20&amp;apos;
System info: os.name: &amp;apos;Windows 11&amp;apos;, os.arch: &amp;apos;amd64&amp;apos;, os.version: &amp;apos;10.0&amp;apos;, java.version: &amp;apos;17.0.7&amp;apos;
Driver info: org.openqa.selenium.chrome.ChromeDriver
Command: [0d5a850418aa48a7384406ad71a861e8, clickElement {id=42DE96B1A21ACCCD95AC57216C3C8653_element_48}]
Capabilities {acceptInsecureCerts: true, browserName: chrome, browserVersion: 117.0.5938.150, chrome: {chromedriverVersion: 117.0.5938.149 (e3344ddefa1..., userDataDir: C:\Users\iamas\AppData\Loca...}, fedcm:accounts: true, goog:chromeOptions: {debuggerAddress: localhost:64050}, networkConnectionEnabled: false, pageLoadStrategy: normal, platformName: WINDOWS, proxy: Proxy(), se:cdp: ws://localhost:64050/devtoo..., se:cdpVersion: 117.0.5938.150, setWindowRect: true, strictFileInteractability: false, timeouts: {implicit: 0, pageLoad: 300000, script: 30000}, unhandledPromptBehavior: dismiss and notify, webauthn:extension:credBlob: true, webauthn:extension:largeBlob: true, webauthn:extension:minPinLength: true, webauthn:extension:prf: true, webauthn:virtualAuthenticators: true}
Element: [[ChromeDriver: chrome on WINDOWS (0d5a850418aa48a7384406ad71a861e8)] -&amp;gt; xpath: (//div[text()=&amp;apos;Search&amp;apos;])[1]]
Session ID: 0d5a850418aa48a7384406ad71a861e8">
      <![CDATA[java.lang.AssertionError: Test failed: element click intercepted: Element <div class="sc-grREDI cIycHa">...</div> is not clickable at point (793, 199). Other element would receive the click: <div mode="1" class="sc-kgUAyh dbieUv">...</div>
  (Session info: chrome=117.0.5938.150)
Build info: version: '4.6.0', revision: '79f1c02ae20'
System info: os.name: 'Windows 11', os.arch: 'amd64', os.version: '10.0', java.version: '17.0.7'
Driver info: org.openqa.selenium.chrome.ChromeDriver
Command: [0d5a850418aa48a7384406ad71a861e8, clickElement {id=42DE96B1A21ACCCD95AC57216C3C8653_element_48}]
Capabilities {acceptInsecureCerts: true, browserName: chrome, browserVersion: 117.0.5938.150, chrome: {chromedriverVersion: 117.0.5938.149 (e3344ddefa1..., userDataDir: C:\Users\iamas\AppData\Loca...}, fedcm:accounts: true, goog:chromeOptions: {debuggerAddress: localhost:64050}, networkConnectionEnabled: false, pageLoadStrategy: normal, platformName: WINDOWS, proxy: Proxy(), se:cdp: ws://localhost:64050/devtoo..., se:cdpVersion: 117.0.5938.150, setWindowRect: true, strictFileInteractability: false, timeouts: {implicit: 0, pageLoad: 300000, script: 30000}, unhandledPromptBehavior: dismiss and notify, webauthn:extension:credBlob: true, webauthn:extension:largeBlob: true, webauthn:extension:minPinLength: true, webauthn:extension:prf: true, webauthn:virtualAuthenticators: true}
Element: [[ChromeDriver: chrome on WINDOWS (0d5a850418aa48a7384406ad71a861e8)] -> xpath: (//div[text()='Search'])[1]]
Session ID: 0d5a850418aa48a7384406ad71a861e8
at com.olp.p_card.OLP_R2_OLX_T425PCardEditDisable.TC01_navigateToPersonalCard(OLP_R2_OLX_T425PCardEditDisable.java:157)
at java.base/java.util.ArrayList.forEach(ArrayList.java:1511)
... Removed 27 stack frames]]>
    </failure>
  </testcase> <!-- TC01_navigateToPersonalCard -->
  <testcase classname="com.olp.p_card.OLP_R2_OLX_T425PCardEditDisable" name="TC02_ValidateStatusDisabled" time="60.424">
    <failure type="java.lang.AssertionError" message="Test failed: no such element: Unable to locate element: {&amp;quot;method&amp;quot;:&amp;quot;xpath&amp;quot;,&amp;quot;selector&amp;quot;:&amp;quot;//p[.=&amp;apos;Status&amp;apos;]/..//div[@disabled]&amp;quot;}
  (Session info: chrome=117.0.5938.150)
For documentation on this error, please visit: https://selenium.dev/exceptions/#no_such_element
Build info: version: &amp;apos;4.6.0&amp;apos;, revision: &amp;apos;79f1c02ae20&amp;apos;
System info: os.name: &amp;apos;Windows 11&amp;apos;, os.arch: &amp;apos;amd64&amp;apos;, os.version: &amp;apos;10.0&amp;apos;, java.version: &amp;apos;17.0.7&amp;apos;
Driver info: org.openqa.selenium.chrome.ChromeDriver
Command: [0d5a850418aa48a7384406ad71a861e8, findElement {using=xpath, value=//p[.=&amp;apos;Status&amp;apos;]/..//div[@disabled]}]
Capabilities {acceptInsecureCerts: true, browserName: chrome, browserVersion: 117.0.5938.150, chrome: {chromedriverVersion: 117.0.5938.149 (e3344ddefa1..., userDataDir: C:\Users\iamas\AppData\Loca...}, fedcm:accounts: true, goog:chromeOptions: {debuggerAddress: localhost:64050}, networkConnectionEnabled: false, pageLoadStrategy: normal, platformName: WINDOWS, proxy: Proxy(), se:cdp: ws://localhost:64050/devtoo..., se:cdpVersion: 117.0.5938.150, setWindowRect: true, strictFileInteractability: false, timeouts: {implicit: 0, pageLoad: 300000, script: 30000}, unhandledPromptBehavior: dismiss and notify, webauthn:extension:credBlob: true, webauthn:extension:largeBlob: true, webauthn:extension:minPinLength: true, webauthn:extension:prf: true, webauthn:virtualAuthenticators: true}
Session ID: 0d5a850418aa48a7384406ad71a861e8">
      <![CDATA[java.lang.AssertionError: Test failed: no such element: Unable to locate element: {"method":"xpath","selector":"//p[.='Status']/..//div[@disabled]"}
  (Session info: chrome=117.0.5938.150)
For documentation on this error, please visit: https://selenium.dev/exceptions/#no_such_element
Build info: version: '4.6.0', revision: '79f1c02ae20'
System info: os.name: 'Windows 11', os.arch: 'amd64', os.version: '10.0', java.version: '17.0.7'
Driver info: org.openqa.selenium.chrome.ChromeDriver
Command: [0d5a850418aa48a7384406ad71a861e8, findElement {using=xpath, value=//p[.='Status']/..//div[@disabled]}]
Capabilities {acceptInsecureCerts: true, browserName: chrome, browserVersion: 117.0.5938.150, chrome: {chromedriverVersion: 117.0.5938.149 (e3344ddefa1..., userDataDir: C:\Users\iamas\AppData\Loca...}, fedcm:accounts: true, goog:chromeOptions: {debuggerAddress: localhost:64050}, networkConnectionEnabled: false, pageLoadStrategy: normal, platformName: WINDOWS, proxy: Proxy(), se:cdp: ws://localhost:64050/devtoo..., se:cdpVersion: 117.0.5938.150, setWindowRect: true, strictFileInteractability: false, timeouts: {implicit: 0, pageLoad: 300000, script: 30000}, unhandledPromptBehavior: dismiss and notify, webauthn:extension:credBlob: true, webauthn:extension:largeBlob: true, webauthn:extension:minPinLength: true, webauthn:extension:prf: true, webauthn:virtualAuthenticators: true}
Session ID: 0d5a850418aa48a7384406ad71a861e8
at com.olp.p_card.OLP_R2_OLX_T425PCardEditDisable.TC02_ValidateStatusDisabled(OLP_R2_OLX_T425PCardEditDisable.java:173)
at java.base/java.util.ArrayList.forEach(ArrayList.java:1511)
... Removed 27 stack frames]]>
    </failure>
  </testcase> <!-- TC02_ValidateStatusDisabled -->
</testsuite> <!-- PC_Security Access To Others PC Edit Disable -->
