<?xml version="1.0" encoding="UTF-8"?>
<!-- Generated by org.testng.reporters.JUnitXMLReporter -->
<testsuite ignored="0" hostname="DESKTOP-268PN8R" failures="2" tests="28" name="PC_Security Access To Others PC Edit Enable" time="428.122" errors="0" timestamp="2023-10-11T16:04:16 IST">
  <testcase classname="com.olp.p_card.OLP_R2_OLX_T109PCardEditEnable" name="TC01_navigateToPersonalCardTrainee" time="7.335"/>
  <testcase classname="com.olp.p_card.OLP_R2_OLX_T109PCardEditEnable" name="TC02_ValidateExternalIDLabelTrainee" time="0.538"/>
  <testcase classname="com.olp.p_card.OLP_R2_OLX_T109PCardEditEnable" name="TC03_navigateToPersonalCardAssessor" time="9.046"/>
  <testcase classname="com.olp.p_card.OLP_R2_OLX_T109PCardEditEnable" name="TC04_ValidateExternalIDLabelAssessor" time="0.471"/>
  <testcase classname="com.olp.p_card.OLP_R2_OLX_T114PCardEditEnable" name="TC01_navigateToPersonalCard" time="9.735"/>
  <testcase classname="com.olp.p_card.OLP_R2_OLX_T114PCardEditEnable" name="TC02_ValidateFirstAndSurNameEditable" time="0.579"/>
  <testcase classname="com.olp.p_card.OLP_R2_OLX_T122PCardEditEnable" name="TC01_navigateToPersonalCard" time="0.005">
    <failure type="java.lang.Error" message="Unresolved compilation problem: 
	Unhandled exception type InterruptedException
">
      <![CDATA[java.lang.Error: Unresolved compilation problem: 
Unhandled exception type InterruptedException

at com.olp.p_card.OLP_R2_OLX_T122PCardEditEnable.TC01_navigateToPersonalCard(OLP_R2_OLX_T122PCardEditEnable.java:149)
at java.base/java.util.ArrayList.forEach(ArrayList.java:1511)
... Removed 27 stack frames]]>
    </failure>
  </testcase> <!-- TC01_navigateToPersonalCard -->
  <testcase classname="com.olp.p_card.OLP_R2_OLX_T122PCardEditEnable" name="TC02_ValidateGenderEditable" time="60.361">
    <failure type="java.lang.AssertionError" message="Test failed: no such element: Unable to locate element: {&amp;quot;method&amp;quot;:&amp;quot;xpath&amp;quot;,&amp;quot;selector&amp;quot;:&amp;quot;//div[@data-test=&amp;apos;ProfilePersonalDataGenderInput&amp;apos;]&amp;quot;}
  (Session info: chrome=117.0.5938.150)
For documentation on this error, please visit: https://selenium.dev/exceptions/#no_such_element
Build info: version: &amp;apos;4.6.0&amp;apos;, revision: &amp;apos;79f1c02ae20&amp;apos;
System info: os.name: &amp;apos;Windows 11&amp;apos;, os.arch: &amp;apos;amd64&amp;apos;, os.version: &amp;apos;10.0&amp;apos;, java.version: &amp;apos;17.0.7&amp;apos;
Driver info: org.openqa.selenium.chrome.ChromeDriver
Command: [0ddbb3d89a00d1bd6ed8f4628ed03956, findElement {using=xpath, value=//div[@data-test=&amp;apos;ProfilePersonalDataGenderInput&amp;apos;]}]
Capabilities {acceptInsecureCerts: true, browserName: chrome, browserVersion: 117.0.5938.150, chrome: {chromedriverVersion: 117.0.5938.149 (e3344ddefa1..., userDataDir: C:\Users\iamas\AppData\Loca...}, fedcm:accounts: true, goog:chromeOptions: {debuggerAddress: localhost:52893}, networkConnectionEnabled: false, pageLoadStrategy: normal, platformName: WINDOWS, proxy: Proxy(), se:cdp: ws://localhost:52893/devtoo..., se:cdpVersion: 117.0.5938.150, setWindowRect: true, strictFileInteractability: false, timeouts: {implicit: 0, pageLoad: 300000, script: 30000}, unhandledPromptBehavior: dismiss and notify, webauthn:extension:credBlob: true, webauthn:extension:largeBlob: true, webauthn:extension:minPinLength: true, webauthn:extension:prf: true, webauthn:virtualAuthenticators: true}
Session ID: 0ddbb3d89a00d1bd6ed8f4628ed03956">
      <![CDATA[java.lang.AssertionError: Test failed: no such element: Unable to locate element: {"method":"xpath","selector":"//div[@data-test='ProfilePersonalDataGenderInput']"}
  (Session info: chrome=117.0.5938.150)
For documentation on this error, please visit: https://selenium.dev/exceptions/#no_such_element
Build info: version: '4.6.0', revision: '79f1c02ae20'
System info: os.name: 'Windows 11', os.arch: 'amd64', os.version: '10.0', java.version: '17.0.7'
Driver info: org.openqa.selenium.chrome.ChromeDriver
Command: [0ddbb3d89a00d1bd6ed8f4628ed03956, findElement {using=xpath, value=//div[@data-test='ProfilePersonalDataGenderInput']}]
Capabilities {acceptInsecureCerts: true, browserName: chrome, browserVersion: 117.0.5938.150, chrome: {chromedriverVersion: 117.0.5938.149 (e3344ddefa1..., userDataDir: C:\Users\iamas\AppData\Loca...}, fedcm:accounts: true, goog:chromeOptions: {debuggerAddress: localhost:52893}, networkConnectionEnabled: false, pageLoadStrategy: normal, platformName: WINDOWS, proxy: Proxy(), se:cdp: ws://localhost:52893/devtoo..., se:cdpVersion: 117.0.5938.150, setWindowRect: true, strictFileInteractability: false, timeouts: {implicit: 0, pageLoad: 300000, script: 30000}, unhandledPromptBehavior: dismiss and notify, webauthn:extension:credBlob: true, webauthn:extension:largeBlob: true, webauthn:extension:minPinLength: true, webauthn:extension:prf: true, webauthn:virtualAuthenticators: true}
Session ID: 0ddbb3d89a00d1bd6ed8f4628ed03956
at com.olp.p_card.OLP_R2_OLX_T122PCardEditEnable.TC02_ValidateGenderEditable(OLP_R2_OLX_T122PCardEditEnable.java:174)
at java.base/java.util.ArrayList.forEach(ArrayList.java:1511)
... Removed 27 stack frames]]>
    </failure>
  </testcase> <!-- TC02_ValidateGenderEditable -->
  <testcase classname="com.olp.p_card.OLP_R2_OLX_T126PCardEditEnable" name="TC01_navigateToPersonalCard" time="7.015"/>
  <testcase classname="com.olp.p_card.OLP_R2_OLX_T126PCardEditEnable" name="TC02_ValidateNationalityEditable" time="0.437"/>
  <testcase classname="com.olp.p_card.OLP_R2_OLX_T130PCardEditEnable" name="TC01_navigateToPersonalCard" time="6.606"/>
  <testcase classname="com.olp.p_card.OLP_R2_OLX_T130PCardEditEnable" name="TC02_ValidatePOBEditable" time="0.404"/>
  <testcase classname="com.olp.p_card.OLP_R2_OLX_T136PCardEditEnable" name="TC01_navigateToPersonalCard" time="6.968"/>
  <testcase classname="com.olp.p_card.OLP_R2_OLX_T136PCardEditEnable" name="TC02_ValidateDocumentNumberEditable" time="0.559"/>
  <testcase classname="com.olp.p_card.OLP_R2_OLX_T142PCardEditEnable" name="TC01_navigateToPersonalCard" time="6.939"/>
  <testcase classname="com.olp.p_card.OLP_R2_OLX_T142PCardEditEnable" name="TC02_ValidateManagedByNeverEditable" time="0.354"/>
  <testcase classname="com.olp.p_card.OLP_R2_OLX_T159PCardEditEnable" name="TC01_navigateToPersonalCard" time="6.853"/>
  <testcase classname="com.olp.p_card.OLP_R2_OLX_T159PCardEditEnable" name="TC02_ValidateAutoScheduleStartEditable" time="0.727"/>
  <testcase classname="com.olp.p_card.OLP_R2_OLX_T164PCardEditEnable" name="TC01_navigateToPersonalCard" time="7.411"/>
  <testcase classname="com.olp.p_card.OLP_R2_OLX_T164PCardEditEnable" name="TC02_ValidatePersonnelPoolEditable" time="0.422"/>
  <testcase classname="com.olp.p_card.OLP_R2_OLX_T168PCardEditEnable" name="TC01_navigateToPersonalCard" time="7.086"/>
  <testcase classname="com.olp.p_card.OLP_R2_OLX_T168PCardEditEnable" name="TC02_ValidateRankComboEditable" time="0.521"/>
  <testcase classname="com.olp.p_card.OLP_R2_OLX_T174PCardEditEnable" name="TC01_navigateToPersonalCard" time="6.548"/>
  <testcase classname="com.olp.p_card.OLP_R2_OLX_T174PCardEditEnable" name="TC02_ValidateInstallationTypeComboEditable" time="0.517"/>
  <testcase classname="com.olp.p_card.OLP_R2_OLX_T182PCardEditEnable" name="TC01_navigateToPersonalCard" time="6.865"/>
  <testcase classname="com.olp.p_card.OLP_R2_OLX_T182PCardEditEnable" name="TC02_ValidateDefaultInstallationComboEditable" time="0.534"/>
  <testcase classname="com.olp.p_card.OLP_R2_OLX_T294PCardEditEnable" name="TC01_navigateToPersonalCard" time="7.355"/>
  <testcase classname="com.olp.p_card.OLP_R2_OLX_T294PCardEditEnable" name="TC02_ValidateE_mailAddressEditable" time="0.609"/>
</testsuite> <!-- PC_Security Access To Others PC Edit Enable -->
