<?xml version="1.0" encoding="UTF-8"?>
<!-- Generated by org.testng.reporters.JUnitXMLReporter -->
<testsuite ignored="0" hostname="DESKTOP-268PN8R" failures="6" tests="48" name="PC_Security Access To Others all Disabled" time="852.101" errors="0" timestamp="2023-10-10T17:04:23 IST">
  <testcase classname="com.olp.p_card.OLP_R2_OLX_T9RestPCardDisable" name="TC01_navigateToPersonalCard" time="4.283"/>
  <testcase classname="com.olp.p_card.OLP_R2_OLX_T9RestPCardDisable" name="TC02_ValidatePersonalCardFields" time="0.318"/>
  <testcase classname="com.olp.p_card.OLP_R2_OLX_T102PCardDisable" name="TC01_navigateToPersonalCard" time="5.187"/>
  <testcase classname="com.olp.p_card.OLP_R2_OLX_T102PCardDisable" name="TC02_ValidatePersonalCardFields" time="0.332"/>
  <testcase classname="com.olp.p_card.OLP_R2_OLX_T108RestPCardDisable" name="TC01_navigateToPersonalCard" time="4.798"/>
  <testcase classname="com.olp.p_card.OLP_R2_OLX_T108RestPCardDisable" name="TC02_ValidateExternalIDLabel" time="0.394"/>
  <testcase classname="com.olp.p_card.OLP_R2_OLX_T113RestPCardDisable" name="TC01_navigateToPersonalCard" time="4.844"/>
  <testcase classname="com.olp.p_card.OLP_R2_OLX_T113RestPCardDisable" name="TC02_ValidateFirstAndSurName_Label" time="0.38"/>
  <testcase classname="com.olp.p_card.OLP_R2_OLX_T117RestPCardDisable" name="TC01_navigateToPersonalCard" time="4.671"/>
  <testcase classname="com.olp.p_card.OLP_R2_OLX_T117RestPCardDisable" name="TC02_ValidateDOB_Label" time="0.434"/>
  <testcase classname="com.olp.p_card.OLP_R2_OLX_T119RestPCardDisable" name="TC01_navigateToPersonalCard" time="5.476"/>
  <testcase classname="com.olp.p_card.OLP_R2_OLX_T119RestPCardDisable" name="TC02_ValidateAge_Label" time="0.326"/>
  <testcase classname="com.olp.p_card.OLP_R2_OLX_T121RestPCardDisable" name="TC01_navigateToPersonalCard" time="4.179"/>
  <testcase classname="com.olp.p_card.OLP_R2_OLX_T121RestPCardDisable" name="TC02_ValidateGender_Label" time="0.354"/>
  <testcase classname="com.olp.p_card.OLP_R2_OLX_T125RestPCardDisable" name="TC01_navigateToPersonalCard" time="7.654"/>
  <testcase classname="com.olp.p_card.OLP_R2_OLX_T125RestPCardDisable" name="TC02_ValidateNationality_Label" time="0.352"/>
  <testcase classname="com.olp.p_card.OLP_R2_OLX_T129RestPCardDisable" name="TC01_navigateToPersonalCard" time="1.619">
    <failure type="java.lang.AssertionError" message="Test failed: element click intercepted: Element &amp;lt;div class=&amp;quot;sc-grREDI cIycHa&amp;quot;&amp;gt;...&amp;lt;/div&amp;gt; is not clickable at point (793, 199). Other element would receive the click: &amp;lt;div mode=&amp;quot;1&amp;quot; class=&amp;quot;sc-kgUAyh dbieUv&amp;quot;&amp;gt;...&amp;lt;/div&amp;gt;
  (Session info: chrome=117.0.5938.150)
Build info: version: &amp;apos;4.6.0&amp;apos;, revision: &amp;apos;79f1c02ae20&amp;apos;
System info: os.name: &amp;apos;Windows 11&amp;apos;, os.arch: &amp;apos;amd64&amp;apos;, os.version: &amp;apos;10.0&amp;apos;, java.version: &amp;apos;17.0.7&amp;apos;
Driver info: org.openqa.selenium.chrome.ChromeDriver
Command: [63c5486d10c8c2c12db393a67f1a9d5d, clickElement {id=9E8633BDA421D50BA1281461587E15D6_element_43}]
Capabilities {acceptInsecureCerts: true, browserName: chrome, browserVersion: 117.0.5938.150, chrome: {chromedriverVersion: 117.0.5938.149 (e3344ddefa1..., userDataDir: C:\Users\iamas\AppData\Loca...}, fedcm:accounts: true, goog:chromeOptions: {debuggerAddress: localhost:52242}, networkConnectionEnabled: false, pageLoadStrategy: normal, platformName: WINDOWS, proxy: Proxy(), se:cdp: ws://localhost:52242/devtoo..., se:cdpVersion: 117.0.5938.150, setWindowRect: true, strictFileInteractability: false, timeouts: {implicit: 0, pageLoad: 300000, script: 30000}, unhandledPromptBehavior: dismiss and notify, webauthn:extension:credBlob: true, webauthn:extension:largeBlob: true, webauthn:extension:minPinLength: true, webauthn:extension:prf: true, webauthn:virtualAuthenticators: true}
Element: [[ChromeDriver: chrome on WINDOWS (63c5486d10c8c2c12db393a67f1a9d5d)] -&amp;gt; xpath: (//div[text()=&amp;apos;Search&amp;apos;])[1]]
Session ID: 63c5486d10c8c2c12db393a67f1a9d5d">
      <![CDATA[java.lang.AssertionError: Test failed: element click intercepted: Element <div class="sc-grREDI cIycHa">...</div> is not clickable at point (793, 199). Other element would receive the click: <div mode="1" class="sc-kgUAyh dbieUv">...</div>
  (Session info: chrome=117.0.5938.150)
Build info: version: '4.6.0', revision: '79f1c02ae20'
System info: os.name: 'Windows 11', os.arch: 'amd64', os.version: '10.0', java.version: '17.0.7'
Driver info: org.openqa.selenium.chrome.ChromeDriver
Command: [63c5486d10c8c2c12db393a67f1a9d5d, clickElement {id=9E8633BDA421D50BA1281461587E15D6_element_43}]
Capabilities {acceptInsecureCerts: true, browserName: chrome, browserVersion: 117.0.5938.150, chrome: {chromedriverVersion: 117.0.5938.149 (e3344ddefa1..., userDataDir: C:\Users\iamas\AppData\Loca...}, fedcm:accounts: true, goog:chromeOptions: {debuggerAddress: localhost:52242}, networkConnectionEnabled: false, pageLoadStrategy: normal, platformName: WINDOWS, proxy: Proxy(), se:cdp: ws://localhost:52242/devtoo..., se:cdpVersion: 117.0.5938.150, setWindowRect: true, strictFileInteractability: false, timeouts: {implicit: 0, pageLoad: 300000, script: 30000}, unhandledPromptBehavior: dismiss and notify, webauthn:extension:credBlob: true, webauthn:extension:largeBlob: true, webauthn:extension:minPinLength: true, webauthn:extension:prf: true, webauthn:virtualAuthenticators: true}
Element: [[ChromeDriver: chrome on WINDOWS (63c5486d10c8c2c12db393a67f1a9d5d)] -> xpath: (//div[text()='Search'])[1]]
Session ID: 63c5486d10c8c2c12db393a67f1a9d5d
at com.olp.p_card.OLP_R2_OLX_T129RestPCardDisable.TC01_navigateToPersonalCard(OLP_R2_OLX_T129RestPCardDisable.java:157)
at java.base/java.util.ArrayList.forEach(ArrayList.java:1511)
... Removed 27 stack frames]]>
    </failure>
  </testcase> <!-- TC01_navigateToPersonalCard -->
  <testcase classname="com.olp.p_card.OLP_R2_OLX_T129RestPCardDisable" name="TC02_ValidatePlaceOfBirth_Label" time="120.404">
    <failure type="java.lang.AssertionError" message="Test failed: no such element: Unable to locate element: {&amp;quot;method&amp;quot;:&amp;quot;xpath&amp;quot;,&amp;quot;selector&amp;quot;:&amp;quot;//p[.=&amp;apos;Place of birth&amp;apos;]/../..&amp;quot;}
  (Session info: chrome=117.0.5938.150)
For documentation on this error, please visit: https://selenium.dev/exceptions/#no_such_element
Build info: version: &amp;apos;4.6.0&amp;apos;, revision: &amp;apos;79f1c02ae20&amp;apos;
System info: os.name: &amp;apos;Windows 11&amp;apos;, os.arch: &amp;apos;amd64&amp;apos;, os.version: &amp;apos;10.0&amp;apos;, java.version: &amp;apos;17.0.7&amp;apos;
Driver info: org.openqa.selenium.chrome.ChromeDriver
Command: [63c5486d10c8c2c12db393a67f1a9d5d, findElement {using=xpath, value=//p[.=&amp;apos;Place of birth&amp;apos;]/../..}]
Capabilities {acceptInsecureCerts: true, browserName: chrome, browserVersion: 117.0.5938.150, chrome: {chromedriverVersion: 117.0.5938.149 (e3344ddefa1..., userDataDir: C:\Users\iamas\AppData\Loca...}, fedcm:accounts: true, goog:chromeOptions: {debuggerAddress: localhost:52242}, networkConnectionEnabled: false, pageLoadStrategy: normal, platformName: WINDOWS, proxy: Proxy(), se:cdp: ws://localhost:52242/devtoo..., se:cdpVersion: 117.0.5938.150, setWindowRect: true, strictFileInteractability: false, timeouts: {implicit: 0, pageLoad: 300000, script: 30000}, unhandledPromptBehavior: dismiss and notify, webauthn:extension:credBlob: true, webauthn:extension:largeBlob: true, webauthn:extension:minPinLength: true, webauthn:extension:prf: true, webauthn:virtualAuthenticators: true}
Session ID: 63c5486d10c8c2c12db393a67f1a9d5d">
      <![CDATA[java.lang.AssertionError: Test failed: no such element: Unable to locate element: {"method":"xpath","selector":"//p[.='Place of birth']/../.."}
  (Session info: chrome=117.0.5938.150)
For documentation on this error, please visit: https://selenium.dev/exceptions/#no_such_element
Build info: version: '4.6.0', revision: '79f1c02ae20'
System info: os.name: 'Windows 11', os.arch: 'amd64', os.version: '10.0', java.version: '17.0.7'
Driver info: org.openqa.selenium.chrome.ChromeDriver
Command: [63c5486d10c8c2c12db393a67f1a9d5d, findElement {using=xpath, value=//p[.='Place of birth']/../..}]
Capabilities {acceptInsecureCerts: true, browserName: chrome, browserVersion: 117.0.5938.150, chrome: {chromedriverVersion: 117.0.5938.149 (e3344ddefa1..., userDataDir: C:\Users\iamas\AppData\Loca...}, fedcm:accounts: true, goog:chromeOptions: {debuggerAddress: localhost:52242}, networkConnectionEnabled: false, pageLoadStrategy: normal, platformName: WINDOWS, proxy: Proxy(), se:cdp: ws://localhost:52242/devtoo..., se:cdpVersion: 117.0.5938.150, setWindowRect: true, strictFileInteractability: false, timeouts: {implicit: 0, pageLoad: 300000, script: 30000}, unhandledPromptBehavior: dismiss and notify, webauthn:extension:credBlob: true, webauthn:extension:largeBlob: true, webauthn:extension:minPinLength: true, webauthn:extension:prf: true, webauthn:virtualAuthenticators: true}
Session ID: 63c5486d10c8c2c12db393a67f1a9d5d
at com.olp.p_card.OLP_R2_OLX_T129RestPCardDisable.TC02_ValidatePlaceOfBirth_Label(OLP_R2_OLX_T129RestPCardDisable.java:174)
at java.base/java.util.ArrayList.forEach(ArrayList.java:1511)
... Removed 27 stack frames]]>
    </failure>
  </testcase> <!-- TC02_ValidatePlaceOfBirth_Label -->
  <testcase classname="com.olp.p_card.OLP_R2_OLX_T133RestPCardDisable" name="TC01_navigateToPersonalCard" time="5.283"/>
  <testcase classname="com.olp.p_card.OLP_R2_OLX_T133RestPCardDisable" name="TC02_ValidateLastEmpTimeInComp" time="0.361"/>
  <testcase classname="com.olp.p_card.OLP_R2_OLX_T135RestPCardDisable" name="TC01_navigateToPersonalCard" time="4.317"/>
  <testcase classname="com.olp.p_card.OLP_R2_OLX_T135RestPCardDisable" name="TC02_ValidateDocumentNumber_Label" time="0.36"/>
  <testcase classname="com.olp.p_card.OLP_R2_OLX_T139RestPCardDisable" name="TC01_navigateToPersonalCard" time="5.937"/>
  <testcase classname="com.olp.p_card.OLP_R2_OLX_T139RestPCardDisable" name="TC02_ValidateAddedUpdatedRecordDates_Labels" time="0.423"/>
  <testcase classname="com.olp.p_card.OLP_R2_OLX_T141RestPCardDisable" name="TC01_navigateToPersonalCard" time="4.807"/>
  <testcase classname="com.olp.p_card.OLP_R2_OLX_T141RestPCardDisable" name="TC02_ValidateLastEmpTimeInComp" time="0.339"/>
  <testcase classname="com.olp.p_card.OLP_R2_OLX_T145RestPCardDisable" name="TC01_navigateToPersonalCard" time="5.906"/>
  <testcase classname="com.olp.p_card.OLP_R2_OLX_T145RestPCardDisable" name="TC02_ValidateAssessorStatus" time="0.359"/>
  <testcase classname="com.olp.p_card.OLP_R2_OLX_T158RestPCardDisable" name="TC01_navigateToPersonalCard" time="4.929"/>
  <testcase classname="com.olp.p_card.OLP_R2_OLX_T158RestPCardDisable" name="TC02_ValidateAutoScheduleStart" time="0.32"/>
  <testcase classname="com.olp.p_card.OLP_R2_OLX_T163RestPCardDisable" name="TC01_navigateToPersonalCard" time="5.118"/>
  <testcase classname="com.olp.p_card.OLP_R2_OLX_T163RestPCardDisable" name="TC02_ValidatePersonnelPool" time="0.345"/>
  <testcase classname="com.olp.p_card.OLP_R2_OLX_T167RestPCardDisable" name="TC01_navigateToPersonalCard" time="5.14"/>
  <testcase classname="com.olp.p_card.OLP_R2_OLX_T167RestPCardDisable" name="TC02_ValidateRank_Label" time="0.399"/>
  <testcase classname="com.olp.p_card.OLP_R2_OLX_T173RestPCardDisable" name="TC01_navigateToPersonalCard" time="4.542"/>
  <testcase classname="com.olp.p_card.OLP_R2_OLX_T173RestPCardDisable" name="TC02_ValidateInstallationType" time="0.345"/>
  <testcase classname="com.olp.p_card.OLP_R2_OLX_T177RestPCardDisable" name="TC01_navigateToPersonalCard" time="5.433"/>
  <testcase classname="com.olp.p_card.OLP_R2_OLX_T177RestPCardDisable" name="TC02_ValidateInstallation" time="0.362"/>
  <testcase classname="com.olp.p_card.OLP_R2_OLX_T181RestPCardDisable" name="TC01_navigateToPersonalCard" time="6.088"/>
  <testcase classname="com.olp.p_card.OLP_R2_OLX_T181RestPCardDisable" name="TC02_ValidateDefaultInstallation" time="0.339"/>
  <testcase classname="com.olp.p_card.OLP_R2_OLX_T293RestPCardDisable" name="TC01_navigateToPersonalCard" time="4.493"/>
  <testcase classname="com.olp.p_card.OLP_R2_OLX_T293RestPCardDisable" name="TC02_ValidateEMailAddress" time="0.363"/>
  <testcase classname="com.olp.p_card.OLP_R2_OLX_T311RestPCardDisable" name="TC01_navigateToPersonalCard" time="1.538">
    <failure type="java.lang.AssertionError" message="Test failed: element click intercepted: Element &amp;lt;div class=&amp;quot;sc-grREDI cIycHa&amp;quot;&amp;gt;...&amp;lt;/div&amp;gt; is not clickable at point (793, 199). Other element would receive the click: &amp;lt;div mode=&amp;quot;1&amp;quot; class=&amp;quot;sc-kgUAyh dbieUv&amp;quot;&amp;gt;...&amp;lt;/div&amp;gt;
  (Session info: chrome=117.0.5938.150)
Build info: version: &amp;apos;4.6.0&amp;apos;, revision: &amp;apos;79f1c02ae20&amp;apos;
System info: os.name: &amp;apos;Windows 11&amp;apos;, os.arch: &amp;apos;amd64&amp;apos;, os.version: &amp;apos;10.0&amp;apos;, java.version: &amp;apos;17.0.7&amp;apos;
Driver info: org.openqa.selenium.chrome.ChromeDriver
Command: [0e4b305a7643196774488ba6106d9dc2, clickElement {id=B58D69B26CBD247AA172D66FDECB5F99_element_44}]
Capabilities {acceptInsecureCerts: true, browserName: chrome, browserVersion: 117.0.5938.150, chrome: {chromedriverVersion: 117.0.5938.149 (e3344ddefa1..., userDataDir: C:\Users\iamas\AppData\Loca...}, fedcm:accounts: true, goog:chromeOptions: {debuggerAddress: localhost:54006}, networkConnectionEnabled: false, pageLoadStrategy: normal, platformName: WINDOWS, proxy: Proxy(), se:cdp: ws://localhost:54006/devtoo..., se:cdpVersion: 117.0.5938.150, setWindowRect: true, strictFileInteractability: false, timeouts: {implicit: 0, pageLoad: 300000, script: 30000}, unhandledPromptBehavior: dismiss and notify, webauthn:extension:credBlob: true, webauthn:extension:largeBlob: true, webauthn:extension:minPinLength: true, webauthn:extension:prf: true, webauthn:virtualAuthenticators: true}
Element: [[ChromeDriver: chrome on WINDOWS (0e4b305a7643196774488ba6106d9dc2)] -&amp;gt; xpath: (//div[text()=&amp;apos;Search&amp;apos;])[1]]
Session ID: 0e4b305a7643196774488ba6106d9dc2">
      <![CDATA[java.lang.AssertionError: Test failed: element click intercepted: Element <div class="sc-grREDI cIycHa">...</div> is not clickable at point (793, 199). Other element would receive the click: <div mode="1" class="sc-kgUAyh dbieUv">...</div>
  (Session info: chrome=117.0.5938.150)
Build info: version: '4.6.0', revision: '79f1c02ae20'
System info: os.name: 'Windows 11', os.arch: 'amd64', os.version: '10.0', java.version: '17.0.7'
Driver info: org.openqa.selenium.chrome.ChromeDriver
Command: [0e4b305a7643196774488ba6106d9dc2, clickElement {id=B58D69B26CBD247AA172D66FDECB5F99_element_44}]
Capabilities {acceptInsecureCerts: true, browserName: chrome, browserVersion: 117.0.5938.150, chrome: {chromedriverVersion: 117.0.5938.149 (e3344ddefa1..., userDataDir: C:\Users\iamas\AppData\Loca...}, fedcm:accounts: true, goog:chromeOptions: {debuggerAddress: localhost:54006}, networkConnectionEnabled: false, pageLoadStrategy: normal, platformName: WINDOWS, proxy: Proxy(), se:cdp: ws://localhost:54006/devtoo..., se:cdpVersion: 117.0.5938.150, setWindowRect: true, strictFileInteractability: false, timeouts: {implicit: 0, pageLoad: 300000, script: 30000}, unhandledPromptBehavior: dismiss and notify, webauthn:extension:credBlob: true, webauthn:extension:largeBlob: true, webauthn:extension:minPinLength: true, webauthn:extension:prf: true, webauthn:virtualAuthenticators: true}
Element: [[ChromeDriver: chrome on WINDOWS (0e4b305a7643196774488ba6106d9dc2)] -> xpath: (//div[text()='Search'])[1]]
Session ID: 0e4b305a7643196774488ba6106d9dc2
at com.olp.p_card.OLP_R2_OLX_T311RestPCardDisable.TC01_navigateToPersonalCard(OLP_R2_OLX_T311RestPCardDisable.java:157)
at java.base/java.util.ArrayList.forEach(ArrayList.java:1511)
... Removed 27 stack frames]]>
    </failure>
  </testcase> <!-- TC01_navigateToPersonalCard -->
  <testcase classname="com.olp.p_card.OLP_R2_OLX_T311RestPCardDisable" name="TC02_ValidateResetPasswordNotPresent" time="60.348">
    <failure type="java.lang.AssertionError" message="Test failed: no such element: Unable to locate element: {&amp;quot;method&amp;quot;:&amp;quot;xpath&amp;quot;,&amp;quot;selector&amp;quot;:&amp;quot;//p[@data-test=&amp;apos;ProfilePersonalUserId&amp;apos;]&amp;quot;}
  (Session info: chrome=117.0.5938.150)
For documentation on this error, please visit: https://selenium.dev/exceptions/#no_such_element
Build info: version: &amp;apos;4.6.0&amp;apos;, revision: &amp;apos;79f1c02ae20&amp;apos;
System info: os.name: &amp;apos;Windows 11&amp;apos;, os.arch: &amp;apos;amd64&amp;apos;, os.version: &amp;apos;10.0&amp;apos;, java.version: &amp;apos;17.0.7&amp;apos;
Driver info: org.openqa.selenium.chrome.ChromeDriver
Command: [0e4b305a7643196774488ba6106d9dc2, findElement {using=xpath, value=//p[@data-test=&amp;apos;ProfilePersonalUserId&amp;apos;]}]
Capabilities {acceptInsecureCerts: true, browserName: chrome, browserVersion: 117.0.5938.150, chrome: {chromedriverVersion: 117.0.5938.149 (e3344ddefa1..., userDataDir: C:\Users\iamas\AppData\Loca...}, fedcm:accounts: true, goog:chromeOptions: {debuggerAddress: localhost:54006}, networkConnectionEnabled: false, pageLoadStrategy: normal, platformName: WINDOWS, proxy: Proxy(), se:cdp: ws://localhost:54006/devtoo..., se:cdpVersion: 117.0.5938.150, setWindowRect: true, strictFileInteractability: false, timeouts: {implicit: 0, pageLoad: 300000, script: 30000}, unhandledPromptBehavior: dismiss and notify, webauthn:extension:credBlob: true, webauthn:extension:largeBlob: true, webauthn:extension:minPinLength: true, webauthn:extension:prf: true, webauthn:virtualAuthenticators: true}
Session ID: 0e4b305a7643196774488ba6106d9dc2">
      <![CDATA[java.lang.AssertionError: Test failed: no such element: Unable to locate element: {"method":"xpath","selector":"//p[@data-test='ProfilePersonalUserId']"}
  (Session info: chrome=117.0.5938.150)
For documentation on this error, please visit: https://selenium.dev/exceptions/#no_such_element
Build info: version: '4.6.0', revision: '79f1c02ae20'
System info: os.name: 'Windows 11', os.arch: 'amd64', os.version: '10.0', java.version: '17.0.7'
Driver info: org.openqa.selenium.chrome.ChromeDriver
Command: [0e4b305a7643196774488ba6106d9dc2, findElement {using=xpath, value=//p[@data-test='ProfilePersonalUserId']}]
Capabilities {acceptInsecureCerts: true, browserName: chrome, browserVersion: 117.0.5938.150, chrome: {chromedriverVersion: 117.0.5938.149 (e3344ddefa1..., userDataDir: C:\Users\iamas\AppData\Loca...}, fedcm:accounts: true, goog:chromeOptions: {debuggerAddress: localhost:54006}, networkConnectionEnabled: false, pageLoadStrategy: normal, platformName: WINDOWS, proxy: Proxy(), se:cdp: ws://localhost:54006/devtoo..., se:cdpVersion: 117.0.5938.150, setWindowRect: true, strictFileInteractability: false, timeouts: {implicit: 0, pageLoad: 300000, script: 30000}, unhandledPromptBehavior: dismiss and notify, webauthn:extension:credBlob: true, webauthn:extension:largeBlob: true, webauthn:extension:minPinLength: true, webauthn:extension:prf: true, webauthn:virtualAuthenticators: true}
Session ID: 0e4b305a7643196774488ba6106d9dc2
at com.olp.p_card.OLP_R2_OLX_T311RestPCardDisable.TC02_ValidateResetPasswordNotPresent(OLP_R2_OLX_T311RestPCardDisable.java:174)
at java.base/java.util.ArrayList.forEach(ArrayList.java:1511)
... Removed 27 stack frames]]>
    </failure>
  </testcase> <!-- TC02_ValidateResetPasswordNotPresent -->
  <testcase classname="com.olp.p_card.OLP_R2_OLX_T315RestPCardDisable" name="TC01_navigateToPersonalCard" time="1.475">
    <failure type="java.lang.AssertionError" message="Test failed: element click intercepted: Element &amp;lt;div class=&amp;quot;sc-grREDI cIycHa&amp;quot;&amp;gt;...&amp;lt;/div&amp;gt; is not clickable at point (793, 199). Other element would receive the click: &amp;lt;div mode=&amp;quot;1&amp;quot; class=&amp;quot;sc-kgUAyh dbieUv&amp;quot;&amp;gt;...&amp;lt;/div&amp;gt;
  (Session info: chrome=117.0.5938.150)
Build info: version: &amp;apos;4.6.0&amp;apos;, revision: &amp;apos;79f1c02ae20&amp;apos;
System info: os.name: &amp;apos;Windows 11&amp;apos;, os.arch: &amp;apos;amd64&amp;apos;, os.version: &amp;apos;10.0&amp;apos;, java.version: &amp;apos;17.0.7&amp;apos;
Driver info: org.openqa.selenium.chrome.ChromeDriver
Command: [df75d6aa569dfb486a65c5d0003552fd, clickElement {id=F460228F6517057BE4F6115F91F308BB_element_43}]
Capabilities {acceptInsecureCerts: true, browserName: chrome, browserVersion: 117.0.5938.150, chrome: {chromedriverVersion: 117.0.5938.149 (e3344ddefa1..., userDataDir: C:\Users\iamas\AppData\Loca...}, fedcm:accounts: true, goog:chromeOptions: {debuggerAddress: localhost:54102}, networkConnectionEnabled: false, pageLoadStrategy: normal, platformName: WINDOWS, proxy: Proxy(), se:cdp: ws://localhost:54102/devtoo..., se:cdpVersion: 117.0.5938.150, setWindowRect: true, strictFileInteractability: false, timeouts: {implicit: 0, pageLoad: 300000, script: 30000}, unhandledPromptBehavior: dismiss and notify, webauthn:extension:credBlob: true, webauthn:extension:largeBlob: true, webauthn:extension:minPinLength: true, webauthn:extension:prf: true, webauthn:virtualAuthenticators: true}
Element: [[ChromeDriver: chrome on WINDOWS (df75d6aa569dfb486a65c5d0003552fd)] -&amp;gt; xpath: (//div[text()=&amp;apos;Search&amp;apos;])[1]]
Session ID: df75d6aa569dfb486a65c5d0003552fd">
      <![CDATA[java.lang.AssertionError: Test failed: element click intercepted: Element <div class="sc-grREDI cIycHa">...</div> is not clickable at point (793, 199). Other element would receive the click: <div mode="1" class="sc-kgUAyh dbieUv">...</div>
  (Session info: chrome=117.0.5938.150)
Build info: version: '4.6.0', revision: '79f1c02ae20'
System info: os.name: 'Windows 11', os.arch: 'amd64', os.version: '10.0', java.version: '17.0.7'
Driver info: org.openqa.selenium.chrome.ChromeDriver
Command: [df75d6aa569dfb486a65c5d0003552fd, clickElement {id=F460228F6517057BE4F6115F91F308BB_element_43}]
Capabilities {acceptInsecureCerts: true, browserName: chrome, browserVersion: 117.0.5938.150, chrome: {chromedriverVersion: 117.0.5938.149 (e3344ddefa1..., userDataDir: C:\Users\iamas\AppData\Loca...}, fedcm:accounts: true, goog:chromeOptions: {debuggerAddress: localhost:54102}, networkConnectionEnabled: false, pageLoadStrategy: normal, platformName: WINDOWS, proxy: Proxy(), se:cdp: ws://localhost:54102/devtoo..., se:cdpVersion: 117.0.5938.150, setWindowRect: true, strictFileInteractability: false, timeouts: {implicit: 0, pageLoad: 300000, script: 30000}, unhandledPromptBehavior: dismiss and notify, webauthn:extension:credBlob: true, webauthn:extension:largeBlob: true, webauthn:extension:minPinLength: true, webauthn:extension:prf: true, webauthn:virtualAuthenticators: true}
Element: [[ChromeDriver: chrome on WINDOWS (df75d6aa569dfb486a65c5d0003552fd)] -> xpath: (//div[text()='Search'])[1]]
Session ID: df75d6aa569dfb486a65c5d0003552fd
at com.olp.p_card.OLP_R2_OLX_T315RestPCardDisable.TC01_navigateToPersonalCard(OLP_R2_OLX_T315RestPCardDisable.java:157)
at java.base/java.util.ArrayList.forEach(ArrayList.java:1511)
... Removed 27 stack frames]]>
    </failure>
  </testcase> <!-- TC01_navigateToPersonalCard -->
  <testcase classname="com.olp.p_card.OLP_R2_OLX_T315RestPCardDisable" name="TC02_ValidateLockUnlockAccountNotPresent" time="60.361">
    <failure type="java.lang.AssertionError" message="Test failed: no such element: Unable to locate element: {&amp;quot;method&amp;quot;:&amp;quot;xpath&amp;quot;,&amp;quot;selector&amp;quot;:&amp;quot;//p[@data-test=&amp;apos;ProfilePersonalUserId&amp;apos;]&amp;quot;}
  (Session info: chrome=117.0.5938.150)
For documentation on this error, please visit: https://selenium.dev/exceptions/#no_such_element
Build info: version: &amp;apos;4.6.0&amp;apos;, revision: &amp;apos;79f1c02ae20&amp;apos;
System info: os.name: &amp;apos;Windows 11&amp;apos;, os.arch: &amp;apos;amd64&amp;apos;, os.version: &amp;apos;10.0&amp;apos;, java.version: &amp;apos;17.0.7&amp;apos;
Driver info: org.openqa.selenium.chrome.ChromeDriver
Command: [df75d6aa569dfb486a65c5d0003552fd, findElement {using=xpath, value=//p[@data-test=&amp;apos;ProfilePersonalUserId&amp;apos;]}]
Capabilities {acceptInsecureCerts: true, browserName: chrome, browserVersion: 117.0.5938.150, chrome: {chromedriverVersion: 117.0.5938.149 (e3344ddefa1..., userDataDir: C:\Users\iamas\AppData\Loca...}, fedcm:accounts: true, goog:chromeOptions: {debuggerAddress: localhost:54102}, networkConnectionEnabled: false, pageLoadStrategy: normal, platformName: WINDOWS, proxy: Proxy(), se:cdp: ws://localhost:54102/devtoo..., se:cdpVersion: 117.0.5938.150, setWindowRect: true, strictFileInteractability: false, timeouts: {implicit: 0, pageLoad: 300000, script: 30000}, unhandledPromptBehavior: dismiss and notify, webauthn:extension:credBlob: true, webauthn:extension:largeBlob: true, webauthn:extension:minPinLength: true, webauthn:extension:prf: true, webauthn:virtualAuthenticators: true}
Session ID: df75d6aa569dfb486a65c5d0003552fd">
      <![CDATA[java.lang.AssertionError: Test failed: no such element: Unable to locate element: {"method":"xpath","selector":"//p[@data-test='ProfilePersonalUserId']"}
  (Session info: chrome=117.0.5938.150)
For documentation on this error, please visit: https://selenium.dev/exceptions/#no_such_element
Build info: version: '4.6.0', revision: '79f1c02ae20'
System info: os.name: 'Windows 11', os.arch: 'amd64', os.version: '10.0', java.version: '17.0.7'
Driver info: org.openqa.selenium.chrome.ChromeDriver
Command: [df75d6aa569dfb486a65c5d0003552fd, findElement {using=xpath, value=//p[@data-test='ProfilePersonalUserId']}]
Capabilities {acceptInsecureCerts: true, browserName: chrome, browserVersion: 117.0.5938.150, chrome: {chromedriverVersion: 117.0.5938.149 (e3344ddefa1..., userDataDir: C:\Users\iamas\AppData\Loca...}, fedcm:accounts: true, goog:chromeOptions: {debuggerAddress: localhost:54102}, networkConnectionEnabled: false, pageLoadStrategy: normal, platformName: WINDOWS, proxy: Proxy(), se:cdp: ws://localhost:54102/devtoo..., se:cdpVersion: 117.0.5938.150, setWindowRect: true, strictFileInteractability: false, timeouts: {implicit: 0, pageLoad: 300000, script: 30000}, unhandledPromptBehavior: dismiss and notify, webauthn:extension:credBlob: true, webauthn:extension:largeBlob: true, webauthn:extension:minPinLength: true, webauthn:extension:prf: true, webauthn:virtualAuthenticators: true}
Session ID: df75d6aa569dfb486a65c5d0003552fd
at com.olp.p_card.OLP_R2_OLX_T315RestPCardDisable.TC02_ValidateLockUnlockAccountNotPresent(OLP_R2_OLX_T315RestPCardDisable.java:174)
at java.base/java.util.ArrayList.forEach(ArrayList.java:1511)
... Removed 27 stack frames]]>
    </failure>
  </testcase> <!-- TC02_ValidateLockUnlockAccountNotPresent -->
  <testcase classname="com.olp.p_card.OLP_R2_OLX_T426RestPCardDisable" name="TC01_navigateToPersonalCard" time="5.003"/>
  <testcase classname="com.olp.p_card.OLP_R2_OLX_T426RestPCardDisable" name="TC02_ValidateStatusLabel" time="0.345"/>
</testsuite> <!-- PC_Security Access To Others all Disabled -->
