<?xml version="1.0" encoding="UTF-8"?>
<!-- Generated by org.testng.reporters.JUnitXMLReporter -->
<testsuite ignored="0" hostname="DESKTOP-268PN8R" failures="22" tests="44" name="PC_Security Access To Others Edit Disable" time="1276.911" errors="0" timestamp="2023-10-10T22:40:01 IST">
  <testcase classname="com.olp.p_card.OLP_R2_OLX_T107PCardEditDisable" name="TC01_navigateToPersonalCard" time="5.505"/>
  <testcase classname="com.olp.p_card.OLP_R2_OLX_T107PCardEditDisable" name="TC02_ValidateExternalIDLabel" time="0.533"/>
  <testcase classname="com.olp.p_card.OLP_R2_OLX_T104RestPCardEditDisable" name="TC01_navigateToPersonalCard" time="1.74">
    <failure type="java.lang.AssertionError" message="Test failed: element click intercepted: Element &amp;lt;div class=&amp;quot;sc-grREDI cIycHa&amp;quot;&amp;gt;...&amp;lt;/div&amp;gt; is not clickable at point (793, 199). Other element would receive the click: &amp;lt;div mode=&amp;quot;1&amp;quot; class=&amp;quot;sc-kgUAyh dbieUv&amp;quot;&amp;gt;...&amp;lt;/div&amp;gt;
  (Session info: chrome=117.0.5938.150)
Build info: version: &amp;apos;4.6.0&amp;apos;, revision: &amp;apos;79f1c02ae20&amp;apos;
System info: os.name: &amp;apos;Windows 11&amp;apos;, os.arch: &amp;apos;amd64&amp;apos;, os.version: &amp;apos;10.0&amp;apos;, java.version: &amp;apos;17.0.7&amp;apos;
Driver info: org.openqa.selenium.chrome.ChromeDriver
Command: [7d05391d762ae49e1850c55fcc09ae2c, clickElement {id=BF8070B6540C7209ECF906471FCD9A52_element_36}]
Capabilities {acceptInsecureCerts: true, browserName: chrome, browserVersion: 117.0.5938.150, chrome: {chromedriverVersion: 117.0.5938.149 (e3344ddefa1..., userDataDir: C:\Users\iamas\AppData\Loca...}, fedcm:accounts: true, goog:chromeOptions: {debuggerAddress: localhost:61376}, networkConnectionEnabled: false, pageLoadStrategy: normal, platformName: WINDOWS, proxy: Proxy(), se:cdp: ws://localhost:61376/devtoo..., se:cdpVersion: 117.0.5938.150, setWindowRect: true, strictFileInteractability: false, timeouts: {implicit: 0, pageLoad: 300000, script: 30000}, unhandledPromptBehavior: dismiss and notify, webauthn:extension:credBlob: true, webauthn:extension:largeBlob: true, webauthn:extension:minPinLength: true, webauthn:extension:prf: true, webauthn:virtualAuthenticators: true}
Element: [[ChromeDriver: chrome on WINDOWS (7d05391d762ae49e1850c55fcc09ae2c)] -&amp;gt; xpath: (//div[text()=&amp;apos;Search&amp;apos;])[1]]
Session ID: 7d05391d762ae49e1850c55fcc09ae2c">
      <![CDATA[java.lang.AssertionError: Test failed: element click intercepted: Element <div class="sc-grREDI cIycHa">...</div> is not clickable at point (793, 199). Other element would receive the click: <div mode="1" class="sc-kgUAyh dbieUv">...</div>
  (Session info: chrome=117.0.5938.150)
Build info: version: '4.6.0', revision: '79f1c02ae20'
System info: os.name: 'Windows 11', os.arch: 'amd64', os.version: '10.0', java.version: '17.0.7'
Driver info: org.openqa.selenium.chrome.ChromeDriver
Command: [7d05391d762ae49e1850c55fcc09ae2c, clickElement {id=BF8070B6540C7209ECF906471FCD9A52_element_36}]
Capabilities {acceptInsecureCerts: true, browserName: chrome, browserVersion: 117.0.5938.150, chrome: {chromedriverVersion: 117.0.5938.149 (e3344ddefa1..., userDataDir: C:\Users\iamas\AppData\Loca...}, fedcm:accounts: true, goog:chromeOptions: {debuggerAddress: localhost:61376}, networkConnectionEnabled: false, pageLoadStrategy: normal, platformName: WINDOWS, proxy: Proxy(), se:cdp: ws://localhost:61376/devtoo..., se:cdpVersion: 117.0.5938.150, setWindowRect: true, strictFileInteractability: false, timeouts: {implicit: 0, pageLoad: 300000, script: 30000}, unhandledPromptBehavior: dismiss and notify, webauthn:extension:credBlob: true, webauthn:extension:largeBlob: true, webauthn:extension:minPinLength: true, webauthn:extension:prf: true, webauthn:virtualAuthenticators: true}
Element: [[ChromeDriver: chrome on WINDOWS (7d05391d762ae49e1850c55fcc09ae2c)] -> xpath: (//div[text()='Search'])[1]]
Session ID: 7d05391d762ae49e1850c55fcc09ae2c
at com.olp.p_card.OLP_R2_OLX_T104RestPCardEditDisable.TC01_navigateToPersonalCard(OLP_R2_OLX_T104RestPCardEditDisable.java:157)
at java.base/java.util.ArrayList.forEach(ArrayList.java:1511)
... Removed 27 stack frames]]>
    </failure>
  </testcase> <!-- TC01_navigateToPersonalCard -->
  <testcase classname="com.olp.p_card.OLP_R2_OLX_T104RestPCardEditDisable" name="TC02_ValidateDOBEditable" time="60.05">
    <failure type="java.lang.NullPointerException" message="Cannot invoke &amp;quot;java.lang.Boolean.booleanValue()&amp;quot; because &amp;quot;this.value&amp;quot; is null">
      <![CDATA[java.lang.NullPointerException: Cannot invoke "java.lang.Boolean.booleanValue()" because "this.value" is null
at com.olp.p_card_pages.OLP_R2_OLX_T104RestPCardEditDisable_Page.dOBEditable(OLP_R2_OLX_T104RestPCardEditDisable_Page.java:100)
at com.olp.p_card.OLP_R2_OLX_T104RestPCardEditDisable.TC02_ValidateDOBEditable(OLP_R2_OLX_T104RestPCardEditDisable.java:165)
at java.base/java.util.ArrayList.forEach(ArrayList.java:1511)
... Removed 27 stack frames]]>
    </failure>
  </testcase> <!-- TC02_ValidateDOBEditable -->
  <testcase classname="com.olp.p_card.OLP_R2_OLX_T112PCardEditDisable" name="TC01_navigateToPersonalCard" time="2.26">
    <failure type="java.lang.AssertionError" message="Test failed: element click intercepted: Element &amp;lt;div class=&amp;quot;sc-grREDI cIycHa&amp;quot;&amp;gt;...&amp;lt;/div&amp;gt; is not clickable at point (793, 199). Other element would receive the click: &amp;lt;div mode=&amp;quot;1&amp;quot; class=&amp;quot;sc-kgUAyh dbieUv&amp;quot;&amp;gt;...&amp;lt;/div&amp;gt;
  (Session info: chrome=117.0.5938.150)
Build info: version: &amp;apos;4.6.0&amp;apos;, revision: &amp;apos;79f1c02ae20&amp;apos;
System info: os.name: &amp;apos;Windows 11&amp;apos;, os.arch: &amp;apos;amd64&amp;apos;, os.version: &amp;apos;10.0&amp;apos;, java.version: &amp;apos;17.0.7&amp;apos;
Driver info: org.openqa.selenium.chrome.ChromeDriver
Command: [d8b2f54c0b9c3a1c80fa0f2f8aaee18c, clickElement {id=928503983956AA922DC6645363478080_element_42}]
Capabilities {acceptInsecureCerts: true, browserName: chrome, browserVersion: 117.0.5938.150, chrome: {chromedriverVersion: 117.0.5938.149 (e3344ddefa1..., userDataDir: C:\Users\iamas\AppData\Loca...}, fedcm:accounts: true, goog:chromeOptions: {debuggerAddress: localhost:61426}, networkConnectionEnabled: false, pageLoadStrategy: normal, platformName: WINDOWS, proxy: Proxy(), se:cdp: ws://localhost:61426/devtoo..., se:cdpVersion: 117.0.5938.150, setWindowRect: true, strictFileInteractability: false, timeouts: {implicit: 0, pageLoad: 300000, script: 30000}, unhandledPromptBehavior: dismiss and notify, webauthn:extension:credBlob: true, webauthn:extension:largeBlob: true, webauthn:extension:minPinLength: true, webauthn:extension:prf: true, webauthn:virtualAuthenticators: true}
Element: [[ChromeDriver: chrome on WINDOWS (d8b2f54c0b9c3a1c80fa0f2f8aaee18c)] -&amp;gt; xpath: (//div[text()=&amp;apos;Search&amp;apos;])[1]]
Session ID: d8b2f54c0b9c3a1c80fa0f2f8aaee18c">
      <![CDATA[java.lang.AssertionError: Test failed: element click intercepted: Element <div class="sc-grREDI cIycHa">...</div> is not clickable at point (793, 199). Other element would receive the click: <div mode="1" class="sc-kgUAyh dbieUv">...</div>
  (Session info: chrome=117.0.5938.150)
Build info: version: '4.6.0', revision: '79f1c02ae20'
System info: os.name: 'Windows 11', os.arch: 'amd64', os.version: '10.0', java.version: '17.0.7'
Driver info: org.openqa.selenium.chrome.ChromeDriver
Command: [d8b2f54c0b9c3a1c80fa0f2f8aaee18c, clickElement {id=928503983956AA922DC6645363478080_element_42}]
Capabilities {acceptInsecureCerts: true, browserName: chrome, browserVersion: 117.0.5938.150, chrome: {chromedriverVersion: 117.0.5938.149 (e3344ddefa1..., userDataDir: C:\Users\iamas\AppData\Loca...}, fedcm:accounts: true, goog:chromeOptions: {debuggerAddress: localhost:61426}, networkConnectionEnabled: false, pageLoadStrategy: normal, platformName: WINDOWS, proxy: Proxy(), se:cdp: ws://localhost:61426/devtoo..., se:cdpVersion: 117.0.5938.150, setWindowRect: true, strictFileInteractability: false, timeouts: {implicit: 0, pageLoad: 300000, script: 30000}, unhandledPromptBehavior: dismiss and notify, webauthn:extension:credBlob: true, webauthn:extension:largeBlob: true, webauthn:extension:minPinLength: true, webauthn:extension:prf: true, webauthn:virtualAuthenticators: true}
Element: [[ChromeDriver: chrome on WINDOWS (d8b2f54c0b9c3a1c80fa0f2f8aaee18c)] -> xpath: (//div[text()='Search'])[1]]
Session ID: d8b2f54c0b9c3a1c80fa0f2f8aaee18c
at com.olp.p_card.OLP_R2_OLX_T112PCardEditDisable.TC01_navigateToPersonalCard(OLP_R2_OLX_T112PCardEditDisable.java:157)
at java.base/java.util.ArrayList.forEach(ArrayList.java:1511)
... Removed 27 stack frames]]>
    </failure>
  </testcase> <!-- TC01_navigateToPersonalCard -->
  <testcase classname="com.olp.p_card.OLP_R2_OLX_T112PCardEditDisable" name="TC02_ValidateFirstAndSurName_Disabled" time="60.434">
    <failure type="java.lang.AssertionError" message="Test failed: no such element: Unable to locate element: {&amp;quot;method&amp;quot;:&amp;quot;xpath&amp;quot;,&amp;quot;selector&amp;quot;:&amp;quot;//p[.=&amp;apos;Surname&amp;apos;]/../..//input[@disabled]&amp;quot;}
  (Session info: chrome=117.0.5938.150)
For documentation on this error, please visit: https://selenium.dev/exceptions/#no_such_element
Build info: version: &amp;apos;4.6.0&amp;apos;, revision: &amp;apos;79f1c02ae20&amp;apos;
System info: os.name: &amp;apos;Windows 11&amp;apos;, os.arch: &amp;apos;amd64&amp;apos;, os.version: &amp;apos;10.0&amp;apos;, java.version: &amp;apos;17.0.7&amp;apos;
Driver info: org.openqa.selenium.chrome.ChromeDriver
Command: [d8b2f54c0b9c3a1c80fa0f2f8aaee18c, findElement {using=xpath, value=//p[.=&amp;apos;Surname&amp;apos;]/../..//input[@disabled]}]
Capabilities {acceptInsecureCerts: true, browserName: chrome, browserVersion: 117.0.5938.150, chrome: {chromedriverVersion: 117.0.5938.149 (e3344ddefa1..., userDataDir: C:\Users\iamas\AppData\Loca...}, fedcm:accounts: true, goog:chromeOptions: {debuggerAddress: localhost:61426}, networkConnectionEnabled: false, pageLoadStrategy: normal, platformName: WINDOWS, proxy: Proxy(), se:cdp: ws://localhost:61426/devtoo..., se:cdpVersion: 117.0.5938.150, setWindowRect: true, strictFileInteractability: false, timeouts: {implicit: 0, pageLoad: 300000, script: 30000}, unhandledPromptBehavior: dismiss and notify, webauthn:extension:credBlob: true, webauthn:extension:largeBlob: true, webauthn:extension:minPinLength: true, webauthn:extension:prf: true, webauthn:virtualAuthenticators: true}
Session ID: d8b2f54c0b9c3a1c80fa0f2f8aaee18c">
      <![CDATA[java.lang.AssertionError: Test failed: no such element: Unable to locate element: {"method":"xpath","selector":"//p[.='Surname']/../..//input[@disabled]"}
  (Session info: chrome=117.0.5938.150)
For documentation on this error, please visit: https://selenium.dev/exceptions/#no_such_element
Build info: version: '4.6.0', revision: '79f1c02ae20'
System info: os.name: 'Windows 11', os.arch: 'amd64', os.version: '10.0', java.version: '17.0.7'
Driver info: org.openqa.selenium.chrome.ChromeDriver
Command: [d8b2f54c0b9c3a1c80fa0f2f8aaee18c, findElement {using=xpath, value=//p[.='Surname']/../..//input[@disabled]}]
Capabilities {acceptInsecureCerts: true, browserName: chrome, browserVersion: 117.0.5938.150, chrome: {chromedriverVersion: 117.0.5938.149 (e3344ddefa1..., userDataDir: C:\Users\iamas\AppData\Loca...}, fedcm:accounts: true, goog:chromeOptions: {debuggerAddress: localhost:61426}, networkConnectionEnabled: false, pageLoadStrategy: normal, platformName: WINDOWS, proxy: Proxy(), se:cdp: ws://localhost:61426/devtoo..., se:cdpVersion: 117.0.5938.150, setWindowRect: true, strictFileInteractability: false, timeouts: {implicit: 0, pageLoad: 300000, script: 30000}, unhandledPromptBehavior: dismiss and notify, webauthn:extension:credBlob: true, webauthn:extension:largeBlob: true, webauthn:extension:minPinLength: true, webauthn:extension:prf: true, webauthn:virtualAuthenticators: true}
Session ID: d8b2f54c0b9c3a1c80fa0f2f8aaee18c
at com.olp.p_card.OLP_R2_OLX_T112PCardEditDisable.TC02_ValidateFirstAndSurName_Disabled(OLP_R2_OLX_T112PCardEditDisable.java:174)
at java.base/java.util.ArrayList.forEach(ArrayList.java:1511)
... Removed 27 stack frames]]>
    </failure>
  </testcase> <!-- TC02_ValidateFirstAndSurName_Disabled -->
  <testcase classname="com.olp.p_card.OLP_R2_OLX_T116PCardEditDisable" name="TC01_navigateToPersonalCard" time="1.727">
    <failure type="java.lang.AssertionError" message="Test failed: element click intercepted: Element &amp;lt;div class=&amp;quot;sc-grREDI cIycHa&amp;quot;&amp;gt;...&amp;lt;/div&amp;gt; is not clickable at point (793, 199). Other element would receive the click: &amp;lt;div mode=&amp;quot;1&amp;quot; class=&amp;quot;sc-kgUAyh dbieUv&amp;quot;&amp;gt;...&amp;lt;/div&amp;gt;
  (Session info: chrome=117.0.5938.150)
Build info: version: &amp;apos;4.6.0&amp;apos;, revision: &amp;apos;79f1c02ae20&amp;apos;
System info: os.name: &amp;apos;Windows 11&amp;apos;, os.arch: &amp;apos;amd64&amp;apos;, os.version: &amp;apos;10.0&amp;apos;, java.version: &amp;apos;17.0.7&amp;apos;
Driver info: org.openqa.selenium.chrome.ChromeDriver
Command: [7935f6a3707ea4d9b70f225746a8d2c7, clickElement {id=FE1D36CD91C4A6AFB5C5BA174E7F5031_element_47}]
Capabilities {acceptInsecureCerts: true, browserName: chrome, browserVersion: 117.0.5938.150, chrome: {chromedriverVersion: 117.0.5938.149 (e3344ddefa1..., userDataDir: C:\Users\iamas\AppData\Loca...}, fedcm:accounts: true, goog:chromeOptions: {debuggerAddress: localhost:61484}, networkConnectionEnabled: false, pageLoadStrategy: normal, platformName: WINDOWS, proxy: Proxy(), se:cdp: ws://localhost:61484/devtoo..., se:cdpVersion: 117.0.5938.150, setWindowRect: true, strictFileInteractability: false, timeouts: {implicit: 0, pageLoad: 300000, script: 30000}, unhandledPromptBehavior: dismiss and notify, webauthn:extension:credBlob: true, webauthn:extension:largeBlob: true, webauthn:extension:minPinLength: true, webauthn:extension:prf: true, webauthn:virtualAuthenticators: true}
Element: [[ChromeDriver: chrome on WINDOWS (7935f6a3707ea4d9b70f225746a8d2c7)] -&amp;gt; xpath: (//div[text()=&amp;apos;Search&amp;apos;])[1]]
Session ID: 7935f6a3707ea4d9b70f225746a8d2c7">
      <![CDATA[java.lang.AssertionError: Test failed: element click intercepted: Element <div class="sc-grREDI cIycHa">...</div> is not clickable at point (793, 199). Other element would receive the click: <div mode="1" class="sc-kgUAyh dbieUv">...</div>
  (Session info: chrome=117.0.5938.150)
Build info: version: '4.6.0', revision: '79f1c02ae20'
System info: os.name: 'Windows 11', os.arch: 'amd64', os.version: '10.0', java.version: '17.0.7'
Driver info: org.openqa.selenium.chrome.ChromeDriver
Command: [7935f6a3707ea4d9b70f225746a8d2c7, clickElement {id=FE1D36CD91C4A6AFB5C5BA174E7F5031_element_47}]
Capabilities {acceptInsecureCerts: true, browserName: chrome, browserVersion: 117.0.5938.150, chrome: {chromedriverVersion: 117.0.5938.149 (e3344ddefa1..., userDataDir: C:\Users\iamas\AppData\Loca...}, fedcm:accounts: true, goog:chromeOptions: {debuggerAddress: localhost:61484}, networkConnectionEnabled: false, pageLoadStrategy: normal, platformName: WINDOWS, proxy: Proxy(), se:cdp: ws://localhost:61484/devtoo..., se:cdpVersion: 117.0.5938.150, setWindowRect: true, strictFileInteractability: false, timeouts: {implicit: 0, pageLoad: 300000, script: 30000}, unhandledPromptBehavior: dismiss and notify, webauthn:extension:credBlob: true, webauthn:extension:largeBlob: true, webauthn:extension:minPinLength: true, webauthn:extension:prf: true, webauthn:virtualAuthenticators: true}
Element: [[ChromeDriver: chrome on WINDOWS (7935f6a3707ea4d9b70f225746a8d2c7)] -> xpath: (//div[text()='Search'])[1]]
Session ID: 7935f6a3707ea4d9b70f225746a8d2c7
at com.olp.p_card.OLP_R2_OLX_T116PCardEditDisable.TC01_navigateToPersonalCard(OLP_R2_OLX_T116PCardEditDisable.java:157)
at java.base/java.util.ArrayList.forEach(ArrayList.java:1511)
... Removed 27 stack frames]]>
    </failure>
  </testcase> <!-- TC01_navigateToPersonalCard -->
  <testcase classname="com.olp.p_card.OLP_R2_OLX_T116PCardEditDisable" name="TC02_ValidateDOBDisable" time="62.01">
    <failure type="java.lang.AssertionError" message="Test failed: no such element: Unable to locate element: {&amp;quot;method&amp;quot;:&amp;quot;xpath&amp;quot;,&amp;quot;selector&amp;quot;:&amp;quot;//p[text()=&amp;apos;Date of birth&amp;apos;]/.././div[@disabled]&amp;quot;}
  (Session info: chrome=117.0.5938.150)
For documentation on this error, please visit: https://selenium.dev/exceptions/#no_such_element
Build info: version: &amp;apos;4.6.0&amp;apos;, revision: &amp;apos;79f1c02ae20&amp;apos;
System info: os.name: &amp;apos;Windows 11&amp;apos;, os.arch: &amp;apos;amd64&amp;apos;, os.version: &amp;apos;10.0&amp;apos;, java.version: &amp;apos;17.0.7&amp;apos;
Driver info: org.openqa.selenium.chrome.ChromeDriver
Command: [7935f6a3707ea4d9b70f225746a8d2c7, findElement {using=xpath, value=//p[text()=&amp;apos;Date of birth&amp;apos;]/.././div[@disabled]}]
Capabilities {acceptInsecureCerts: true, browserName: chrome, browserVersion: 117.0.5938.150, chrome: {chromedriverVersion: 117.0.5938.149 (e3344ddefa1..., userDataDir: C:\Users\iamas\AppData\Loca...}, fedcm:accounts: true, goog:chromeOptions: {debuggerAddress: localhost:61484}, networkConnectionEnabled: false, pageLoadStrategy: normal, platformName: WINDOWS, proxy: Proxy(), se:cdp: ws://localhost:61484/devtoo..., se:cdpVersion: 117.0.5938.150, setWindowRect: true, strictFileInteractability: false, timeouts: {implicit: 0, pageLoad: 300000, script: 30000}, unhandledPromptBehavior: dismiss and notify, webauthn:extension:credBlob: true, webauthn:extension:largeBlob: true, webauthn:extension:minPinLength: true, webauthn:extension:prf: true, webauthn:virtualAuthenticators: true}
Session ID: 7935f6a3707ea4d9b70f225746a8d2c7">
      <![CDATA[java.lang.AssertionError: Test failed: no such element: Unable to locate element: {"method":"xpath","selector":"//p[text()='Date of birth']/.././div[@disabled]"}
  (Session info: chrome=117.0.5938.150)
For documentation on this error, please visit: https://selenium.dev/exceptions/#no_such_element
Build info: version: '4.6.0', revision: '79f1c02ae20'
System info: os.name: 'Windows 11', os.arch: 'amd64', os.version: '10.0', java.version: '17.0.7'
Driver info: org.openqa.selenium.chrome.ChromeDriver
Command: [7935f6a3707ea4d9b70f225746a8d2c7, findElement {using=xpath, value=//p[text()='Date of birth']/.././div[@disabled]}]
Capabilities {acceptInsecureCerts: true, browserName: chrome, browserVersion: 117.0.5938.150, chrome: {chromedriverVersion: 117.0.5938.149 (e3344ddefa1..., userDataDir: C:\Users\iamas\AppData\Loca...}, fedcm:accounts: true, goog:chromeOptions: {debuggerAddress: localhost:61484}, networkConnectionEnabled: false, pageLoadStrategy: normal, platformName: WINDOWS, proxy: Proxy(), se:cdp: ws://localhost:61484/devtoo..., se:cdpVersion: 117.0.5938.150, setWindowRect: true, strictFileInteractability: false, timeouts: {implicit: 0, pageLoad: 300000, script: 30000}, unhandledPromptBehavior: dismiss and notify, webauthn:extension:credBlob: true, webauthn:extension:largeBlob: true, webauthn:extension:minPinLength: true, webauthn:extension:prf: true, webauthn:virtualAuthenticators: true}
Session ID: 7935f6a3707ea4d9b70f225746a8d2c7
at com.olp.p_card.OLP_R2_OLX_T116PCardEditDisable.TC02_ValidateDOBDisable(OLP_R2_OLX_T116PCardEditDisable.java:173)
at java.base/java.util.ArrayList.forEach(ArrayList.java:1511)
... Removed 27 stack frames]]>
    </failure>
  </testcase> <!-- TC02_ValidateDOBDisable -->
  <testcase classname="com.olp.p_card.OLP_R2_OLX_T118PCardEditDisable" name="TC01_navigateToPersonalCard" time="2.051">
    <failure type="java.lang.AssertionError" message="Test failed: element click intercepted: Element &amp;lt;div class=&amp;quot;sc-grREDI cIycHa&amp;quot;&amp;gt;...&amp;lt;/div&amp;gt; is not clickable at point (793, 199). Other element would receive the click: &amp;lt;div mode=&amp;quot;1&amp;quot; class=&amp;quot;sc-kgUAyh dbieUv&amp;quot;&amp;gt;...&amp;lt;/div&amp;gt;
  (Session info: chrome=117.0.5938.150)
Build info: version: &amp;apos;4.6.0&amp;apos;, revision: &amp;apos;79f1c02ae20&amp;apos;
System info: os.name: &amp;apos;Windows 11&amp;apos;, os.arch: &amp;apos;amd64&amp;apos;, os.version: &amp;apos;10.0&amp;apos;, java.version: &amp;apos;17.0.7&amp;apos;
Driver info: org.openqa.selenium.chrome.ChromeDriver
Command: [c34740428e2d656b7380d05124f3e38a, clickElement {id=F258533DBDD5CFD04A8DB86EF67BE419_element_35}]
Capabilities {acceptInsecureCerts: true, browserName: chrome, browserVersion: 117.0.5938.150, chrome: {chromedriverVersion: 117.0.5938.149 (e3344ddefa1..., userDataDir: C:\Users\iamas\AppData\Loca...}, fedcm:accounts: true, goog:chromeOptions: {debuggerAddress: localhost:61544}, networkConnectionEnabled: false, pageLoadStrategy: normal, platformName: WINDOWS, proxy: Proxy(), se:cdp: ws://localhost:61544/devtoo..., se:cdpVersion: 117.0.5938.150, setWindowRect: true, strictFileInteractability: false, timeouts: {implicit: 0, pageLoad: 300000, script: 30000}, unhandledPromptBehavior: dismiss and notify, webauthn:extension:credBlob: true, webauthn:extension:largeBlob: true, webauthn:extension:minPinLength: true, webauthn:extension:prf: true, webauthn:virtualAuthenticators: true}
Element: [[ChromeDriver: chrome on WINDOWS (c34740428e2d656b7380d05124f3e38a)] -&amp;gt; xpath: (//div[text()=&amp;apos;Search&amp;apos;])[1]]
Session ID: c34740428e2d656b7380d05124f3e38a">
      <![CDATA[java.lang.AssertionError: Test failed: element click intercepted: Element <div class="sc-grREDI cIycHa">...</div> is not clickable at point (793, 199). Other element would receive the click: <div mode="1" class="sc-kgUAyh dbieUv">...</div>
  (Session info: chrome=117.0.5938.150)
Build info: version: '4.6.0', revision: '79f1c02ae20'
System info: os.name: 'Windows 11', os.arch: 'amd64', os.version: '10.0', java.version: '17.0.7'
Driver info: org.openqa.selenium.chrome.ChromeDriver
Command: [c34740428e2d656b7380d05124f3e38a, clickElement {id=F258533DBDD5CFD04A8DB86EF67BE419_element_35}]
Capabilities {acceptInsecureCerts: true, browserName: chrome, browserVersion: 117.0.5938.150, chrome: {chromedriverVersion: 117.0.5938.149 (e3344ddefa1..., userDataDir: C:\Users\iamas\AppData\Loca...}, fedcm:accounts: true, goog:chromeOptions: {debuggerAddress: localhost:61544}, networkConnectionEnabled: false, pageLoadStrategy: normal, platformName: WINDOWS, proxy: Proxy(), se:cdp: ws://localhost:61544/devtoo..., se:cdpVersion: 117.0.5938.150, setWindowRect: true, strictFileInteractability: false, timeouts: {implicit: 0, pageLoad: 300000, script: 30000}, unhandledPromptBehavior: dismiss and notify, webauthn:extension:credBlob: true, webauthn:extension:largeBlob: true, webauthn:extension:minPinLength: true, webauthn:extension:prf: true, webauthn:virtualAuthenticators: true}
Element: [[ChromeDriver: chrome on WINDOWS (c34740428e2d656b7380d05124f3e38a)] -> xpath: (//div[text()='Search'])[1]]
Session ID: c34740428e2d656b7380d05124f3e38a
at com.olp.p_card.OLP_R2_OLX_T118PCardEditDisable.TC01_navigateToPersonalCard(OLP_R2_OLX_T118PCardEditDisable.java:157)
at java.base/java.util.ArrayList.forEach(ArrayList.java:1511)
... Removed 27 stack frames]]>
    </failure>
  </testcase> <!-- TC01_navigateToPersonalCard -->
  <testcase classname="com.olp.p_card.OLP_R2_OLX_T118PCardEditDisable" name="TC02_ValidateAgeNotEditable" time="62.35">
    <failure type="java.lang.AssertionError" message="Test failed: no such element: Unable to locate element: {&amp;quot;method&amp;quot;:&amp;quot;xpath&amp;quot;,&amp;quot;selector&amp;quot;:&amp;quot;(//p[.=&amp;apos;Age&amp;apos;]/../p)[2]&amp;quot;}
  (Session info: chrome=117.0.5938.150)
For documentation on this error, please visit: https://selenium.dev/exceptions/#no_such_element
Build info: version: &amp;apos;4.6.0&amp;apos;, revision: &amp;apos;79f1c02ae20&amp;apos;
System info: os.name: &amp;apos;Windows 11&amp;apos;, os.arch: &amp;apos;amd64&amp;apos;, os.version: &amp;apos;10.0&amp;apos;, java.version: &amp;apos;17.0.7&amp;apos;
Driver info: org.openqa.selenium.chrome.ChromeDriver
Command: [c34740428e2d656b7380d05124f3e38a, findElement {using=xpath, value=(//p[.=&amp;apos;Age&amp;apos;]/../p)[2]}]
Capabilities {acceptInsecureCerts: true, browserName: chrome, browserVersion: 117.0.5938.150, chrome: {chromedriverVersion: 117.0.5938.149 (e3344ddefa1..., userDataDir: C:\Users\iamas\AppData\Loca...}, fedcm:accounts: true, goog:chromeOptions: {debuggerAddress: localhost:61544}, networkConnectionEnabled: false, pageLoadStrategy: normal, platformName: WINDOWS, proxy: Proxy(), se:cdp: ws://localhost:61544/devtoo..., se:cdpVersion: 117.0.5938.150, setWindowRect: true, strictFileInteractability: false, timeouts: {implicit: 0, pageLoad: 300000, script: 30000}, unhandledPromptBehavior: dismiss and notify, webauthn:extension:credBlob: true, webauthn:extension:largeBlob: true, webauthn:extension:minPinLength: true, webauthn:extension:prf: true, webauthn:virtualAuthenticators: true}
Session ID: c34740428e2d656b7380d05124f3e38a">
      <![CDATA[java.lang.AssertionError: Test failed: no such element: Unable to locate element: {"method":"xpath","selector":"(//p[.='Age']/../p)[2]"}
  (Session info: chrome=117.0.5938.150)
For documentation on this error, please visit: https://selenium.dev/exceptions/#no_such_element
Build info: version: '4.6.0', revision: '79f1c02ae20'
System info: os.name: 'Windows 11', os.arch: 'amd64', os.version: '10.0', java.version: '17.0.7'
Driver info: org.openqa.selenium.chrome.ChromeDriver
Command: [c34740428e2d656b7380d05124f3e38a, findElement {using=xpath, value=(//p[.='Age']/../p)[2]}]
Capabilities {acceptInsecureCerts: true, browserName: chrome, browserVersion: 117.0.5938.150, chrome: {chromedriverVersion: 117.0.5938.149 (e3344ddefa1..., userDataDir: C:\Users\iamas\AppData\Loca...}, fedcm:accounts: true, goog:chromeOptions: {debuggerAddress: localhost:61544}, networkConnectionEnabled: false, pageLoadStrategy: normal, platformName: WINDOWS, proxy: Proxy(), se:cdp: ws://localhost:61544/devtoo..., se:cdpVersion: 117.0.5938.150, setWindowRect: true, strictFileInteractability: false, timeouts: {implicit: 0, pageLoad: 300000, script: 30000}, unhandledPromptBehavior: dismiss and notify, webauthn:extension:credBlob: true, webauthn:extension:largeBlob: true, webauthn:extension:minPinLength: true, webauthn:extension:prf: true, webauthn:virtualAuthenticators: true}
Session ID: c34740428e2d656b7380d05124f3e38a
at com.olp.p_card.OLP_R2_OLX_T118PCardEditDisable.TC02_ValidateAgeNotEditable(OLP_R2_OLX_T118PCardEditDisable.java:174)
at java.base/java.util.ArrayList.forEach(ArrayList.java:1511)
... Removed 27 stack frames]]>
    </failure>
  </testcase> <!-- TC02_ValidateAgeNotEditable -->
  <testcase classname="com.olp.p_card.OLP_R2_OLX_T120PCardEditDisable" name="TC01_navigateToPersonalCard" time="1.869">
    <failure type="java.lang.AssertionError" message="Test failed: element click intercepted: Element &amp;lt;div class=&amp;quot;sc-grREDI cIycHa&amp;quot;&amp;gt;...&amp;lt;/div&amp;gt; is not clickable at point (793, 199). Other element would receive the click: &amp;lt;div mode=&amp;quot;1&amp;quot; class=&amp;quot;sc-kgUAyh dbieUv&amp;quot;&amp;gt;...&amp;lt;/div&amp;gt;
  (Session info: chrome=117.0.5938.150)
Build info: version: &amp;apos;4.6.0&amp;apos;, revision: &amp;apos;79f1c02ae20&amp;apos;
System info: os.name: &amp;apos;Windows 11&amp;apos;, os.arch: &amp;apos;amd64&amp;apos;, os.version: &amp;apos;10.0&amp;apos;, java.version: &amp;apos;17.0.7&amp;apos;
Driver info: org.openqa.selenium.chrome.ChromeDriver
Command: [0588b2c12992a4881be78fa0bd2307e2, clickElement {id=F85861D8A4276DCBF0A255F92E4518FD_element_47}]
Capabilities {acceptInsecureCerts: true, browserName: chrome, browserVersion: 117.0.5938.150, chrome: {chromedriverVersion: 117.0.5938.149 (e3344ddefa1..., userDataDir: C:\Users\iamas\AppData\Loca...}, fedcm:accounts: true, goog:chromeOptions: {debuggerAddress: localhost:61592}, networkConnectionEnabled: false, pageLoadStrategy: normal, platformName: WINDOWS, proxy: Proxy(), se:cdp: ws://localhost:61592/devtoo..., se:cdpVersion: 117.0.5938.150, setWindowRect: true, strictFileInteractability: false, timeouts: {implicit: 0, pageLoad: 300000, script: 30000}, unhandledPromptBehavior: dismiss and notify, webauthn:extension:credBlob: true, webauthn:extension:largeBlob: true, webauthn:extension:minPinLength: true, webauthn:extension:prf: true, webauthn:virtualAuthenticators: true}
Element: [[ChromeDriver: chrome on WINDOWS (0588b2c12992a4881be78fa0bd2307e2)] -&amp;gt; xpath: (//div[text()=&amp;apos;Search&amp;apos;])[1]]
Session ID: 0588b2c12992a4881be78fa0bd2307e2">
      <![CDATA[java.lang.AssertionError: Test failed: element click intercepted: Element <div class="sc-grREDI cIycHa">...</div> is not clickable at point (793, 199). Other element would receive the click: <div mode="1" class="sc-kgUAyh dbieUv">...</div>
  (Session info: chrome=117.0.5938.150)
Build info: version: '4.6.0', revision: '79f1c02ae20'
System info: os.name: 'Windows 11', os.arch: 'amd64', os.version: '10.0', java.version: '17.0.7'
Driver info: org.openqa.selenium.chrome.ChromeDriver
Command: [0588b2c12992a4881be78fa0bd2307e2, clickElement {id=F85861D8A4276DCBF0A255F92E4518FD_element_47}]
Capabilities {acceptInsecureCerts: true, browserName: chrome, browserVersion: 117.0.5938.150, chrome: {chromedriverVersion: 117.0.5938.149 (e3344ddefa1..., userDataDir: C:\Users\iamas\AppData\Loca...}, fedcm:accounts: true, goog:chromeOptions: {debuggerAddress: localhost:61592}, networkConnectionEnabled: false, pageLoadStrategy: normal, platformName: WINDOWS, proxy: Proxy(), se:cdp: ws://localhost:61592/devtoo..., se:cdpVersion: 117.0.5938.150, setWindowRect: true, strictFileInteractability: false, timeouts: {implicit: 0, pageLoad: 300000, script: 30000}, unhandledPromptBehavior: dismiss and notify, webauthn:extension:credBlob: true, webauthn:extension:largeBlob: true, webauthn:extension:minPinLength: true, webauthn:extension:prf: true, webauthn:virtualAuthenticators: true}
Element: [[ChromeDriver: chrome on WINDOWS (0588b2c12992a4881be78fa0bd2307e2)] -> xpath: (//div[text()='Search'])[1]]
Session ID: 0588b2c12992a4881be78fa0bd2307e2
at com.olp.p_card.OLP_R2_OLX_T120PCardEditDisable.TC01_navigateToPersonalCard(OLP_R2_OLX_T120PCardEditDisable.java:157)
at java.base/java.util.ArrayList.forEach(ArrayList.java:1511)
... Removed 27 stack frames]]>
    </failure>
  </testcase> <!-- TC01_navigateToPersonalCard -->
  <testcase classname="com.olp.p_card.OLP_R2_OLX_T120PCardEditDisable" name="TC02_ValidateGenderNotEditable" time="62.148">
    <failure type="java.lang.AssertionError" message="Test failed: no such element: Unable to locate element: {&amp;quot;method&amp;quot;:&amp;quot;xpath&amp;quot;,&amp;quot;selector&amp;quot;:&amp;quot;//div[@data-test=&amp;apos;ProfilePersonalDataGenderInput&amp;apos;]&amp;quot;}
  (Session info: chrome=117.0.5938.150)
For documentation on this error, please visit: https://selenium.dev/exceptions/#no_such_element
Build info: version: &amp;apos;4.6.0&amp;apos;, revision: &amp;apos;79f1c02ae20&amp;apos;
System info: os.name: &amp;apos;Windows 11&amp;apos;, os.arch: &amp;apos;amd64&amp;apos;, os.version: &amp;apos;10.0&amp;apos;, java.version: &amp;apos;17.0.7&amp;apos;
Driver info: org.openqa.selenium.chrome.ChromeDriver
Command: [0588b2c12992a4881be78fa0bd2307e2, findElement {using=xpath, value=//div[@data-test=&amp;apos;ProfilePersonalDataGenderInput&amp;apos;]}]
Capabilities {acceptInsecureCerts: true, browserName: chrome, browserVersion: 117.0.5938.150, chrome: {chromedriverVersion: 117.0.5938.149 (e3344ddefa1..., userDataDir: C:\Users\iamas\AppData\Loca...}, fedcm:accounts: true, goog:chromeOptions: {debuggerAddress: localhost:61592}, networkConnectionEnabled: false, pageLoadStrategy: normal, platformName: WINDOWS, proxy: Proxy(), se:cdp: ws://localhost:61592/devtoo..., se:cdpVersion: 117.0.5938.150, setWindowRect: true, strictFileInteractability: false, timeouts: {implicit: 0, pageLoad: 300000, script: 30000}, unhandledPromptBehavior: dismiss and notify, webauthn:extension:credBlob: true, webauthn:extension:largeBlob: true, webauthn:extension:minPinLength: true, webauthn:extension:prf: true, webauthn:virtualAuthenticators: true}
Session ID: 0588b2c12992a4881be78fa0bd2307e2">
      <![CDATA[java.lang.AssertionError: Test failed: no such element: Unable to locate element: {"method":"xpath","selector":"//div[@data-test='ProfilePersonalDataGenderInput']"}
  (Session info: chrome=117.0.5938.150)
For documentation on this error, please visit: https://selenium.dev/exceptions/#no_such_element
Build info: version: '4.6.0', revision: '79f1c02ae20'
System info: os.name: 'Windows 11', os.arch: 'amd64', os.version: '10.0', java.version: '17.0.7'
Driver info: org.openqa.selenium.chrome.ChromeDriver
Command: [0588b2c12992a4881be78fa0bd2307e2, findElement {using=xpath, value=//div[@data-test='ProfilePersonalDataGenderInput']}]
Capabilities {acceptInsecureCerts: true, browserName: chrome, browserVersion: 117.0.5938.150, chrome: {chromedriverVersion: 117.0.5938.149 (e3344ddefa1..., userDataDir: C:\Users\iamas\AppData\Loca...}, fedcm:accounts: true, goog:chromeOptions: {debuggerAddress: localhost:61592}, networkConnectionEnabled: false, pageLoadStrategy: normal, platformName: WINDOWS, proxy: Proxy(), se:cdp: ws://localhost:61592/devtoo..., se:cdpVersion: 117.0.5938.150, setWindowRect: true, strictFileInteractability: false, timeouts: {implicit: 0, pageLoad: 300000, script: 30000}, unhandledPromptBehavior: dismiss and notify, webauthn:extension:credBlob: true, webauthn:extension:largeBlob: true, webauthn:extension:minPinLength: true, webauthn:extension:prf: true, webauthn:virtualAuthenticators: true}
Session ID: 0588b2c12992a4881be78fa0bd2307e2
at com.olp.p_card.OLP_R2_OLX_T120PCardEditDisable.TC02_ValidateGenderNotEditable(OLP_R2_OLX_T120PCardEditDisable.java:174)
at java.base/java.util.ArrayList.forEach(ArrayList.java:1511)
... Removed 27 stack frames]]>
    </failure>
  </testcase> <!-- TC02_ValidateGenderNotEditable -->
  <testcase classname="com.olp.p_card.OLP_R2_OLX_T124PCardEditDisable" name="TC01_navigateToPersonalCard" time="1.774">
    <failure type="java.lang.AssertionError" message="Test failed: element click intercepted: Element &amp;lt;div class=&amp;quot;sc-grREDI cIycHa&amp;quot;&amp;gt;...&amp;lt;/div&amp;gt; is not clickable at point (793, 199). Other element would receive the click: &amp;lt;div mode=&amp;quot;1&amp;quot; class=&amp;quot;sc-kgUAyh dbieUv&amp;quot;&amp;gt;...&amp;lt;/div&amp;gt;
  (Session info: chrome=117.0.5938.150)
Build info: version: &amp;apos;4.6.0&amp;apos;, revision: &amp;apos;79f1c02ae20&amp;apos;
System info: os.name: &amp;apos;Windows 11&amp;apos;, os.arch: &amp;apos;amd64&amp;apos;, os.version: &amp;apos;10.0&amp;apos;, java.version: &amp;apos;17.0.7&amp;apos;
Driver info: org.openqa.selenium.chrome.ChromeDriver
Command: [2b1e3ee7ed011748f73686121d072a8a, clickElement {id=6FE794BE25E233470CB8EAD3E019DE29_element_48}]
Capabilities {acceptInsecureCerts: true, browserName: chrome, browserVersion: 117.0.5938.150, chrome: {chromedriverVersion: 117.0.5938.149 (e3344ddefa1..., userDataDir: C:\Users\iamas\AppData\Loca...}, fedcm:accounts: true, goog:chromeOptions: {debuggerAddress: localhost:61644}, networkConnectionEnabled: false, pageLoadStrategy: normal, platformName: WINDOWS, proxy: Proxy(), se:cdp: ws://localhost:61644/devtoo..., se:cdpVersion: 117.0.5938.150, setWindowRect: true, strictFileInteractability: false, timeouts: {implicit: 0, pageLoad: 300000, script: 30000}, unhandledPromptBehavior: dismiss and notify, webauthn:extension:credBlob: true, webauthn:extension:largeBlob: true, webauthn:extension:minPinLength: true, webauthn:extension:prf: true, webauthn:virtualAuthenticators: true}
Element: [[ChromeDriver: chrome on WINDOWS (2b1e3ee7ed011748f73686121d072a8a)] -&amp;gt; xpath: (//div[text()=&amp;apos;Search&amp;apos;])[1]]
Session ID: 2b1e3ee7ed011748f73686121d072a8a">
      <![CDATA[java.lang.AssertionError: Test failed: element click intercepted: Element <div class="sc-grREDI cIycHa">...</div> is not clickable at point (793, 199). Other element would receive the click: <div mode="1" class="sc-kgUAyh dbieUv">...</div>
  (Session info: chrome=117.0.5938.150)
Build info: version: '4.6.0', revision: '79f1c02ae20'
System info: os.name: 'Windows 11', os.arch: 'amd64', os.version: '10.0', java.version: '17.0.7'
Driver info: org.openqa.selenium.chrome.ChromeDriver
Command: [2b1e3ee7ed011748f73686121d072a8a, clickElement {id=6FE794BE25E233470CB8EAD3E019DE29_element_48}]
Capabilities {acceptInsecureCerts: true, browserName: chrome, browserVersion: 117.0.5938.150, chrome: {chromedriverVersion: 117.0.5938.149 (e3344ddefa1..., userDataDir: C:\Users\iamas\AppData\Loca...}, fedcm:accounts: true, goog:chromeOptions: {debuggerAddress: localhost:61644}, networkConnectionEnabled: false, pageLoadStrategy: normal, platformName: WINDOWS, proxy: Proxy(), se:cdp: ws://localhost:61644/devtoo..., se:cdpVersion: 117.0.5938.150, setWindowRect: true, strictFileInteractability: false, timeouts: {implicit: 0, pageLoad: 300000, script: 30000}, unhandledPromptBehavior: dismiss and notify, webauthn:extension:credBlob: true, webauthn:extension:largeBlob: true, webauthn:extension:minPinLength: true, webauthn:extension:prf: true, webauthn:virtualAuthenticators: true}
Element: [[ChromeDriver: chrome on WINDOWS (2b1e3ee7ed011748f73686121d072a8a)] -> xpath: (//div[text()='Search'])[1]]
Session ID: 2b1e3ee7ed011748f73686121d072a8a
at com.olp.p_card.OLP_R2_OLX_T124PCardEditDisable.TC01_navigateToPersonalCard(OLP_R2_OLX_T124PCardEditDisable.java:157)
at java.base/java.util.ArrayList.forEach(ArrayList.java:1511)
... Removed 27 stack frames]]>
    </failure>
  </testcase> <!-- TC01_navigateToPersonalCard -->
  <testcase classname="com.olp.p_card.OLP_R2_OLX_T124PCardEditDisable" name="TC02_ValidateNationalityNotEditable" time="60.945">
    <failure type="java.lang.AssertionError" message="Test failed: no such element: Unable to locate element: {&amp;quot;method&amp;quot;:&amp;quot;xpath&amp;quot;,&amp;quot;selector&amp;quot;:&amp;quot;//div[@data-test=&amp;apos;ProfilePersonalDataNationalityIdInput&amp;apos;]/div[@disabled]&amp;quot;}
  (Session info: chrome=117.0.5938.150)
For documentation on this error, please visit: https://selenium.dev/exceptions/#no_such_element
Build info: version: &amp;apos;4.6.0&amp;apos;, revision: &amp;apos;79f1c02ae20&amp;apos;
System info: os.name: &amp;apos;Windows 11&amp;apos;, os.arch: &amp;apos;amd64&amp;apos;, os.version: &amp;apos;10.0&amp;apos;, java.version: &amp;apos;17.0.7&amp;apos;
Driver info: org.openqa.selenium.chrome.ChromeDriver
Command: [2b1e3ee7ed011748f73686121d072a8a, findElement {using=xpath, value=//div[@data-test=&amp;apos;ProfilePersonalDataNationalityIdInput&amp;apos;]/div[@disabled]}]
Capabilities {acceptInsecureCerts: true, browserName: chrome, browserVersion: 117.0.5938.150, chrome: {chromedriverVersion: 117.0.5938.149 (e3344ddefa1..., userDataDir: C:\Users\iamas\AppData\Loca...}, fedcm:accounts: true, goog:chromeOptions: {debuggerAddress: localhost:61644}, networkConnectionEnabled: false, pageLoadStrategy: normal, platformName: WINDOWS, proxy: Proxy(), se:cdp: ws://localhost:61644/devtoo..., se:cdpVersion: 117.0.5938.150, setWindowRect: true, strictFileInteractability: false, timeouts: {implicit: 0, pageLoad: 300000, script: 30000}, unhandledPromptBehavior: dismiss and notify, webauthn:extension:credBlob: true, webauthn:extension:largeBlob: true, webauthn:extension:minPinLength: true, webauthn:extension:prf: true, webauthn:virtualAuthenticators: true}
Session ID: 2b1e3ee7ed011748f73686121d072a8a">
      <![CDATA[java.lang.AssertionError: Test failed: no such element: Unable to locate element: {"method":"xpath","selector":"//div[@data-test='ProfilePersonalDataNationalityIdInput']/div[@disabled]"}
  (Session info: chrome=117.0.5938.150)
For documentation on this error, please visit: https://selenium.dev/exceptions/#no_such_element
Build info: version: '4.6.0', revision: '79f1c02ae20'
System info: os.name: 'Windows 11', os.arch: 'amd64', os.version: '10.0', java.version: '17.0.7'
Driver info: org.openqa.selenium.chrome.ChromeDriver
Command: [2b1e3ee7ed011748f73686121d072a8a, findElement {using=xpath, value=//div[@data-test='ProfilePersonalDataNationalityIdInput']/div[@disabled]}]
Capabilities {acceptInsecureCerts: true, browserName: chrome, browserVersion: 117.0.5938.150, chrome: {chromedriverVersion: 117.0.5938.149 (e3344ddefa1..., userDataDir: C:\Users\iamas\AppData\Loca...}, fedcm:accounts: true, goog:chromeOptions: {debuggerAddress: localhost:61644}, networkConnectionEnabled: false, pageLoadStrategy: normal, platformName: WINDOWS, proxy: Proxy(), se:cdp: ws://localhost:61644/devtoo..., se:cdpVersion: 117.0.5938.150, setWindowRect: true, strictFileInteractability: false, timeouts: {implicit: 0, pageLoad: 300000, script: 30000}, unhandledPromptBehavior: dismiss and notify, webauthn:extension:credBlob: true, webauthn:extension:largeBlob: true, webauthn:extension:minPinLength: true, webauthn:extension:prf: true, webauthn:virtualAuthenticators: true}
Session ID: 2b1e3ee7ed011748f73686121d072a8a
at com.olp.p_card.OLP_R2_OLX_T124PCardEditDisable.TC02_ValidateNationalityNotEditable(OLP_R2_OLX_T124PCardEditDisable.java:174)
at java.base/java.util.ArrayList.forEach(ArrayList.java:1511)
... Removed 27 stack frames]]>
    </failure>
  </testcase> <!-- TC02_ValidateNationalityNotEditable -->
  <testcase classname="com.olp.p_card.OLP_R2_OLX_T128PCardEditDisable" name="TC01_navigateToPersonalCard" time="2.201">
    <failure type="java.lang.AssertionError" message="Test failed: element click intercepted: Element &amp;lt;div class=&amp;quot;sc-grREDI cIycHa&amp;quot;&amp;gt;...&amp;lt;/div&amp;gt; is not clickable at point (793, 199). Other element would receive the click: &amp;lt;div mode=&amp;quot;1&amp;quot; class=&amp;quot;sc-kgUAyh dbieUv&amp;quot;&amp;gt;...&amp;lt;/div&amp;gt;
  (Session info: chrome=117.0.5938.150)
Build info: version: &amp;apos;4.6.0&amp;apos;, revision: &amp;apos;79f1c02ae20&amp;apos;
System info: os.name: &amp;apos;Windows 11&amp;apos;, os.arch: &amp;apos;amd64&amp;apos;, os.version: &amp;apos;10.0&amp;apos;, java.version: &amp;apos;17.0.7&amp;apos;
Driver info: org.openqa.selenium.chrome.ChromeDriver
Command: [d8d0077c00779c035eb219c912cda95f, clickElement {id=D1D7C3C434DFC9445A03DE8730BBBB0E_element_43}]
Capabilities {acceptInsecureCerts: true, browserName: chrome, browserVersion: 117.0.5938.150, chrome: {chromedriverVersion: 117.0.5938.149 (e3344ddefa1..., userDataDir: C:\Users\iamas\AppData\Loca...}, fedcm:accounts: true, goog:chromeOptions: {debuggerAddress: localhost:61694}, networkConnectionEnabled: false, pageLoadStrategy: normal, platformName: WINDOWS, proxy: Proxy(), se:cdp: ws://localhost:61694/devtoo..., se:cdpVersion: 117.0.5938.150, setWindowRect: true, strictFileInteractability: false, timeouts: {implicit: 0, pageLoad: 300000, script: 30000}, unhandledPromptBehavior: dismiss and notify, webauthn:extension:credBlob: true, webauthn:extension:largeBlob: true, webauthn:extension:minPinLength: true, webauthn:extension:prf: true, webauthn:virtualAuthenticators: true}
Element: [[ChromeDriver: chrome on WINDOWS (d8d0077c00779c035eb219c912cda95f)] -&amp;gt; xpath: (//div[text()=&amp;apos;Search&amp;apos;])[1]]
Session ID: d8d0077c00779c035eb219c912cda95f">
      <![CDATA[java.lang.AssertionError: Test failed: element click intercepted: Element <div class="sc-grREDI cIycHa">...</div> is not clickable at point (793, 199). Other element would receive the click: <div mode="1" class="sc-kgUAyh dbieUv">...</div>
  (Session info: chrome=117.0.5938.150)
Build info: version: '4.6.0', revision: '79f1c02ae20'
System info: os.name: 'Windows 11', os.arch: 'amd64', os.version: '10.0', java.version: '17.0.7'
Driver info: org.openqa.selenium.chrome.ChromeDriver
Command: [d8d0077c00779c035eb219c912cda95f, clickElement {id=D1D7C3C434DFC9445A03DE8730BBBB0E_element_43}]
Capabilities {acceptInsecureCerts: true, browserName: chrome, browserVersion: 117.0.5938.150, chrome: {chromedriverVersion: 117.0.5938.149 (e3344ddefa1..., userDataDir: C:\Users\iamas\AppData\Loca...}, fedcm:accounts: true, goog:chromeOptions: {debuggerAddress: localhost:61694}, networkConnectionEnabled: false, pageLoadStrategy: normal, platformName: WINDOWS, proxy: Proxy(), se:cdp: ws://localhost:61694/devtoo..., se:cdpVersion: 117.0.5938.150, setWindowRect: true, strictFileInteractability: false, timeouts: {implicit: 0, pageLoad: 300000, script: 30000}, unhandledPromptBehavior: dismiss and notify, webauthn:extension:credBlob: true, webauthn:extension:largeBlob: true, webauthn:extension:minPinLength: true, webauthn:extension:prf: true, webauthn:virtualAuthenticators: true}
Element: [[ChromeDriver: chrome on WINDOWS (d8d0077c00779c035eb219c912cda95f)] -> xpath: (//div[text()='Search'])[1]]
Session ID: d8d0077c00779c035eb219c912cda95f
at com.olp.p_card.OLP_R2_OLX_T128PCardEditDisable.TC01_navigateToPersonalCard(OLP_R2_OLX_T128PCardEditDisable.java:157)
at java.base/java.util.ArrayList.forEach(ArrayList.java:1511)
... Removed 27 stack frames]]>
    </failure>
  </testcase> <!-- TC01_navigateToPersonalCard -->
  <testcase classname="com.olp.p_card.OLP_R2_OLX_T128PCardEditDisable" name="TC02_ValidatePlaceOfBirthDisabled" time="62.221">
    <failure type="java.lang.AssertionError" message="Test failed: no such element: Unable to locate element: {&amp;quot;method&amp;quot;:&amp;quot;xpath&amp;quot;,&amp;quot;selector&amp;quot;:&amp;quot;//p[.=&amp;apos;Place of birth&amp;apos;]/../..//input[@disabled]&amp;quot;}
  (Session info: chrome=117.0.5938.150)
For documentation on this error, please visit: https://selenium.dev/exceptions/#no_such_element
Build info: version: &amp;apos;4.6.0&amp;apos;, revision: &amp;apos;79f1c02ae20&amp;apos;
System info: os.name: &amp;apos;Windows 11&amp;apos;, os.arch: &amp;apos;amd64&amp;apos;, os.version: &amp;apos;10.0&amp;apos;, java.version: &amp;apos;17.0.7&amp;apos;
Driver info: org.openqa.selenium.chrome.ChromeDriver
Command: [d8d0077c00779c035eb219c912cda95f, findElement {using=xpath, value=//p[.=&amp;apos;Place of birth&amp;apos;]/../..//input[@disabled]}]
Capabilities {acceptInsecureCerts: true, browserName: chrome, browserVersion: 117.0.5938.150, chrome: {chromedriverVersion: 117.0.5938.149 (e3344ddefa1..., userDataDir: C:\Users\iamas\AppData\Loca...}, fedcm:accounts: true, goog:chromeOptions: {debuggerAddress: localhost:61694}, networkConnectionEnabled: false, pageLoadStrategy: normal, platformName: WINDOWS, proxy: Proxy(), se:cdp: ws://localhost:61694/devtoo..., se:cdpVersion: 117.0.5938.150, setWindowRect: true, strictFileInteractability: false, timeouts: {implicit: 0, pageLoad: 300000, script: 30000}, unhandledPromptBehavior: dismiss and notify, webauthn:extension:credBlob: true, webauthn:extension:largeBlob: true, webauthn:extension:minPinLength: true, webauthn:extension:prf: true, webauthn:virtualAuthenticators: true}
Session ID: d8d0077c00779c035eb219c912cda95f">
      <![CDATA[java.lang.AssertionError: Test failed: no such element: Unable to locate element: {"method":"xpath","selector":"//p[.='Place of birth']/../..//input[@disabled]"}
  (Session info: chrome=117.0.5938.150)
For documentation on this error, please visit: https://selenium.dev/exceptions/#no_such_element
Build info: version: '4.6.0', revision: '79f1c02ae20'
System info: os.name: 'Windows 11', os.arch: 'amd64', os.version: '10.0', java.version: '17.0.7'
Driver info: org.openqa.selenium.chrome.ChromeDriver
Command: [d8d0077c00779c035eb219c912cda95f, findElement {using=xpath, value=//p[.='Place of birth']/../..//input[@disabled]}]
Capabilities {acceptInsecureCerts: true, browserName: chrome, browserVersion: 117.0.5938.150, chrome: {chromedriverVersion: 117.0.5938.149 (e3344ddefa1..., userDataDir: C:\Users\iamas\AppData\Loca...}, fedcm:accounts: true, goog:chromeOptions: {debuggerAddress: localhost:61694}, networkConnectionEnabled: false, pageLoadStrategy: normal, platformName: WINDOWS, proxy: Proxy(), se:cdp: ws://localhost:61694/devtoo..., se:cdpVersion: 117.0.5938.150, setWindowRect: true, strictFileInteractability: false, timeouts: {implicit: 0, pageLoad: 300000, script: 30000}, unhandledPromptBehavior: dismiss and notify, webauthn:extension:credBlob: true, webauthn:extension:largeBlob: true, webauthn:extension:minPinLength: true, webauthn:extension:prf: true, webauthn:virtualAuthenticators: true}
Session ID: d8d0077c00779c035eb219c912cda95f
at com.olp.p_card.OLP_R2_OLX_T128PCardEditDisable.TC02_ValidatePlaceOfBirthDisabled(OLP_R2_OLX_T128PCardEditDisable.java:174)
at java.base/java.util.ArrayList.forEach(ArrayList.java:1511)
... Removed 27 stack frames]]>
    </failure>
  </testcase> <!-- TC02_ValidatePlaceOfBirthDisabled -->
  <testcase classname="com.olp.p_card.OLP_R2_OLX_T132PCardEditDisable" name="TC01_navigateToPersonalCard" time="7.22"/>
  <testcase classname="com.olp.p_card.OLP_R2_OLX_T132PCardEditDisable" name="TC02_ValidateLastEmpTimeInCompNotEditable" time="0.613"/>
  <testcase classname="com.olp.p_card.OLP_R2_OLX_T132PCardEditDisable" name="TC03_ValidateLastEmployedDateAssignments" time="3.861"/>
  <testcase classname="com.olp.p_card.OLP_R2_OLX_T134PCardEditDisable" name="TC01_navigateToPersonalCard" time="7.861"/>
  <testcase classname="com.olp.p_card.OLP_R2_OLX_T134PCardEditDisable" name="TC02_ValidateDocumentNumberDisabled" time="0.524"/>
  <testcase classname="com.olp.p_card.OLP_R2_OLX_T140PCardEditDisable" name="TC01_navigateToPersonalCard" time="9.142"/>
  <testcase classname="com.olp.p_card.OLP_R2_OLX_T140PCardEditDisable" name="TC02_ValidateLastEmpTimeInComp" time="0.701"/>
  <testcase classname="com.olp.p_card.OLP_R2_OLX_T144PCardEditDisable" name="TC01_navigateToPersonalCard" time="1.914">
    <failure type="java.lang.AssertionError" message="Test failed: element click intercepted: Element &amp;lt;div class=&amp;quot;sc-grREDI cIycHa&amp;quot;&amp;gt;...&amp;lt;/div&amp;gt; is not clickable at point (793, 199). Other element would receive the click: &amp;lt;div mode=&amp;quot;1&amp;quot; class=&amp;quot;sc-kgUAyh dbieUv&amp;quot;&amp;gt;...&amp;lt;/div&amp;gt;
  (Session info: chrome=117.0.5938.150)
Build info: version: &amp;apos;4.6.0&amp;apos;, revision: &amp;apos;79f1c02ae20&amp;apos;
System info: os.name: &amp;apos;Windows 11&amp;apos;, os.arch: &amp;apos;amd64&amp;apos;, os.version: &amp;apos;10.0&amp;apos;, java.version: &amp;apos;17.0.7&amp;apos;
Driver info: org.openqa.selenium.chrome.ChromeDriver
Command: [31a376a28fa2896352ffbb84147d897b, clickElement {id=95AA7C9D8D5B2A0F2066F887B69B52BC_element_36}]
Capabilities {acceptInsecureCerts: true, browserName: chrome, browserVersion: 117.0.5938.150, chrome: {chromedriverVersion: 117.0.5938.149 (e3344ddefa1..., userDataDir: C:\Users\iamas\AppData\Loca...}, fedcm:accounts: true, goog:chromeOptions: {debuggerAddress: localhost:61862}, networkConnectionEnabled: false, pageLoadStrategy: normal, platformName: WINDOWS, proxy: Proxy(), se:cdp: ws://localhost:61862/devtoo..., se:cdpVersion: 117.0.5938.150, setWindowRect: true, strictFileInteractability: false, timeouts: {implicit: 0, pageLoad: 300000, script: 30000}, unhandledPromptBehavior: dismiss and notify, webauthn:extension:credBlob: true, webauthn:extension:largeBlob: true, webauthn:extension:minPinLength: true, webauthn:extension:prf: true, webauthn:virtualAuthenticators: true}
Element: [[ChromeDriver: chrome on WINDOWS (31a376a28fa2896352ffbb84147d897b)] -&amp;gt; xpath: (//div[text()=&amp;apos;Search&amp;apos;])[1]]
Session ID: 31a376a28fa2896352ffbb84147d897b">
      <![CDATA[java.lang.AssertionError: Test failed: element click intercepted: Element <div class="sc-grREDI cIycHa">...</div> is not clickable at point (793, 199). Other element would receive the click: <div mode="1" class="sc-kgUAyh dbieUv">...</div>
  (Session info: chrome=117.0.5938.150)
Build info: version: '4.6.0', revision: '79f1c02ae20'
System info: os.name: 'Windows 11', os.arch: 'amd64', os.version: '10.0', java.version: '17.0.7'
Driver info: org.openqa.selenium.chrome.ChromeDriver
Command: [31a376a28fa2896352ffbb84147d897b, clickElement {id=95AA7C9D8D5B2A0F2066F887B69B52BC_element_36}]
Capabilities {acceptInsecureCerts: true, browserName: chrome, browserVersion: 117.0.5938.150, chrome: {chromedriverVersion: 117.0.5938.149 (e3344ddefa1..., userDataDir: C:\Users\iamas\AppData\Loca...}, fedcm:accounts: true, goog:chromeOptions: {debuggerAddress: localhost:61862}, networkConnectionEnabled: false, pageLoadStrategy: normal, platformName: WINDOWS, proxy: Proxy(), se:cdp: ws://localhost:61862/devtoo..., se:cdpVersion: 117.0.5938.150, setWindowRect: true, strictFileInteractability: false, timeouts: {implicit: 0, pageLoad: 300000, script: 30000}, unhandledPromptBehavior: dismiss and notify, webauthn:extension:credBlob: true, webauthn:extension:largeBlob: true, webauthn:extension:minPinLength: true, webauthn:extension:prf: true, webauthn:virtualAuthenticators: true}
Element: [[ChromeDriver: chrome on WINDOWS (31a376a28fa2896352ffbb84147d897b)] -> xpath: (//div[text()='Search'])[1]]
Session ID: 31a376a28fa2896352ffbb84147d897b
at com.olp.p_card.OLP_R2_OLX_T144PCardEditDisable.TC01_navigateToPersonalCard(OLP_R2_OLX_T144PCardEditDisable.java:157)
at java.base/java.util.ArrayList.forEach(ArrayList.java:1511)
... Removed 27 stack frames]]>
    </failure>
  </testcase> <!-- TC01_navigateToPersonalCard -->
  <testcase classname="com.olp.p_card.OLP_R2_OLX_T144PCardEditDisable" name="TC02_ValidateAssessorStatusDisabled" time="62.251">
    <failure type="java.lang.AssertionError" message="Test failed: no such element: Unable to locate element: {&amp;quot;method&amp;quot;:&amp;quot;xpath&amp;quot;,&amp;quot;selector&amp;quot;:&amp;quot;//p[@data-test=&amp;apos;ProfileEmploymentStatusAssessor&amp;apos;]&amp;quot;}
  (Session info: chrome=117.0.5938.150)
For documentation on this error, please visit: https://selenium.dev/exceptions/#no_such_element
Build info: version: &amp;apos;4.6.0&amp;apos;, revision: &amp;apos;79f1c02ae20&amp;apos;
System info: os.name: &amp;apos;Windows 11&amp;apos;, os.arch: &amp;apos;amd64&amp;apos;, os.version: &amp;apos;10.0&amp;apos;, java.version: &amp;apos;17.0.7&amp;apos;
Driver info: org.openqa.selenium.chrome.ChromeDriver
Command: [31a376a28fa2896352ffbb84147d897b, findElement {using=xpath, value=//p[@data-test=&amp;apos;ProfileEmploymentStatusAssessor&amp;apos;]}]
Capabilities {acceptInsecureCerts: true, browserName: chrome, browserVersion: 117.0.5938.150, chrome: {chromedriverVersion: 117.0.5938.149 (e3344ddefa1..., userDataDir: C:\Users\iamas\AppData\Loca...}, fedcm:accounts: true, goog:chromeOptions: {debuggerAddress: localhost:61862}, networkConnectionEnabled: false, pageLoadStrategy: normal, platformName: WINDOWS, proxy: Proxy(), se:cdp: ws://localhost:61862/devtoo..., se:cdpVersion: 117.0.5938.150, setWindowRect: true, strictFileInteractability: false, timeouts: {implicit: 0, pageLoad: 300000, script: 30000}, unhandledPromptBehavior: dismiss and notify, webauthn:extension:credBlob: true, webauthn:extension:largeBlob: true, webauthn:extension:minPinLength: true, webauthn:extension:prf: true, webauthn:virtualAuthenticators: true}
Session ID: 31a376a28fa2896352ffbb84147d897b">
      <![CDATA[java.lang.AssertionError: Test failed: no such element: Unable to locate element: {"method":"xpath","selector":"//p[@data-test='ProfileEmploymentStatusAssessor']"}
  (Session info: chrome=117.0.5938.150)
For documentation on this error, please visit: https://selenium.dev/exceptions/#no_such_element
Build info: version: '4.6.0', revision: '79f1c02ae20'
System info: os.name: 'Windows 11', os.arch: 'amd64', os.version: '10.0', java.version: '17.0.7'
Driver info: org.openqa.selenium.chrome.ChromeDriver
Command: [31a376a28fa2896352ffbb84147d897b, findElement {using=xpath, value=//p[@data-test='ProfileEmploymentStatusAssessor']}]
Capabilities {acceptInsecureCerts: true, browserName: chrome, browserVersion: 117.0.5938.150, chrome: {chromedriverVersion: 117.0.5938.149 (e3344ddefa1..., userDataDir: C:\Users\iamas\AppData\Loca...}, fedcm:accounts: true, goog:chromeOptions: {debuggerAddress: localhost:61862}, networkConnectionEnabled: false, pageLoadStrategy: normal, platformName: WINDOWS, proxy: Proxy(), se:cdp: ws://localhost:61862/devtoo..., se:cdpVersion: 117.0.5938.150, setWindowRect: true, strictFileInteractability: false, timeouts: {implicit: 0, pageLoad: 300000, script: 30000}, unhandledPromptBehavior: dismiss and notify, webauthn:extension:credBlob: true, webauthn:extension:largeBlob: true, webauthn:extension:minPinLength: true, webauthn:extension:prf: true, webauthn:virtualAuthenticators: true}
Session ID: 31a376a28fa2896352ffbb84147d897b
at com.olp.p_card.OLP_R2_OLX_T144PCardEditDisable.TC02_ValidateAssessorStatusDisabled(OLP_R2_OLX_T144PCardEditDisable.java:174)
at java.base/java.util.ArrayList.forEach(ArrayList.java:1511)
... Removed 27 stack frames]]>
    </failure>
  </testcase> <!-- TC02_ValidateAssessorStatusDisabled -->
  <testcase classname="com.olp.p_card.OLP_R2_OLX_T157PCardEditDisable" name="TC01_navigateToPersonalCard" time="7.407"/>
  <testcase classname="com.olp.p_card.OLP_R2_OLX_T157PCardEditDisable" name="TC02_ValidateAutomaticScheduleStartDisabled" time="0.551"/>
  <testcase classname="com.olp.p_card.OLP_R2_OLX_T162PCardEditDisable" name="TC01_navigateToPersonalCard" time="1.785">
    <failure type="java.lang.AssertionError" message="Test failed: element click intercepted: Element &amp;lt;div class=&amp;quot;sc-grREDI cIycHa&amp;quot;&amp;gt;...&amp;lt;/div&amp;gt; is not clickable at point (793, 199). Other element would receive the click: &amp;lt;div mode=&amp;quot;1&amp;quot; class=&amp;quot;sc-kgUAyh dbieUv&amp;quot;&amp;gt;...&amp;lt;/div&amp;gt;
  (Session info: chrome=117.0.5938.150)
Build info: version: &amp;apos;4.6.0&amp;apos;, revision: &amp;apos;79f1c02ae20&amp;apos;
System info: os.name: &amp;apos;Windows 11&amp;apos;, os.arch: &amp;apos;amd64&amp;apos;, os.version: &amp;apos;10.0&amp;apos;, java.version: &amp;apos;17.0.7&amp;apos;
Driver info: org.openqa.selenium.chrome.ChromeDriver
Command: [df0431e3a91d9c22549019ddac38ce9f, clickElement {id=A68FFB2AB0D3D3B3EC5ED6C35879ADCB_element_42}]
Capabilities {acceptInsecureCerts: true, browserName: chrome, browserVersion: 117.0.5938.150, chrome: {chromedriverVersion: 117.0.5938.149 (e3344ddefa1..., userDataDir: C:\Users\iamas\AppData\Loca...}, fedcm:accounts: true, goog:chromeOptions: {debuggerAddress: localhost:61969}, networkConnectionEnabled: false, pageLoadStrategy: normal, platformName: WINDOWS, proxy: Proxy(), se:cdp: ws://localhost:61969/devtoo..., se:cdpVersion: 117.0.5938.150, setWindowRect: true, strictFileInteractability: false, timeouts: {implicit: 0, pageLoad: 300000, script: 30000}, unhandledPromptBehavior: dismiss and notify, webauthn:extension:credBlob: true, webauthn:extension:largeBlob: true, webauthn:extension:minPinLength: true, webauthn:extension:prf: true, webauthn:virtualAuthenticators: true}
Element: [[ChromeDriver: chrome on WINDOWS (df0431e3a91d9c22549019ddac38ce9f)] -&amp;gt; xpath: (//div[text()=&amp;apos;Search&amp;apos;])[1]]
Session ID: df0431e3a91d9c22549019ddac38ce9f">
      <![CDATA[java.lang.AssertionError: Test failed: element click intercepted: Element <div class="sc-grREDI cIycHa">...</div> is not clickable at point (793, 199). Other element would receive the click: <div mode="1" class="sc-kgUAyh dbieUv">...</div>
  (Session info: chrome=117.0.5938.150)
Build info: version: '4.6.0', revision: '79f1c02ae20'
System info: os.name: 'Windows 11', os.arch: 'amd64', os.version: '10.0', java.version: '17.0.7'
Driver info: org.openqa.selenium.chrome.ChromeDriver
Command: [df0431e3a91d9c22549019ddac38ce9f, clickElement {id=A68FFB2AB0D3D3B3EC5ED6C35879ADCB_element_42}]
Capabilities {acceptInsecureCerts: true, browserName: chrome, browserVersion: 117.0.5938.150, chrome: {chromedriverVersion: 117.0.5938.149 (e3344ddefa1..., userDataDir: C:\Users\iamas\AppData\Loca...}, fedcm:accounts: true, goog:chromeOptions: {debuggerAddress: localhost:61969}, networkConnectionEnabled: false, pageLoadStrategy: normal, platformName: WINDOWS, proxy: Proxy(), se:cdp: ws://localhost:61969/devtoo..., se:cdpVersion: 117.0.5938.150, setWindowRect: true, strictFileInteractability: false, timeouts: {implicit: 0, pageLoad: 300000, script: 30000}, unhandledPromptBehavior: dismiss and notify, webauthn:extension:credBlob: true, webauthn:extension:largeBlob: true, webauthn:extension:minPinLength: true, webauthn:extension:prf: true, webauthn:virtualAuthenticators: true}
Element: [[ChromeDriver: chrome on WINDOWS (df0431e3a91d9c22549019ddac38ce9f)] -> xpath: (//div[text()='Search'])[1]]
Session ID: df0431e3a91d9c22549019ddac38ce9f
at com.olp.p_card.OLP_R2_OLX_T162PCardEditDisable.TC01_navigateToPersonalCard(OLP_R2_OLX_T162PCardEditDisable.java:157)
at java.base/java.util.ArrayList.forEach(ArrayList.java:1511)
... Removed 27 stack frames]]>
    </failure>
  </testcase> <!-- TC01_navigateToPersonalCard -->
  <testcase classname="com.olp.p_card.OLP_R2_OLX_T162PCardEditDisable" name="TC02_ValidatePersonnelPoolDisabled" time="60.451">
    <failure type="java.lang.AssertionError" message="Test failed: no such element: Unable to locate element: {&amp;quot;method&amp;quot;:&amp;quot;xpath&amp;quot;,&amp;quot;selector&amp;quot;:&amp;quot;//div[@data-test=&amp;apos;ProfileEmploymentStatusPersonnelPoolIdSelect&amp;apos;]/..//div[@disabled]&amp;quot;}
  (Session info: chrome=117.0.5938.150)
For documentation on this error, please visit: https://selenium.dev/exceptions/#no_such_element
Build info: version: &amp;apos;4.6.0&amp;apos;, revision: &amp;apos;79f1c02ae20&amp;apos;
System info: os.name: &amp;apos;Windows 11&amp;apos;, os.arch: &amp;apos;amd64&amp;apos;, os.version: &amp;apos;10.0&amp;apos;, java.version: &amp;apos;17.0.7&amp;apos;
Driver info: org.openqa.selenium.chrome.ChromeDriver
Command: [df0431e3a91d9c22549019ddac38ce9f, findElement {using=xpath, value=//div[@data-test=&amp;apos;ProfileEmploymentStatusPersonnelPoolIdSelect&amp;apos;]/..//div[@disabled]}]
Capabilities {acceptInsecureCerts: true, browserName: chrome, browserVersion: 117.0.5938.150, chrome: {chromedriverVersion: 117.0.5938.149 (e3344ddefa1..., userDataDir: C:\Users\iamas\AppData\Loca...}, fedcm:accounts: true, goog:chromeOptions: {debuggerAddress: localhost:61969}, networkConnectionEnabled: false, pageLoadStrategy: normal, platformName: WINDOWS, proxy: Proxy(), se:cdp: ws://localhost:61969/devtoo..., se:cdpVersion: 117.0.5938.150, setWindowRect: true, strictFileInteractability: false, timeouts: {implicit: 0, pageLoad: 300000, script: 30000}, unhandledPromptBehavior: dismiss and notify, webauthn:extension:credBlob: true, webauthn:extension:largeBlob: true, webauthn:extension:minPinLength: true, webauthn:extension:prf: true, webauthn:virtualAuthenticators: true}
Session ID: df0431e3a91d9c22549019ddac38ce9f">
      <![CDATA[java.lang.AssertionError: Test failed: no such element: Unable to locate element: {"method":"xpath","selector":"//div[@data-test='ProfileEmploymentStatusPersonnelPoolIdSelect']/..//div[@disabled]"}
  (Session info: chrome=117.0.5938.150)
For documentation on this error, please visit: https://selenium.dev/exceptions/#no_such_element
Build info: version: '4.6.0', revision: '79f1c02ae20'
System info: os.name: 'Windows 11', os.arch: 'amd64', os.version: '10.0', java.version: '17.0.7'
Driver info: org.openqa.selenium.chrome.ChromeDriver
Command: [df0431e3a91d9c22549019ddac38ce9f, findElement {using=xpath, value=//div[@data-test='ProfileEmploymentStatusPersonnelPoolIdSelect']/..//div[@disabled]}]
Capabilities {acceptInsecureCerts: true, browserName: chrome, browserVersion: 117.0.5938.150, chrome: {chromedriverVersion: 117.0.5938.149 (e3344ddefa1..., userDataDir: C:\Users\iamas\AppData\Loca...}, fedcm:accounts: true, goog:chromeOptions: {debuggerAddress: localhost:61969}, networkConnectionEnabled: false, pageLoadStrategy: normal, platformName: WINDOWS, proxy: Proxy(), se:cdp: ws://localhost:61969/devtoo..., se:cdpVersion: 117.0.5938.150, setWindowRect: true, strictFileInteractability: false, timeouts: {implicit: 0, pageLoad: 300000, script: 30000}, unhandledPromptBehavior: dismiss and notify, webauthn:extension:credBlob: true, webauthn:extension:largeBlob: true, webauthn:extension:minPinLength: true, webauthn:extension:prf: true, webauthn:virtualAuthenticators: true}
Session ID: df0431e3a91d9c22549019ddac38ce9f
at com.olp.p_card.OLP_R2_OLX_T162PCardEditDisable.TC02_ValidatePersonnelPoolDisabled(OLP_R2_OLX_T162PCardEditDisable.java:174)
at java.base/java.util.ArrayList.forEach(ArrayList.java:1511)
... Removed 27 stack frames]]>
    </failure>
  </testcase> <!-- TC02_ValidatePersonnelPoolDisabled -->
  <testcase classname="com.olp.p_card.OLP_R2_OLX_T166PCardEditDisable" name="TC01_navigateToPersonalCard" time="9.433"/>
  <testcase classname="com.olp.p_card.OLP_R2_OLX_T166PCardEditDisable" name="TC02_ValidateRankDisabled" time="0.717"/>
  <testcase classname="com.olp.p_card.OLP_R2_OLX_T172PCardEditDisable" name="TC01_navigateToPersonalCard" time="2.246">
    <failure type="java.lang.AssertionError" message="Test failed: element click intercepted: Element &amp;lt;div class=&amp;quot;sc-grREDI cIycHa&amp;quot;&amp;gt;...&amp;lt;/div&amp;gt; is not clickable at point (793, 199). Other element would receive the click: &amp;lt;div mode=&amp;quot;1&amp;quot; class=&amp;quot;sc-kgUAyh dbieUv&amp;quot;&amp;gt;...&amp;lt;/div&amp;gt;
  (Session info: chrome=117.0.5938.150)
Build info: version: &amp;apos;4.6.0&amp;apos;, revision: &amp;apos;79f1c02ae20&amp;apos;
System info: os.name: &amp;apos;Windows 11&amp;apos;, os.arch: &amp;apos;amd64&amp;apos;, os.version: &amp;apos;10.0&amp;apos;, java.version: &amp;apos;17.0.7&amp;apos;
Driver info: org.openqa.selenium.chrome.ChromeDriver
Command: [0745c484a80961ef0cfff0f6ea239e03, clickElement {id=1755DB1FDF921F3F41C87FDE39ABF5C7_element_42}]
Capabilities {acceptInsecureCerts: true, browserName: chrome, browserVersion: 117.0.5938.150, chrome: {chromedriverVersion: 117.0.5938.149 (e3344ddefa1..., userDataDir: C:\Users\iamas\AppData\Loca...}, fedcm:accounts: true, goog:chromeOptions: {debuggerAddress: localhost:62055}, networkConnectionEnabled: false, pageLoadStrategy: normal, platformName: WINDOWS, proxy: Proxy(), se:cdp: ws://localhost:62055/devtoo..., se:cdpVersion: 117.0.5938.150, setWindowRect: true, strictFileInteractability: false, timeouts: {implicit: 0, pageLoad: 300000, script: 30000}, unhandledPromptBehavior: dismiss and notify, webauthn:extension:credBlob: true, webauthn:extension:largeBlob: true, webauthn:extension:minPinLength: true, webauthn:extension:prf: true, webauthn:virtualAuthenticators: true}
Element: [[ChromeDriver: chrome on WINDOWS (0745c484a80961ef0cfff0f6ea239e03)] -&amp;gt; xpath: (//div[text()=&amp;apos;Search&amp;apos;])[1]]
Session ID: 0745c484a80961ef0cfff0f6ea239e03">
      <![CDATA[java.lang.AssertionError: Test failed: element click intercepted: Element <div class="sc-grREDI cIycHa">...</div> is not clickable at point (793, 199). Other element would receive the click: <div mode="1" class="sc-kgUAyh dbieUv">...</div>
  (Session info: chrome=117.0.5938.150)
Build info: version: '4.6.0', revision: '79f1c02ae20'
System info: os.name: 'Windows 11', os.arch: 'amd64', os.version: '10.0', java.version: '17.0.7'
Driver info: org.openqa.selenium.chrome.ChromeDriver
Command: [0745c484a80961ef0cfff0f6ea239e03, clickElement {id=1755DB1FDF921F3F41C87FDE39ABF5C7_element_42}]
Capabilities {acceptInsecureCerts: true, browserName: chrome, browserVersion: 117.0.5938.150, chrome: {chromedriverVersion: 117.0.5938.149 (e3344ddefa1..., userDataDir: C:\Users\iamas\AppData\Loca...}, fedcm:accounts: true, goog:chromeOptions: {debuggerAddress: localhost:62055}, networkConnectionEnabled: false, pageLoadStrategy: normal, platformName: WINDOWS, proxy: Proxy(), se:cdp: ws://localhost:62055/devtoo..., se:cdpVersion: 117.0.5938.150, setWindowRect: true, strictFileInteractability: false, timeouts: {implicit: 0, pageLoad: 300000, script: 30000}, unhandledPromptBehavior: dismiss and notify, webauthn:extension:credBlob: true, webauthn:extension:largeBlob: true, webauthn:extension:minPinLength: true, webauthn:extension:prf: true, webauthn:virtualAuthenticators: true}
Element: [[ChromeDriver: chrome on WINDOWS (0745c484a80961ef0cfff0f6ea239e03)] -> xpath: (//div[text()='Search'])[1]]
Session ID: 0745c484a80961ef0cfff0f6ea239e03
at com.olp.p_card.OLP_R2_OLX_T172PCardEditDisable.TC01_navigateToPersonalCard(OLP_R2_OLX_T172PCardEditDisable.java:157)
at java.base/java.util.ArrayList.forEach(ArrayList.java:1511)
... Removed 27 stack frames]]>
    </failure>
  </testcase> <!-- TC01_navigateToPersonalCard -->
  <testcase classname="com.olp.p_card.OLP_R2_OLX_T172PCardEditDisable" name="TC02_ValidateInstallationTypeDisabled" time="60.45">
    <failure type="java.lang.AssertionError" message="Test failed: no such element: Unable to locate element: {&amp;quot;method&amp;quot;:&amp;quot;xpath&amp;quot;,&amp;quot;selector&amp;quot;:&amp;quot;//p[.=&amp;apos;Installation type&amp;apos;]/..//div[@disabled]&amp;quot;}
  (Session info: chrome=117.0.5938.150)
For documentation on this error, please visit: https://selenium.dev/exceptions/#no_such_element
Build info: version: &amp;apos;4.6.0&amp;apos;, revision: &amp;apos;79f1c02ae20&amp;apos;
System info: os.name: &amp;apos;Windows 11&amp;apos;, os.arch: &amp;apos;amd64&amp;apos;, os.version: &amp;apos;10.0&amp;apos;, java.version: &amp;apos;17.0.7&amp;apos;
Driver info: org.openqa.selenium.chrome.ChromeDriver
Command: [0745c484a80961ef0cfff0f6ea239e03, findElement {using=xpath, value=//p[.=&amp;apos;Installation type&amp;apos;]/..//div[@disabled]}]
Capabilities {acceptInsecureCerts: true, browserName: chrome, browserVersion: 117.0.5938.150, chrome: {chromedriverVersion: 117.0.5938.149 (e3344ddefa1..., userDataDir: C:\Users\iamas\AppData\Loca...}, fedcm:accounts: true, goog:chromeOptions: {debuggerAddress: localhost:62055}, networkConnectionEnabled: false, pageLoadStrategy: normal, platformName: WINDOWS, proxy: Proxy(), se:cdp: ws://localhost:62055/devtoo..., se:cdpVersion: 117.0.5938.150, setWindowRect: true, strictFileInteractability: false, timeouts: {implicit: 0, pageLoad: 300000, script: 30000}, unhandledPromptBehavior: dismiss and notify, webauthn:extension:credBlob: true, webauthn:extension:largeBlob: true, webauthn:extension:minPinLength: true, webauthn:extension:prf: true, webauthn:virtualAuthenticators: true}
Session ID: 0745c484a80961ef0cfff0f6ea239e03">
      <![CDATA[java.lang.AssertionError: Test failed: no such element: Unable to locate element: {"method":"xpath","selector":"//p[.='Installation type']/..//div[@disabled]"}
  (Session info: chrome=117.0.5938.150)
For documentation on this error, please visit: https://selenium.dev/exceptions/#no_such_element
Build info: version: '4.6.0', revision: '79f1c02ae20'
System info: os.name: 'Windows 11', os.arch: 'amd64', os.version: '10.0', java.version: '17.0.7'
Driver info: org.openqa.selenium.chrome.ChromeDriver
Command: [0745c484a80961ef0cfff0f6ea239e03, findElement {using=xpath, value=//p[.='Installation type']/..//div[@disabled]}]
Capabilities {acceptInsecureCerts: true, browserName: chrome, browserVersion: 117.0.5938.150, chrome: {chromedriverVersion: 117.0.5938.149 (e3344ddefa1..., userDataDir: C:\Users\iamas\AppData\Loca...}, fedcm:accounts: true, goog:chromeOptions: {debuggerAddress: localhost:62055}, networkConnectionEnabled: false, pageLoadStrategy: normal, platformName: WINDOWS, proxy: Proxy(), se:cdp: ws://localhost:62055/devtoo..., se:cdpVersion: 117.0.5938.150, setWindowRect: true, strictFileInteractability: false, timeouts: {implicit: 0, pageLoad: 300000, script: 30000}, unhandledPromptBehavior: dismiss and notify, webauthn:extension:credBlob: true, webauthn:extension:largeBlob: true, webauthn:extension:minPinLength: true, webauthn:extension:prf: true, webauthn:virtualAuthenticators: true}
Session ID: 0745c484a80961ef0cfff0f6ea239e03
at com.olp.p_card.OLP_R2_OLX_T172PCardEditDisable.TC02_ValidateInstallationTypeDisabled(OLP_R2_OLX_T172PCardEditDisable.java:174)
at java.base/java.util.ArrayList.forEach(ArrayList.java:1511)
... Removed 27 stack frames]]>
    </failure>
  </testcase> <!-- TC02_ValidateInstallationTypeDisabled -->
  <testcase classname="com.olp.p_card.OLP_R2_OLX_T180PCardEditDisable" name="TC01_navigateToPersonalCard" time="8.894"/>
  <testcase classname="com.olp.p_card.OLP_R2_OLX_T180PCardEditDisable" name="TC02_ValidateDefaultInstallationDisabled" time="0.722"/>
  <testcase classname="com.olp.p_card.OLP_R2_OLX_T292PCardEditDisable" name="TC01_navigateToPersonalCard" time="2.06">
    <failure type="java.lang.AssertionError" message="Test failed: element click intercepted: Element &amp;lt;div class=&amp;quot;sc-grREDI cIycHa&amp;quot;&amp;gt;...&amp;lt;/div&amp;gt; is not clickable at point (793, 199). Other element would receive the click: &amp;lt;div mode=&amp;quot;1&amp;quot; class=&amp;quot;sc-kgUAyh dbieUv&amp;quot;&amp;gt;...&amp;lt;/div&amp;gt;
  (Session info: chrome=117.0.5938.150)
Build info: version: &amp;apos;4.6.0&amp;apos;, revision: &amp;apos;79f1c02ae20&amp;apos;
System info: os.name: &amp;apos;Windows 11&amp;apos;, os.arch: &amp;apos;amd64&amp;apos;, os.version: &amp;apos;10.0&amp;apos;, java.version: &amp;apos;17.0.7&amp;apos;
Driver info: org.openqa.selenium.chrome.ChromeDriver
Command: [7337ddc831c38d4f1927ebdb6dbe8273, clickElement {id=86F9AB0ABE07633C6FAC5D45FD47F237_element_36}]
Capabilities {acceptInsecureCerts: true, browserName: chrome, browserVersion: 117.0.5938.150, chrome: {chromedriverVersion: 117.0.5938.149 (e3344ddefa1..., userDataDir: C:\Users\iamas\AppData\Loca...}, fedcm:accounts: true, goog:chromeOptions: {debuggerAddress: localhost:62158}, networkConnectionEnabled: false, pageLoadStrategy: normal, platformName: WINDOWS, proxy: Proxy(), se:cdp: ws://localhost:62158/devtoo..., se:cdpVersion: 117.0.5938.150, setWindowRect: true, strictFileInteractability: false, timeouts: {implicit: 0, pageLoad: 300000, script: 30000}, unhandledPromptBehavior: dismiss and notify, webauthn:extension:credBlob: true, webauthn:extension:largeBlob: true, webauthn:extension:minPinLength: true, webauthn:extension:prf: true, webauthn:virtualAuthenticators: true}
Element: [[ChromeDriver: chrome on WINDOWS (7337ddc831c38d4f1927ebdb6dbe8273)] -&amp;gt; xpath: (//div[text()=&amp;apos;Search&amp;apos;])[1]]
Session ID: 7337ddc831c38d4f1927ebdb6dbe8273">
      <![CDATA[java.lang.AssertionError: Test failed: element click intercepted: Element <div class="sc-grREDI cIycHa">...</div> is not clickable at point (793, 199). Other element would receive the click: <div mode="1" class="sc-kgUAyh dbieUv">...</div>
  (Session info: chrome=117.0.5938.150)
Build info: version: '4.6.0', revision: '79f1c02ae20'
System info: os.name: 'Windows 11', os.arch: 'amd64', os.version: '10.0', java.version: '17.0.7'
Driver info: org.openqa.selenium.chrome.ChromeDriver
Command: [7337ddc831c38d4f1927ebdb6dbe8273, clickElement {id=86F9AB0ABE07633C6FAC5D45FD47F237_element_36}]
Capabilities {acceptInsecureCerts: true, browserName: chrome, browserVersion: 117.0.5938.150, chrome: {chromedriverVersion: 117.0.5938.149 (e3344ddefa1..., userDataDir: C:\Users\iamas\AppData\Loca...}, fedcm:accounts: true, goog:chromeOptions: {debuggerAddress: localhost:62158}, networkConnectionEnabled: false, pageLoadStrategy: normal, platformName: WINDOWS, proxy: Proxy(), se:cdp: ws://localhost:62158/devtoo..., se:cdpVersion: 117.0.5938.150, setWindowRect: true, strictFileInteractability: false, timeouts: {implicit: 0, pageLoad: 300000, script: 30000}, unhandledPromptBehavior: dismiss and notify, webauthn:extension:credBlob: true, webauthn:extension:largeBlob: true, webauthn:extension:minPinLength: true, webauthn:extension:prf: true, webauthn:virtualAuthenticators: true}
Element: [[ChromeDriver: chrome on WINDOWS (7337ddc831c38d4f1927ebdb6dbe8273)] -> xpath: (//div[text()='Search'])[1]]
Session ID: 7337ddc831c38d4f1927ebdb6dbe8273
at com.olp.p_card.OLP_R2_OLX_T292PCardEditDisable.TC01_navigateToPersonalCard(OLP_R2_OLX_T292PCardEditDisable.java:157)
at java.base/java.util.ArrayList.forEach(ArrayList.java:1511)
... Removed 27 stack frames]]>
    </failure>
  </testcase> <!-- TC01_navigateToPersonalCard -->
  <testcase classname="com.olp.p_card.OLP_R2_OLX_T292PCardEditDisable" name="TC02_ValidateE_mailAddressDisabled" time="60.653">
    <failure type="java.lang.AssertionError" message="Test failed: no such element: Unable to locate element: {&amp;quot;method&amp;quot;:&amp;quot;xpath&amp;quot;,&amp;quot;selector&amp;quot;:&amp;quot;//p[.=&amp;apos;E-mail address&amp;apos;]/.././/input[@disabled]&amp;quot;}
  (Session info: chrome=117.0.5938.150)
For documentation on this error, please visit: https://selenium.dev/exceptions/#no_such_element
Build info: version: &amp;apos;4.6.0&amp;apos;, revision: &amp;apos;79f1c02ae20&amp;apos;
System info: os.name: &amp;apos;Windows 11&amp;apos;, os.arch: &amp;apos;amd64&amp;apos;, os.version: &amp;apos;10.0&amp;apos;, java.version: &amp;apos;17.0.7&amp;apos;
Driver info: org.openqa.selenium.chrome.ChromeDriver
Command: [7337ddc831c38d4f1927ebdb6dbe8273, findElement {using=xpath, value=//p[.=&amp;apos;E-mail address&amp;apos;]/.././/input[@disabled]}]
Capabilities {acceptInsecureCerts: true, browserName: chrome, browserVersion: 117.0.5938.150, chrome: {chromedriverVersion: 117.0.5938.149 (e3344ddefa1..., userDataDir: C:\Users\iamas\AppData\Loca...}, fedcm:accounts: true, goog:chromeOptions: {debuggerAddress: localhost:62158}, networkConnectionEnabled: false, pageLoadStrategy: normal, platformName: WINDOWS, proxy: Proxy(), se:cdp: ws://localhost:62158/devtoo..., se:cdpVersion: 117.0.5938.150, setWindowRect: true, strictFileInteractability: false, timeouts: {implicit: 0, pageLoad: 300000, script: 30000}, unhandledPromptBehavior: dismiss and notify, webauthn:extension:credBlob: true, webauthn:extension:largeBlob: true, webauthn:extension:minPinLength: true, webauthn:extension:prf: true, webauthn:virtualAuthenticators: true}
Session ID: 7337ddc831c38d4f1927ebdb6dbe8273">
      <![CDATA[java.lang.AssertionError: Test failed: no such element: Unable to locate element: {"method":"xpath","selector":"//p[.='E-mail address']/.././/input[@disabled]"}
  (Session info: chrome=117.0.5938.150)
For documentation on this error, please visit: https://selenium.dev/exceptions/#no_such_element
Build info: version: '4.6.0', revision: '79f1c02ae20'
System info: os.name: 'Windows 11', os.arch: 'amd64', os.version: '10.0', java.version: '17.0.7'
Driver info: org.openqa.selenium.chrome.ChromeDriver
Command: [7337ddc831c38d4f1927ebdb6dbe8273, findElement {using=xpath, value=//p[.='E-mail address']/.././/input[@disabled]}]
Capabilities {acceptInsecureCerts: true, browserName: chrome, browserVersion: 117.0.5938.150, chrome: {chromedriverVersion: 117.0.5938.149 (e3344ddefa1..., userDataDir: C:\Users\iamas\AppData\Loca...}, fedcm:accounts: true, goog:chromeOptions: {debuggerAddress: localhost:62158}, networkConnectionEnabled: false, pageLoadStrategy: normal, platformName: WINDOWS, proxy: Proxy(), se:cdp: ws://localhost:62158/devtoo..., se:cdpVersion: 117.0.5938.150, setWindowRect: true, strictFileInteractability: false, timeouts: {implicit: 0, pageLoad: 300000, script: 30000}, unhandledPromptBehavior: dismiss and notify, webauthn:extension:credBlob: true, webauthn:extension:largeBlob: true, webauthn:extension:minPinLength: true, webauthn:extension:prf: true, webauthn:virtualAuthenticators: true}
Session ID: 7337ddc831c38d4f1927ebdb6dbe8273
at com.olp.p_card.OLP_R2_OLX_T292PCardEditDisable.TC02_ValidateE_mailAddressDisabled(OLP_R2_OLX_T292PCardEditDisable.java:174)
at java.base/java.util.ArrayList.forEach(ArrayList.java:1511)
... Removed 27 stack frames]]>
    </failure>
  </testcase> <!-- TC02_ValidateE_mailAddressDisabled -->
  <testcase classname="com.olp.p_card.OLP_R2_OLX_T310PCardEditDisable" name="TC01_navigateToPersonalCard" time="9.141"/>
  <testcase classname="com.olp.p_card.OLP_R2_OLX_T310PCardEditDisable" name="TC02_ValidateResetPasswordVisible" time="1.956"/>
  <testcase classname="com.olp.p_card.OLP_R2_OLX_T314PCardEditDisable" name="TC01_navigateToPersonalCard" time="6.943"/>
  <testcase classname="com.olp.p_card.OLP_R2_OLX_T314PCardEditDisable" name="TC02_ValidateLockAccountVisible" time="0.961"/>
  <testcase classname="com.olp.p_card.OLP_R2_OLX_T314PCardEditDisable" name="TC03_ValidateUnLockAccountVisible" time="11.934"/>
  <testcase classname="com.olp.p_card.OLP_R2_OLX_T425PCardEditDisable" name="TC01_navigateToPersonalCard" time="7.796"/>
  <testcase classname="com.olp.p_card.OLP_R2_OLX_T425PCardEditDisable" name="TC02_ValidateStatusDisabled" time="0.395"/>
</testsuite> <!-- PC_Security Access To Others Edit Disable -->
