<?xml version="1.0" encoding="UTF-8"?>
<!-- Generated by org.testng.reporters.JUnitReportReporter -->
<testsuite hostname="BIPLP153" failures="1" tests="7" name="t2s2.T2S2_OAP1988" time="31.587" errors="0" timestamp="2024-05-02T17:02:28 IST" skipped="0">
  <testcase classname="t2s2.T2S2_OAP1988" name="TC01_LunchAssessmentPlatform" time="3.690"/>
  <system-out/>
  <testcase classname="t2s2.T2S2_OAP1988" name="TC02_NavigateToQuestionBankPage" time="4.903"/>
  <system-out/>
  <testcase classname="t2s2.T2S2_OAP1988" name="TC03_ValidateSearchQuestionBank" time="3.659"/>
  <system-out/>
  <testcase classname="t2s2.T2S2_OAP1988" name="TC04_NavigateToEditPublishedQuestionBank" time="9.012"/>
  <system-out/>
  <testcase classname="t2s2.T2S2_OAP1988" name="TC05_NavigateToEditQuestion" time="7.907"/>
  <system-out/>
  <testcase classname="t2s2.T2S2_OAP1988" name="TC06_ValidateEdit_SaveQuestion" time="1.828"/>
  <system-out/>
  <testcase classname="t2s2.T2S2_OAP1988" name="TC07_ValidateRevisionNoteColorCode" time="0.588">
    <failure message="Test failed: Revision Date Format(DD MMM YYYY) contains space before date(_DD MMM YYYY) so validation unsuccessful" type="java.lang.AssertionError">
      <![CDATA[java.lang.AssertionError: Test failed: Revision Date Format(DD MMM YYYY) contains space before date(_DD MMM YYYY) so validation unsuccessful
at t2s2.T2S2_OAP1988.TC07_ValidateRevisionNoteColorCode(T2S2_OAP1988.java:260)
at java.base/jdk.internal.reflect.NativeMethodAccessorImpl.invoke0(Native Method)
at java.base/jdk.internal.reflect.NativeMethodAccessorImpl.invoke(NativeMethodAccessorImpl.java:77)
at java.base/jdk.internal.reflect.DelegatingMethodAccessorImpl.invoke(DelegatingMethodAccessorImpl.java:43)
at java.base/java.lang.reflect.Method.invoke(Method.java:568)
at org.testng.internal.MethodInvocationHelper.invokeMethod(MethodInvocationHelper.java:133)
at org.testng.internal.TestInvoker.invokeMethod(TestInvoker.java:598)
at org.testng.internal.TestInvoker.invokeTestMethod(TestInvoker.java:173)
at org.testng.internal.MethodRunner.runInSequence(MethodRunner.java:46)
at org.testng.internal.TestInvoker$MethodInvocationAgent.invoke(TestInvoker.java:824)
at org.testng.internal.TestInvoker.invokeTestMethods(TestInvoker.java:146)
at org.testng.internal.TestMethodWorker.invokeTestMethods(TestMethodWorker.java:146)
at org.testng.internal.TestMethodWorker.run(TestMethodWorker.java:128)
at java.base/java.util.ArrayList.forEach(ArrayList.java:1511)
at org.testng.TestRunner.privateRun(TestRunner.java:794)
at org.testng.TestRunner.run(TestRunner.java:596)
at org.testng.SuiteRunner.runTest(SuiteRunner.java:377)
at org.testng.SuiteRunner.runSequentially(SuiteRunner.java:371)
at org.testng.SuiteRunner.privateRun(SuiteRunner.java:332)
at org.testng.SuiteRunner.run(SuiteRunner.java:276)
at org.testng.SuiteRunnerWorker.runSuite(SuiteRunnerWorker.java:53)
at org.testng.SuiteRunnerWorker.run(SuiteRunnerWorker.java:96)
at org.testng.TestNG.runSuitesSequentially(TestNG.java:1212)
at org.testng.TestNG.runSuitesLocally(TestNG.java:1134)
at org.testng.TestNG.runSuites(TestNG.java:1063)
at org.testng.TestNG.run(TestNG.java:1031)
at org.testng.remote.AbstractRemoteTestNG.run(AbstractRemoteTestNG.java:115)
at org.testng.remote.RemoteTestNG.initAndRun(RemoteTestNG.java:251)
at org.testng.remote.RemoteTestNG.main(RemoteTestNG.java:77)
]]>
    </failure>
  </testcase> <!-- TC07_ValidateRevisionNoteColorCode -->
  <system-out/>
</testsuite> <!-- t2s2.T2S2_OAP1988 -->
