<?xml version="1.0" encoding="UTF-8"?>
<!-- Generated by org.testng.reporters.JUnitReportReporter -->
<testsuite hostname="Ashish" failures="1" tests="14" name="t2s2.T2S2_OAP2008" time="60.199" errors="0" timestamp="2024-05-13T14:00:46 IST" skipped="0">
  <testcase classname="t2s2.T2S2_OAP2008" name="TC01_LunchAssessmentPlatform" time="5.736"/>
  <system-out/>
  <testcase classname="t2s2.T2S2_OAP2008" name="TC02_NavigateToQuestionBankPage" time="7.370"/>
  <system-out/>
  <testcase classname="t2s2.T2S2_OAP2008" name="TC03_ValidateSearchQuestionBank" time="3.820"/>
  <system-out/>
  <testcase classname="t2s2.T2S2_OAP2008" name="TC04_NavigateToEditPublishedQuestionBank" time="10.831"/>
  <system-out/>
  <testcase classname="t2s2.T2S2_OAP2008" name="TC05_NavigateToAddMCQPage" time="5.566"/>
  <system-out/>
  <testcase classname="t2s2.T2S2_OAP2008" name="TC06_ValidatePublishButtonMCQEnabled" time="6.171"/>
  <system-out/>
  <testcase classname="t2s2.T2S2_OAP2008" name="TC07_VadlidatePublishMCQ" time="5.106"/>
  <system-out/>
  <testcase classname="t2s2.T2S2_OAP2008" name="TC08_NavigateToEditQuestion" time="4.178"/>
  <system-out/>
  <testcase classname="t2s2.T2S2_OAP2008" name="TC09_ValidateEdit_SaveQuestion" time="2.122"/>
  <system-out/>
  <testcase classname="t2s2.T2S2_OAP2008" name="TC10_ValidatePopupSaveButttonEnabled" time="0.767"/>
  <system-out/>
  <testcase classname="t2s2.T2S2_OAP2008" name="TC11_ValidatePopupSaveButtton" time="2.724"/>
  <system-out/>
  <testcase classname="t2s2.T2S2_OAP2008" name="TC12_NavigateToEditQuestion" time="3.563">
    <failure message="Test failed: stale element reference: stale element not found in the current frame
  (Session info: chrome=123.0.6312.106)
For documentation on this error, please visit: https://www.selenium.dev/documentation/webdriver/troubleshooting/errors#stale-element-reference-exception
Build info: version: &#039;4.18.1&#039;, revision: &#039;b1d3319b48&#039;
System info: os.name: &#039;Windows 11&#039;, os.arch: &#039;amd64&#039;, os.version: &#039;10.0&#039;, java.version: &#039;17.0.10&#039;
Driver info: org.openqa.selenium.chrome.ChromeDriver
Command: [d8eef0f82c24bcd73293d433bd1b5471, executeScript {args=[{element-6066-11e4-a52e-4f735466cecf=f.E5C77353B301515E2173D51A0B5D3C58.d.3DE627CE460ED6352EEB68A51E421617.e.703}], script=arguments[0].style.border=&#039;2px dotted red&#039;}]
Capabilities {acceptInsecureCerts: true, browserName: chrome, browserVersion: 123.0.6312.106, chrome: {chromedriverVersion: 123.0.6312.122 (31f8248cdd9..., userDataDir: C:\Users\iamas\AppData\Loca...}, fedcm:accounts: true, goog:chromeOptions: {debuggerAddress: localhost:56604}, networkConnectionEnabled: false, pageLoadStrategy: normal, platformName: windows, proxy: Proxy(), se:cdp: ws://localhost:56604/devtoo..., se:cdpVersion: 123.0.6312.106, setWindowRect: true, strictFileInteractability: false, timeouts: {implicit: 0, pageLoad: 300000, script: 30000}, unhandledPromptBehavior: dismiss and notify, webauthn:extension:credBlob: true, webauthn:extension:largeBlob: true, webauthn:extension:minPinLength: true, webauthn:extension:prf: true, webauthn:virtualAuthenticators: true}
Session ID: d8eef0f82c24bcd73293d433bd1b5471" type="java.lang.AssertionError">
      <![CDATA[java.lang.AssertionError: Test failed: stale element reference: stale element not found in the current frame
  (Session info: chrome=123.0.6312.106)
For documentation on this error, please visit: https://www.selenium.dev/documentation/webdriver/troubleshooting/errors#stale-element-reference-exception
Build info: version: '4.18.1', revision: 'b1d3319b48'
System info: os.name: 'Windows 11', os.arch: 'amd64', os.version: '10.0', java.version: '17.0.10'
Driver info: org.openqa.selenium.chrome.ChromeDriver
Command: [d8eef0f82c24bcd73293d433bd1b5471, executeScript {args=[{element-6066-11e4-a52e-4f735466cecf=f.E5C77353B301515E2173D51A0B5D3C58.d.3DE627CE460ED6352EEB68A51E421617.e.703}], script=arguments[0].style.border='2px dotted red'}]
Capabilities {acceptInsecureCerts: true, browserName: chrome, browserVersion: 123.0.6312.106, chrome: {chromedriverVersion: 123.0.6312.122 (31f8248cdd9..., userDataDir: C:\Users\iamas\AppData\Loca...}, fedcm:accounts: true, goog:chromeOptions: {debuggerAddress: localhost:56604}, networkConnectionEnabled: false, pageLoadStrategy: normal, platformName: windows, proxy: Proxy(), se:cdp: ws://localhost:56604/devtoo..., se:cdpVersion: 123.0.6312.106, setWindowRect: true, strictFileInteractability: false, timeouts: {implicit: 0, pageLoad: 300000, script: 30000}, unhandledPromptBehavior: dismiss and notify, webauthn:extension:credBlob: true, webauthn:extension:largeBlob: true, webauthn:extension:minPinLength: true, webauthn:extension:prf: true, webauthn:virtualAuthenticators: true}
Session ID: d8eef0f82c24bcd73293d433bd1b5471
at t2s2.T2S2_OAP2008.TC12_NavigateToEditQuestion(T2S2_OAP2008.java:349)
at java.base/jdk.internal.reflect.NativeMethodAccessorImpl.invoke0(Native Method)
at java.base/jdk.internal.reflect.NativeMethodAccessorImpl.invoke(NativeMethodAccessorImpl.java:77)
at java.base/jdk.internal.reflect.DelegatingMethodAccessorImpl.invoke(DelegatingMethodAccessorImpl.java:43)
at java.base/java.lang.reflect.Method.invoke(Method.java:568)
at org.testng.internal.MethodInvocationHelper.invokeMethod(MethodInvocationHelper.java:133)
at org.testng.internal.TestInvoker.invokeMethod(TestInvoker.java:598)
at org.testng.internal.TestInvoker.invokeTestMethod(TestInvoker.java:173)
at org.testng.internal.MethodRunner.runInSequence(MethodRunner.java:46)
at org.testng.internal.TestInvoker$MethodInvocationAgent.invoke(TestInvoker.java:824)
at org.testng.internal.TestInvoker.invokeTestMethods(TestInvoker.java:146)
at org.testng.internal.TestMethodWorker.invokeTestMethods(TestMethodWorker.java:146)
at org.testng.internal.TestMethodWorker.run(TestMethodWorker.java:128)
at java.base/java.util.ArrayList.forEach(ArrayList.java:1511)
at org.testng.TestRunner.privateRun(TestRunner.java:794)
at org.testng.TestRunner.run(TestRunner.java:596)
at org.testng.SuiteRunner.runTest(SuiteRunner.java:377)
at org.testng.SuiteRunner.runSequentially(SuiteRunner.java:371)
at org.testng.SuiteRunner.privateRun(SuiteRunner.java:332)
at org.testng.SuiteRunner.run(SuiteRunner.java:276)
at org.testng.SuiteRunnerWorker.runSuite(SuiteRunnerWorker.java:53)
at org.testng.SuiteRunnerWorker.run(SuiteRunnerWorker.java:96)
at org.testng.TestNG.runSuitesSequentially(TestNG.java:1212)
at org.testng.TestNG.runSuitesLocally(TestNG.java:1134)
at org.testng.TestNG.runSuites(TestNG.java:1063)
at org.testng.TestNG.run(TestNG.java:1031)
at org.testng.remote.AbstractRemoteTestNG.run(AbstractRemoteTestNG.java:115)
at org.testng.remote.RemoteTestNG.initAndRun(RemoteTestNG.java:251)
at org.testng.remote.RemoteTestNG.main(RemoteTestNG.java:77)
]]>
    </failure>
  </testcase> <!-- TC12_NavigateToEditQuestion -->
  <system-out/>
  <testcase classname="t2s2.T2S2_OAP2008" name="TC13_NavigateToRevisions" time="0.815"/>
  <system-out/>
  <testcase classname="t2s2.T2S2_OAP2008" name="TC14_ValidateRevisionPreview" time="1.430"/>
  <system-out/>
</testsuite> <!-- t2s2.T2S2_OAP2008 -->
