<?xml version="1.0" encoding="UTF-8"?>
<!-- Generated by org.testng.reporters.JUnitReportReporter -->
<testsuite hostname="Arun" failures="0" tests="4" name="com.compass.testcases.SP97_CMP15202" time="12.581" errors="1" timestamp="2023-05-05T11:37:04 IST" skipped="0">
  <testcase classname="com.compass.testcases.SP97_CMP15202" name="tearDown" time="0.729">
    <error message="Failed to open file:/C:/Users/arunj/eclipse-workspace/RC36.2.0/SP97_CMP15202_Tax%20Management%20-%20Auto%20registertaxjurisdictionfornewjoiners.html. Error message: The system cannot find the file specified.
" type="java.io.IOException">
      <![CDATA[java.io.IOException: Failed to open file:/C:/Users/arunj/eclipse-workspace/RC36.2.0/SP97_CMP15202_Tax%20Management%20-%20Auto%20registertaxjurisdictionfornewjoiners.html. Error message: The system cannot find the file specified.

at java.desktop/sun.awt.windows.WDesktopPeer.ShellExecute(WDesktopPeer.java:115)
at java.desktop/sun.awt.windows.WDesktopPeer.browse(WDesktopPeer.java:101)
at java.desktop/java.awt.Desktop.browse(Desktop.java:533)
at com.compass.testcases.SP97_CMP15202.tearDown(SP97_CMP15202.java:182)
at java.base/jdk.internal.reflect.NativeMethodAccessorImpl.invoke0(Native Method)
at java.base/jdk.internal.reflect.NativeMethodAccessorImpl.invoke(NativeMethodAccessorImpl.java:77)
at java.base/jdk.internal.reflect.DelegatingMethodAccessorImpl.invoke(DelegatingMethodAccessorImpl.java:43)
at java.base/java.lang.reflect.Method.invoke(Method.java:568)
at org.testng.internal.MethodInvocationHelper.invokeMethod(MethodInvocationHelper.java:133)
at org.testng.internal.MethodInvocationHelper.invokeMethodConsideringTimeout(MethodInvocationHelper.java:62)
at org.testng.internal.ConfigInvoker.invokeConfigurationMethod(ConfigInvoker.java:385)
at org.testng.internal.ConfigInvoker.invokeConfigurations(ConfigInvoker.java:321)
at org.testng.SuiteRunner.privateRun(SuiteRunner.java:344)
at org.testng.SuiteRunner.run(SuiteRunner.java:276)
at org.testng.SuiteRunnerWorker.runSuite(SuiteRunnerWorker.java:53)
at org.testng.SuiteRunnerWorker.run(SuiteRunnerWorker.java:96)
at org.testng.TestNG.runSuitesSequentially(TestNG.java:1212)
at org.testng.TestNG.runSuitesLocally(TestNG.java:1134)
at org.testng.TestNG.runSuites(TestNG.java:1063)
at org.testng.TestNG.run(TestNG.java:1031)
at org.testng.remote.AbstractRemoteTestNG.run(AbstractRemoteTestNG.java:115)
at org.testng.remote.RemoteTestNG.initAndRun(RemoteTestNG.java:251)
at org.testng.remote.RemoteTestNG.main(RemoteTestNG.java:77)
]]>
    </error>
  </testcase> <!-- tearDown -->
  <system-out/>
  <testcase classname="com.compass.testcases.SP97_CMP15202" name="TC_01_loginToStage" time="4.294"/>
  <system-out/>
  <testcase classname="com.compass.testcases.SP97_CMP15202" name="TC_02_NavigatetoCompassOnboard" time="7.517"/>
  <system-out/>
  <testcase classname="com.compass.testcases.SP97_CMP15202" name="TC_03_NavigatetoTaxallocation" time="0.041"/>
  <system-out/>
</testsuite> <!-- com.compass.testcases.SP97_CMP15202 -->
