<?xml version="1.0" encoding="UTF-8"?>
<!-- Generated by org.testng.reporters.JUnitReportReporter -->
<testsuite hostname="Ashish" failures="1" tests="5" name="t2s3.T2S3_OAP2009" time="26.534" errors="0" timestamp="2024-05-22T15:16:07 IST" skipped="0">
  <testcase classname="t2s3.T2S3_OAP2009" name="TC01_LaunchAssessmentPlatform" time="5.614"/>
  <system-out/>
  <testcase classname="t2s3.T2S3_OAP2009" name="TC02_NavigateToQuestionBankPage" time="7.033"/>
  <system-out/>
  <testcase classname="t2s3.T2S3_OAP2009" name="TC03_ValidateSearchQuestionBank" time="3.907"/>
  <system-out/>
  <testcase classname="t2s3.T2S3_OAP2009" name="TC04_NavigateToEditPublishedQuestionBank" time="9.232"/>
  <system-out/>
  <testcase classname="t2s3.T2S3_OAP2009" name="TC05_ValidateArchiveButtonColor" time="0.748">
    <failure message="Test failed: expected [1] but found [0]" type="java.lang.AssertionError">
      <![CDATA[java.lang.AssertionError: Test failed: expected [1] but found [0]
at t2s3.T2S3_OAP2009.TC05_ValidateArchiveButtonColor(T2S3_OAP2009.java:227)
at java.base/jdk.internal.reflect.NativeMethodAccessorImpl.invoke0(Native Method)
at java.base/jdk.internal.reflect.NativeMethodAccessorImpl.invoke(NativeMethodAccessorImpl.java:77)
at java.base/jdk.internal.reflect.DelegatingMethodAccessorImpl.invoke(DelegatingMethodAccessorImpl.java:43)
at java.base/java.lang.reflect.Method.invoke(Method.java:568)
at org.testng.internal.MethodInvocationHelper.invokeMethod(MethodInvocationHelper.java:133)
at org.testng.internal.TestInvoker.invokeMethod(TestInvoker.java:598)
at org.testng.internal.TestInvoker.invokeTestMethod(TestInvoker.java:173)
at org.testng.internal.MethodRunner.runInSequence(MethodRunner.java:46)
at org.testng.internal.TestInvoker$MethodInvocationAgent.invoke(TestInvoker.java:824)
at org.testng.internal.TestInvoker.invokeTestMethods(TestInvoker.java:146)
at org.testng.internal.TestMethodWorker.invokeTestMethods(TestMethodWorker.java:146)
at org.testng.internal.TestMethodWorker.run(TestMethodWorker.java:128)
at java.base/java.util.ArrayList.forEach(ArrayList.java:1511)
at org.testng.TestRunner.privateRun(TestRunner.java:794)
at org.testng.TestRunner.run(TestRunner.java:596)
at org.testng.SuiteRunner.runTest(SuiteRunner.java:377)
at org.testng.SuiteRunner.runSequentially(SuiteRunner.java:371)
at org.testng.SuiteRunner.privateRun(SuiteRunner.java:332)
at org.testng.SuiteRunner.run(SuiteRunner.java:276)
at org.testng.SuiteRunnerWorker.runSuite(SuiteRunnerWorker.java:53)
at org.testng.SuiteRunnerWorker.run(SuiteRunnerWorker.java:96)
at org.testng.TestNG.runSuitesSequentially(TestNG.java:1212)
at org.testng.TestNG.runSuitesLocally(TestNG.java:1134)
at org.testng.TestNG.runSuites(TestNG.java:1063)
at org.testng.TestNG.run(TestNG.java:1031)
at org.testng.remote.AbstractRemoteTestNG.run(AbstractRemoteTestNG.java:115)
at org.testng.remote.RemoteTestNG.initAndRun(RemoteTestNG.java:251)
at org.testng.remote.RemoteTestNG.main(RemoteTestNG.java:77)
]]>
    </failure>
  </testcase> <!-- TC05_ValidateArchiveButtonColor -->
  <system-out/>
</testsuite> <!-- t2s3.T2S3_OAP2009 -->
